<?xml version="1.0" encoding="utf-8"?>
<TestRun id="748c78e6-2730-46e9-9e35-ea57bab85447" name="Admin@DESKTOP-CVGB6OE 2026-09-03 11:11:24" runUser="DESKTOP-CVGB6OE\Admin" xmlns="http://microsoft.com/schemas/VisualStudio/TeamTest/2010">
  <Times creation="2026-09-03T11:11:24.3633188+05:00" queuing="2026-09-03T11:11:24.3633189+05:00" start="2026-09-03T11:11:23.6824965+05:00" finish="2026-09-03T11:11:24.3863494+05:00" />
  <TestSettings name="default" id="e27f10bd-00fc-4db2-b244-100809649a8b">
    <Deployment runDeploymentRoot="Admin_DESKTOP-CVGB6OE_2026-09-03_11_11_24" />
  </TestSettings>
  <Results>
    <UnitTestResult executionId="c17dcdca-cc2d-4ae3-b165-ff9199d1b971" testId="fd28f887-825a-694f-7a8a-cc6c223078d0" testName="Baseline_Load_TwoConsecutiveRunsProduceIdenticalCounters" computerName="DESKTOP-CVGB6OE" duration="00:00:00.1238640" startTime="2026-09-03T11:11:24.1452633+05:00" endTime="2026-09-03T11:11:24.2690978+05:00" testType="13cdc9d9-ddb5-4fa4-a97d-d965ccfc6d4b" outcome="Passed" testListId="8c84fa94-04c1-424b-9868-57a2d4851a1d" relativeResultsDirectory="c17dcdca-cc2d-4ae3-b165-ff9199d1b971">
      <Output>
        <StdOut>[phase-10 counters] load: Context[Climate=0,Construction=0,ThermalInputs=1,ThermalResult=1,Hydraulics=2,Other=0] StateChanged=4 PipeSpacing=1 Completions[Climate=0,Construction=0,Thermal=1(U=0,C=0),Hydraulics=4,Coord=0,Upstream=0] Calc[Thermal=0,Hydraulics=0] Results=1 SessionPC=2 Dirty+=0 Clean=0 Origins[C=,Con=,T=ProjectLoad=1,H=Calculation=4]</StdOut>
      </Output>
    </UnitTestResult>
    <UnitTestResult executionId="7b03915e-a044-4a9e-94d8-13b2ff6da196" testId="a45c9ca9-0f75-0c0f-fe9c-33d9d7c40261" testName="ExactlyOnce_ThermalUserEdit_OneLogicalActionOneRecalculationChain" computerName="DESKTOP-CVGB6OE" duration="00:00:00.0050920" startTime="2026-09-03T11:11:24.3086819+05:00" endTime="2026-09-03T11:11:24.3137740+05:00" testType="13cdc9d9-ddb5-4fa4-a97d-d965ccfc6d4b" outcome="Passed" testListId="8c84fa94-04c1-424b-9868-57a2d4851a1d" relativeResultsDirectory="7b03915e-a044-4a9e-94d8-13b2ff6da196">
      <Output>
        <StdOut>[phase-10 counters] thermal-user-edit(edit): Context[Climate=0,Construction=0,ThermalInputs=0,ThermalResult=0,Hydraulics=0,Other=0] StateChanged=1 PipeSpacing=0 Completions[Climate=0,Construction=0,Thermal=1(U=1,C=0),Hydraulics=0,Coord=1,Upstream=0] Calc[Thermal=0,Hydraulics=0] Results=0 SessionPC=1 Dirty+=1 Clean=0 Origins[C=,Con=,T=User=1,H=]&#xD;
[phase-10 counters] thermal-user-edit(calculate): Context[Climate=0,Construction=0,ThermalInputs=1,ThermalResult=1,Hydraulics=1,Other=0] StateChanged=4 PipeSpacing=0 Completions[Climate=0,Construction=0,Thermal=2(U=0,C=2),Hydraulics=2,Coord=2,Upstream=0] Calc[Thermal=1,Hydraulics=0] Results=0 SessionPC=0 Dirty+=0 Clean=0 Origins[C=,Con=,T=Calculation=2,H=Calculation=2]</StdOut>
      </Output>
    </UnitTestResult>
    <UnitTestResult executionId="c2a36c40-784b-4280-9dd3-465029e673d6" testId="46f31e7b-afe3-5430-6fda-b332d0083b27" testName="Baseline_NewCalculation_TwoConsecutiveRunsProduceIdenticalCounters" computerName="DESKTOP-CVGB6OE" duration="00:00:00.0144470" startTime="2026-09-03T11:11:24.2697257+05:00" endTime="2026-09-03T11:11:24.2841728+05:00" testType="13cdc9d9-ddb5-4fa4-a97d-d965ccfc6d4b" outcome="Passed" testListId="8c84fa94-04c1-424b-9868-57a2d4851a1d" relativeResultsDirectory="c2a36c40-784b-4280-9dd3-465029e673d6">
      <Output>
        <StdOut>[phase-10 counters] new-calculation: Context[Climate=0,Construction=0,ThermalInputs=0,ThermalResult=0,Hydraulics=0,Other=1] StateChanged=0 PipeSpacing=0 Completions[Climate=0,Construction=1,Thermal=0(U=0,C=0),Hydraulics=0,Coord=0,Upstream=0] Calc[Thermal=0,Hydraulics=0] Results=1 SessionPC=0 Dirty+=0 Clean=0 Origins[C=,Con=Reset=1,T=,H=]</StdOut>
      </Output>
    </UnitTestResult>
    <UnitTestResult executionId="0050b87f-d9bb-4d9d-be1f-ebb2437cd72e" testId="bb003b9a-c638-8f80-98dd-67e488ef3818" testName="HandlerCounts_MatchPhase10Census_OnProductionShapedGraph" computerName="DESKTOP-CVGB6OE" duration="00:00:00.0019550" startTime="2026-09-03T11:11:24.3137917+05:00" endTime="2026-09-03T11:11:24.3157470+05:00" testType="13cdc9d9-ddb5-4fa4-a97d-d965ccfc6d4b" outcome="Passed" testListId="8c84fa94-04c1-424b-9868-57a2d4851a1d" relativeResultsDirectory="0050b87f-d9bb-4d9d-be1f-ebb2437cd72e" />
    <UnitTestResult executionId="a5f160e9-4ab2-47fa-aa83-6018a9978181" testId="4742eaa0-85f7-e025-7cda-963b1955536f" testName="ExactlyOnce_HydraulicsUserEdit_ProducesOneCanonicalCommitOneDirtyOnePass" computerName="DESKTOP-CVGB6OE" duration="00:00:00.0027590" startTime="2026-09-03T11:11:24.3059080+05:00" endTime="2026-09-03T11:11:24.3086672+05:00" testType="13cdc9d9-ddb5-4fa4-a97d-d965ccfc6d4b" outcome="Passed" testListId="8c84fa94-04c1-424b-9868-57a2d4851a1d" relativeResultsDirectory="a5f160e9-4ab2-47fa-aa83-6018a9978181">
      <Output>
        <StdOut>[phase-10 counters] hydraulics-user-edit: Context[Climate=0,Construction=0,ThermalInputs=0,ThermalResult=0,Hydraulics=0,Other=0] StateChanged=0 PipeSpacing=0 Completions[Climate=0,Construction=0,Thermal=0(U=0,C=0),Hydraulics=1,Coord=0,Upstream=0] Calc[Thermal=0,Hydraulics=0] Results=0 SessionPC=1 Dirty+=1 Clean=0 Origins[C=,Con=,T=,H=User=1]</StdOut>
      </Output>
    </UnitTestResult>
    <UnitTestResult executionId="60904557-be74-41fd-89e5-77b4972fd74b" testId="a8ef7fa7-2305-b987-7b4e-661ace9ba7c2" testName="Baseline_Reset_TwoConsecutiveRunsProduceIdenticalCounters" computerName="DESKTOP-CVGB6OE" duration="00:00:00.0022910" startTime="2026-09-03T11:11:24.2968510+05:00" endTime="2026-09-03T11:11:24.2991415+05:00" testType="13cdc9d9-ddb5-4fa4-a97d-d965ccfc6d4b" outcome="Passed" testListId="8c84fa94-04c1-424b-9868-57a2d4851a1d" relativeResultsDirectory="60904557-be74-41fd-89e5-77b4972fd74b">
      <Output>
        <StdOut>[phase-10 counters] reset: Context[Climate=1,Construction=0,ThermalInputs=0,ThermalResult=0,Hydraulics=1,Other=1] StateChanged=2 PipeSpacing=0 Completions[Climate=1,Construction=1,Thermal=1(U=0,C=0),Hydraulics=2,Coord=0,Upstream=0] Calc[Thermal=0,Hydraulics=0] Results=0 SessionPC=0 Dirty+=0 Clean=0 Origins[C=ProjectLoadReset=1,Con=Reset=1,T=ProjectLoadReset=1,H=Calculation=2]</StdOut>
      </Output>
    </UnitTestResult>
    <UnitTestResult executionId="a3263828-5c83-43e3-856a-f2cea49e8ec5" testId="5f2d0967-56a9-a74b-7867-2fa2a7375024" testName="ExactlyOnce_ClimateUserEdit_PublishesOneCompletionOneProjectionAndOneDirty" computerName="DESKTOP-CVGB6OE" duration="00:00:00.0039630" startTime="2026-09-03T11:11:24.3019277+05:00" endTime="2026-09-03T11:11:24.3058903+05:00" testType="13cdc9d9-ddb5-4fa4-a97d-d965ccfc6d4b" outcome="Passed" testListId="8c84fa94-04c1-424b-9868-57a2d4851a1d" relativeResultsDirectory="a3263828-5c83-43e3-856a-f2cea49e8ec5">
      <Output>
        <StdOut>[phase-10 counters] climate-user-edit: Context[Climate=1,Construction=0,ThermalInputs=0,ThermalResult=0,Hydraulics=1,Other=0] StateChanged=3 PipeSpacing=0 Completions[Climate=1,Construction=0,Thermal=1(U=0,C=0),Hydraulics=2,Coord=1,Upstream=1] Calc[Thermal=0,Hydraulics=0] Results=0 SessionPC=1 Dirty+=1 Clean=0 Origins[C=User=1,Con=,T=ClimateInvalidation=1,H=Calculation=2]</StdOut>
      </Output>
    </UnitTestResult>
    <UnitTestResult executionId="7378525e-5904-4c3a-a6c4-706b02ed5301" testId="ff9ddb3b-72ca-bb3d-21b2-fda243dd7314" testName="Baseline_RepeatedReset_PerCycleCountersIdenticalAfterWarmup" computerName="DESKTOP-CVGB6OE" duration="00:00:00.0126190" startTime="2026-09-03T11:11:24.2842097+05:00" endTime="2026-09-03T11:11:24.2968281+05:00" testType="13cdc9d9-ddb5-4fa4-a97d-d965ccfc6d4b" outcome="Passed" testListId="8c84fa94-04c1-424b-9868-57a2d4851a1d" relativeResultsDirectory="7378525e-5904-4c3a-a6c4-706b02ed5301">
      <Output>
        <StdOut>[phase-10 counters] repeated-reset: Context[Climate=0,Construction=0,ThermalInputs=0,ThermalResult=0,Hydraulics=0,Other=1] StateChanged=0 PipeSpacing=0 Completions[Climate=0,Construction=1,Thermal=0(U=0,C=0),Hydraulics=0,Coord=0,Upstream=0] Calc[Thermal=0,Hydraulics=0] Results=0 SessionPC=0 Dirty+=0 Clean=0 Origins[C=,Con=Reset=1,T=,H=]</StdOut>
      </Output>
    </UnitTestResult>
    <UnitTestResult executionId="bd4c25f9-717d-4eed-8406-aa823ae13d26" testId="f8f226a6-fddd-bc9e-b734-42f5f07c1b52" testName="Baseline_SecondLoad_TwoConsecutiveRunsProduceIdenticalCounters" computerName="DESKTOP-CVGB6OE" duration="00:00:00.0027520" startTime="2026-09-03T11:11:24.2991594+05:00" endTime="2026-09-03T11:11:24.3019113+05:00" testType="13cdc9d9-ddb5-4fa4-a97d-d965ccfc6d4b" outcome="Passed" testListId="8c84fa94-04c1-424b-9868-57a2d4851a1d" relativeResultsDirectory="bd4c25f9-717d-4eed-8406-aa823ae13d26">
      <Output>
        <StdOut>[phase-10 counters] second-load: Context[Climate=0,Construction=0,ThermalInputs=1,ThermalResult=1,Hydraulics=2,Other=0] StateChanged=4 PipeSpacing=1 Completions[Climate=0,Construction=0,Thermal=1(U=0,C=0),Hydraulics=4,Coord=0,Upstream=0] Calc[Thermal=0,Hydraulics=0] Results=1 SessionPC=2 Dirty+=0 Clean=0 Origins[C=,Con=,T=ProjectLoad=1,H=Calculation=4]</StdOut>
      </Output>
    </UnitTestResult>
    <UnitTestResult executionId="d97398a6-e128-43e7-b289-b4829b4b3daf" testId="cb229647-baab-f4d7-f6eb-403a0735f8bc" testName="LifecycleOrigins_NeverRaiseUserDirty_AcrossLoadResetRestore" computerName="DESKTOP-CVGB6OE" duration="00:00:00.0023300" startTime="2026-09-03T11:11:24.3207015+05:00" endTime="2026-09-03T11:11:24.3230315+05:00" testType="13cdc9d9-ddb5-4fa4-a97d-d965ccfc6d4b" outcome="Passed" testListId="8c84fa94-04c1-424b-9868-57a2d4851a1d" relativeResultsDirectory="d97398a6-e128-43e7-b289-b4829b4b3daf" />
    <UnitTestResult executionId="5ae4bc30-597c-4a2b-a66f-fa73beb366fb" testId="737e825b-8b0e-e15d-6891-d76e314e06c7" testName="Lifecycle_LoadResetCycles_HandlerCountsAndPerCycleDeltasRemainStable" computerName="DESKTOP-CVGB6OE" duration="00:00:00.0049260" startTime="2026-09-03T11:11:24.3157615+05:00" endTime="2026-09-03T11:11:24.3206876+05:00" testType="13cdc9d9-ddb5-4fa4-a97d-d965ccfc6d4b" outcome="Passed" testListId="8c84fa94-04c1-424b-9868-57a2d4851a1d" relativeResultsDirectory="5ae4bc30-597c-4a2b-a66f-fa73beb366fb">
      <Output>
        <StdOut>[phase-10 counters] load-reset-cycle: Context[Climate=2,Construction=0,ThermalInputs=1,ThermalResult=1,Hydraulics=3,Other=1] StateChanged=6 PipeSpacing=0 Completions[Climate=2,Construction=2,Thermal=2(U=0,C=0),Hydraulics=7,Coord=0,Upstream=0] Calc[Thermal=0,Hydraulics=2] Results=1 SessionPC=2 Dirty+=0 Clean=0 Origins[C=Load=1,ProjectLoadReset=1,Con=ProjectLoad=1,Reset=1,T=ProjectLoad=1,ProjectLoadReset=1,H=Calculation=6,ProjectLoad=1]</StdOut>
      </Output>
    </UnitTestResult>
  </Results>
  <TestDefinitions>
    <UnitTest name="Baseline_NewCalculation_TwoConsecutiveRunsProduceIdenticalCounters" storage="d:\ia\ace — копия\tests\snowmeltingcalculator.tests\bin\debug\net8.0-windows\snowmeltingcalculator.tests.dll" id="46f31e7b-afe3-5430-6fda-b332d0083b27">
      <Execution id="c2a36c40-784b-4280-9dd3-465029e673d6" />
      <TestMethod codeBase="D:\IA\ace — копия\tests\SnowMeltingCalculator.Tests\bin\Debug\net8.0-windows\SnowMeltingCalculator.Tests.dll" adapterTypeName="executor://nunit3testexecutor/" className="SnowMeltingCalculator.Tests.Services.Project.ReactiveSubscriptionLifecycleTests" name="Baseline_NewCalculation_TwoConsecutiveRunsProduceIdenticalCounters" />
    </UnitTest>
    <UnitTest name="Baseline_Load_TwoConsecutiveRunsProduceIdenticalCounters" storage="d:\ia\ace — копия\tests\snowmeltingcalculator.tests\bin\debug\net8.0-windows\snowmeltingcalculator.tests.dll" id="fd28f887-825a-694f-7a8a-cc6c223078d0">
      <Execution id="c17dcdca-cc2d-4ae3-b165-ff9199d1b971" />
      <TestMethod codeBase="D:\IA\ace — копия\tests\SnowMeltingCalculator.Tests\bin\Debug\net8.0-windows\SnowMeltingCalculator.Tests.dll" adapterTypeName="executor://nunit3testexecutor/" className="SnowMeltingCalculator.Tests.Services.Project.ReactiveSubscriptionLifecycleTests" name="Baseline_Load_TwoConsecutiveRunsProduceIdenticalCounters" />
    </UnitTest>
    <UnitTest name="ExactlyOnce_HydraulicsUserEdit_ProducesOneCanonicalCommitOneDirtyOnePass" storage="d:\ia\ace — копия\tests\snowmeltingcalculator.tests\bin\debug\net8.0-windows\snowmeltingcalculator.tests.dll" id="4742eaa0-85f7-e025-7cda-963b1955536f">
      <Execution id="a5f160e9-4ab2-47fa-aa83-6018a9978181" />
      <TestMethod codeBase="D:\IA\ace — копия\tests\SnowMeltingCalculator.Tests\bin\Debug\net8.0-windows\SnowMeltingCalculator.Tests.dll" adapterTypeName="executor://nunit3testexecutor/" className="SnowMeltingCalculator.Tests.Services.Project.ReactiveSubscriptionLifecycleTests" name="ExactlyOnce_HydraulicsUserEdit_ProducesOneCanonicalCommitOneDirtyOnePass" />
    </UnitTest>
    <UnitTest name="HandlerCounts_MatchPhase10Census_OnProductionShapedGraph" storage="d:\ia\ace — копия\tests\snowmeltingcalculator.tests\bin\debug\net8.0-windows\snowmeltingcalculator.tests.dll" id="bb003b9a-c638-8f80-98dd-67e488ef3818">
      <Execution id="0050b87f-d9bb-4d9d-be1f-ebb2437cd72e" />
      <TestMethod codeBase="D:\IA\ace — копия\tests\SnowMeltingCalculator.Tests\bin\Debug\net8.0-windows\SnowMeltingCalculator.Tests.dll" adapterTypeName="executor://nunit3testexecutor/" className="SnowMeltingCalculator.Tests.Services.Project.ReactiveSubscriptionLifecycleTests" name="HandlerCounts_MatchPhase10Census_OnProductionShapedGraph" />
    </UnitTest>
    <UnitTest name="ExactlyOnce_ThermalUserEdit_OneLogicalActionOneRecalculationChain" storage="d:\ia\ace — копия\tests\snowmeltingcalculator.tests\bin\debug\net8.0-windows\snowmeltingcalculator.tests.dll" id="a45c9ca9-0f75-0c0f-fe9c-33d9d7c40261">
      <Execution id="7b03915e-a044-4a9e-94d8-13b2ff6da196" />
      <TestMethod codeBase="D:\IA\ace — копия\tests\SnowMeltingCalculator.Tests\bin\Debug\net8.0-windows\SnowMeltingCalculator.Tests.dll" adapterTypeName="executor://nunit3testexecutor/" className="SnowMeltingCalculator.Tests.Services.Project.ReactiveSubscriptionLifecycleTests" name="ExactlyOnce_ThermalUserEdit_OneLogicalActionOneRecalculationChain" />
    </UnitTest>
    <UnitTest name="ExactlyOnce_ClimateUserEdit_PublishesOneCompletionOneProjectionAndOneDirty" storage="d:\ia\ace — копия\tests\snowmeltingcalculator.tests\bin\debug\net8.0-windows\snowmeltingcalculator.tests.dll" id="5f2d0967-56a9-a74b-7867-2fa2a7375024">
      <Execution id="a3263828-5c83-43e3-856a-f2cea49e8ec5" />
      <TestMethod codeBase="D:\IA\ace — копия\tests\SnowMeltingCalculator.Tests\bin\Debug\net8.0-windows\SnowMeltingCalculator.Tests.dll" adapterTypeName="executor://nunit3testexecutor/" className="SnowMeltingCalculator.Tests.Services.Project.ReactiveSubscriptionLifecycleTests" name="ExactlyOnce_ClimateUserEdit_PublishesOneCompletionOneProjectionAndOneDirty" />
    </UnitTest>
    <UnitTest name="Baseline_RepeatedReset_PerCycleCountersIdenticalAfterWarmup" storage="d:\ia\ace — копия\tests\snowmeltingcalculator.tests\bin\debug\net8.0-windows\snowmeltingcalculator.tests.dll" id="ff9ddb3b-72ca-bb3d-21b2-fda243dd7314">
      <Execution id="7378525e-5904-4c3a-a6c4-706b02ed5301" />
      <TestMethod codeBase="D:\IA\ace — копия\tests\SnowMeltingCalculator.Tests\bin\Debug\net8.0-windows\SnowMeltingCalculator.Tests.dll" adapterTypeName="executor://nunit3testexecutor/" className="SnowMeltingCalculator.Tests.Services.Project.ReactiveSubscriptionLifecycleTests" name="Baseline_RepeatedReset_PerCycleCountersIdenticalAfterWarmup" />
    </UnitTest>
    <UnitTest name="Lifecycle_LoadResetCycles_HandlerCountsAndPerCycleDeltasRemainStable" storage="d:\ia\ace — копия\tests\snowmeltingcalculator.tests\bin\debug\net8.0-windows\snowmeltingcalculator.tests.dll" id="737e825b-8b0e-e15d-6891-d76e314e06c7">
      <Execution id="5ae4bc30-597c-4a2b-a66f-fa73beb366fb" />
      <TestMethod codeBase="D:\IA\ace — копия\tests\SnowMeltingCalculator.Tests\bin\Debug\net8.0-windows\SnowMeltingCalculator.Tests.dll" adapterTypeName="executor://nunit3testexecutor/" className="SnowMeltingCalculator.Tests.Services.Project.ReactiveSubscriptionLifecycleTests" name="Lifecycle_LoadResetCycles_HandlerCountsAndPerCycleDeltasRemainStable" />
    </UnitTest>
    <UnitTest name="LifecycleOrigins_NeverRaiseUserDirty_AcrossLoadResetRestore" storage="d:\ia\ace — копия\tests\snowmeltingcalculator.tests\bin\debug\net8.0-windows\snowmeltingcalculator.tests.dll" id="cb229647-baab-f4d7-f6eb-403a0735f8bc">
      <Execution id="d97398a6-e128-43e7-b289-b4829b4b3daf" />
      <TestMethod codeBase="D:\IA\ace — копия\tests\SnowMeltingCalculator.Tests\bin\Debug\net8.0-windows\SnowMeltingCalculator.Tests.dll" adapterTypeName="executor://nunit3testexecutor/" className="SnowMeltingCalculator.Tests.Services.Project.ReactiveSubscriptionLifecycleTests" name="LifecycleOrigins_NeverRaiseUserDirty_AcrossLoadResetRestore" />
    </UnitTest>
    <UnitTest name="Baseline_SecondLoad_TwoConsecutiveRunsProduceIdenticalCounters" storage="d:\ia\ace — копия\tests\snowmeltingcalculator.tests\bin\debug\net8.0-windows\snowmeltingcalculator.tests.dll" id="f8f226a6-fddd-bc9e-b734-42f5f07c1b52">
      <Execution id="bd4c25f9-717d-4eed-8406-aa823ae13d26" />
      <TestMethod codeBase="D:\IA\ace — копия\tests\SnowMeltingCalculator.Tests\bin\Debug\net8.0-windows\SnowMeltingCalculator.Tests.dll" adapterTypeName="executor://nunit3testexecutor/" className="SnowMeltingCalculator.Tests.Services.Project.ReactiveSubscriptionLifecycleTests" name="Baseline_SecondLoad_TwoConsecutiveRunsProduceIdenticalCounters" />
    </UnitTest>
    <UnitTest name="Baseline_Reset_TwoConsecutiveRunsProduceIdenticalCounters" storage="d:\ia\ace — копия\tests\snowmeltingcalculator.tests\bin\debug\net8.0-windows\snowmeltingcalculator.tests.dll" id="a8ef7fa7-2305-b987-7b4e-661ace9ba7c2">
      <Execution id="60904557-be74-41fd-89e5-77b4972fd74b" />
      <TestMethod codeBase="D:\IA\ace — копия\tests\SnowMeltingCalculator.Tests\bin\Debug\net8.0-windows\SnowMeltingCalculator.Tests.dll" adapterTypeName="executor://nunit3testexecutor/" className="SnowMeltingCalculator.Tests.Services.Project.ReactiveSubscriptionLifecycleTests" name="Baseline_Reset_TwoConsecutiveRunsProduceIdenticalCounters" />
    </UnitTest>
  </TestDefinitions>
  <TestEntries>
    <TestEntry testId="fd28f887-825a-694f-7a8a-cc6c223078d0" executionId="c17dcdca-cc2d-4ae3-b165-ff9199d1b971" testListId="8c84fa94-04c1-424b-9868-57a2d4851a1d" />
    <TestEntry testId="a45c9ca9-0f75-0c0f-fe9c-33d9d7c40261" executionId="7b03915e-a044-4a9e-94d8-13b2ff6da196" testListId="8c84fa94-04c1-424b-9868-57a2d4851a1d" />
    <TestEntry testId="46f31e7b-afe3-5430-6fda-b332d0083b27" executionId="c2a36c40-784b-4280-9dd3-465029e673d6" testListId="8c84fa94-04c1-424b-9868-57a2d4851a1d" />
    <TestEntry testId="bb003b9a-c638-8f80-98dd-67e488ef3818" executionId="0050b87f-d9bb-4d9d-be1f-ebb2437cd72e" testListId="8c84fa94-04c1-424b-9868-57a2d4851a1d" />
    <TestEntry testId="4742eaa0-85f7-e025-7cda-963b1955536f" executionId="a5f160e9-4ab2-47fa-aa83-6018a9978181" testListId="8c84fa94-04c1-424b-9868-57a2d4851a1d" />
    <TestEntry testId="a8ef7fa7-2305-b987-7b4e-661ace9ba7c2" executionId="60904557-be74-41fd-89e5-77b4972fd74b" testListId="8c84fa94-04c1-424b-9868-57a2d4851a1d" />
    <TestEntry testId="5f2d0967-56a9-a74b-7867-2fa2a7375024" executionId="a3263828-5c83-43e3-856a-f2cea49e8ec5" testListId="8c84fa94-04c1-424b-9868-57a2d4851a1d" />
    <TestEntry testId="ff9ddb3b-72ca-bb3d-21b2-fda243dd7314" executionId="7378525e-5904-4c3a-a6c4-706b02ed5301" testListId="8c84fa94-04c1-424b-9868-57a2d4851a1d" />
    <TestEntry testId="f8f226a6-fddd-bc9e-b734-42f5f07c1b52" executionId="bd4c25f9-717d-4eed-8406-aa823ae13d26" testListId="8c84fa94-04c1-424b-9868-57a2d4851a1d" />
    <TestEntry testId="cb229647-baab-f4d7-f6eb-403a0735f8bc" executionId="d97398a6-e128-43e7-b289-b4829b4b3daf" testListId="8c84fa94-04c1-424b-9868-57a2d4851a1d" />
    <TestEntry testId="737e825b-8b0e-e15d-6891-d76e314e06c7" executionId="5ae4bc30-597c-4a2b-a66f-fa73beb366fb" testListId="8c84fa94-04c1-424b-9868-57a2d4851a1d" />
  </TestEntries>
  <TestLists>
    <TestList name="Список результатов" id="8c84fa94-04c1-424b-9868-57a2d4851a1d" />
    <TestList name="Все загруженные результаты" id="19431567-8539-422a-85d7-44ee4e166bda" />
  </TestLists>
  <ResultSummary outcome="Completed">
    <Counters total="11" executed="11" passed="11" failed="0" error="0" timeout="0" aborted="0" inconclusive="0" passedButRunAborted="0" notRunnable="0" notExecuted="0" disconnected="0" warning="0" completed="0" inProgress="0" pending="0" />
    <Output>
      <StdOut>NUnit Adapter 4.5.0.0: Test execution started&#xD;
Running selected tests in D:\IA\ace — копия\tests\SnowMeltingCalculator.Tests\bin\Debug\net8.0-windows\SnowMeltingCalculator.Tests.dll&#xD;
   NUnit3TestExecutor discovered 11 of 11 NUnit test cases using Current Discovery mode, Non-Explicit run&#xD;
NUnit Adapter 4.5.0.0: Test execution complete&#xD;
</StdOut>
    </Output>
    <RunInfos>
      <RunInfo computerName="DESKTOP-CVGB6OE" outcome="Warning" timestamp="2026-09-03T11:11:24.2772706+05:00">
        <Text>[phase-10 counters] load: Context[Climate=0,Construction=0,ThermalInputs=1,ThermalResult=1,Hydraulics=2,Other=0] StateChanged=4 PipeSpacing=1 Completions[Climate=0,Construction=0,Thermal=1(U=0,C=0),Hydraulics=4,Coord=0,Upstream=0] Calc[Thermal=0,Hydraulics=0] Results=1 SessionPC=2 Dirty+=0 Clean=0 Origins[C=,Con=,T=ProjectLoad=1,H=Calculation=4]&#xD;
</Text>
      </RunInfo>
      <RunInfo computerName="DESKTOP-CVGB6OE" outcome="Warning" timestamp="2026-09-03T11:11:24.2847225+05:00">
        <Text>[phase-10 counters] new-calculation: Context[Climate=0,Construction=0,ThermalInputs=0,ThermalResult=0,Hydraulics=0,Other=1] StateChanged=0 PipeSpacing=0 Completions[Climate=0,Construction=1,Thermal=0(U=0,C=0),Hydraulics=0,Coord=0,Upstream=0] Calc[Thermal=0,Hydraulics=0] Results=1 SessionPC=0 Dirty+=0 Clean=0 Origins[C=,Con=Reset=1,T=,H=]&#xD;
</Text>
      </RunInfo>
      <RunInfo computerName="DESKTOP-CVGB6OE" outcome="Warning" timestamp="2026-09-03T11:11:24.2974327+05:00">
        <Text>[phase-10 counters] repeated-reset: Context[Climate=0,Construction=0,ThermalInputs=0,ThermalResult=0,Hydraulics=0,Other=1] StateChanged=0 PipeSpacing=0 Completions[Climate=0,Construction=1,Thermal=0(U=0,C=0),Hydraulics=0,Coord=0,Upstream=0] Calc[Thermal=0,Hydraulics=0] Results=0 SessionPC=0 Dirty+=0 Clean=0 Origins[C=,Con=Reset=1,T=,H=]&#xD;
</Text>
      </RunInfo>
      <RunInfo computerName="DESKTOP-CVGB6OE" outcome="Warning" timestamp="2026-09-03T11:11:24.2997045+05:00">
        <Text>[phase-10 counters] reset: Context[Climate=1,Construction=0,ThermalInputs=0,ThermalResult=0,Hydraulics=1,Other=1] StateChanged=2 PipeSpacing=0 Completions[Climate=1,Construction=1,Thermal=1(U=0,C=0),Hydraulics=2,Coord=0,Upstream=0] Calc[Thermal=0,Hydraulics=0] Results=0 SessionPC=0 Dirty+=0 Clean=0 Origins[C=ProjectLoadReset=1,Con=Reset=1,T=ProjectLoadReset=1,H=Calculation=2]&#xD;
</Text>
      </RunInfo>
      <RunInfo computerName="DESKTOP-CVGB6OE" outcome="Warning" timestamp="2026-09-03T11:11:24.3022532+05:00">
        <Text>[phase-10 counters] second-load: Context[Climate=0,Construction=0,ThermalInputs=1,ThermalResult=1,Hydraulics=2,Other=0] StateChanged=4 PipeSpacing=1 Completions[Climate=0,Construction=0,Thermal=1(U=0,C=0),Hydraulics=4,Coord=0,Upstream=0] Calc[Thermal=0,Hydraulics=0] Results=1 SessionPC=2 Dirty+=0 Clean=0 Origins[C=,Con=,T=ProjectLoad=1,H=Calculation=4]&#xD;
</Text>
      </RunInfo>
      <RunInfo computerName="DESKTOP-CVGB6OE" outcome="Warning" timestamp="2026-09-03T11:11:24.3063141+05:00">
        <Text>[phase-10 counters] climate-user-edit: Context[Climate=1,Construction=0,ThermalInputs=0,ThermalResult=0,Hydraulics=1,Other=0] StateChanged=3 PipeSpacing=0 Completions[Climate=1,Construction=0,Thermal=1(U=0,C=0),Hydraulics=2,Coord=1,Upstream=1] Calc[Thermal=0,Hydraulics=0] Results=0 SessionPC=1 Dirty+=1 Clean=0 Origins[C=User=1,Con=,T=ClimateInvalidation=1,H=Calculation=2]&#xD;
</Text>
      </RunInfo>
      <RunInfo computerName="DESKTOP-CVGB6OE" outcome="Warning" timestamp="2026-09-03T11:11:24.3089815+05:00">
        <Text>[phase-10 counters] hydraulics-user-edit: Context[Climate=0,Construction=0,ThermalInputs=0,ThermalResult=0,Hydraulics=0,Other=0] StateChanged=0 PipeSpacing=0 Completions[Climate=0,Construction=0,Thermal=0(U=0,C=0),Hydraulics=1,Coord=0,Upstream=0] Calc[Thermal=0,Hydraulics=0] Results=0 SessionPC=1 Dirty+=1 Clean=0 Origins[C=,Con=,T=,H=User=1]&#xD;
</Text>
      </RunInfo>
      <RunInfo computerName="DESKTOP-CVGB6OE" outcome="Warning" timestamp="2026-09-03T11:11:24.3143322+05:00">
        <Text>[phase-10 counters] thermal-user-edit(edit): Context[Climate=0,Construction=0,ThermalInputs=0,ThermalResult=0,Hydraulics=0,Other=0] StateChanged=1 PipeSpacing=0 Completions[Climate=0,Construction=0,Thermal=1(U=1,C=0),Hydraulics=0,Coord=1,Upstream=0] Calc[Thermal=0,Hydraulics=0] Results=0 SessionPC=1 Dirty+=1 Clean=0 Origins[C=,Con=,T=User=1,H=]&#xD;
[phase-10 counters] thermal-user-edit(calculate): Context[Climate=0,Construction=0,ThermalInputs=1,ThermalResult=1,Hydraulics=1,Other=0] StateChanged=4 PipeSpacing=0 Completions[Climate=0,Construction=0,Thermal=2(U=0,C=2),Hydraulics=2,Coord=2,Upstream=0] Calc[Thermal=1,Hydraulics=0] Results=0 SessionPC=0 Dirty+=0 Clean=0 Origins[C=,Con=,T=Calculation=2,H=Calculation=2]&#xD;
</Text>
      </RunInfo>
      <RunInfo computerName="DESKTOP-CVGB6OE" outcome="Warning" timestamp="2026-09-03T11:11:24.3690476+05:00">
        <Text>[phase-10 counters] load-reset-cycle: Context[Climate=2,Construction=0,ThermalInputs=1,ThermalResult=1,Hydraulics=3,Other=1] StateChanged=6 PipeSpacing=0 Completions[Climate=2,Construction=2,Thermal=2(U=0,C=0),Hydraulics=7,Coord=0,Upstream=0] Calc[Thermal=0,Hydraulics=2] Results=1 SessionPC=2 Dirty+=0 Clean=0 Origins[C=Load=1,ProjectLoadReset=1,Con=ProjectLoad=1,Reset=1,T=ProjectLoad=1,ProjectLoadReset=1,H=Calculation=6,ProjectLoad=1]&#xD;
</Text>
      </RunInfo>
    </RunInfos>
  </ResultSummary>
</TestRun>