<?xml version="1.0" encoding="utf-8"?>
<TestRun id="86f2c73a-32ab-4395-9f56-34694057e0ac" name="Admin@DESKTOP-CVGB6OE 2026-08-13 09:54:57" runUser="DESKTOP-CVGB6OE\Admin" xmlns="http://microsoft.com/schemas/VisualStudio/TeamTest/2010">
  <Times creation="2026-08-13T09:54:57.5857570+05:00" queuing="2026-08-13T09:54:57.5857575+05:00" start="2026-08-13T09:54:56.8107649+05:00" finish="2026-08-13T09:55:17.5723176+05:00" />
  <TestSettings name="default" id="09067050-1ad2-4328-952a-bcbb900846eb">
    <Deployment runDeploymentRoot="Admin_DESKTOP-CVGB6OE_2026-08-13_09_54_57" />
  </TestSettings>
  <Results>
    <UnitTestResult executionId="517824ce-37ea-4206-8fdd-52648f8f9432" testId="983ac96f-4eb0-6c5a-13d9-921375031543" testName="ChangeAirTemperature_SyncsToClimateData" computerName="DESKTOP-CVGB6OE" duration="00:00:00.0007850" startTime="2026-08-13T09:54:57.6444019+05:00" endTime="2026-08-13T09:54:57.6451858+05:00" testType="13cdc9d9-ddb5-4fa4-a97d-d965ccfc6d4b" outcome="Passed" testListId="8c84fa94-04c1-424b-9868-57a2d4851a1d" relativeResultsDirectory="517824ce-37ea-4206-8fdd-52648f8f9432" />
    <UnitTestResult executionId="785267d5-f897-4bfe-a746-3ffabc929082" testId="58e4248f-139e-9cb3-94b5-56698b2724ee" testName="ClimateMultiplicity_ScalarEdit_EmitsSingleCompatibilityUpdate" computerName="DESKTOP-CVGB6OE" duration="00:00:00.0001280" startTime="2026-08-13T09:54:57.6020518+05:00" endTime="2026-08-13T09:54:57.6021796+05:00" testType="13cdc9d9-ddb5-4fa4-a97d-d965ccfc6d4b" outcome="Passed" testListId="8c84fa94-04c1-424b-9868-57a2d4851a1d" relativeResultsDirectory="785267d5-f897-4bfe-a746-3ffabc929082" />
    <UnitTestResult executionId="1d8fe13b-ca11-45be-9d09-538318eef840" testId="639c4d88-034b-4069-1da8-31b9664f68b9" testName="ResetToDefaults_SyncsToClimateData" computerName="DESKTOP-CVGB6OE" duration="00:00:00.0001710" startTime="2026-08-13T09:54:57.6527183+05:00" endTime="2026-08-13T09:54:57.6528892+05:00" testType="13cdc9d9-ddb5-4fa4-a97d-d965ccfc6d4b" outcome="Passed" testListId="8c84fa94-04c1-424b-9868-57a2d4851a1d" relativeResultsDirectory="1d8fe13b-ca11-45be-9d09-538318eef840" />
    <UnitTestResult executionId="750dd827-6ddc-474a-9aac-aafa4e02e7c5" testId="766d1b2f-b6db-6898-c1a3-826da3004bbb" testName="ResolveView_ResultsRefreshRemainsInsideExistingFailureBoundaryAndHasOneCallSite" computerName="DESKTOP-CVGB6OE" duration="00:00:00.0009190" startTime="2026-08-13T09:55:08.1641612+05:00" endTime="2026-08-13T09:55:08.1650802+05:00" testType="13cdc9d9-ddb5-4fa4-a97d-d965ccfc6d4b" outcome="Passed" testListId="8c84fa94-04c1-424b-9868-57a2d4851a1d" relativeResultsDirectory="750dd827-6ddc-474a-9aac-aafa4e02e7c5" />
    <UnitTestResult executionId="8959f8fd-935b-4a9f-b0d8-93d25ab95236" testId="91e34339-aec2-e4fa-3779-034132007780" testName="DesignTemperatureValue_ReturnsCorrectValue" computerName="DESKTOP-CVGB6OE" duration="00:00:00.0017650" startTime="2026-08-13T09:54:57.7772458+05:00" endTime="2026-08-13T09:54:57.7790105+05:00" testType="13cdc9d9-ddb5-4fa4-a97d-d965ccfc6d4b" outcome="Passed" testListId="8c84fa94-04c1-424b-9868-57a2d4851a1d" relativeResultsDirectory="8959f8fd-935b-4a9f-b0d8-93d25ab95236" />
    <UnitTestResult executionId="ef3cbade-1dc8-43de-a8f1-98542443ccdb" testId="436f2c96-4556-d1a6-6818-ee5f1a070df4" testName="CurrentFilePath_Setter_RaisesPropertyChanged_Once" computerName="DESKTOP-CVGB6OE" duration="00:00:00.0001240" startTime="2026-08-13T09:55:07.9953774+05:00" endTime="2026-08-13T09:55:07.9955014+05:00" testType="13cdc9d9-ddb5-4fa4-a97d-d965ccfc6d4b" outcome="Passed" testListId="8c84fa94-04c1-424b-9868-57a2d4851a1d" relativeResultsDirectory="ef3cbade-1dc8-43de-a8f1-98542443ccdb" />
    <UnitTestResult executionId="b5930519-10a5-4bb2-b2e4-4b6f875518bf" testId="b15187f7-89e2-b76b-482c-e49ab9ba4fef" testName="LoadAndReopen_RefreshesProjectionAndLeavesProjectClean" computerName="DESKTOP-CVGB6OE" duration="00:00:00.0043870" startTime="2026-08-13T09:55:08.2621289+05:00" endTime="2026-08-13T09:55:08.2665162+05:00" testType="13cdc9d9-ddb5-4fa4-a97d-d965ccfc6d4b" outcome="Passed" testListId="8c84fa94-04c1-424b-9868-57a2d4851a1d" relativeResultsDirectory="b5930519-10a5-4bb2-b2e4-4b6f875518bf" />
    <UnitTestResult executionId="3e0ce0a4-9ad0-4adc-9177-1aaed1bb43ea" testId="90e5ac91-ea31-c384-67c0-046ba14ce665" testName="FullWorkflow_ThermalClimateGlycol_TriggersCorrectNumberOfCalculates" computerName="DESKTOP-CVGB6OE" duration="00:00:00.0052190" startTime="2026-08-13T09:54:57.8039782+05:00" endTime="2026-08-13T09:54:57.8091966+05:00" testType="13cdc9d9-ddb5-4fa4-a97d-d965ccfc6d4b" outcome="Passed" testListId="8c84fa94-04c1-424b-9868-57a2d4851a1d" relativeResultsDirectory="3e0ce0a4-9ad0-4adc-9177-1aaed1bb43ea" />
    <UnitTestResult executionId="8f8ab121-cdc2-42c3-b5fc-30e9e8a3671b" testId="a67e9ff2-d1ce-4f38-4851-e4b7be964ab2" testName="CurrentFilePath_Setter_DoesNotRaisePropertyChanged_WhenValueUnchanged" computerName="DESKTOP-CVGB6OE" duration="00:00:00.0001330" startTime="2026-08-13T09:55:07.9952308+05:00" endTime="2026-08-13T09:55:07.9953640+05:00" testType="13cdc9d9-ddb5-4fa4-a97d-d965ccfc6d4b" outcome="Passed" testListId="8c84fa94-04c1-424b-9868-57a2d4851a1d" relativeResultsDirectory="8f8ab121-cdc2-42c3-b5fc-30e9e8a3671b" />
    <UnitTestResult executionId="f4baf92c-2313-4a5a-822a-f07d44b8d167" testId="c320843a-22eb-137b-efd9-db897d38af4b" testName="CircuitsVM_Calculate_PublishesCollectorSummariesToContext" computerName="DESKTOP-CVGB6OE" duration="00:00:00.0569190" startTime="2026-08-13T09:54:57.6818542+05:00" endTime="2026-08-13T09:54:57.7387721+05:00" testType="13cdc9d9-ddb5-4fa4-a97d-d965ccfc6d4b" outcome="Passed" testListId="8c84fa94-04c1-424b-9868-57a2d4851a1d" relativeResultsDirectory="f4baf92c-2313-4a5a-822a-f07d44b8d167" />
    <UnitTestResult executionId="9449ebc9-0cca-421c-b854-6af71c52d978" testId="7b3de05a-9b52-2a02-200d-43a25ab10e0e" testName="ProjectRoundTrip_LambdaUpdatesWhenGroundwaterLevelChanges" computerName="DESKTOP-CVGB6OE" duration="00:00:00.0027169" startTime="2026-08-13T09:55:17.4522870+05:00" endTime="2026-08-13T09:55:17.4550042+05:00" testType="13cdc9d9-ddb5-4fa4-a97d-d965ccfc6d4b" outcome="Passed" testListId="8c84fa94-04c1-424b-9868-57a2d4851a1d" relativeResultsDirectory="9449ebc9-0cca-421c-b854-6af71c52d978" />
    <UnitTestResult executionId="c6daeb22-6647-4830-adda-fec34196838d" testId="7b8e8543-350f-5ea2-a219-de8f3cc243b7" testName="SameGlycolType_DoesNotTriggerDuplicateCalculate" computerName="DESKTOP-CVGB6OE" duration="00:00:00.0034720" startTime="2026-08-13T09:54:57.8384689+05:00" endTime="2026-08-13T09:54:57.8419398+05:00" testType="13cdc9d9-ddb5-4fa4-a97d-d965ccfc6d4b" outcome="Passed" testListId="8c84fa94-04c1-424b-9868-57a2d4851a1d" relativeResultsDirectory="c6daeb22-6647-4830-adda-fec34196838d" />
    <UnitTestResult executionId="ced3b46c-277e-493a-9d82-d666a4c4d6e3" testId="031ae294-680c-8e88-5eb7-b86d2ce9ea42" testName="ApplyIndividualEdit_InvalidValue_DoesNotChangeState" computerName="DESKTOP-CVGB6OE" duration="00:00:00.0006720" startTime="2026-08-13T09:55:07.9034717+05:00" endTime="2026-08-13T09:55:07.9041430+05:00" testType="13cdc9d9-ddb5-4fa4-a97d-d965ccfc6d4b" outcome="Passed" testListId="8c84fa94-04c1-424b-9868-57a2d4851a1d" relativeResultsDirectory="ced3b46c-277e-493a-9d82-d666a4c4d6e3" />
    <UnitTestResult executionId="ea740b9e-588c-46f9-942b-79f947356e12" testId="8f92a238-daf8-7519-1eec-87fcc62b31d5" testName="GetByCityIdAsync_NotFound_ShouldReturnNull" computerName="DESKTOP-CVGB6OE" duration="00:00:00.6564700" startTime="2026-08-13T09:55:02.3615023+05:00" endTime="2026-08-13T09:55:03.0179711+05:00" testType="13cdc9d9-ddb5-4fa4-a97d-d965ccfc6d4b" outcome="Passed" testListId="8c84fa94-04c1-424b-9868-57a2d4851a1d" relativeResultsDirectory="ea740b9e-588c-46f9-942b-79f947356e12" />
    <UnitTestResult executionId="4589e8cc-a75c-4316-9b5c-151b4b8f0d71" testId="f550f8cc-e4ab-3505-b24e-d0d76ed224a1" testName="DetermineZone_HighRequirements_AlwaysReturnsZoneM20Plus" computerName="DESKTOP-CVGB6OE" duration="00:00:00.0003790" startTime="2026-08-13T09:54:57.5215062+05:00" endTime="2026-08-13T09:54:57.5218845+05:00" testType="13cdc9d9-ddb5-4fa4-a97d-d965ccfc6d4b" outcome="Passed" testListId="8c84fa94-04c1-424b-9868-57a2d4851a1d" relativeResultsDirectory="4589e8cc-a75c-4316-9b5c-151b4b8f0d71" />
    <UnitTestResult executionId="18890303-2ab2-4b0c-90dc-5ff51aafc2d8" testId="ec10f7b6-2c4b-0efd-aaf8-01113fa467bb" testName="SearchCitiesWithPriorityAsync_NonExistingQuery_ReturnsEmpty" computerName="DESKTOP-CVGB6OE" duration="00:00:00.0004980" startTime="2026-08-13T09:54:57.5153867+05:00" endTime="2026-08-13T09:54:57.5158848+05:00" testType="13cdc9d9-ddb5-4fa4-a97d-d965ccfc6d4b" outcome="Passed" testListId="8c84fa94-04c1-424b-9868-57a2d4851a1d" relativeResultsDirectory="18890303-2ab2-4b0c-90dc-5ff51aafc2d8" />
    <UnitTestResult executionId="f232415d-3e46-4fa9-973e-e6ebcfc2f107" testId="3c7c00b8-152e-58a4-b7dc-0c2163dbdba2" testName="LoadHydraulicsDataOnNavigate_DelegatesToExactlyOneCanonicalRefreshAll" computerName="DESKTOP-CVGB6OE" duration="00:00:00.0026200" startTime="2026-08-13T09:55:08.0800058+05:00" endTime="2026-08-13T09:55:08.0826255+05:00" testType="13cdc9d9-ddb5-4fa4-a97d-d965ccfc6d4b" outcome="Passed" testListId="8c84fa94-04c1-424b-9868-57a2d4851a1d" relativeResultsDirectory="f232415d-3e46-4fa9-973e-e6ebcfc2f107" />
    <UnitTestResult executionId="c73fd95a-37c5-4e0d-bf61-1cba52d57696" testId="1278c02a-4c5e-758b-e534-1cf58d14f7b0" testName="SaveCurrentProject_PersistsClimateStateSnapshot_NotClimateViewModelMirror" computerName="DESKTOP-CVGB6OE" duration="00:00:00.0023560" startTime="2026-08-13T09:55:17.5072487+05:00" endTime="2026-08-13T09:55:17.5096050+05:00" testType="13cdc9d9-ddb5-4fa4-a97d-d965ccfc6d4b" outcome="Passed" testListId="8c84fa94-04c1-424b-9868-57a2d4851a1d" relativeResultsDirectory="c73fd95a-37c5-4e0d-bf61-1cba52d57696" />
    <UnitTestResult executionId="5849467b-dc6b-4ad0-bcad-aa03a8b2f532" testId="736786cb-c235-c1bb-456c-3b64edae35d4" testName="GetByCityIdAsync_ShouldReturnEntry" computerName="DESKTOP-CVGB6OE" duration="00:00:00.6193170" startTime="2026-08-13T09:55:03.0181667+05:00" endTime="2026-08-13T09:55:03.6374836+05:00" testType="13cdc9d9-ddb5-4fa4-a97d-d965ccfc6d4b" outcome="Passed" testListId="8c84fa94-04c1-424b-9868-57a2d4851a1d" relativeResultsDirectory="5849467b-dc6b-4ad0-bcad-aa03a8b2f532" />
    <UnitTestResult executionId="c16853c1-d382-4402-a232-5db995a0f405" testId="33cfd51a-2e99-fae2-1707-0ad77df97d2e" testName="ResetToDefaults_User_ChangesStateAndMarksDirty" computerName="DESKTOP-CVGB6OE" duration="00:00:00.0001710" startTime="2026-08-13T09:55:07.9077969+05:00" endTime="2026-08-13T09:55:07.9079675+05:00" testType="13cdc9d9-ddb5-4fa4-a97d-d965ccfc6d4b" outcome="Passed" testListId="8c84fa94-04c1-424b-9868-57a2d4851a1d" relativeResultsDirectory="c16853c1-d382-4402-a232-5db995a0f405" />
    <UnitTestResult executionId="f3b5c611-886e-4c18-a3a9-03751ce94fcc" testId="a01b7098-2614-1bf3-b70e-479159af9e89" testName="ProjectRoundTrip_PipeSelectionRestored" computerName="DESKTOP-CVGB6OE" duration="00:00:00.0016910" startTime="2026-08-13T09:55:17.4725956+05:00" endTime="2026-08-13T09:55:17.4742866+05:00" testType="13cdc9d9-ddb5-4fa4-a97d-d965ccfc6d4b" outcome="Passed" testListId="8c84fa94-04c1-424b-9868-57a2d4851a1d" relativeResultsDirectory="f3b5c611-886e-4c18-a3a9-03751ce94fcc" />
    <UnitTestResult executionId="cd9db21e-00d1-41db-9eda-036feb243a06" testId="dec7cd4e-9f1c-0319-59bb-2cdfa146e10b" testName="ClimateStateLegacyStoreGuard_RejectsNewDirectClimateViewModelSetterInForbiddenCallers" computerName="DESKTOP-CVGB6OE" duration="00:00:00.0010730" startTime="2026-08-13T09:54:57.6431270+05:00" endTime="2026-08-13T09:54:57.6442007+05:00" testType="13cdc9d9-ddb5-4fa4-a97d-d965ccfc6d4b" outcome="Passed" testListId="8c84fa94-04c1-424b-9868-57a2d4851a1d" relativeResultsDirectory="cd9db21e-00d1-41db-9eda-036feb243a06" />
    <UnitTestResult executionId="e8ab2e3a-a804-44f5-be0a-eee52dc6c22f" testId="5dea7107-a54c-2a01-2f4c-ac89a9d14f47" testName="RepeatedResetCycles_DoNotDuplicateCircuitsEventSubscriptions" computerName="DESKTOP-CVGB6OE" duration="00:00:00.0079530" startTime="2026-08-13T09:55:07.9816932+05:00" endTime="2026-08-13T09:55:07.9896467+05:00" testType="13cdc9d9-ddb5-4fa4-a97d-d965ccfc6d4b" outcome="Passed" testListId="8c84fa94-04c1-424b-9868-57a2d4851a1d" relativeResultsDirectory="e8ab2e3a-a804-44f5-be0a-eee52dc6c22f" />
    <UnitTestResult executionId="de99c707-b869-4794-8519-c2975082e7db" testId="00d0800b-b833-f4c1-e66e-b6f5134483b6" testName="OnClimatePropertyChanged_WhenAirTemperatureChanged_TriggersCalculate" computerName="DESKTOP-CVGB6OE" duration="00:00:00.0057300" startTime="2026-08-13T09:54:57.7815847+05:00" endTime="2026-08-13T09:54:57.7873132+05:00" testType="13cdc9d9-ddb5-4fa4-a97d-d965ccfc6d4b" outcome="Passed" testListId="8c84fa94-04c1-424b-9868-57a2d4851a1d" relativeResultsDirectory="de99c707-b869-4794-8519-c2975082e7db" />
    <UnitTestResult executionId="ad0b7263-bf1a-4a1d-908d-651796be639f" testId="16fa3364-dd0b-1bb8-5197-59186be100d3" testName="ProjectRoundTrip_PreservesHasLoads" computerName="DESKTOP-CVGB6OE" duration="00:00:00.0023530" startTime="2026-08-13T09:55:17.4766729+05:00" endTime="2026-08-13T09:55:17.4790254+05:00" testType="13cdc9d9-ddb5-4fa4-a97d-d965ccfc6d4b" outcome="Passed" testListId="8c84fa94-04c1-424b-9868-57a2d4851a1d" relativeResultsDirectory="ad0b7263-bf1a-4a1d-908d-651796be639f" />
    <UnitTestResult executionId="ae344b62-977b-4454-acfc-baaa729b5d3a" testId="2dc2bdcd-48ee-c44b-876b-0edaa9c3c23d" testName="AddAsync_ExistingEntry_UpdatesLastUsed" computerName="DESKTOP-CVGB6OE" duration="00:00:00.0006570" startTime="2026-08-13T09:55:07.8924297+05:00" endTime="2026-08-13T09:55:07.8930864+05:00" testType="13cdc9d9-ddb5-4fa4-a97d-d965ccfc6d4b" outcome="Passed" testListId="8c84fa94-04c1-424b-9868-57a2d4851a1d" relativeResultsDirectory="ae344b62-977b-4454-acfc-baaa729b5d3a" />
    <UnitTestResult executionId="d80d882d-7c07-4a1b-9777-56a0c0d56b49" testId="31afbb19-5a6b-01d6-64b2-de983d8ff85f" testName="Changed_Event_IncludesOriginAndSnapshots" computerName="DESKTOP-CVGB6OE" duration="00:00:00.0005450" startTime="2026-08-13T09:55:07.9057519+05:00" endTime="2026-08-13T09:55:07.9062969+05:00" testType="13cdc9d9-ddb5-4fa4-a97d-d965ccfc6d4b" outcome="Passed" testListId="8c84fa94-04c1-424b-9868-57a2d4851a1d" relativeResultsDirectory="d80d882d-7c07-4a1b-9777-56a0c0d56b49" />
    <UnitTestResult executionId="3d53735e-8d55-4ffc-8a7a-f1603ef1969b" testId="e2ce670b-81cc-9dcb-987d-10de031ca238" testName="OnClimatePropertyChanged_WhenHumidityChanged_TriggersCalculate" computerName="DESKTOP-CVGB6OE" duration="00:00:00.0033500" startTime="2026-08-13T09:54:57.7905972+05:00" endTime="2026-08-13T09:54:57.7939247+05:00" testType="13cdc9d9-ddb5-4fa4-a97d-d965ccfc6d4b" outcome="Passed" testListId="8c84fa94-04c1-424b-9868-57a2d4851a1d" relativeResultsDirectory="3d53735e-8d55-4ffc-8a7a-f1603ef1969b" />
    <UnitTestResult executionId="48584065-cfb2-4427-b8a0-1c3d4e3e289f" testId="856768a1-9ba2-e0b0-4777-8108e2231ea7" testName="ClimateMultiplicity_SameCitySelection_IsACompatibilityNoOp" computerName="DESKTOP-CVGB6OE" duration="00:00:00.0001890" startTime="2026-08-13T09:54:57.6016872+05:00" endTime="2026-08-13T09:54:57.6018761+05:00" testType="13cdc9d9-ddb5-4fa4-a97d-d965ccfc6d4b" outcome="Passed" testListId="8c84fa94-04c1-424b-9868-57a2d4851a1d" relativeResultsDirectory="48584065-cfb2-4427-b8a0-1c3d4e3e289f" />
    <UnitTestResult executionId="473d35a1-89fe-478b-8f6d-5442730a5bb4" testId="af52ba2e-5214-92f1-4b19-3abe461ede29" testName="ProjectSession_ClimateState_ReturnsStableCanonicalOwner" computerName="DESKTOP-CVGB6OE" duration="00:00:00.0002130" startTime="2026-08-13T09:55:08.0417478+05:00" endTime="2026-08-13T09:55:08.0419604+05:00" testType="13cdc9d9-ddb5-4fa4-a97d-d965ccfc6d4b" outcome="Passed" testListId="8c84fa94-04c1-424b-9868-57a2d4851a1d" relativeResultsDirectory="473d35a1-89fe-478b-8f6d-5442730a5bb4" />
    <UnitTestResult executionId="9cb74220-16f7-4a02-8365-c95c7b44bf64" testId="0372bd65-96bd-b741-d860-88cd73372ba6" testName="ResetToDefaults_ClearsColdFiveDayTemperature" computerName="DESKTOP-CVGB6OE" duration="00:00:00.0001880" startTime="2026-08-13T09:54:57.6525171+05:00" endTime="2026-08-13T09:54:57.6527051+05:00" testType="13cdc9d9-ddb5-4fa4-a97d-d965ccfc6d4b" outcome="Passed" testListId="8c84fa94-04c1-424b-9868-57a2d4851a1d" relativeResultsDirectory="9cb74220-16f7-4a02-8365-c95c7b44bf64" />
    <UnitTestResult executionId="34cfb29b-ced3-4ad3-8027-e1b5dba77b33" testId="2cd87820-6faa-c6d9-6a33-45b915de6ac7" testName="GetRecentAsync_ReturnsSortedByLastUsed" computerName="DESKTOP-CVGB6OE" duration="00:00:00.0005180" startTime="2026-08-13T09:55:07.8994796+05:00" endTime="2026-08-13T09:55:07.8999974+05:00" testType="13cdc9d9-ddb5-4fa4-a97d-d965ccfc6d4b" outcome="Passed" testListId="8c84fa94-04c1-424b-9868-57a2d4851a1d" relativeResultsDirectory="34cfb29b-ced3-4ad3-8027-e1b5dba77b33" />
    <UnitTestResult executionId="59cede20-f4ad-4643-8f3a-e6ae4c16d966" testId="339d1add-907d-8ac4-16e4-19d84d95da43" testName="Validate_SnowfallIntensityJustBelowMinimum_ReturnsInvalid" computerName="DESKTOP-CVGB6OE" duration="00:00:00.0000300" startTime="2026-08-13T09:55:07.8895543+05:00" endTime="2026-08-13T09:55:07.8895843+05:00" testType="13cdc9d9-ddb5-4fa4-a97d-d965ccfc6d4b" outcome="Passed" testListId="8c84fa94-04c1-424b-9868-57a2d4851a1d" relativeResultsDirectory="59cede20-f4ad-4643-8f3a-e6ae4c16d966" />
    <UnitTestResult executionId="7100b3be-01aa-4339-bc74-1c1e58a07913" testId="5b9a505b-d3de-e6d9-a50e-eacb92968244" testName="SearchCitiesWithPriorityAsync_WhitespaceQuery_ReturnsEmpty" computerName="DESKTOP-CVGB6OE" duration="00:00:00.0006150" startTime="2026-08-13T09:54:57.5199176+05:00" endTime="2026-08-13T09:54:57.5205324+05:00" testType="13cdc9d9-ddb5-4fa4-a97d-d965ccfc6d4b" outcome="Passed" testListId="8c84fa94-04c1-424b-9868-57a2d4851a1d" relativeResultsDirectory="7100b3be-01aa-4339-bc74-1c1e58a07913" />
    <UnitTestResult executionId="59ba32b2-fe16-4ef2-bc5e-423e68d38fdb" testId="4bb52d46-5911-3942-c78d-fedb816aef2d" testName="Properties_ReturnCorrectValues" computerName="DESKTOP-CVGB6OE" duration="00:00:00.0005100" startTime="2026-08-13T09:54:57.6794965+05:00" endTime="2026-08-13T09:54:57.6800063+05:00" testType="13cdc9d9-ddb5-4fa4-a97d-d965ccfc6d4b" outcome="Passed" testListId="8c84fa94-04c1-424b-9868-57a2d4851a1d" relativeResultsDirectory="59ba32b2-fe16-4ef2-bc5e-423e68d38fdb" />
    <UnitTestResult executionId="5e56d4fd-5b91-4dd5-b2b3-0fe808c5297d" testId="4de57a20-ce26-72b8-68a9-06aea605ae5a" testName="Validate_ZeroSnowfallIntensity_ReturnsTrue" computerName="DESKTOP-CVGB6OE" duration="00:00:00.0002830" startTime="2026-08-13T09:54:57.6593532+05:00" endTime="2026-08-13T09:54:57.6596362+05:00" testType="13cdc9d9-ddb5-4fa4-a97d-d965ccfc6d4b" outcome="Passed" testListId="8c84fa94-04c1-424b-9868-57a2d4851a1d" relativeResultsDirectory="5e56d4fd-5b91-4dd5-b2b3-0fe808c5297d" />
    <UnitTestResult executionId="94c87c87-9abb-4539-abc2-2a3bdd74ecf1" testId="32d09117-7534-c74c-c9ed-19f165adb58e" testName="SaveToHistoryAsync_WithoutHistoryRepository_DoesNotThrow" computerName="DESKTOP-CVGB6OE" duration="00:00:00.0015220" startTime="2026-08-13T09:54:57.5075083+05:00" endTime="2026-08-13T09:54:57.5090300+05:00" testType="13cdc9d9-ddb5-4fa4-a97d-d965ccfc6d4b" outcome="Passed" testListId="8c84fa94-04c1-424b-9868-57a2d4851a1d" relativeResultsDirectory="94c87c87-9abb-4539-abc2-2a3bdd74ecf1" />
    <UnitTestResult executionId="7d8109b2-bda9-40e3-a9ac-90a1674b9546" testId="f1518f04-8bcc-37d3-760e-27d146277a3f" testName="OnGlycolConcentrationChanged_TriggersSingleCalculate" computerName="DESKTOP-CVGB6OE" duration="00:00:00.0033170" startTime="2026-08-13T09:54:57.8206341+05:00" endTime="2026-08-13T09:54:57.8239503+05:00" testType="13cdc9d9-ddb5-4fa4-a97d-d965ccfc6d4b" outcome="Passed" testListId="8c84fa94-04c1-424b-9868-57a2d4851a1d" relativeResultsDirectory="7d8109b2-bda9-40e3-a9ac-90a1674b9546" />
    <UnitTestResult executionId="c715105f-05c0-4fda-838e-8cde9758d712" testId="03c11344-6edf-1d48-f5e5-646084d98319" testName="ResultsCommands_RefreshBeforeConsumingOrExportingData(&quot;PreviewPdf&quot;)" computerName="DESKTOP-CVGB6OE" duration="00:00:00.0008520" startTime="2026-08-13T09:55:08.1699174+05:00" endTime="2026-08-13T09:55:08.1707690+05:00" testType="13cdc9d9-ddb5-4fa4-a97d-d965ccfc6d4b" outcome="Passed" testListId="8c84fa94-04c1-424b-9868-57a2d4851a1d" relativeResultsDirectory="c715105f-05c0-4fda-838e-8cde9758d712" />
    <UnitTestResult executionId="9642b66e-e875-4f7a-bd86-9c6b50fc2b7d" testId="ac5470e7-24a0-ed7f-a4bb-79adb1c94653" testName="Calculate_PassesClimateData" computerName="DESKTOP-CVGB6OE" duration="00:00:00.0027450" startTime="2026-08-13T09:55:08.0486208+05:00" endTime="2026-08-13T09:55:08.0513644+05:00" testType="13cdc9d9-ddb5-4fa4-a97d-d965ccfc6d4b" outcome="Passed" testListId="8c84fa94-04c1-424b-9868-57a2d4851a1d" relativeResultsDirectory="9642b66e-e875-4f7a-bd86-9c6b50fc2b7d" />
    <UnitTestResult executionId="2aa9a21e-2336-4c11-9c15-b50c6aa03707" testId="b9bad301-50c0-8b2f-89c1-0dec91a75935" testName="RefreshAll_WhenSourceResultIsCleared_ZerosOutputAndMarksNotReady" computerName="DESKTOP-CVGB6OE" duration="00:00:00.0040910" startTime="2026-08-13T09:55:08.2821544+05:00" endTime="2026-08-13T09:55:08.2862440+05:00" testType="13cdc9d9-ddb5-4fa4-a97d-d965ccfc6d4b" outcome="Passed" testListId="8c84fa94-04c1-424b-9868-57a2d4851a1d" relativeResultsDirectory="2aa9a21e-2336-4c11-9c15-b50c6aa03707" />
    <UnitTestResult executionId="b1df3a22-8bb1-41d0-a80b-54f3c2da6e18" testId="4fd41707-1ad3-cafd-017b-18a5f269ce4b" testName="HighlightMatch_NullCity_ReturnsEmpty" computerName="DESKTOP-CVGB6OE" duration="00:00:00.0000980" startTime="2026-08-13T09:54:57.5036744+05:00" endTime="2026-08-13T09:54:57.5037723+05:00" testType="13cdc9d9-ddb5-4fa4-a97d-d965ccfc6d4b" outcome="Passed" testListId="8c84fa94-04c1-424b-9868-57a2d4851a1d" relativeResultsDirectory="b1df3a22-8bb1-41d0-a80b-54f3c2da6e18" />
    <UnitTestResult executionId="7a34188f-0d93-4456-99d2-af42ec25bd6d" testId="fdf8d402-f402-11fe-4f34-360925bb6bbb" testName="SameThermalResult_DoesNotTriggerDuplicateCalculate" computerName="DESKTOP-CVGB6OE" duration="00:00:00.0043099" startTime="2026-08-13T09:54:57.8419825+05:00" endTime="2026-08-13T09:54:57.8462921+05:00" testType="13cdc9d9-ddb5-4fa4-a97d-d965ccfc6d4b" outcome="Passed" testListId="8c84fa94-04c1-424b-9868-57a2d4851a1d" relativeResultsDirectory="7a34188f-0d93-4456-99d2-af42ec25bd6d" />
    <UnitTestResult executionId="12567216-7ef0-413c-a738-8bcaa0dc99a4" testId="3f744776-1de6-ca1d-d954-9bfa2c08f293" testName="SearchCitiesWithPriorityAsync_SingleCharacter_ReturnsResults" computerName="DESKTOP-CVGB6OE" duration="00:00:00.0006220" startTime="2026-08-13T09:54:57.5185319+05:00" endTime="2026-08-13T09:54:57.5191536+05:00" testType="13cdc9d9-ddb5-4fa4-a97d-d965ccfc6d4b" outcome="Passed" testListId="8c84fa94-04c1-424b-9868-57a2d4851a1d" relativeResultsDirectory="12567216-7ef0-413c-a738-8bcaa0dc99a4" />
    <UnitTestResult executionId="ad1e99f4-ec33-4f45-9b23-909e99dcd1c4" testId="bf152f44-9e78-ea55-ccf6-44ec2358c98a" testName="LoadProjectFromPathAsync_WhenSuccess_LoadsDataAndSetsCurrentFilePath" computerName="DESKTOP-CVGB6OE" duration="00:00:03.0237790" startTime="2026-08-13T09:55:08.3704959+05:00" endTime="2026-08-13T09:55:11.3942739+05:00" testType="13cdc9d9-ddb5-4fa4-a97d-d965ccfc6d4b" outcome="Passed" testListId="8c84fa94-04c1-424b-9868-57a2d4851a1d" relativeResultsDirectory="ad1e99f4-ec33-4f45-9b23-909e99dcd1c4" />
    <UnitTestResult executionId="45612162-924b-4fc9-9eaf-095926ebd48a" testId="701aa376-1af1-30ef-9eb5-7740d44a294c" testName="SelectCity_Table16_TemperatureSelection" computerName="DESKTOP-CVGB6OE" duration="00:00:00.0005840" startTime="2026-08-13T09:54:57.6551728+05:00" endTime="2026-08-13T09:54:57.6557566+05:00" testType="13cdc9d9-ddb5-4fa4-a97d-d965ccfc6d4b" outcome="Passed" testListId="8c84fa94-04c1-424b-9868-57a2d4851a1d" relativeResultsDirectory="45612162-924b-4fc9-9eaf-095926ebd48a" />
    <UnitTestResult executionId="57ddd630-97da-4a1f-93aa-3a8dc0e4c601" testId="ef5c8a78-0ed3-d5d5-ef86-ea014d49037b" testName="IClimateData_IsReadOnly" computerName="DESKTOP-CVGB6OE" duration="00:00:00.0014830" startTime="2026-08-13T09:54:57.4940082+05:00" endTime="2026-08-13T09:54:57.4954903+05:00" testType="13cdc9d9-ddb5-4fa4-a97d-d965ccfc6d4b" outcome="Passed" testListId="8c84fa94-04c1-424b-9868-57a2d4851a1d" relativeResultsDirectory="57ddd630-97da-4a1f-93aa-3a8dc0e4c601" />
    <UnitTestResult executionId="e1950908-2488-4b74-9f3a-3d3fd8378d8d" testId="dafabb9d-f919-ece9-2299-4da1c29a1566" testName="ResultsCommands_RefreshBeforeConsumingOrExportingData(&quot;ExportDesignColdMarkdownReport&quot;)" computerName="DESKTOP-CVGB6OE" duration="00:00:00.0004070" startTime="2026-08-13T09:55:08.1717450+05:00" endTime="2026-08-13T09:55:08.1721518+05:00" testType="13cdc9d9-ddb5-4fa4-a97d-d965ccfc6d4b" outcome="Passed" testListId="8c84fa94-04c1-424b-9868-57a2d4851a1d" relativeResultsDirectory="e1950908-2488-4b74-9f3a-3d3fd8378d8d" />
    <UnitTestResult executionId="e079619f-0b4a-4d6e-9f30-54466bc103a6" testId="e8f5e4c4-a65b-022f-6ff2-b3b1a7582f01" testName="SetHighRequirements_SyncsZoneToClimateData" computerName="DESKTOP-CVGB6OE" duration="00:00:00.0001620" startTime="2026-08-13T09:54:57.6559134+05:00" endTime="2026-08-13T09:54:57.6560748+05:00" testType="13cdc9d9-ddb5-4fa4-a97d-d965ccfc6d4b" outcome="Passed" testListId="8c84fa94-04c1-424b-9868-57a2d4851a1d" relativeResultsDirectory="e079619f-0b4a-4d6e-9f30-54466bc103a6" />
    <UnitTestResult executionId="00684a1c-30fe-429c-b5e7-49777622b582" testId="eb987937-2e28-9c14-856d-0480019e5f3c" testName="Calculate_InvalidClimateData_ShowsError" computerName="DESKTOP-CVGB6OE" duration="00:00:00.0028920" startTime="2026-08-13T09:55:08.0456867+05:00" endTime="2026-08-13T09:55:08.0485781+05:00" testType="13cdc9d9-ddb5-4fa4-a97d-d965ccfc6d4b" outcome="Passed" testListId="8c84fa94-04c1-424b-9868-57a2d4851a1d" relativeResultsDirectory="00684a1c-30fe-429c-b5e7-49777622b582" />
    <UnitTestResult executionId="bd16c5dd-6e44-469e-a495-359297dc4bfc" testId="239b55af-470b-0a85-a950-2f5f062f8710" testName="ResolveView_ResultsRefreshFailureUsesExistingFallbackWithoutCachingResultsView" computerName="DESKTOP-CVGB6OE" duration="00:00:00.0069330" startTime="2026-08-13T09:55:08.1565739+05:00" endTime="2026-08-13T09:55:08.1635057+05:00" testType="13cdc9d9-ddb5-4fa4-a97d-d965ccfc6d4b" outcome="Passed" testListId="8c84fa94-04c1-424b-9868-57a2d4851a1d" relativeResultsDirectory="bd16c5dd-6e44-469e-a495-359297dc4bfc" />
    <UnitTestResult executionId="8be96d95-c9f4-44ad-b058-33c7b4f27a2c" testId="697bbdf9-5b78-c1aa-c646-5b3eb88d2717" testName="ProjectRoundTrip_PipeSpacingPerCircuitPreserved" computerName="DESKTOP-CVGB6OE" duration="00:00:00.0058060" startTime="2026-08-13T09:54:58.0149428+05:00" endTime="2026-08-13T09:54:58.0207485+05:00" testType="13cdc9d9-ddb5-4fa4-a97d-d965ccfc6d4b" outcome="Passed" testListId="8c84fa94-04c1-424b-9868-57a2d4851a1d" relativeResultsDirectory="8be96d95-c9f4-44ad-b058-33c7b4f27a2c" />
    <UnitTestResult executionId="6f38da1b-3e55-43a9-81e8-9193625d316f" testId="9f01e867-d101-299a-67b1-672e9993bf9d" testName="AddAsync_ExistingEntry_IncrementsUseCount" computerName="DESKTOP-CVGB6OE" duration="00:00:00.0010110" startTime="2026-08-13T09:55:07.8914017+05:00" endTime="2026-08-13T09:55:07.8924120+05:00" testType="13cdc9d9-ddb5-4fa4-a97d-d965ccfc6d4b" outcome="Passed" testListId="8c84fa94-04c1-424b-9868-57a2d4851a1d" relativeResultsDirectory="6f38da1b-3e55-43a9-81e8-9193625d316f" />
    <UnitTestResult executionId="8b637b31-bcb1-4c5d-8d07-8977f024f299" testId="3b34f71a-89f2-f3f8-000d-ce4e7076b201" testName="ClimateViewModel_Reset_ReturnsToDefaultsAndDoesNotMarkDirty" computerName="DESKTOP-CVGB6OE" duration="00:00:00.0015810" startTime="2026-08-13T09:55:08.0592990+05:00" endTime="2026-08-13T09:55:08.0608791+05:00" testType="13cdc9d9-ddb5-4fa4-a97d-d965ccfc6d4b" outcome="Passed" testListId="8c84fa94-04c1-424b-9868-57a2d4851a1d" relativeResultsDirectory="8b637b31-bcb1-4c5d-8d07-8977f024f299" />
    <UnitTestResult executionId="4a25c40d-a49e-41a6-a311-ac53d4379df7" testId="ffaa942d-b267-06c2-4f4b-3f654ed6ae1f" testName="ClimateDataChanged_ClearsResult" computerName="DESKTOP-CVGB6OE" duration="00:00:00.0011350" startTime="2026-08-13T09:55:08.0533458+05:00" endTime="2026-08-13T09:55:08.0544805+05:00" testType="13cdc9d9-ddb5-4fa4-a97d-d965ccfc6d4b" outcome="Passed" testListId="8c84fa94-04c1-424b-9868-57a2d4851a1d" relativeResultsDirectory="4a25c40d-a49e-41a6-a311-ac53d4379df7" />
    <UnitTestResult executionId="60c3b2d0-1bd4-4f78-8f71-7a605c4c7868" testId="db05a08b-2d40-ae1e-ae88-c49db33d0c20" testName="FullProject_RoundTrip_BackwardCompatible_OldFileLoadsWithDefaults" computerName="DESKTOP-CVGB6OE" duration="00:00:00.0867639" startTime="2026-08-13T09:54:57.8956236+05:00" endTime="2026-08-13T09:54:57.9823869+05:00" testType="13cdc9d9-ddb5-4fa4-a97d-d965ccfc6d4b" outcome="Passed" testListId="8c84fa94-04c1-424b-9868-57a2d4851a1d" relativeResultsDirectory="60c3b2d0-1bd4-4f78-8f71-7a605c4c7868" />
    <UnitTestResult executionId="354335d1-e8fe-4c0a-803b-f5429e8e40ab" testId="e8e292f0-7002-68c7-f1c7-6db3a20249ff" testName="Snapshot_Equality_CoversAllFields" computerName="DESKTOP-CVGB6OE" duration="00:00:00.0002720" startTime="2026-08-13T09:55:07.9079853+05:00" endTime="2026-08-13T09:55:07.9082571+05:00" testType="13cdc9d9-ddb5-4fa4-a97d-d965ccfc6d4b" outcome="Passed" testListId="8c84fa94-04c1-424b-9868-57a2d4851a1d" relativeResultsDirectory="354335d1-e8fe-4c0a-803b-f5429e8e40ab" />
    <UnitTestResult executionId="00ae8ac0-2847-4300-814f-4dc45f960e6e" testId="002b2b30-0acb-d5ab-59dc-151673a14ffb" testName="ApplyIndividualEdit_User_ChangesValueMarksDirtyAndRaisesChanged" computerName="DESKTOP-CVGB6OE" duration="00:00:00.0002020" startTime="2026-08-13T09:55:07.9046705+05:00" endTime="2026-08-13T09:55:07.9048726+05:00" testType="13cdc9d9-ddb5-4fa4-a97d-d965ccfc6d4b" outcome="Passed" testListId="8c84fa94-04c1-424b-9868-57a2d4851a1d" relativeResultsDirectory="00ae8ac0-2847-4300-814f-4dc45f960e6e" />
    <UnitTestResult executionId="7f2f7adf-cbe5-49b4-a9a2-fd8a1d66ac19" testId="d9b17129-33c4-9060-e12d-b8d98bdb40e2" testName="ClimateMultiplicity_Reset_EmitsOneExplicitCompatibilityUpdateWithoutDirtying" computerName="DESKTOP-CVGB6OE" duration="00:00:00.0004690" startTime="2026-08-13T09:54:57.6001482+05:00" endTime="2026-08-13T09:54:57.6006167+05:00" testType="13cdc9d9-ddb5-4fa4-a97d-d965ccfc6d4b" outcome="Passed" testListId="8c84fa94-04c1-424b-9868-57a2d4851a1d" relativeResultsDirectory="7f2f7adf-cbe5-49b4-a9a2-fd8a1d66ac19" />
    <UnitTestResult executionId="0150b5ca-1ba8-4a03-bf2a-0684147ef026" testId="83b54f6f-08bc-1cbd-b86f-a6950e819618" testName="Validate_BoundaryAirTemperature_ReturnsValid" computerName="DESKTOP-CVGB6OE" duration="00:00:00.0000590" startTime="2026-08-13T09:55:07.8889611+05:00" endTime="2026-08-13T09:55:07.8890200+05:00" testType="13cdc9d9-ddb5-4fa4-a97d-d965ccfc6d4b" outcome="Passed" testListId="8c84fa94-04c1-424b-9868-57a2d4851a1d" relativeResultsDirectory="0150b5ca-1ba8-4a03-bf2a-0684147ef026" />
    <UnitTestResult executionId="f07be105-f74a-43d4-8519-cf728a618b6b" testId="3e13bc24-020c-f23a-9a40-ca59dd11a9f8" testName="Validate_InvalidWindSpeed_ReturnsFalse" computerName="DESKTOP-CVGB6OE" duration="00:00:00.0001380" startTime="2026-08-13T09:54:57.6585931+05:00" endTime="2026-08-13T09:54:57.6587307+05:00" testType="13cdc9d9-ddb5-4fa4-a97d-d965ccfc6d4b" outcome="Passed" testListId="8c84fa94-04c1-424b-9868-57a2d4851a1d" relativeResultsDirectory="f07be105-f74a-43d4-8519-cf728a618b6b" />
    <UnitTestResult executionId="2a2ceb5e-da23-4474-916c-f9a6bb3ff141" testId="96736c39-34ca-58aa-029b-9a2d476f96d8" testName="DetermineZone_BetweenMinus27AndMinus37_ReturnsZoneM15" computerName="DESKTOP-CVGB6OE" duration="00:00:00.0000720" startTime="2026-08-13T09:54:57.5212371+05:00" endTime="2026-08-13T09:54:57.5213086+05:00" testType="13cdc9d9-ddb5-4fa4-a97d-d965ccfc6d4b" outcome="Passed" testListId="8c84fa94-04c1-424b-9868-57a2d4851a1d" relativeResultsDirectory="2a2ceb5e-da23-4474-916c-f9a6bb3ff141" />
    <UnitTestResult executionId="b8070a32-93f1-4076-9b73-aaac733e0307" testId="57b87121-6168-7c71-f68b-cbe60e07c599" testName="ClimateStateLegacyStoreGuard_CapturesExactCurrentWriterAndProjectionInventory" computerName="DESKTOP-CVGB6OE" duration="00:00:00.0387320" startTime="2026-08-13T09:54:57.6025048+05:00" endTime="2026-08-13T09:54:57.6412360+05:00" testType="13cdc9d9-ddb5-4fa4-a97d-d965ccfc6d4b" outcome="Passed" testListId="8c84fa94-04c1-424b-9868-57a2d4851a1d" relativeResultsDirectory="b8070a32-93f1-4076-9b73-aaac733e0307" />
    <UnitTestResult executionId="a12664be-943a-447e-b3c7-fe4800e14619" testId="c5399f3f-3a8b-9c15-c6ab-0ff36c644ad0" testName="UpdateConstruction_ValidData_RaisesContextChanged" computerName="DESKTOP-CVGB6OE" duration="00:00:00.0001910" startTime="2026-08-13T09:54:57.6809523+05:00" endTime="2026-08-13T09:54:57.6811431+05:00" testType="13cdc9d9-ddb5-4fa4-a97d-d965ccfc6d4b" outcome="Passed" testListId="8c84fa94-04c1-424b-9868-57a2d4851a1d" relativeResultsDirectory="a12664be-943a-447e-b3c7-fe4800e14619" />
    <UnitTestResult executionId="657afa60-8bec-4c25-bbcb-6153e2aacbc5" testId="4984edf1-b987-8e77-f490-b9e4e9ca12d1" testName="SearchCitiesWithPriorityAsync_CaseInsensitive_ReturnsResults" computerName="DESKTOP-CVGB6OE" duration="00:00:00.0018820" startTime="2026-08-13T09:54:57.5128688+05:00" endTime="2026-08-13T09:54:57.5147502+05:00" testType="13cdc9d9-ddb5-4fa4-a97d-d965ccfc6d4b" outcome="Passed" testListId="8c84fa94-04c1-424b-9868-57a2d4851a1d" relativeResultsDirectory="657afa60-8bec-4c25-bbcb-6153e2aacbc5" />
    <UnitTestResult executionId="ad68526f-f364-4a3a-8ba0-09b1606fdde0" testId="58ac5965-0dc8-0bad-3c30-8052b3797f4e" testName="ClimateChange_AfterThermalChange_Recalculates" computerName="DESKTOP-CVGB6OE" duration="00:00:00.0022759" startTime="2026-08-13T09:54:57.7555129+05:00" endTime="2026-08-13T09:54:57.7577885+05:00" testType="13cdc9d9-ddb5-4fa4-a97d-d965ccfc6d4b" outcome="Passed" testListId="8c84fa94-04c1-424b-9868-57a2d4851a1d" relativeResultsDirectory="ad68526f-f364-4a3a-8ba0-09b1606fdde0" />
    <UnitTestResult executionId="61d9e763-4992-42b0-88d3-2e28f2ba2554" testId="406ea6ea-e0a9-203f-c15d-e7ad52fadfc4" testName="BeginProjectRestore_Nested_DoesNotRaiseEventForSecondEntry" computerName="DESKTOP-CVGB6OE" duration="00:00:00.0004420" startTime="2026-08-13T09:55:07.9914157+05:00" endTime="2026-08-13T09:55:07.9918573+05:00" testType="13cdc9d9-ddb5-4fa4-a97d-d965ccfc6d4b" outcome="Passed" testListId="8c84fa94-04c1-424b-9868-57a2d4851a1d" relativeResultsDirectory="61d9e763-4992-42b0-88d3-2e28f2ba2554" />
    <UnitTestResult executionId="c05d590d-c08e-45ef-8130-d47fe9a0c735" testId="b23f9dbc-bde9-0591-320f-5d8221f75bae" testName="LoadProjectData_MissingOrInvalidThermalResult_UsesLoadOnlyFallbackAndRefreshDoesNotRecalculate" computerName="DESKTOP-CVGB6OE" duration="00:00:00.0228540" startTime="2026-08-13T09:55:08.3320365+05:00" endTime="2026-08-13T09:55:08.3548902+05:00" testType="13cdc9d9-ddb5-4fa4-a97d-d965ccfc6d4b" outcome="Passed" testListId="8c84fa94-04c1-424b-9868-57a2d4851a1d" relativeResultsDirectory="c05d590d-c08e-45ef-8130-d47fe9a0c735" />
    <UnitTestResult executionId="744da8b3-e260-4486-887d-eaaa8a2d8d1f" testId="ee3d6833-054d-227f-08ad-d87d97139672" testName="OpenProject_WhenDirtyAndUserPicksNo_DoesNotLoad" computerName="DESKTOP-CVGB6OE" duration="00:00:00.0019270" startTime="2026-08-13T09:55:17.4230089+05:00" endTime="2026-08-13T09:55:17.4249360+05:00" testType="13cdc9d9-ddb5-4fa4-a97d-d965ccfc6d4b" outcome="Passed" testListId="8c84fa94-04c1-424b-9868-57a2d4851a1d" relativeResultsDirectory="744da8b3-e260-4486-887d-eaaa8a2d8d1f" />
    <UnitTestResult executionId="7252a66e-b663-42a5-aa4e-7b70f9ca2e4d" testId="3247cb26-63a0-8e6f-004e-aea700597637" testName="AddAsync_ShouldAddNewEntry" computerName="DESKTOP-CVGB6OE" duration="00:00:00.8074220" startTime="2026-08-13T09:54:58.8140367+05:00" endTime="2026-08-13T09:54:59.6214583+05:00" testType="13cdc9d9-ddb5-4fa4-a97d-d965ccfc6d4b" outcome="Passed" testListId="8c84fa94-04c1-424b-9868-57a2d4851a1d" relativeResultsDirectory="7252a66e-b663-42a5-aa4e-7b70f9ca2e4d" />
    <UnitTestResult executionId="8fd6a4cb-4e1c-4c5d-b950-4c58b39ae239" testId="8852ec69-b6e4-7e07-4be8-5ddd15c3fb90" testName="ThermalVM_Calculate_PublishesInvalidResult_NotifiesCircuitsButDoesNotCalculate" computerName="DESKTOP-CVGB6OE" duration="00:00:00.0017920" startTime="2026-08-13T09:54:57.7423390+05:00" endTime="2026-08-13T09:54:57.7441301+05:00" testType="13cdc9d9-ddb5-4fa4-a97d-d965ccfc6d4b" outcome="Passed" testListId="8c84fa94-04c1-424b-9868-57a2d4851a1d" relativeResultsDirectory="8fd6a4cb-4e1c-4c5d-b950-4c58b39ae239" />
    <UnitTestResult executionId="698e9d9b-3003-49a5-ab2c-7aef061a9051" testId="f05ee5c8-ba6d-3986-b8e3-1d5663532f81" testName="Integration_MultipleCities_ShouldMaintainOrder" computerName="DESKTOP-CVGB6OE" duration="00:00:00.6353110" startTime="2026-08-13T09:55:06.0154686+05:00" endTime="2026-08-13T09:55:06.6507785+05:00" testType="13cdc9d9-ddb5-4fa4-a97d-d965ccfc6d4b" outcome="Passed" testListId="8c84fa94-04c1-424b-9868-57a2d4851a1d" relativeResultsDirectory="698e9d9b-3003-49a5-ab2c-7aef061a9051" />
    <UnitTestResult executionId="139dd7dc-4480-4a3c-a1a2-aa0b0f6ec604" testId="67008335-7d33-fbd5-4b87-d9a5085963bf" testName="SearchCitiesWithPriorityAsync_EmptyQuery_ReturnsEmpty" computerName="DESKTOP-CVGB6OE" duration="00:00:00.0005810" startTime="2026-08-13T09:54:57.5147865+05:00" endTime="2026-08-13T09:54:57.5153667+05:00" testType="13cdc9d9-ddb5-4fa4-a97d-d965ccfc6d4b" outcome="Passed" testListId="8c84fa94-04c1-424b-9868-57a2d4851a1d" relativeResultsDirectory="139dd7dc-4480-4a3c-a1a2-aa0b0f6ec604" />
    <UnitTestResult executionId="0a4e493e-cc7c-4fbd-9d8c-6483cbce49bb" testId="3eaea746-1c05-77e2-22cc-a2075b23c824" testName="ProjectStateService_HasNoMutableLifecycleBackingFields" computerName="DESKTOP-CVGB6OE" duration="00:00:00.0001350" startTime="2026-08-13T09:55:07.9906799+05:00" endTime="2026-08-13T09:55:07.9908151+05:00" testType="13cdc9d9-ddb5-4fa4-a97d-d965ccfc6d4b" outcome="Passed" testListId="8c84fa94-04c1-424b-9868-57a2d4851a1d" relativeResultsDirectory="0a4e493e-cc7c-4fbd-9d8c-6483cbce49bb" />
    <UnitTestResult executionId="841e98cd-971d-456f-81dc-61142729784c" testId="b17a7c8a-adfc-94b7-934e-f98ef9669086" testName="ProjectSession_OwnsSingleRetainedClimateStateInstance" computerName="DESKTOP-CVGB6OE" duration="00:00:00.0001700" startTime="2026-08-13T09:55:07.9066738+05:00" endTime="2026-08-13T09:55:07.9068435+05:00" testType="13cdc9d9-ddb5-4fa4-a97d-d965ccfc6d4b" outcome="Passed" testListId="8c84fa94-04c1-424b-9868-57a2d4851a1d" relativeResultsDirectory="841e98cd-971d-456f-81dc-61142729784c" />
    <UnitTestResult executionId="3bb85b7a-f4a5-419b-8afe-d9278e5c87af" testId="121fc9a3-27c1-ad56-3e98-ab1bdacfeed5" testName="ProjectRoundTrip_TwoCollectors_PreservesPerCollectorSummaries" computerName="DESKTOP-CVGB6OE" duration="00:00:00.0080270" startTime="2026-08-13T09:54:58.0207819+05:00" endTime="2026-08-13T09:54:58.0288077+05:00" testType="13cdc9d9-ddb5-4fa4-a97d-d965ccfc6d4b" outcome="Passed" testListId="8c84fa94-04c1-424b-9868-57a2d4851a1d" relativeResultsDirectory="3bb85b7a-f4a5-419b-8afe-d9278e5c87af" />
    <UnitTestResult executionId="e6b4ad60-9df4-4823-873f-bb18453a6c47" testId="b0897c15-baef-5793-3594-0fb64b1637d4" testName="HighlightMatch_StartsWith_ReturnsCorrectHighlight" computerName="DESKTOP-CVGB6OE" duration="00:00:00.0001540" startTime="2026-08-13T09:54:57.5039579+05:00" endTime="2026-08-13T09:54:57.5041113+05:00" testType="13cdc9d9-ddb5-4fa4-a97d-d965ccfc6d4b" outcome="Passed" testListId="8c84fa94-04c1-424b-9868-57a2d4851a1d" relativeResultsDirectory="e6b4ad60-9df4-4823-873f-bb18453a6c47" />
    <UnitTestResult executionId="568f1cd4-17d4-4663-ac3b-6e7be4acc98b" testId="9cac388c-3dc3-8191-c229-48603e848414" testName="GetClimateData_ReturnsCorrectData" computerName="DESKTOP-CVGB6OE" duration="00:00:00.0003520" startTime="2026-08-13T09:54:57.6461117+05:00" endTime="2026-08-13T09:54:57.6464633+05:00" testType="13cdc9d9-ddb5-4fa4-a97d-d965ccfc6d4b" outcome="Passed" testListId="8c84fa94-04c1-424b-9868-57a2d4851a1d" relativeResultsDirectory="568f1cd4-17d4-4663-ac3b-6e7be4acc98b" />
    <UnitTestResult executionId="7506a4d0-db02-410d-866a-3eb08aaf9d81" testId="268102ad-2e1f-b2e9-8712-61983839d57b" testName="Validate_WindSpeedTooHigh_ReturnsInvalid" computerName="DESKTOP-CVGB6OE" duration="00:00:00.0001120" startTime="2026-08-13T09:55:07.8901390+05:00" endTime="2026-08-13T09:55:07.8902503+05:00" testType="13cdc9d9-ddb5-4fa4-a97d-d965ccfc6d4b" outcome="Passed" testListId="8c84fa94-04c1-424b-9868-57a2d4851a1d" relativeResultsDirectory="7506a4d0-db02-410d-866a-3eb08aaf9d81" />
    <UnitTestResult executionId="50fc2794-506a-4117-a0b7-62ab12b160db" testId="4df3c3e5-a590-0e39-b623-5ec9be687ac2" testName="UpdateThermalInputs_RaisesContextChangedEvent" computerName="DESKTOP-CVGB6OE" duration="00:00:00.0002850" startTime="2026-08-13T09:54:57.6791011+05:00" endTime="2026-08-13T09:54:57.6793863+05:00" testType="13cdc9d9-ddb5-4fa4-a97d-d965ccfc6d4b" outcome="Passed" testListId="8c84fa94-04c1-424b-9868-57a2d4851a1d" relativeResultsDirectory="50fc2794-506a-4117-a0b7-62ab12b160db" />
    <UnitTestResult executionId="f00d215f-68a6-4e08-b452-196bb27a3a22" testId="42f67243-d8f4-902c-a69c-cc4a637d4e69" testName="ApplyCitySelection_NullCity_ClearsCityFields" computerName="DESKTOP-CVGB6OE" duration="00:00:00.0007450" startTime="2026-08-13T09:55:07.9007107+05:00" endTime="2026-08-13T09:55:07.9014552+05:00" testType="13cdc9d9-ddb5-4fa4-a97d-d965ccfc6d4b" outcome="Passed" testListId="8c84fa94-04c1-424b-9868-57a2d4851a1d" relativeResultsDirectory="f00d215f-68a6-4e08-b452-196bb27a3a22" />
    <UnitTestResult executionId="fad790dd-9145-434e-bd26-0363e15fb186" testId="202d18ae-8f00-1c9e-e17a-7a0b4ff08bad" testName="TemperatureDisplay_ForTemperatureWithDecimals_RoundsCorrectly" computerName="DESKTOP-CVGB6OE" duration="00:00:00.0001800" startTime="2026-08-13T09:54:57.8848095+05:00" endTime="2026-08-13T09:54:57.8849898+05:00" testType="13cdc9d9-ddb5-4fa4-a97d-d965ccfc6d4b" outcome="Passed" testListId="8c84fa94-04c1-424b-9868-57a2d4851a1d" relativeResultsDirectory="fad790dd-9145-434e-bd26-0363e15fb186" />
    <UnitTestResult executionId="dca0df54-2cb0-4cfe-bda7-34b4f7ffce8c" testId="09a202d9-6d72-0424-af68-e806a0dc52d4" testName="ApplyProjection_NullSource_ThrowsArgumentNullException" computerName="DESKTOP-CVGB6OE" duration="00:00:00.0038690" startTime="2026-08-13T09:54:57.4718475+05:00" endTime="2026-08-13T09:54:57.4757162+05:00" testType="13cdc9d9-ddb5-4fa4-a97d-d965ccfc6d4b" outcome="Passed" testListId="8c84fa94-04c1-424b-9868-57a2d4851a1d" relativeResultsDirectory="dca0df54-2cb0-4cfe-bda7-34b4f7ffce8c" />
    <UnitTestResult executionId="e7b12c49-25c6-4004-b42c-91506ab30d56" testId="2092fe35-2dc2-b9cd-4c28-5a9b60ad0ea4" testName="Validate_BoundaryWindSpeed_ReturnsValid" computerName="DESKTOP-CVGB6OE" duration="00:00:00.0000450" startTime="2026-08-13T09:55:07.8890689+05:00" endTime="2026-08-13T09:55:07.8891140+05:00" testType="13cdc9d9-ddb5-4fa4-a97d-d965ccfc6d4b" outcome="Passed" testListId="8c84fa94-04c1-424b-9868-57a2d4851a1d" relativeResultsDirectory="e7b12c49-25c6-4004-b42c-91506ab30d56" />
    <UnitTestResult executionId="651fef3a-5ab4-42aa-a226-1c56a3504cd6" testId="193b6a1d-1677-bf45-a139-fdad1b766095" testName="CityMatchResult_DefaultValues_AreCorrect" computerName="DESKTOP-CVGB6OE" duration="00:00:00.0002430" startTime="2026-08-13T09:54:57.8829599+05:00" endTime="2026-08-13T09:54:57.8832031+05:00" testType="13cdc9d9-ddb5-4fa4-a97d-d965ccfc6d4b" outcome="Passed" testListId="8c84fa94-04c1-424b-9868-57a2d4851a1d" relativeResultsDirectory="651fef3a-5ab4-42aa-a226-1c56a3504cd6" />
    <UnitTestResult executionId="f8bd0cde-0c9a-4411-908b-ac492ca06c38" testId="d960190f-3462-3805-db8e-9b59378fd587" testName="LoadClimateDataAsync_LoadsDataSuccessfully" computerName="DESKTOP-CVGB6OE" duration="00:00:00.0004090" startTime="2026-08-13T09:54:57.5242980+05:00" endTime="2026-08-13T09:54:57.5247072+05:00" testType="13cdc9d9-ddb5-4fa4-a97d-d965ccfc6d4b" outcome="Passed" testListId="8c84fa94-04c1-424b-9868-57a2d4851a1d" relativeResultsDirectory="f8bd0cde-0c9a-4411-908b-ac492ca06c38" />
    <UnitTestResult executionId="55c0cdda-c100-4b8d-8d70-b03143298752" testId="81ca68c3-40b2-c43f-6044-e96861102e28" testName="ResultsPdfDataBuilder_AfterInputMutation_RequiresCurrentScalarAndDerivedGeneration" computerName="DESKTOP-CVGB6OE" duration="00:00:00.0053900" startTime="2026-08-13T09:55:08.2945460+05:00" endTime="2026-08-13T09:55:08.2999352+05:00" testType="13cdc9d9-ddb5-4fa4-a97d-d965ccfc6d4b" outcome="Passed" testListId="8c84fa94-04c1-424b-9868-57a2d4851a1d" relativeResultsDirectory="55c0cdda-c100-4b8d-8d70-b03143298752" />
    <UnitTestResult executionId="6f4a0437-3028-4b83-aa87-b6f80d64e32c" testId="7d9fc320-e0c0-549a-362c-ed31e39cc768" testName="SearchHistoryEntry_LastUsed_DefaultIsMinValue" computerName="DESKTOP-CVGB6OE" duration="00:00:00.0004080" startTime="2026-08-13T09:54:57.8949718+05:00" endTime="2026-08-13T09:54:57.8953798+05:00" testType="13cdc9d9-ddb5-4fa4-a97d-d965ccfc6d4b" outcome="Passed" testListId="8c84fa94-04c1-424b-9868-57a2d4851a1d" relativeResultsDirectory="6f4a0437-3028-4b83-aa87-b6f80d64e32c" />
    <UnitTestResult executionId="c73ea946-ac27-4832-9b9a-a1e0a5664503" testId="f30f77e9-0fa3-0ad8-e266-17278af5553d" testName="InitializeAsync_ShouldCreateTable" computerName="DESKTOP-CVGB6OE" duration="00:00:00.5883880" startTime="2026-08-13T09:55:05.4270293+05:00" endTime="2026-08-13T09:55:06.0154167+05:00" testType="13cdc9d9-ddb5-4fa4-a97d-d965ccfc6d4b" outcome="Passed" testListId="8c84fa94-04c1-424b-9868-57a2d4851a1d" relativeResultsDirectory="c73ea946-ac27-4832-9b9a-a1e0a5664503" />
    <UnitTestResult executionId="8c7481f1-f93a-42e3-9aec-43d6dcb7ef0c" testId="46a273e3-5d5d-c30d-e92b-d7bde076f5b8" testName="ProjectRoundTrip_PreservesLambdaValueButResetsOverrideFlag" computerName="DESKTOP-CVGB6OE" duration="00:00:00.0022160" startTime="2026-08-13T09:55:17.4790425+05:00" endTime="2026-08-13T09:55:17.4812581+05:00" testType="13cdc9d9-ddb5-4fa4-a97d-d965ccfc6d4b" outcome="Passed" testListId="8c84fa94-04c1-424b-9868-57a2d4851a1d" relativeResultsDirectory="8c7481f1-f93a-42e3-9aec-43d6dcb7ef0c" />
    <UnitTestResult executionId="634d9cf5-d416-468a-9d2c-832ab04cd023" testId="c6c81fd1-2ffa-4412-cb75-bc49935d8fd9" testName="ResetToCityData_NullCity_ReturnsNoOp" computerName="DESKTOP-CVGB6OE" duration="00:00:00.0000890" startTime="2026-08-13T09:55:07.9068516+05:00" endTime="2026-08-13T09:55:07.9069407+05:00" testType="13cdc9d9-ddb5-4fa4-a97d-d965ccfc6d4b" outcome="Passed" testListId="8c84fa94-04c1-424b-9868-57a2d4851a1d" relativeResultsDirectory="634d9cf5-d416-468a-9d2c-832ab04cd023" />
    <UnitTestResult executionId="9d4ca20e-b11c-4235-88d1-3b5996428b90" testId="e8cf7acb-15ee-368d-b66c-dd71cbddc538" testName="ApplyIndividualEdit_SystemApply_ChangesValueDoesNotMarkDirty" computerName="DESKTOP-CVGB6OE" duration="00:00:00.0001650" startTime="2026-08-13T09:55:07.9044966+05:00" endTime="2026-08-13T09:55:07.9046617+05:00" testType="13cdc9d9-ddb5-4fa4-a97d-d965ccfc6d4b" outcome="Passed" testListId="8c84fa94-04c1-424b-9868-57a2d4851a1d" relativeResultsDirectory="9d4ca20e-b11c-4235-88d1-3b5996428b90" />
    <UnitTestResult executionId="d8db41a8-508d-44b1-9bb7-83360603e76e" testId="93f8e75e-1cab-99a2-101c-95d7479f129f" testName="Validate_AirTemperatureTooHigh_ReturnsInvalid" computerName="DESKTOP-CVGB6OE" duration="00:00:00.0002920" startTime="2026-08-13T09:55:07.8885152+05:00" endTime="2026-08-13T09:55:07.8888067+05:00" testType="13cdc9d9-ddb5-4fa4-a97d-d965ccfc6d4b" outcome="Passed" testListId="8c84fa94-04c1-424b-9868-57a2d4851a1d" relativeResultsDirectory="d8db41a8-508d-44b1-9bb7-83360603e76e" />
    <UnitTestResult executionId="589103c5-48b7-4dcc-94e1-dc0f5dbd49a1" testId="536a0a44-a47b-390b-5b5f-67b4c2ef7939" testName="ProjectRoundTrip_CitySurvivesRealSaveLoad" computerName="DESKTOP-CVGB6OE" duration="00:00:00.0111310" startTime="2026-08-13T09:55:17.4378942+05:00" endTime="2026-08-13T09:55:17.4490247+05:00" testType="13cdc9d9-ddb5-4fa4-a97d-d965ccfc6d4b" outcome="Passed" testListId="8c84fa94-04c1-424b-9868-57a2d4851a1d" relativeResultsDirectory="589103c5-48b7-4dcc-94e1-dc0f5dbd49a1" />
    <UnitTestResult executionId="f2a551a4-8386-48ab-9a54-db4627c46cc6" testId="4c9343c4-108a-636e-4127-011a54b1780b" testName="ClimateData_PropertiesAreNotPubliclySettable" computerName="DESKTOP-CVGB6OE" duration="00:00:00.0152360" startTime="2026-08-13T09:54:57.4787399+05:00" endTime="2026-08-13T09:54:57.4939750+05:00" testType="13cdc9d9-ddb5-4fa4-a97d-d965ccfc6d4b" outcome="Passed" testListId="8c84fa94-04c1-424b-9868-57a2d4851a1d" relativeResultsDirectory="f2a551a4-8386-48ab-9a54-db4627c46cc6" />
    <UnitTestResult executionId="5d849795-965b-4c6e-8cf0-88e3b6a36454" testId="a6e1cce5-161c-e6a1-6c55-426b83b6e9c5" testName="RefreshAll_WhenSourceStateIsUnchanged_IsValueIdempotentWithoutDuplicateRowsOrCalculation" computerName="DESKTOP-CVGB6OE" duration="00:00:00.0058030" startTime="2026-08-13T09:55:08.2863025+05:00" endTime="2026-08-13T09:55:08.2921041+05:00" testType="13cdc9d9-ddb5-4fa4-a97d-d965ccfc6d4b" outcome="Passed" testListId="8c84fa94-04c1-424b-9868-57a2d4851a1d" relativeResultsDirectory="5d849795-965b-4c6e-8cf0-88e3b6a36454" />
    <UnitTestResult executionId="b984a7fb-dcf6-4d70-aca5-a560399feb0e" testId="f76ce688-7364-78d1-28df-e4d974900bb6" testName="Сочи_HighRequirements_ZoneM20Plus" computerName="DESKTOP-CVGB6OE" duration="00:00:00.0037350" startTime="2026-08-13T09:54:57.7734556+05:00" endTime="2026-08-13T09:54:57.7771902+05:00" testType="13cdc9d9-ddb5-4fa4-a97d-d965ccfc6d4b" outcome="Passed" testListId="8c84fa94-04c1-424b-9868-57a2d4851a1d" relativeResultsDirectory="b984a7fb-dcf6-4d70-aca5-a560399feb0e" />
    <UnitTestResult executionId="10fda0dc-1313-478c-815c-b6bd43e91ba4" testId="11d86eed-02b5-b0c9-0b39-27d73c7a50b4" testName="LoadProjectDataAsync_LateRestoreFailure_LeavesPartialStateAndClearsGuard" computerName="DESKTOP-CVGB6OE" duration="00:00:00.0069570" startTime="2026-08-13T09:55:07.9542794+05:00" endTime="2026-08-13T09:55:07.9612354+05:00" testType="13cdc9d9-ddb5-4fa4-a97d-d965ccfc6d4b" outcome="Passed" testListId="8c84fa94-04c1-424b-9868-57a2d4851a1d" relativeResultsDirectory="10fda0dc-1313-478c-815c-b6bd43e91ba4" />
    <UnitTestResult executionId="8f6edb03-85d1-442c-8482-009b852a4f13" testId="7d3fd80c-4616-8c2e-b5f2-6ea30d953b61" testName="SearchHistoryEntry_CanCreateCompleteEntry" computerName="DESKTOP-CVGB6OE" duration="00:00:00.0004929" startTime="2026-08-13T09:54:57.8888664+05:00" endTime="2026-08-13T09:54:57.8893595+05:00" testType="13cdc9d9-ddb5-4fa4-a97d-d965ccfc6d4b" outcome="Passed" testListId="8c84fa94-04c1-424b-9868-57a2d4851a1d" relativeResultsDirectory="8f6edb03-85d1-442c-8482-009b852a4f13" />
    <UnitTestResult executionId="49cbe4c3-5a4a-4af7-b337-f7b473b4954c" testId="84462405-bff4-b1db-9305-124db80cab14" testName="ProjectNumber_Setter_ThrowsArgumentNullException_ForNull" computerName="DESKTOP-CVGB6OE" duration="00:00:00.0008160" startTime="2026-08-13T09:55:08.0402086+05:00" endTime="2026-08-13T09:55:08.0410244+05:00" testType="13cdc9d9-ddb5-4fa4-a97d-d965ccfc6d4b" outcome="Passed" testListId="8c84fa94-04c1-424b-9868-57a2d4851a1d" relativeResultsDirectory="49cbe4c3-5a4a-4af7-b337-f7b473b4954c" />
    <UnitTestResult executionId="deb8fc07-b495-4701-92f4-969406563600" testId="efe8accd-ade1-eda5-e2ee-5d4e14b3f4cf" testName="RapidChanges_OnlyTriggersNecessaryCalculates" computerName="DESKTOP-CVGB6OE" duration="00:00:00.0044250" startTime="2026-08-13T09:54:57.8275471+05:00" endTime="2026-08-13T09:54:57.8319718+05:00" testType="13cdc9d9-ddb5-4fa4-a97d-d965ccfc6d4b" outcome="Passed" testListId="8c84fa94-04c1-424b-9868-57a2d4851a1d" relativeResultsDirectory="deb8fc07-b495-4701-92f4-969406563600" />
    <UnitTestResult executionId="dd8c23cb-1665-45f7-a8c0-54cc88eca443" testId="0940f7b0-d3ef-ce63-449e-e46dfcaaf803" testName="OpenProject_WhenClean_DoesNotShowPrompt" computerName="DESKTOP-CVGB6OE" duration="00:00:03.0145830" startTime="2026-08-13T09:55:11.3943305+05:00" endTime="2026-08-13T09:55:14.4089133+05:00" testType="13cdc9d9-ddb5-4fa4-a97d-d965ccfc6d4b" outcome="Passed" testListId="8c84fa94-04c1-424b-9868-57a2d4851a1d" relativeResultsDirectory="dd8c23cb-1665-45f7-a8c0-54cc88eca443" />
    <UnitTestResult executionId="4892abae-faaa-4aed-b3d6-2bbf147ee46b" testId="d38d9d7a-5511-d673-cb96-7776fef52bee" testName="SelectCity_AutoFillsParameters" computerName="DESKTOP-CVGB6OE" duration="00:00:00.0007150" startTime="2026-08-13T09:54:57.6530963+05:00" endTime="2026-08-13T09:54:57.6538112+05:00" testType="13cdc9d9-ddb5-4fa4-a97d-d965ccfc6d4b" outcome="Passed" testListId="8c84fa94-04c1-424b-9868-57a2d4851a1d" relativeResultsDirectory="4892abae-faaa-4aed-b3d6-2bbf147ee46b" />
    <UnitTestResult executionId="3f880790-3cc2-4b20-a52d-74720672e83c" testId="5293543c-c89e-a5be-8de3-6beb4e4ef7dd" testName="AddAsync_DuplicateCityId_ShouldThrowException" computerName="DESKTOP-CVGB6OE" duration="00:00:00.7727610" startTime="2026-08-13T09:54:58.0411996+05:00" endTime="2026-08-13T09:54:58.8139583+05:00" testType="13cdc9d9-ddb5-4fa4-a97d-d965ccfc6d4b" outcome="Passed" testListId="8c84fa94-04c1-424b-9868-57a2d4851a1d" relativeResultsDirectory="3f880790-3cc2-4b20-a52d-74720672e83c" />
    <UnitTestResult executionId="799c8f33-3b16-47b0-954b-93173828528e" testId="dd1df67f-d8ad-3a44-99e1-e5855c6ab914" testName="LoadProjectDataAsync_EarlyRestoreFailure_LeavesPartialStateAndClearsGuard" computerName="DESKTOP-CVGB6OE" duration="00:00:00.0457950" startTime="2026-08-13T09:55:07.9084301+05:00" endTime="2026-08-13T09:55:07.9542236+05:00" testType="13cdc9d9-ddb5-4fa4-a97d-d965ccfc6d4b" outcome="Passed" testListId="8c84fa94-04c1-424b-9868-57a2d4851a1d" relativeResultsDirectory="799c8f33-3b16-47b0-954b-93173828528e" />
    <UnitTestResult executionId="26c9c5ec-fb40-4801-b9b7-2248e2a6437a" testId="8f4157a3-00f7-02fd-bb5e-e91241307e88" testName="Validate_SnowfallIntensityTooLow_ReturnsInvalid" computerName="DESKTOP-CVGB6OE" duration="00:00:00.0000699" startTime="2026-08-13T09:55:07.8896845+05:00" endTime="2026-08-13T09:55:07.8897546+05:00" testType="13cdc9d9-ddb5-4fa4-a97d-d965ccfc6d4b" outcome="Passed" testListId="8c84fa94-04c1-424b-9868-57a2d4851a1d" relativeResultsDirectory="26c9c5ec-fb40-4801-b9b7-2248e2a6437a" />
    <UnitTestResult executionId="662b4302-7944-4651-9c22-2cb8bfe6e195" testId="30d3c1ec-8edb-b753-1621-f72edc6fe9c9" testName="ResultsViewModel_LoadsRealProject_TwoCollectorsSummaryCardsMatchFile" computerName="DESKTOP-CVGB6OE" duration="00:00:00.0086090" startTime="2026-08-13T09:55:17.4961901+05:00" endTime="2026-08-13T09:55:17.5047987+05:00" testType="13cdc9d9-ddb5-4fa4-a97d-d965ccfc6d4b" outcome="NotExecuted" testListId="8c84fa94-04c1-424b-9868-57a2d4851a1d" relativeResultsDirectory="662b4302-7944-4651-9c22-2cb8bfe6e195">
      <Output>
        <StdOut>F5 smoke fixture не найден: D:\IA\ace\Тест\тест 40.smc. Положите файл «тест 40.smc» в «D:\IA\ace\Тест\», и тест начнёт проверять реальные значения.</StdOut>
        <ErrorInfo>
          <Message>F5 smoke fixture не найден: D:\IA\ace\Тест\тест 40.smc. Положите файл «тест 40.smc» в «D:\IA\ace\Тест\», и тест начнёт проверять реальные значения.</Message>
        </ErrorInfo>
      </Output>
    </UnitTestResult>
    <UnitTestResult executionId="3da40968-13e2-4d3f-ac23-28df48953fa7" testId="2cdf226f-b011-a298-2199-4abf816a77e7" testName="ClimateChanged_RecalculatesAllCollectors" computerName="DESKTOP-CVGB6OE" duration="00:00:00.0092230" startTime="2026-08-13T09:54:57.8726619+05:00" endTime="2026-08-13T09:54:57.8818842+05:00" testType="13cdc9d9-ddb5-4fa4-a97d-d965ccfc6d4b" outcome="Passed" testListId="8c84fa94-04c1-424b-9868-57a2d4851a1d" relativeResultsDirectory="3da40968-13e2-4d3f-ac23-28df48953fa7" />
    <UnitTestResult executionId="b5bf7a64-56a9-4c5f-8644-50dee29bf974" testId="84bcfe85-4fc6-c9c1-14b1-961a421f5fcc" testName="ProjectFileService_RoundTripPreservesSchemaVersionAndJsonShape" computerName="DESKTOP-CVGB6OE" duration="00:00:00.0129120" startTime="2026-08-13T09:55:17.4249569+05:00" endTime="2026-08-13T09:55:17.4378689+05:00" testType="13cdc9d9-ddb5-4fa4-a97d-d965ccfc6d4b" outcome="Passed" testListId="8c84fa94-04c1-424b-9868-57a2d4851a1d" relativeResultsDirectory="b5bf7a64-56a9-4c5f-8644-50dee29bf974" />
    <UnitTestResult executionId="65ae3251-4df5-4214-9a22-4fce71f037e3" testId="ac4b0b49-9f53-aab6-5461-bd658154155c" testName="UpdateFromClimateModule_TriggersSingleCalculate" computerName="DESKTOP-CVGB6OE" duration="00:00:00.0193040" startTime="2026-08-13T09:54:57.8494371+05:00" endTime="2026-08-13T09:54:57.8687404+05:00" testType="13cdc9d9-ddb5-4fa4-a97d-d965ccfc6d4b" outcome="Passed" testListId="8c84fa94-04c1-424b-9868-57a2d4851a1d" relativeResultsDirectory="65ae3251-4df5-4214-9a22-4fce71f037e3" />
    <UnitTestResult executionId="3b5a3218-1459-4f83-836f-24a2b27aa4f4" testId="8c81b2a8-df7a-c63c-20fd-9c0b06330cd4" testName="ProjectRoundTrip_CustomTemplateSurvives" computerName="DESKTOP-CVGB6OE" duration="00:00:00.0246160" startTime="2026-08-13T09:55:08.2208930+05:00" endTime="2026-08-13T09:55:08.2455079+05:00" testType="13cdc9d9-ddb5-4fa4-a97d-d965ccfc6d4b" outcome="Passed" testListId="8c84fa94-04c1-424b-9868-57a2d4851a1d" relativeResultsDirectory="3b5a3218-1459-4f83-836f-24a2b27aa4f4" />
    <UnitTestResult executionId="b11e4344-40a5-4e0c-b0f6-0e744affcf91" testId="d32c4c40-f1ab-7eaf-42c1-93b12b00da77" testName="SearchHistoryEntry_CanSetLastUsed" computerName="DESKTOP-CVGB6OE" duration="00:00:00.0024680" startTime="2026-08-13T09:54:57.8899272+05:00" endTime="2026-08-13T09:54:57.8923950+05:00" testType="13cdc9d9-ddb5-4fa4-a97d-d965ccfc6d4b" outcome="Passed" testListId="8c84fa94-04c1-424b-9868-57a2d4851a1d" relativeResultsDirectory="b11e4344-40a5-4e0c-b0f6-0e744affcf91" />
    <UnitTestResult executionId="bc0e9c99-cfc8-4f85-9110-532e4faf49fe" testId="6d893c33-8065-3e9b-c155-3f6e1e74e8a6" testName="SetHighRequirements_ThenUnset_RestoresTemperature" computerName="DESKTOP-CVGB6OE" duration="00:00:00.0002260" startTime="2026-08-13T09:54:57.6560856+05:00" endTime="2026-08-13T09:54:57.6563118+05:00" testType="13cdc9d9-ddb5-4fa4-a97d-d965ccfc6d4b" outcome="Passed" testListId="8c84fa94-04c1-424b-9868-57a2d4851a1d" relativeResultsDirectory="bc0e9c99-cfc8-4f85-9110-532e4faf49fe" />
    <UnitTestResult executionId="a85f2147-d94e-481e-abd3-6279d66fddbe" testId="6028c9f6-59c7-a3c0-a95c-28e5fc85e0f3" testName="SequentialThermalChanges_TriggersSeparateCalculates" computerName="DESKTOP-CVGB6OE" duration="00:00:00.0030740" startTime="2026-08-13T09:54:57.8463264+05:00" endTime="2026-08-13T09:54:57.8493992+05:00" testType="13cdc9d9-ddb5-4fa4-a97d-d965ccfc6d4b" outcome="Passed" testListId="8c84fa94-04c1-424b-9868-57a2d4851a1d" relativeResultsDirectory="a85f2147-d94e-481e-abd3-6279d66fddbe" />
    <UnitTestResult executionId="72d24523-d81d-4b74-8942-443cdd6f8a00" testId="c19d9811-16c9-3748-cf67-70b355ce3ac5" testName="DetermineZone_HighRequirements_ReturnsZoneM20Plus" computerName="DESKTOP-CVGB6OE" duration="00:00:00.0000860" startTime="2026-08-13T09:54:57.5218969+05:00" endTime="2026-08-13T09:54:57.5219829+05:00" testType="13cdc9d9-ddb5-4fa4-a97d-d965ccfc6d4b" outcome="Passed" testListId="8c84fa94-04c1-424b-9868-57a2d4851a1d" relativeResultsDirectory="72d24523-d81d-4b74-8942-443cdd6f8a00" />
    <UnitTestResult executionId="7b0e99f4-453e-4cc4-9437-80e13b58def5" testId="0d764722-03ae-44ed-9304-8d0708ccb6c6" testName="RefreshAll_WhenInputsChangeButValidResultIsRetained_PreservesOutputWithoutCalculation" computerName="DESKTOP-CVGB6OE" duration="00:00:00.0049620" startTime="2026-08-13T09:55:08.2771515+05:00" endTime="2026-08-13T09:55:08.2821124+05:00" testType="13cdc9d9-ddb5-4fa4-a97d-d965ccfc6d4b" outcome="Passed" testListId="8c84fa94-04c1-424b-9868-57a2d4851a1d" relativeResultsDirectory="7b0e99f4-453e-4cc4-9437-80e13b58def5" />
    <UnitTestResult executionId="4aba557e-678a-4070-9a08-da12f2d37be3" testId="75b4c370-78d8-4b41-8a09-840ec0959c2f" testName="AirTemperature_SameValue_DoesNotTriggerDuplicateCalculate" computerName="DESKTOP-CVGB6OE" duration="00:00:00.0025560" startTime="2026-08-13T09:54:57.7506982+05:00" endTime="2026-08-13T09:54:57.7532539+05:00" testType="13cdc9d9-ddb5-4fa4-a97d-d965ccfc6d4b" outcome="Passed" testListId="8c84fa94-04c1-424b-9868-57a2d4851a1d" relativeResultsDirectory="4aba557e-678a-4070-9a08-da12f2d37be3" />
    <UnitTestResult executionId="426ee3c1-1da0-4ae8-b90b-b0c8b4e3c521" testId="931a7d43-8241-d237-56c8-0ba8ca4d4b88" testName="LoadProjectFromPathAsync_WhenFileNotFound_ShowsError" computerName="DESKTOP-CVGB6OE" duration="00:00:00.0043070" startTime="2026-08-13T09:55:08.3605593+05:00" endTime="2026-08-13T09:55:08.3648660+05:00" testType="13cdc9d9-ddb5-4fa4-a97d-d965ccfc6d4b" outcome="Passed" testListId="8c84fa94-04c1-424b-9868-57a2d4851a1d" relativeResultsDirectory="426ee3c1-1da0-4ae8-b90b-b0c8b4e3c521" />
    <UnitTestResult executionId="12a61767-3c21-4fd2-9ee2-8e1d7d4d4d07" testId="d66bd48d-fafc-38ed-8bba-29509bb8d970" testName="GetByIdAsync_NotFound_ShouldReturnNull" computerName="DESKTOP-CVGB6OE" duration="00:00:00.5973980" startTime="2026-08-13T09:55:03.6389580+05:00" endTime="2026-08-13T09:55:04.2363555+05:00" testType="13cdc9d9-ddb5-4fa4-a97d-d965ccfc6d4b" outcome="Passed" testListId="8c84fa94-04c1-424b-9868-57a2d4851a1d" relativeResultsDirectory="12a61767-3c21-4fd2-9ee2-8e1d7d4d4d07" />
    <UnitTestResult executionId="10eeea6f-c4f0-4cb0-90d9-905422976e0f" testId="3df210cc-b184-af9e-a356-f9e44cbcc4bb" testName="Validate_BoundarySnowfallIntensity_ReturnsValid" computerName="DESKTOP-CVGB6OE" duration="00:00:00.0000400" startTime="2026-08-13T09:55:07.8890247+05:00" endTime="2026-08-13T09:55:07.8890648+05:00" testType="13cdc9d9-ddb5-4fa4-a97d-d965ccfc6d4b" outcome="Passed" testListId="8c84fa94-04c1-424b-9868-57a2d4851a1d" relativeResultsDirectory="10eeea6f-c4f0-4cb0-90d9-905422976e0f" />
    <UnitTestResult executionId="54d816a6-de68-4f14-b0da-63c2d269fef4" testId="33932ad0-f015-612b-cbfd-68c94b1db251" testName="ApplyProjectSnapshot_SameData_IsNoOp" computerName="DESKTOP-CVGB6OE" duration="00:00:00.0002080" startTime="2026-08-13T09:55:07.9053755+05:00" endTime="2026-08-13T09:55:07.9055838+05:00" testType="13cdc9d9-ddb5-4fa4-a97d-d965ccfc6d4b" outcome="Passed" testListId="8c84fa94-04c1-424b-9868-57a2d4851a1d" relativeResultsDirectory="54d816a6-de68-4f14-b0da-63c2d269fef4" />
    <UnitTestResult executionId="32462a91-d508-4247-a271-dc9e44482ee1" testId="188f45eb-3d7f-1efa-7d40-83d182ab9859" testName="Норильск_T5Days-42_ZoneM20" computerName="DESKTOP-CVGB6OE" duration="00:00:00.0018170" startTime="2026-08-13T09:54:57.7715124+05:00" endTime="2026-08-13T09:54:57.7733286+05:00" testType="13cdc9d9-ddb5-4fa4-a97d-d965ccfc6d4b" outcome="Passed" testListId="8c84fa94-04c1-424b-9868-57a2d4851a1d" relativeResultsDirectory="32462a91-d508-4247-a271-dc9e44482ee1" />
    <UnitTestResult executionId="c15d18bf-3365-431c-a740-f7bb92f192bf" testId="b05937ea-cd47-93e3-2f14-2cc2fd93bb25" testName="SearchCitiesWithPriorityAsync_StartsWith_HasHigherPriority" computerName="DESKTOP-CVGB6OE" duration="00:00:00.0006800" startTime="2026-08-13T09:54:57.5191793+05:00" endTime="2026-08-13T09:54:57.5198589+05:00" testType="13cdc9d9-ddb5-4fa4-a97d-d965ccfc6d4b" outcome="Passed" testListId="8c84fa94-04c1-424b-9868-57a2d4851a1d" relativeResultsDirectory="c15d18bf-3365-431c-a740-f7bb92f192bf" />
    <UnitTestResult executionId="cb4e4d26-64ca-48b4-a769-6b3a63a7578f" testId="631bda96-8237-43bf-c18a-6945bbb0c40e" testName="SameValueSetter_DoesNotEmitCanonicalCompletionOrProjectionUpdate" computerName="DESKTOP-CVGB6OE" duration="00:00:00.0001830" startTime="2026-08-13T09:54:57.6529045+05:00" endTime="2026-08-13T09:54:57.6530876+05:00" testType="13cdc9d9-ddb5-4fa4-a97d-d965ccfc6d4b" outcome="Passed" testListId="8c84fa94-04c1-424b-9868-57a2d4851a1d" relativeResultsDirectory="cb4e4d26-64ca-48b4-a769-6b3a63a7578f" />
    <UnitTestResult executionId="c67e8835-ae25-444c-b273-8cd8d3ac4546" testId="63e55650-4856-0fb9-1578-a00e9506faf0" testName="Reset_ClearsResultsProjectionAndMarksProjectClean" computerName="DESKTOP-CVGB6OE" duration="00:00:00.0023650" startTime="2026-08-13T09:55:08.2921519+05:00" endTime="2026-08-13T09:55:08.2945165+05:00" testType="13cdc9d9-ddb5-4fa4-a97d-d965ccfc6d4b" outcome="Passed" testListId="8c84fa94-04c1-424b-9868-57a2d4851a1d" relativeResultsDirectory="c67e8835-ae25-444c-b273-8cd8d3ac4546" />
    <UnitTestResult executionId="d4f2fa61-142f-4567-9e3f-2b3447043880" testId="82225e6b-e55d-98cb-8a18-a0c6a6eb8155" testName="ClimateMultiplicity_HighRequirementsToggle_EmitsNestedScalarAndToggleUpdates" computerName="DESKTOP-CVGB6OE" duration="00:00:00.0612220" startTime="2026-08-13T09:54:57.5284564+05:00" endTime="2026-08-13T09:54:57.5896778+05:00" testType="13cdc9d9-ddb5-4fa4-a97d-d965ccfc6d4b" outcome="Passed" testListId="8c84fa94-04c1-424b-9868-57a2d4851a1d" relativeResultsDirectory="d4f2fa61-142f-4567-9e3f-2b3447043880" />
    <UnitTestResult executionId="c2e0b1b1-7e5e-4451-ac1d-28fd650be294" testId="729efd80-556a-adb1-ec37-7034b346d87e" testName="ResultsCommands_RefreshBeforeConsumingOrExportingData(&quot;PrintPdf&quot;)" computerName="DESKTOP-CVGB6OE" duration="00:00:00.0005350" startTime="2026-08-13T09:55:08.1707989+05:00" endTime="2026-08-13T09:55:08.1713335+05:00" testType="13cdc9d9-ddb5-4fa4-a97d-d965ccfc6d4b" outcome="Passed" testListId="8c84fa94-04c1-424b-9868-57a2d4851a1d" relativeResultsDirectory="c2e0b1b1-7e5e-4451-ac1d-28fd650be294" />
    <UnitTestResult executionId="fa04ba90-c938-4326-9376-1b1a1ed1d078" testId="1b6bbcae-4b25-c07e-7af7-518edeb817e0" testName="UpdateThermal_ResetsHydraulicsResults" computerName="DESKTOP-CVGB6OE" duration="00:00:00.0001600" startTime="2026-08-13T09:54:57.6788022+05:00" endTime="2026-08-13T09:54:57.6789622+05:00" testType="13cdc9d9-ddb5-4fa4-a97d-d965ccfc6d4b" outcome="Passed" testListId="8c84fa94-04c1-424b-9868-57a2d4851a1d" relativeResultsDirectory="fa04ba90-c938-4326-9376-1b1a1ed1d078" />
    <UnitTestResult executionId="5c689d75-042e-4171-99e3-adca16767365" testId="c99f619f-47fd-7a10-880f-1ed892a17354" testName="ResolveView_CachedResultsEntryRefreshesProjectionBeforeReturningSameView" computerName="DESKTOP-CVGB6OE" duration="00:00:00.0609060" startTime="2026-08-13T09:55:08.0888567+05:00" endTime="2026-08-13T09:55:08.1497630+05:00" testType="13cdc9d9-ddb5-4fa4-a97d-d965ccfc6d4b" outcome="Passed" testListId="8c84fa94-04c1-424b-9868-57a2d4851a1d" relativeResultsDirectory="5c689d75-042e-4171-99e3-adca16767365" />
    <UnitTestResult executionId="25d4b3e2-d759-4443-8792-55eeb776ee5a" testId="38f990a7-c556-be9a-5937-e6be435fae50" testName="GetCityByName_NonExistingCity_ReturnsNull" computerName="DESKTOP-CVGB6OE" duration="00:00:00.0005140" startTime="2026-08-13T09:54:57.5232316+05:00" endTime="2026-08-13T09:54:57.5237458+05:00" testType="13cdc9d9-ddb5-4fa4-a97d-d965ccfc6d4b" outcome="Passed" testListId="8c84fa94-04c1-424b-9868-57a2d4851a1d" relativeResultsDirectory="25d4b3e2-d759-4443-8792-55eeb776ee5a" />
    <UnitTestResult executionId="e4e5e841-5109-4cf0-9507-8efff2210552" testId="14324a37-0558-90d1-8efa-3293b26b7511" testName="ProjectRoundTrip_PreservesGroundwaterLevel" computerName="DESKTOP-CVGB6OE" duration="00:00:00.0023470" startTime="2026-08-13T09:55:17.4743040+05:00" endTime="2026-08-13T09:55:17.4766512+05:00" testType="13cdc9d9-ddb5-4fa4-a97d-d965ccfc6d4b" outcome="Passed" testListId="8c84fa94-04c1-424b-9868-57a2d4851a1d" relativeResultsDirectory="e4e5e841-5109-4cf0-9507-8efff2210552" />
    <UnitTestResult executionId="bf8a5a47-e611-4b28-9708-0aafb13414bc" testId="97179ff3-034b-bef7-8eec-0f4a435e0d9a" testName="SetHighRequirements_ChangesZone" computerName="DESKTOP-CVGB6OE" duration="00:00:00.0001350" startTime="2026-08-13T09:54:57.6557718+05:00" endTime="2026-08-13T09:54:57.6559070+05:00" testType="13cdc9d9-ddb5-4fa4-a97d-d965ccfc6d4b" outcome="Passed" testListId="8c84fa94-04c1-424b-9868-57a2d4851a1d" relativeResultsDirectory="bf8a5a47-e611-4b28-9708-0aafb13414bc" />
    <UnitTestResult executionId="64711301-0bef-4322-91de-d3f6ab22f306" testId="f7ea8e72-9e81-1bab-e86c-d4380bdd93bc" testName="ResultsViewModel_LoadProjectData_RestoresCityAndClimateParameters" computerName="DESKTOP-CVGB6OE" duration="00:00:00.0018180" startTime="2026-08-13T09:55:17.4899832+05:00" endTime="2026-08-13T09:55:17.4918015+05:00" testType="13cdc9d9-ddb5-4fa4-a97d-d965ccfc6d4b" outcome="Passed" testListId="8c84fa94-04c1-424b-9868-57a2d4851a1d" relativeResultsDirectory="64711301-0bef-4322-91de-d3f6ab22f306" />
    <UnitTestResult executionId="536eb8c8-037d-4b9d-8772-a91d557fb293" testId="c381ccf4-6fc6-fdc0-4bff-d77ed047e5ac" testName="Load_MissingPipeSpacing_FallsBackToDefault" computerName="DESKTOP-CVGB6OE" duration="00:00:00.0115630" startTime="2026-08-13T09:54:57.9936797+05:00" endTime="2026-08-13T09:54:58.0052416+05:00" testType="13cdc9d9-ddb5-4fa4-a97d-d965ccfc6d4b" outcome="Passed" testListId="8c84fa94-04c1-424b-9868-57a2d4851a1d" relativeResultsDirectory="536eb8c8-037d-4b9d-8772-a91d557fb293" />
    <UnitTestResult executionId="defe5553-b168-4bcf-b98e-4d90cd7da030" testId="03c023ef-dcfc-76f6-dcd2-01b00a867057" testName="Условный_T5Days-30_ZoneM15" computerName="DESKTOP-CVGB6OE" duration="00:00:00.0017920" startTime="2026-08-13T09:54:57.7696959+05:00" endTime="2026-08-13T09:54:57.7714879+05:00" testType="13cdc9d9-ddb5-4fa4-a97d-d965ccfc6d4b" outcome="Passed" testListId="8c84fa94-04c1-424b-9868-57a2d4851a1d" relativeResultsDirectory="defe5553-b168-4bcf-b98e-4d90cd7da030" />
    <UnitTestResult executionId="b3b60404-9db6-4a0d-9cac-639d1bf544cd" testId="53895f59-c729-f3b6-f9d6-469feb318aa7" testName="ResetToDefaults_ClearsAllFields" computerName="DESKTOP-CVGB6OE" duration="00:00:00.0004010" startTime="2026-08-13T09:54:57.6520993+05:00" endTime="2026-08-13T09:54:57.6525005+05:00" testType="13cdc9d9-ddb5-4fa4-a97d-d965ccfc6d4b" outcome="Passed" testListId="8c84fa94-04c1-424b-9868-57a2d4851a1d" relativeResultsDirectory="b3b60404-9db6-4a0d-9cac-639d1bf544cd" />
    <UnitTestResult executionId="fd089a8a-a75a-4f6a-a32b-68f0acf33ed4" testId="0dfbd3e2-04e6-a722-24f2-1f7db565e1d4" testName="BeginProjectRestore_NestedLeases_DisposeInnerThenOuter_PreservesGuardUntilFinalExit" computerName="DESKTOP-CVGB6OE" duration="00:00:00.0006160" startTime="2026-08-13T09:55:07.9918726+05:00" endTime="2026-08-13T09:55:07.9924884+05:00" testType="13cdc9d9-ddb5-4fa4-a97d-d965ccfc6d4b" outcome="Passed" testListId="8c84fa94-04c1-424b-9868-57a2d4851a1d" relativeResultsDirectory="fd089a8a-a75a-4f6a-a32b-68f0acf33ed4" />
    <UnitTestResult executionId="9cf29fcc-12c1-4ba3-993b-a33f251400c7" testId="bc299abb-3653-451a-d737-81e3e599d118" testName="ProjectObject_Setter_RaisesPropertyChanged_Once" computerName="DESKTOP-CVGB6OE" duration="00:00:00.0001110" startTime="2026-08-13T09:55:08.0411913+05:00" endTime="2026-08-13T09:55:08.0413025+05:00" testType="13cdc9d9-ddb5-4fa4-a97d-d965ccfc6d4b" outcome="Passed" testListId="8c84fa94-04c1-424b-9868-57a2d4851a1d" relativeResultsDirectory="9cf29fcc-12c1-4ba3-993b-a33f251400c7" />
    <UnitTestResult executionId="b340a44e-a98c-48bf-9dcb-dcb969bd7887" testId="cedef81a-f187-426b-5cb9-343692a73174" testName="UpdateThermal_ValidResult_RaisesContextChanged" computerName="DESKTOP-CVGB6OE" duration="00:00:00.0001860" startTime="2026-08-13T09:54:57.6815576+05:00" endTime="2026-08-13T09:54:57.6817438+05:00" testType="13cdc9d9-ddb5-4fa4-a97d-d965ccfc6d4b" outcome="Passed" testListId="8c84fa94-04c1-424b-9868-57a2d4851a1d" relativeResultsDirectory="b340a44e-a98c-48bf-9dcb-dcb969bd7887" />
    <UnitTestResult executionId="07986a09-7a94-4fcf-829b-e9e6209b300f" testId="f4a900c1-41c2-69fb-39a0-70dbdc07201a" testName="Сочи_T5Days-5_ZoneM10" computerName="DESKTOP-CVGB6OE" duration="00:00:00.0050970" startTime="2026-08-13T09:54:57.7623026+05:00" endTime="2026-08-13T09:54:57.7673987+05:00" testType="13cdc9d9-ddb5-4fa4-a97d-d965ccfc6d4b" outcome="Passed" testListId="8c84fa94-04c1-424b-9868-57a2d4851a1d" relativeResultsDirectory="07986a09-7a94-4fcf-829b-e9e6209b300f" />
    <UnitTestResult executionId="83be943f-086a-4d9d-ba39-99711338f542" testId="fe3e48d4-79f8-fd08-c432-c6ab9f3d2ee3" testName="ApplyProjection_ForwardsIsValidToEventArgs" computerName="DESKTOP-CVGB6OE" duration="00:00:00.0033800" startTime="2026-08-13T09:54:57.4683918+05:00" endTime="2026-08-13T09:54:57.4717716+05:00" testType="13cdc9d9-ddb5-4fa4-a97d-d965ccfc6d4b" outcome="Passed" testListId="8c84fa94-04c1-424b-9868-57a2d4851a1d" relativeResultsDirectory="83be943f-086a-4d9d-ba39-99711338f542" />
    <UnitTestResult executionId="d4173bc5-e185-40d6-af11-1044d5f5a896" testId="bd29dfed-34ee-29a3-f823-ecf745d8f4fe" testName="ClimateMultiplicity_LoadAndSecondLoad_OnlyRefreshTheCityList" computerName="DESKTOP-CVGB6OE" duration="00:00:00.0091850" startTime="2026-08-13T09:54:57.5897194+05:00" endTime="2026-08-13T09:54:57.5989039+05:00" testType="13cdc9d9-ddb5-4fa4-a97d-d965ccfc6d4b" outcome="Passed" testListId="8c84fa94-04c1-424b-9868-57a2d4851a1d" relativeResultsDirectory="d4173bc5-e185-40d6-af11-1044d5f5a896" />
    <UnitTestResult executionId="93194848-2c1e-423d-93fa-32334b75ea14" testId="ada4b904-9ac4-384a-e10f-a5d7bb048540" testName="LoadProjectDataAsync_TwiceOnSingletonGraph_ReplacesIdentityWithoutStaleState" computerName="DESKTOP-CVGB6OE" duration="00:00:00.0038410" startTime="2026-08-13T09:55:07.9742327+05:00" endTime="2026-08-13T09:55:07.9780733+05:00" testType="13cdc9d9-ddb5-4fa4-a97d-d965ccfc6d4b" outcome="Passed" testListId="8c84fa94-04c1-424b-9868-57a2d4851a1d" relativeResultsDirectory="93194848-2c1e-423d-93fa-32334b75ea14" />
    <UnitTestResult executionId="918b6408-4eee-4325-a925-bec9c2ac196a" testId="3ce725d2-9b50-031c-009e-45aa16df1511" testName="ClimateMultiplicity_ResetToCityData_EmitsLegacyUpdatesForEachRestoredScalarAndCompletion" computerName="DESKTOP-CVGB6OE" duration="00:00:00.0010330" startTime="2026-08-13T09:54:57.6006346+05:00" endTime="2026-08-13T09:54:57.6016672+05:00" testType="13cdc9d9-ddb5-4fa4-a97d-d965ccfc6d4b" outcome="Passed" testListId="8c84fa94-04c1-424b-9868-57a2d4851a1d" relativeResultsDirectory="918b6408-4eee-4325-a925-bec9c2ac196a" />
    <UnitTestResult executionId="4ba6ae62-907c-4e41-b1c2-8e0cdff5ce0f" testId="2d24f928-2aac-ac6e-7345-8aba93933f53" testName="SearchHistoryEntry_DefaultValues_AreCorrect" computerName="DESKTOP-CVGB6OE" duration="00:00:00.0002090" startTime="2026-08-13T09:54:57.8946555+05:00" endTime="2026-08-13T09:54:57.8948646+05:00" testType="13cdc9d9-ddb5-4fa4-a97d-d965ccfc6d4b" outcome="Passed" testListId="8c84fa94-04c1-424b-9868-57a2d4851a1d" relativeResultsDirectory="4ba6ae62-907c-4e41-b1c2-8e0cdff5ce0f" />
    <UnitTestResult executionId="48c61656-570b-4f8c-ae9d-de13fc032d41" testId="036fcdd4-85ae-69ac-1dfa-21ead4164680" testName="ResultsViewModel_LoadProject_TwoCollectors_RestoresIndependentSummaryCards" computerName="DESKTOP-CVGB6OE" duration="00:00:00.0045240" startTime="2026-08-13T09:55:17.4854436+05:00" endTime="2026-08-13T09:55:17.4899676+05:00" testType="13cdc9d9-ddb5-4fa4-a97d-d965ccfc6d4b" outcome="Passed" testListId="8c84fa94-04c1-424b-9868-57a2d4851a1d" relativeResultsDirectory="48c61656-570b-4f8c-ae9d-de13fc032d41" />
    <UnitTestResult executionId="9a7a07bc-997e-4206-9098-a95596cf29e5" testId="3bac974d-48cc-8aeb-25b2-6b1f6ed831fb" testName="ProjectRoundTrip_DoesNotMarkDirtyOnLoad" computerName="DESKTOP-CVGB6OE" duration="00:00:00.0032200" startTime="2026-08-13T09:55:17.4490487+05:00" endTime="2026-08-13T09:55:17.4522684+05:00" testType="13cdc9d9-ddb5-4fa4-a97d-d965ccfc6d4b" outcome="Passed" testListId="8c84fa94-04c1-424b-9868-57a2d4851a1d" relativeResultsDirectory="9a7a07bc-997e-4206-9098-a95596cf29e5" />
    <UnitTestResult executionId="438dd359-9e72-49d3-afe8-66c39b4a6b33" testId="bcf1c5a5-3c5f-c8a2-0803-4e228c747e16" testName="LoadProjectFromPathAsync_WhenNullPath_DoesNothing" computerName="DESKTOP-CVGB6OE" duration="00:00:00.0055470" startTime="2026-08-13T09:55:08.3649079+05:00" endTime="2026-08-13T09:55:08.3704539+05:00" testType="13cdc9d9-ddb5-4fa4-a97d-d965ccfc6d4b" outcome="Passed" testListId="8c84fa94-04c1-424b-9868-57a2d4851a1d" relativeResultsDirectory="438dd359-9e72-49d3-afe8-66c39b4a6b33" />
    <UnitTestResult executionId="e119cd3d-2a83-478b-a66e-1a3ea875f3fe" testId="cf0c1ad6-c359-3024-57aa-e84c70308be8" testName="MatchType_HasThreeValues" computerName="DESKTOP-CVGB6OE" duration="00:00:00.0003030" startTime="2026-08-13T09:54:57.8867588+05:00" endTime="2026-08-13T09:54:57.8870623+05:00" testType="13cdc9d9-ddb5-4fa4-a97d-d965ccfc6d4b" outcome="Passed" testListId="8c84fa94-04c1-424b-9868-57a2d4851a1d" relativeResultsDirectory="e119cd3d-2a83-478b-a66e-1a3ea875f3fe" />
    <UnitTestResult executionId="98e582e7-8556-42b7-9224-16624e00e9b0" testId="8dce9320-3455-c4fb-a568-c867d76865d1" testName="MatchType_NamesAreCorrect" computerName="DESKTOP-CVGB6OE" duration="00:00:00.0002180" startTime="2026-08-13T09:54:57.8878128+05:00" endTime="2026-08-13T09:54:57.8880307+05:00" testType="13cdc9d9-ddb5-4fa4-a97d-d965ccfc6d4b" outcome="Passed" testListId="8c84fa94-04c1-424b-9868-57a2d4851a1d" relativeResultsDirectory="98e582e7-8556-42b7-9224-16624e00e9b0" />
    <UnitTestResult executionId="483fdd77-1dd3-4f9c-ac79-15ebf238819d" testId="677e97a1-5d2e-4791-9208-73d660033a48" testName="InitialSnapshot_HasExpectedDefaults" computerName="DESKTOP-CVGB6OE" duration="00:00:00.0003450" startTime="2026-08-13T09:55:07.9063111+05:00" endTime="2026-08-13T09:55:07.9066558+05:00" testType="13cdc9d9-ddb5-4fa4-a97d-d965ccfc6d4b" outcome="Passed" testListId="8c84fa94-04c1-424b-9868-57a2d4851a1d" relativeResultsDirectory="483fdd77-1dd3-4f9c-ac79-15ebf238819d" />
    <UnitTestResult executionId="b3290f09-1b37-4ed0-8206-efb67b13b3bb" testId="d75b8a3d-4069-fb20-ab80-f7a241b9cb65" testName="LoadProjectFromPathAsync_WhenEmptyPath_DoesNothing" computerName="DESKTOP-CVGB6OE" duration="00:00:00.0055680" startTime="2026-08-13T09:55:08.3549341+05:00" endTime="2026-08-13T09:55:08.3605017+05:00" testType="13cdc9d9-ddb5-4fa4-a97d-d965ccfc6d4b" outcome="Passed" testListId="8c84fa94-04c1-424b-9868-57a2d4851a1d" relativeResultsDirectory="b3290f09-1b37-4ed0-8206-efb67b13b3bb" />
    <UnitTestResult executionId="3817538a-d436-4ffc-a152-8f1f11c9714c" testId="80e332fa-2457-3ce2-de76-2f9a70753ec7" testName="SameClimateValue_DoesNotTriggerDuplicateCalculate" computerName="DESKTOP-CVGB6OE" duration="00:00:00.0027290" startTime="2026-08-13T09:54:57.8320113+05:00" endTime="2026-08-13T09:54:57.8347392+05:00" testType="13cdc9d9-ddb5-4fa4-a97d-d965ccfc6d4b" outcome="Passed" testListId="8c84fa94-04c1-424b-9868-57a2d4851a1d" relativeResultsDirectory="3817538a-d436-4ffc-a152-8f1f11c9714c" />
    <UnitTestResult executionId="8993fdb1-c40d-4f02-87fd-040379d9c991" testId="deafde0d-af09-888b-36f1-c0142241ad59" testName="GetRecentAsync_DefaultLimit_Is10" computerName="DESKTOP-CVGB6OE" duration="00:00:00.0024860" startTime="2026-08-13T09:55:07.8954258+05:00" endTime="2026-08-13T09:55:07.8979111+05:00" testType="13cdc9d9-ddb5-4fa4-a97d-d965ccfc6d4b" outcome="Passed" testListId="8c84fa94-04c1-424b-9868-57a2d4851a1d" relativeResultsDirectory="8993fdb1-c40d-4f02-87fd-040379d9c991" />
[...]
    <TestEntry testId="60b182a5-230b-5060-4014-b64a04f2f9d1" executionId="4ee61289-8fea-432f-a228-954976affd84" testListId="8c84fa94-04c1-424b-9868-57a2d4851a1d" />
    <TestEntry testId="24a521f0-f998-d566-5649-e9b3e95b5898" executionId="54482d5f-31ce-4f30-a976-77b5b5662373" testListId="8c84fa94-04c1-424b-9868-57a2d4851a1d" />
    <TestEntry testId="ca118ceb-9607-4abf-5407-d8134d9334fe" executionId="f6aab44b-8ac9-4416-b909-ccd4b3add929" testListId="8c84fa94-04c1-424b-9868-57a2d4851a1d" />
    <TestEntry testId="13fea0df-e2e6-ce5a-1333-80d1fb320145" executionId="a8bc663b-9f0e-46cc-9324-c044a0f00699" testListId="8c84fa94-04c1-424b-9868-57a2d4851a1d" />
    <TestEntry testId="26ac67c5-b54b-7aab-1ecb-990ffac2bbcc" executionId="2110867c-227a-43af-88f4-190fcbec9cee" testListId="8c84fa94-04c1-424b-9868-57a2d4851a1d" />
    <TestEntry testId="15b3276b-e926-c362-0817-094a49cc1935" executionId="84b2eb32-a17d-490f-b3d5-d1cd68c8cc6c" testListId="8c84fa94-04c1-424b-9868-57a2d4851a1d" />
    <TestEntry testId="27ad5ae5-5bc8-a06f-0069-eee132600417" executionId="b8048114-f8ef-4ef2-b0ca-f3e86ff0c357" testListId="8c84fa94-04c1-424b-9868-57a2d4851a1d" />
    <TestEntry testId="96a239db-d786-5c86-b94e-07c70fe3775b" executionId="a82d2c65-107a-422a-a877-096e44c59896" testListId="8c84fa94-04c1-424b-9868-57a2d4851a1d" />
    <TestEntry testId="db46b738-b5f8-2b40-c422-9d60eca5ad20" executionId="ae413ed1-e5df-4734-ab74-40a2b16020e8" testListId="8c84fa94-04c1-424b-9868-57a2d4851a1d" />
    <TestEntry testId="32926300-5e0e-8524-3871-b2d635174bfb" executionId="c7cd848d-2e4e-4acf-870f-4d59afa9972b" testListId="8c84fa94-04c1-424b-9868-57a2d4851a1d" />
    <TestEntry testId="7c7b3ec1-de89-3b5a-dedc-faacc3950382" executionId="ce377de0-d296-43c7-9b97-08b4b8bab7fd" testListId="8c84fa94-04c1-424b-9868-57a2d4851a1d" />
    <TestEntry testId="da11fa3c-fcfe-5ec8-a6cb-acb26c642f9e" executionId="4724a412-c0ce-4e81-8efd-cf3f7ec6cd0e" testListId="8c84fa94-04c1-424b-9868-57a2d4851a1d" />
    <TestEntry testId="f0e9480e-64d9-0663-0e2b-3a37ffa4e8b9" executionId="5d3085d5-f824-4a18-9fbb-72ed7a697b23" testListId="8c84fa94-04c1-424b-9868-57a2d4851a1d" />
    <TestEntry testId="8681b62b-6c21-51d4-aef4-7ababd581fbf" executionId="60ee001e-882a-4591-8455-e456fb4835b0" testListId="8c84fa94-04c1-424b-9868-57a2d4851a1d" />
    <TestEntry testId="ca976ce8-a34b-17e5-5e37-abd32c2e9bf3" executionId="16dc9ccc-b063-4305-b8f9-0e5ad66bc947" testListId="8c84fa94-04c1-424b-9868-57a2d4851a1d" />
    <TestEntry testId="89f38a54-9bf1-01e2-d3cb-29ca6ee3fde9" executionId="716af813-66b9-4234-aacf-bbc8fc3f6c03" testListId="8c84fa94-04c1-424b-9868-57a2d4851a1d" />
    <TestEntry testId="1a5a2989-6de9-0caf-e7c5-57210a519f26" executionId="07c29d44-ffd2-4518-97cb-dbee695fdf46" testListId="8c84fa94-04c1-424b-9868-57a2d4851a1d" />
    <TestEntry testId="3d29950a-1ea4-9476-a24b-815e9277ea33" executionId="8b31aa71-37e4-4d1c-8db0-38cb57c0fe63" testListId="8c84fa94-04c1-424b-9868-57a2d4851a1d" />
    <TestEntry testId="24c1c93d-5f6c-ffb3-5298-6305a409b91f" executionId="d8ac862d-1c72-4c10-a85f-0da2b112b902" testListId="8c84fa94-04c1-424b-9868-57a2d4851a1d" />
    <TestEntry testId="1b6bc034-499d-4229-ee55-747214dfb35c" executionId="af5b73a5-0d66-4dad-8c2a-2eda4b2e425e" testListId="8c84fa94-04c1-424b-9868-57a2d4851a1d" />
    <TestEntry testId="bce91b22-1909-2ade-b75e-218ba6bf9750" executionId="153d122b-ee17-4941-a2f3-154a97dd9101" testListId="8c84fa94-04c1-424b-9868-57a2d4851a1d" />
    <TestEntry testId="b56e7b69-b014-688c-a6e5-68fc7c2dadf9" executionId="e6614fb4-a36a-4c22-a6ac-9f9738a4cc81" testListId="8c84fa94-04c1-424b-9868-57a2d4851a1d" />
    <TestEntry testId="46fa58f9-9e8d-d292-8079-a966e43c178b" executionId="46124bd6-18e1-4372-bb9c-7dc63af2c30d" testListId="8c84fa94-04c1-424b-9868-57a2d4851a1d" />
    <TestEntry testId="d9a73a92-e377-d240-196f-575083be17f5" executionId="4b8cb7b9-39c0-441c-ae98-c51ca6c2d5c9" testListId="8c84fa94-04c1-424b-9868-57a2d4851a1d" />
    <TestEntry testId="92e83ef1-2d4b-eb2a-23f2-14e6bd129301" executionId="87e81cac-6974-4164-985b-0c363c9a8883" testListId="8c84fa94-04c1-424b-9868-57a2d4851a1d" />
    <TestEntry testId="2929d76c-ef72-b5a2-6cea-9cd98340a2f9" executionId="b6004ad8-05ed-4f8c-bcf7-f540b5060e54" testListId="8c84fa94-04c1-424b-9868-57a2d4851a1d" />
    <TestEntry testId="d039037e-fb57-e484-8910-e57a6b1dddf8" executionId="d2a74c32-a126-411f-9b85-9ccf9b6acb34" testListId="8c84fa94-04c1-424b-9868-57a2d4851a1d" />
    <TestEntry testId="09ba8c26-dfc0-3644-178f-c51c6fdcd1c9" executionId="a5307351-cb91-4337-95b3-62f99e6c4477" testListId="8c84fa94-04c1-424b-9868-57a2d4851a1d" />
    <TestEntry testId="cbc7390e-77ac-3f9a-a9c5-4cc2be2e5d97" executionId="174f98b6-d80b-4fdf-87de-8f313a3b0a67" testListId="8c84fa94-04c1-424b-9868-57a2d4851a1d" />
    <TestEntry testId="5e9ede13-d812-d0e5-41b6-0fc097dc99c9" executionId="007b62a9-ec16-4ae8-987c-3e20b24972e2" testListId="8c84fa94-04c1-424b-9868-57a2d4851a1d" />
    <TestEntry testId="33795865-fc62-5278-e5e2-153ed31a84e3" executionId="516df8d8-6daa-43a7-bc14-61c322253bb3" testListId="8c84fa94-04c1-424b-9868-57a2d4851a1d" />
    <TestEntry testId="b24b81f2-408b-5fe6-0262-5fc36bb66127" executionId="dab67ae8-031e-4bcf-939b-3de2c6587309" testListId="8c84fa94-04c1-424b-9868-57a2d4851a1d" />
    <TestEntry testId="b36f1a72-4eed-2a4b-bb4d-ffac668f10ac" executionId="b0841d06-c7f0-43b9-abf2-b3fd2a6f390b" testListId="8c84fa94-04c1-424b-9868-57a2d4851a1d" />
    <TestEntry testId="3c9180dc-f78c-e70c-129e-afe6f78b4213" executionId="dd6887fe-ce12-4552-a9ce-c5845b0c759b" testListId="8c84fa94-04c1-424b-9868-57a2d4851a1d" />
    <TestEntry testId="1c16596c-4066-a9b9-b334-35aae0996f09" executionId="4f5661f0-dfbf-47f9-b323-da120cb89838" testListId="8c84fa94-04c1-424b-9868-57a2d4851a1d" />
    <TestEntry testId="0648d2a0-77ca-dc2b-8239-3f499a5cf99f" executionId="96d210c8-6fab-4d6e-853e-a8d06b36c645" testListId="8c84fa94-04c1-424b-9868-57a2d4851a1d" />
    <TestEntry testId="9a418cf9-9fd6-1af0-507c-98627123ba39" executionId="345b39ad-3d84-4324-bf51-eda2abbada59" testListId="8c84fa94-04c1-424b-9868-57a2d4851a1d" />
    <TestEntry testId="a1f87043-ab10-3289-b307-4a539db03c08" executionId="c5180b72-b0e1-42bb-a737-d15a1e7890ff" testListId="8c84fa94-04c1-424b-9868-57a2d4851a1d" />
    <TestEntry testId="191cad2c-d91b-21df-f86a-91070a3f1ff8" executionId="a879c1d8-3d7e-42e3-affd-3056fa12a447" testListId="8c84fa94-04c1-424b-9868-57a2d4851a1d" />
    <TestEntry testId="c530aa5b-2cbc-574c-673c-e1e4b40184fe" executionId="f52ac058-cbf6-4730-a520-668eb40890aa" testListId="8c84fa94-04c1-424b-9868-57a2d4851a1d" />
    <TestEntry testId="e4efa3c4-1133-cb50-18cc-a911f3a0b72e" executionId="a3d2114b-bcf4-45c8-92d4-653081e576da" testListId="8c84fa94-04c1-424b-9868-57a2d4851a1d" />
    <TestEntry testId="1b0b1763-a4ff-0a93-44b1-9e57df35e384" executionId="a4eb2021-e341-465a-9267-68ddfde2b5b1" testListId="8c84fa94-04c1-424b-9868-57a2d4851a1d" />
    <TestEntry testId="c845647b-4379-4f1a-00a9-24db45f5252a" executionId="3da662b8-c6bc-45c7-9a7e-5b131d0b3127" testListId="8c84fa94-04c1-424b-9868-57a2d4851a1d" />
    <TestEntry testId="eb61443b-b6bb-5c33-c4d8-e0c32bea2d90" executionId="d7c6e463-1ea6-45e6-9dbd-b6d2498cd11e" testListId="8c84fa94-04c1-424b-9868-57a2d4851a1d" />
    <TestEntry testId="35ce9532-ea06-a974-436c-ab8c8c6bb85e" executionId="fe321858-6eb5-4bfd-b5c9-d856a556f77c" testListId="8c84fa94-04c1-424b-9868-57a2d4851a1d" />
    <TestEntry testId="233c5f47-ed4f-7bcc-4e7e-6a956c64d685" executionId="aa98dffe-c1b0-415e-98e6-8c3552af2554" testListId="8c84fa94-04c1-424b-9868-57a2d4851a1d" />
    <TestEntry testId="9465df1c-3d17-c568-8316-0c04f39192df" executionId="a2532381-3c71-4e66-a0ae-b4542284c207" testListId="8c84fa94-04c1-424b-9868-57a2d4851a1d" />
    <TestEntry testId="2af9e73e-64fc-ae74-1ccd-deed33767f1d" executionId="6b3aae5b-be45-4f10-8f22-09e4fb77c432" testListId="8c84fa94-04c1-424b-9868-57a2d4851a1d" />
    <TestEntry testId="c12ce9f3-25cb-2e14-7c73-39d23ac07298" executionId="1b4bc80a-e815-40a9-8ba7-e66122b537b0" testListId="8c84fa94-04c1-424b-9868-57a2d4851a1d" />
    <TestEntry testId="5203727d-e403-ecfa-1968-d37ff135daaf" executionId="07694f88-9493-489b-bace-e9e42b1fd98b" testListId="8c84fa94-04c1-424b-9868-57a2d4851a1d" />
    <TestEntry testId="2134e712-e7ae-de2a-2afe-fefdfe9ac81c" executionId="8e461d3d-0f01-4669-b4d2-9ba44805ff2a" testListId="8c84fa94-04c1-424b-9868-57a2d4851a1d" />
    <TestEntry testId="df4a4d30-fb96-6170-ab1f-a1b6febb3cf6" executionId="db7f505e-b4b9-4694-b522-d4c2abb1f3b4" testListId="8c84fa94-04c1-424b-9868-57a2d4851a1d" />
    <TestEntry testId="a305ced0-48f0-16db-549b-13899636e544" executionId="157a2062-5095-4293-8333-69ead5ff9700" testListId="8c84fa94-04c1-424b-9868-57a2d4851a1d" />
    <TestEntry testId="e9a222bd-7f29-1e46-0f9a-de6d68e1dbef" executionId="12cc58b5-b8e0-41f9-9067-a35ab14fb1f5" testListId="8c84fa94-04c1-424b-9868-57a2d4851a1d" />
    <TestEntry testId="2d0b7c1a-1e4b-4132-c210-0925d939b12c" executionId="eac2466e-a8e6-4210-ae30-5179af1a615e" testListId="8c84fa94-04c1-424b-9868-57a2d4851a1d" />
    <TestEntry testId="f9ca811b-7f89-b2dc-1712-f3b46a28fc15" executionId="bd00b017-18bf-4f19-82a0-3f97ec8f0ed0" testListId="8c84fa94-04c1-424b-9868-57a2d4851a1d" />
    <TestEntry testId="be461650-a22a-4f39-58b8-5f6bd1e34044" executionId="1bd6e959-1a14-4f2b-9558-1faddd361de4" testListId="8c84fa94-04c1-424b-9868-57a2d4851a1d" />
    <TestEntry testId="a9531e65-ed88-d395-2ff2-e9f89a746522" executionId="4ba6d612-c422-48db-9187-0cacb750d5b7" testListId="8c84fa94-04c1-424b-9868-57a2d4851a1d" />
    <TestEntry testId="43a96d8d-0f21-690e-b248-347617bb11d4" executionId="c69d86c8-2675-4c81-b9b8-b95b00cf587c" testListId="8c84fa94-04c1-424b-9868-57a2d4851a1d" />
    <TestEntry testId="6baa7f26-071c-645d-bd3b-f472dc78e8e0" executionId="62784df4-060a-4dbd-8678-15d664f3d387" testListId="8c84fa94-04c1-424b-9868-57a2d4851a1d" />
    <TestEntry testId="67ab1439-65d4-4301-eafa-cfb15374476e" executionId="9759474d-64bb-41fb-92f5-ae15634480be" testListId="8c84fa94-04c1-424b-9868-57a2d4851a1d" />
    <TestEntry testId="1cfc7766-8175-7e90-615f-10a2a9d6d4ba" executionId="d3401aef-17ec-47c9-be6f-f824b7d68738" testListId="8c84fa94-04c1-424b-9868-57a2d4851a1d" />
    <TestEntry testId="4a08504e-9919-d9fa-7dc1-f76ba1cfde85" executionId="d8841864-8172-4ec0-8cb6-8e8683de20b0" testListId="8c84fa94-04c1-424b-9868-57a2d4851a1d" />
    <TestEntry testId="ffd53392-7fcb-02fc-2b89-00d1879db7c5" executionId="aaca2bd6-2bc0-4096-adac-2f4b5d369a61" testListId="8c84fa94-04c1-424b-9868-57a2d4851a1d" />
    <TestEntry testId="8824a3c6-0b3c-55b1-29e2-48930f4ee090" executionId="1811383e-9010-42fc-9e35-decd27725d1d" testListId="8c84fa94-04c1-424b-9868-57a2d4851a1d" />
    <TestEntry testId="bca05f08-f85b-b9dd-202e-0a6dd436f917" executionId="9f7191b0-9f19-402a-a5ce-fde6898d0999" testListId="8c84fa94-04c1-424b-9868-57a2d4851a1d" />
    <TestEntry testId="b152a265-bf50-5376-260d-4ade075b8364" executionId="0f928648-3132-47e1-9df0-f5cc49560dd1" testListId="8c84fa94-04c1-424b-9868-57a2d4851a1d" />
    <TestEntry testId="8366fc5d-a9f6-297e-7996-7f0d18c595f3" executionId="0e4b2a32-72e9-43b2-aab8-b9509977950f" testListId="8c84fa94-04c1-424b-9868-57a2d4851a1d" />
    <TestEntry testId="e1e7f0e7-9a51-75e8-6a4c-274fbf93df1b" executionId="73d6e7af-228d-4340-a666-2796f34de84a" testListId="8c84fa94-04c1-424b-9868-57a2d4851a1d" />
    <TestEntry testId="961b498b-d26f-0a83-7816-dd5673b3eb3e" executionId="770fda80-dab1-467f-8e2d-0a0e29f77ba0" testListId="8c84fa94-04c1-424b-9868-57a2d4851a1d" />
    <TestEntry testId="5d02d106-5732-8240-240e-e713b4ea70b1" executionId="7b288d3a-cbfb-498b-a38c-878af4eb6808" testListId="8c84fa94-04c1-424b-9868-57a2d4851a1d" />
    <TestEntry testId="16ab8257-ff4f-e885-f829-d82b2af4d2d5" executionId="df9ebf5c-a9a3-4f96-835b-95056f0f8256" testListId="8c84fa94-04c1-424b-9868-57a2d4851a1d" />
    <TestEntry testId="8ca21ba5-4631-f7fb-8f41-b74e06cff346" executionId="986e69de-bd0a-490e-95aa-fc7b0b44d04d" testListId="8c84fa94-04c1-424b-9868-57a2d4851a1d" />
    <TestEntry testId="c50295c8-6f8f-87d4-098c-498ace5e288f" executionId="1db71835-f061-4086-a5c0-9438f64cfc84" testListId="8c84fa94-04c1-424b-9868-57a2d4851a1d" />
    <TestEntry testId="0e94354e-dcb1-319e-dcc5-1d526351cb83" executionId="59e7c8bc-dc6b-4e61-ba62-98936c430823" testListId="8c84fa94-04c1-424b-9868-57a2d4851a1d" />
    <TestEntry testId="e9c3d26c-758c-4fd2-7d1b-1aa92b4b6a76" executionId="4b07ea25-3417-418f-9693-6c7bcebe7fc3" testListId="8c84fa94-04c1-424b-9868-57a2d4851a1d" />
    <TestEntry testId="e92069f5-e8fb-f0aa-ff23-d42b602312ff" executionId="144271e1-c9f9-44f2-af0f-e5a219a22e98" testListId="8c84fa94-04c1-424b-9868-57a2d4851a1d" />
    <TestEntry testId="a8402f6c-5f6b-2c3f-063b-746e9a4499cc" executionId="95ec985e-8321-46cc-bdbd-ce87cb395a8a" testListId="8c84fa94-04c1-424b-9868-57a2d4851a1d" />
    <TestEntry testId="3cb711d7-507b-b99e-7528-d06bd13abceb" executionId="43f12d1f-67bc-4537-a01d-6eec7f7ecd3c" testListId="8c84fa94-04c1-424b-9868-57a2d4851a1d" />
    <TestEntry testId="c68990da-0f87-ff3d-997c-2766d3f02582" executionId="ee4a41b8-d83c-4947-9b30-090c3f15a7ff" testListId="8c84fa94-04c1-424b-9868-57a2d4851a1d" />
    <TestEntry testId="affcd770-5371-d1a7-e5f9-951128a44002" executionId="33a93f70-b52d-45e7-a7a4-737b5b1a9343" testListId="8c84fa94-04c1-424b-9868-57a2d4851a1d" />
    <TestEntry testId="36966100-ae43-b119-2d0a-2e2ccbf7fbd7" executionId="7b60a4d6-d27b-4fab-a76c-72936ca8e390" testListId="8c84fa94-04c1-424b-9868-57a2d4851a1d" />
    <TestEntry testId="9189e004-f82b-592e-4b6b-6e615ab65ae8" executionId="9b1f610a-49f5-4c8d-aaf1-0aa99536f286" testListId="8c84fa94-04c1-424b-9868-57a2d4851a1d" />
    <TestEntry testId="f8ceea38-c00f-5445-8d4e-e27a7e7025d5" executionId="41f064cd-2553-49ca-9633-57f55e7b9a92" testListId="8c84fa94-04c1-424b-9868-57a2d4851a1d" />
    <TestEntry testId="7012d070-d06e-db66-32b0-358b3dcab2ce" executionId="8ef459e1-ba11-4b3f-b5c0-5f97a077045f" testListId="8c84fa94-04c1-424b-9868-57a2d4851a1d" />
    <TestEntry testId="c060fba7-b3b9-8245-920d-6de61a2cc7dd" executionId="4ac92f9a-d7b3-4fdd-8688-0c857da765f7" testListId="8c84fa94-04c1-424b-9868-57a2d4851a1d" />
    <TestEntry testId="5909b6b4-4730-8f61-efaf-3f898fef7a37" executionId="187d562b-176d-43ae-932c-683eb1129401" testListId="8c84fa94-04c1-424b-9868-57a2d4851a1d" />
    <TestEntry testId="8d421899-006f-bf4b-f2af-5fed09704780" executionId="40336f82-d961-4a63-9e2e-14f141bfc0ff" testListId="8c84fa94-04c1-424b-9868-57a2d4851a1d" />
    <TestEntry testId="2687b98b-13d5-b67b-f25d-3d9e73a26b29" executionId="005276dd-5209-45af-876c-abccb1ca5247" testListId="8c84fa94-04c1-424b-9868-57a2d4851a1d" />
    <TestEntry testId="eb451abb-ff98-8124-34a7-6eb2367631ef" executionId="85995a60-36fd-4887-be06-747068140921" testListId="8c84fa94-04c1-424b-9868-57a2d4851a1d" />
    <TestEntry testId="9952ac3e-9692-ba3e-ceb0-ce033fea99c9" executionId="0bcdff60-5abe-447a-9f3d-e02eec384360" testListId="8c84fa94-04c1-424b-9868-57a2d4851a1d" />
    <TestEntry testId="f86ff7d2-d7ee-9885-4203-24719cb04cb1" executionId="c4acec66-febb-4f9d-aa8f-26e05dc1c9ec" testListId="8c84fa94-04c1-424b-9868-57a2d4851a1d" />
    <TestEntry testId="3aa947da-e3ba-da9c-2080-e4850c742fdd" executionId="be921ba2-7bcb-497a-8c59-8c0460cde6bb" testListId="8c84fa94-04c1-424b-9868-57a2d4851a1d" />
    <TestEntry testId="9eedb671-83ae-5dad-5152-3ad63074fb65" executionId="a5eac8ac-82c6-4a89-943c-a340f83faaf9" testListId="8c84fa94-04c1-424b-9868-57a2d4851a1d" />
    <TestEntry testId="1aa5fec6-31ec-53d7-3d55-4b61652afa42" executionId="a8e1130f-6c8b-4d99-a512-32775369dc47" testListId="8c84fa94-04c1-424b-9868-57a2d4851a1d" />
    <TestEntry testId="1bdae2dc-0df7-0116-1a28-6310e1ad4e1f" executionId="83fee225-b252-4933-99a3-58f1eede34d8" testListId="8c84fa94-04c1-424b-9868-57a2d4851a1d" />
    <TestEntry testId="a2b8e1ac-626a-b0ca-c204-86379e9c759d" executionId="6c096288-56e6-44d4-875d-1868b6a8ff93" testListId="8c84fa94-04c1-424b-9868-57a2d4851a1d" />
    <TestEntry testId="1c847636-46b0-4eef-e8dc-91a0aa5fc964" executionId="6156a9da-04a9-4fff-93b5-58aae7d8a8e2" testListId="8c84fa94-04c1-424b-9868-57a2d4851a1d" />
    <TestEntry testId="e9794a0f-24ac-ed35-b5ab-0b8587398ce8" executionId="e82d625f-0519-48b3-a962-df4eb5dc724d" testListId="8c84fa94-04c1-424b-9868-57a2d4851a1d" />
    <TestEntry testId="8c3e9570-53c8-851b-3943-d201b871fbc7" executionId="980bba1d-0ed8-4581-a6e2-f732b8a155e4" testListId="8c84fa94-04c1-424b-9868-57a2d4851a1d" />
    <TestEntry testId="0b18003e-4161-3dcd-296d-cd4c0dbca870" executionId="38a69e21-a0fd-44d4-9548-9a5131df71ed" testListId="8c84fa94-04c1-424b-9868-57a2d4851a1d" />
    <TestEntry testId="583d2f7f-03ba-a884-dd42-6ce09c4d92f4" executionId="1b1ea762-beef-4b4e-9827-4c9bde73fd74" testListId="8c84fa94-04c1-424b-9868-57a2d4851a1d" />
    <TestEntry testId="85ad7274-70a8-7d16-d08f-bf8ff5134fe5" executionId="bba3dc6b-636a-4a23-b680-5c0162616272" testListId="8c84fa94-04c1-424b-9868-57a2d4851a1d" />
    <TestEntry testId="736db434-d664-954a-1a1d-de8a895b3086" executionId="6a2a371d-5791-4fb3-a822-d9f4553122be" testListId="8c84fa94-04c1-424b-9868-57a2d4851a1d" />
    <TestEntry testId="10601e34-c996-4a03-2603-156c8ff9a808" executionId="5c6c4a0b-5add-46ba-8d5d-d83c15a33ce6" testListId="8c84fa94-04c1-424b-9868-57a2d4851a1d" />
    <TestEntry testId="ee61e058-339c-256c-1750-a247ed0f19dd" executionId="33f65e1a-b15b-4d49-b0ce-e8baae49029d" testListId="8c84fa94-04c1-424b-9868-57a2d4851a1d" />
    <TestEntry testId="31fe49c0-7c29-0526-0f64-c57a4bfbd41a" executionId="10da4496-972a-4385-9da8-2a48132f1b0b" testListId="8c84fa94-04c1-424b-9868-57a2d4851a1d" />
    <TestEntry testId="8e240bb2-bb17-ee15-2dc1-ffe88d666d13" executionId="1a122a88-7525-47d9-8c4c-b65ddb62d8b2" testListId="8c84fa94-04c1-424b-9868-57a2d4851a1d" />
    <TestEntry testId="eadee187-dd87-1756-b5b9-a6c63e469d4f" executionId="4c337c82-ef23-450d-b916-f599f98bc04e" testListId="8c84fa94-04c1-424b-9868-57a2d4851a1d" />
    <TestEntry testId="58e4e500-f71b-f039-30a9-5abfe600914c" executionId="a7c077c3-b8e8-4e46-8243-fb59cb12035f" testListId="8c84fa94-04c1-424b-9868-57a2d4851a1d" />
    <TestEntry testId="934c34a0-0944-7a18-47c8-30823fad20ed" executionId="1619c637-4f85-4dc0-a272-497c02ee01db" testListId="8c84fa94-04c1-424b-9868-57a2d4851a1d" />
    <TestEntry testId="41fd0882-4abf-2615-c118-978fcc00e7ee" executionId="3725dbcb-cbfa-44d0-95c6-e8191db9aab2" testListId="8c84fa94-04c1-424b-9868-57a2d4851a1d" />
    <TestEntry testId="8fe047ac-9df6-68a3-bd0c-ff0b8a7cdae2" executionId="a8b8c497-c56b-4494-ba37-f71a2c76dcca" testListId="8c84fa94-04c1-424b-9868-57a2d4851a1d" />
  </TestEntries>
  <TestLists>
    <TestList name="Список результатов" id="8c84fa94-04c1-424b-9868-57a2d4851a1d" />
    <TestList name="Все загруженные результаты" id="19431567-8539-422a-85d7-44ee4e166bda" />
  </TestLists>
  <ResultSummary outcome="Completed">
    <Counters total="330" executed="329" passed="329" failed="0" error="0" timeout="0" aborted="0" inconclusive="0" passedButRunAborted="0" notRunnable="0" notExecuted="0" disconnected="0" warning="0" completed="0" inProgress="0" pending="0" />
    <Output>
      <StdOut>NUnit Adapter 4.5.0.0: Test execution started&#xD;
Running selected tests in D:\IA\ace v.2\tests\SnowMeltingCalculator.Tests\bin\Release\net8.0-windows\SnowMeltingCalculator.Tests.dll&#xD;
   NUnit3TestExecutor discovered 330 of 330 NUnit test cases using Current Discovery mode, Non-Explicit run&#xD;
ResultsViewModel_LoadsRealProject_TwoCollectorsSummaryCardsMatchFile: F5 smoke fixture не найден: D:\IA\ace\Тест\тест 40.smc. Положите файл «тест 40.smc» в «D:\IA\ace\Тест\», и тест начнёт проверять реальные значения.&#xD;
Тест "ResultsViewModel_LoadsRealProject_TwoCollectorsSummaryCardsMatchFile" пропущен в тестовом запуске.&#xD;
NUnit Adapter 4.5.0.0: Test execution complete&#xD;
</StdOut>
    </Output>
  </ResultSummary>
</TestRun>