<?xml version="1.0" encoding="utf-8"?>
<TestRun id="d4ec1812-236b-4d7b-a097-8002cc599738" name="Admin@DESKTOP-CVGB6OE 2026-08-13 10:14:51" runUser="DESKTOP-CVGB6OE\Admin" xmlns="http://microsoft.com/schemas/VisualStudio/TeamTest/2010">
  <Times creation="2026-08-13T10:14:51.4598346+05:00" queuing="2026-08-13T10:14:51.4598348+05:00" start="2026-08-13T10:14:50.8709238+05:00" finish="2026-08-13T10:15:10.7095800+05:00" />
  <TestSettings name="default" id="0e86caf2-478a-471c-8b85-2aedaef0a9f1">
    <Deployment runDeploymentRoot="Admin_DESKTOP-CVGB6OE_2026-08-13_10_14_51" />
  </TestSettings>
  <Results>
    <UnitTestResult executionId="5efd9b7f-2118-4dc1-8f14-fc491d0ea5b7" testId="32926300-5e0e-8524-3871-b2d635174bfb" testName="MarkClean_SetsIsDirtyFalse_And_RaisesPropertyChanged_Once" computerName="DESKTOP-CVGB6OE" duration="00:00:00.0001020" startTime="2026-08-13T10:15:01.1557629+05:00" endTime="2026-08-13T10:15:01.1558650+05:00" testType="13cdc9d9-ddb5-4fa4-a97d-d965ccfc6d4b" outcome="Passed" testListId="8c84fa94-04c1-424b-9868-57a2d4851a1d" relativeResultsDirectory="5efd9b7f-2118-4dc1-8f14-fc491d0ea5b7" />
    <UnitTestResult executionId="ee44f0b3-13f8-4d85-9fa7-da52d6f17d94" testId="c12ce9f3-25cb-2e14-7c73-39d23ac07298" testName="ResultsViewModel_EmptyHydraulics_ZeroesKpisAndCards" computerName="DESKTOP-CVGB6OE" duration="00:00:00.0058010" startTime="2026-08-13T10:15:10.5377186+05:00" endTime="2026-08-13T10:15:10.5435208+05:00" testType="13cdc9d9-ddb5-4fa4-a97d-d965ccfc6d4b" outcome="Passed" testListId="8c84fa94-04c1-424b-9868-57a2d4851a1d" relativeResultsDirectory="ee44f0b3-13f8-4d85-9fa7-da52d6f17d94" />
    <UnitTestResult executionId="d21e766d-dda4-405c-9b1f-7f9ff29f001a" testId="d75b8a3d-4069-fb20-ab80-f7a241b9cb65" testName="LoadProjectFromPathAsync_WhenEmptyPath_DoesNothing" computerName="DESKTOP-CVGB6OE" duration="00:00:00.0038320" startTime="2026-08-13T10:15:01.3762134+05:00" endTime="2026-08-13T10:15:01.3800456+05:00" testType="13cdc9d9-ddb5-4fa4-a97d-d965ccfc6d4b" outcome="Passed" testListId="8c84fa94-04c1-424b-9868-57a2d4851a1d" relativeResultsDirectory="d21e766d-dda4-405c-9b1f-7f9ff29f001a" />
    <UnitTestResult executionId="dac046b3-2792-4f5c-80e1-07a847c38e34" testId="1b6bbcae-4b25-c07e-7af7-518edeb817e0" testName="UpdateThermal_ResetsHydraulicsResults" computerName="DESKTOP-CVGB6OE" duration="00:00:00.0000989" startTime="2026-08-13T10:14:51.5176780+05:00" endTime="2026-08-13T10:14:51.5177770+05:00" testType="13cdc9d9-ddb5-4fa4-a97d-d965ccfc6d4b" outcome="Passed" testListId="8c84fa94-04c1-424b-9868-57a2d4851a1d" relativeResultsDirectory="dac046b3-2792-4f5c-80e1-07a847c38e34" />
    <UnitTestResult executionId="b4f57cbe-66ad-4104-8925-dbd9cac5de14" testId="703af326-b640-29de-226e-968d9bab5664" testName="ClearAsync_ShouldRemoveAllEntries" computerName="DESKTOP-CVGB6OE" duration="00:00:00.6853470" startTime="2026-08-13T10:14:52.9958170+05:00" endTime="2026-08-13T10:14:53.6811625+05:00" testType="13cdc9d9-ddb5-4fa4-a97d-d965ccfc6d4b" outcome="Passed" testListId="8c84fa94-04c1-424b-9868-57a2d4851a1d" relativeResultsDirectory="b4f57cbe-66ad-4104-8925-dbd9cac5de14" />
    <UnitTestResult executionId="0f9c20ac-abc2-471c-9d8a-b7e10d090afe" testId="3eaea746-1c05-77e2-22cc-a2075b23c824" testName="ProjectStateService_HasNoMutableLifecycleBackingFields" computerName="DESKTOP-CVGB6OE" duration="00:00:00.0000930" startTime="2026-08-13T10:15:01.1235298+05:00" endTime="2026-08-13T10:15:01.1236224+05:00" testType="13cdc9d9-ddb5-4fa4-a97d-d965ccfc6d4b" outcome="Passed" testListId="8c84fa94-04c1-424b-9868-57a2d4851a1d" relativeResultsDirectory="0f9c20ac-abc2-471c-9d8a-b7e10d090afe" />
    <UnitTestResult executionId="cae68f0d-a5f8-4b96-91fb-45e8583a9a95" testId="2687b98b-13d5-b67b-f25d-3d9e73a26b29" testName="MarkDirty_SetsIsDirtyTrue_And_RaisesPropertyChanged_Once" computerName="DESKTOP-CVGB6OE" duration="00:00:00.0000480" startTime="2026-08-13T10:15:01.1559255+05:00" endTime="2026-08-13T10:15:01.1559736+05:00" testType="13cdc9d9-ddb5-4fa4-a97d-d965ccfc6d4b" outcome="Passed" testListId="8c84fa94-04c1-424b-9868-57a2d4851a1d" relativeResultsDirectory="cae68f0d-a5f8-4b96-91fb-45e8583a9a95" />
    <UnitTestResult executionId="a5a62282-51cf-479d-a604-d3a7b232a04a" testId="53921b9e-579b-0baa-4775-b0c324942f7d" testName="SearchHistoryEntry_CityId_IsCompatibleWithCityInfoName" computerName="DESKTOP-CVGB6OE" duration="00:00:00.0000570" startTime="2026-08-13T10:14:51.6477713+05:00" endTime="2026-08-13T10:14:51.6478283+05:00" testType="13cdc9d9-ddb5-4fa4-a97d-d965ccfc6d4b" outcome="Passed" testListId="8c84fa94-04c1-424b-9868-57a2d4851a1d" relativeResultsDirectory="a5a62282-51cf-479d-a604-d3a7b232a04a" />
    <UnitTestResult executionId="058be20f-a543-4628-b05d-b4cef534d659" testId="ef5c8a78-0ed3-d5d5-ef86-ea014d49037b" testName="IClimateData_IsReadOnly" computerName="DESKTOP-CVGB6OE" duration="00:00:00.0008660" startTime="2026-08-13T10:14:51.3945811+05:00" endTime="2026-08-13T10:14:51.3954471+05:00" testType="13cdc9d9-ddb5-4fa4-a97d-d965ccfc6d4b" outcome="Passed" testListId="8c84fa94-04c1-424b-9868-57a2d4851a1d" relativeResultsDirectory="058be20f-a543-4628-b05d-b4cef534d659" />
    <UnitTestResult executionId="208eb2d1-ebf7-482e-9e31-52a1df8da97b" testId="db46b738-b5f8-2b40-c422-9d60eca5ad20" testName="AddAsync_EmptyCityId_DoesNothing" computerName="DESKTOP-CVGB6OE" duration="00:00:00.0009140" startTime="2026-08-13T10:15:01.0669324+05:00" endTime="2026-08-13T10:15:01.0678466+05:00" testType="13cdc9d9-ddb5-4fa4-a97d-d965ccfc6d4b" outcome="Passed" testListId="8c84fa94-04c1-424b-9868-57a2d4851a1d" relativeResultsDirectory="208eb2d1-ebf7-482e-9e31-52a1df8da97b" />
    <UnitTestResult executionId="15569c0b-53e2-45f9-b466-7c1d68e7f88e" testId="0b18003e-4161-3dcd-296d-cd4c0dbca870" testName="Validate_AirTemperatureTooLow_ReturnsInvalid" computerName="DESKTOP-CVGB6OE" duration="00:00:00.0001290" startTime="2026-08-13T10:15:01.0654292+05:00" endTime="2026-08-13T10:15:01.0655585+05:00" testType="13cdc9d9-ddb5-4fa4-a97d-d965ccfc6d4b" outcome="Passed" testListId="8c84fa94-04c1-424b-9868-57a2d4851a1d" relativeResultsDirectory="15569c0b-53e2-45f9-b466-7c1d68e7f88e" />
    <UnitTestResult executionId="41137ed0-d993-47bd-8ad1-77dceb46df44" testId="2929d76c-ef72-b5a2-6cea-9cd98340a2f9" testName="DetermineZone_AboveMinus27_ReturnsZoneM10" computerName="DESKTOP-CVGB6OE" duration="00:00:00.0001299" startTime="2026-08-13T10:14:51.4177314+05:00" endTime="2026-08-13T10:14:51.4178616+05:00" testType="13cdc9d9-ddb5-4fa4-a97d-d965ccfc6d4b" outcome="Passed" testListId="8c84fa94-04c1-424b-9868-57a2d4851a1d" relativeResultsDirectory="41137ed0-d993-47bd-8ad1-77dceb46df44" />
    <UnitTestResult executionId="22df0ca0-a217-4c0e-885b-aa547e5a1513" testId="b0897c15-baef-5793-3594-0fb64b1637d4" testName="HighlightMatch_StartsWith_ReturnsCorrectHighlight" computerName="DESKTOP-CVGB6OE" duration="00:00:00.0000610" startTime="2026-08-13T10:14:51.4103320+05:00" endTime="2026-08-13T10:14:51.4103925+05:00" testType="13cdc9d9-ddb5-4fa4-a97d-d965ccfc6d4b" outcome="Passed" testListId="8c84fa94-04c1-424b-9868-57a2d4851a1d" relativeResultsDirectory="22df0ca0-a217-4c0e-885b-aa547e5a1513" />
    <UnitTestResult executionId="d8bc30c5-1631-49bb-be48-5b8196295cbc" testId="7d9fc320-e0c0-549a-362c-ed31e39cc768" testName="SearchHistoryEntry_LastUsed_DefaultIsMinValue" computerName="DESKTOP-CVGB6OE" duration="00:00:00.0002080" startTime="2026-08-13T10:14:51.6479047+05:00" endTime="2026-08-13T10:14:51.6481122+05:00" testType="13cdc9d9-ddb5-4fa4-a97d-d965ccfc6d4b" outcome="Passed" testListId="8c84fa94-04c1-424b-9868-57a2d4851a1d" relativeResultsDirectory="d8bc30c5-1631-49bb-be48-5b8196295cbc" />
    <UnitTestResult executionId="0f1fc8f7-8d97-4cc5-bb77-19c169ba81c4" testId="dec7cd4e-9f1c-0319-59bb-2cdfa146e10b" testName="ClimateStateLegacyStoreGuard_RejectsNewDirectClimateViewModelSetterInForbiddenCallers" computerName="DESKTOP-CVGB6OE" duration="00:00:00.0002900" startTime="2026-08-13T10:14:51.4923276+05:00" endTime="2026-08-13T10:14:51.4926174+05:00" testType="13cdc9d9-ddb5-4fa4-a97d-d965ccfc6d4b" outcome="Passed" testListId="8c84fa94-04c1-424b-9868-57a2d4851a1d" relativeResultsDirectory="0f1fc8f7-8d97-4cc5-bb77-19c169ba81c4" />
    <UnitTestResult executionId="78165767-6dc6-4e2c-b5f7-58a5bbde90de" testId="2134e712-e7ae-de2a-2afe-fefdfe9ac81c" testName="ResetToCityData_RestoresCityValues" computerName="DESKTOP-CVGB6OE" duration="00:00:00.0067600" startTime="2026-08-13T10:14:51.4941435+05:00" endTime="2026-08-13T10:14:51.5009030+05:00" testType="13cdc9d9-ddb5-4fa4-a97d-d965ccfc6d4b" outcome="Passed" testListId="8c84fa94-04c1-424b-9868-57a2d4851a1d" relativeResultsDirectory="78165767-6dc6-4e2c-b5f7-58a5bbde90de" />
    <UnitTestResult executionId="4121bc91-fe82-45eb-b738-c0f4975b8c0a" testId="812eb0f3-73ca-e2ff-afa4-2f298630e732" testName="AirTemperature_ExtremeValues_UpdatesCorrectly" computerName="DESKTOP-CVGB6OE" duration="00:00:00.0033900" startTime="2026-08-13T10:14:51.5630041+05:00" endTime="2026-08-13T10:14:51.5663939+05:00" testType="13cdc9d9-ddb5-4fa4-a97d-d965ccfc6d4b" outcome="Passed" testListId="8c84fa94-04c1-424b-9868-57a2d4851a1d" relativeResultsDirectory="4121bc91-fe82-45eb-b738-c0f4975b8c0a" />
    <UnitTestResult executionId="2b53748c-3249-4572-9e10-ebf8ab446587" testId="b152a265-bf50-5376-260d-4ade075b8364" testName="ResultsViewModel_Reset_ClearsHydraulicSummaryCards" computerName="DESKTOP-CVGB6OE" duration="00:00:00.0048770" startTime="2026-08-13T10:15:10.5953043+05:00" endTime="2026-08-13T10:15:10.6001810+05:00" testType="13cdc9d9-ddb5-4fa4-a97d-d965ccfc6d4b" outcome="Passed" testListId="8c84fa94-04c1-424b-9868-57a2d4851a1d" relativeResultsDirectory="2b53748c-3249-4572-9e10-ebf8ab446587" />
    <UnitTestResult executionId="11aba3ed-29b7-49e3-af34-944eed39aa43" testId="f58f45bb-6fda-93a6-762c-7963365691f9" testName="Calculate_ColderClimate_HigherPower" computerName="DESKTOP-CVGB6OE" duration="00:00:00.0020850" startTime="2026-08-13T10:15:01.1571547+05:00" endTime="2026-08-13T10:15:01.1592395+05:00" testType="13cdc9d9-ddb5-4fa4-a97d-d965ccfc6d4b" outcome="Passed" testListId="8c84fa94-04c1-424b-9868-57a2d4851a1d" relativeResultsDirectory="11aba3ed-29b7-49e3-af34-944eed39aa43" />
    <UnitTestResult executionId="a003483a-f20d-4e2a-908a-abca48acb29d" testId="5b51f02e-a0bf-08cc-f83d-4b6e5d14decd" testName="ProjectObject_Setter_DoesNotRaisePropertyChanged_WhenValueUnchanged" computerName="DESKTOP-CVGB6OE" duration="00:00:00.0000770" startTime="2026-08-13T10:15:01.1565413+05:00" endTime="2026-08-13T10:15:01.1566181+05:00" testType="13cdc9d9-ddb5-4fa4-a97d-d965ccfc6d4b" outcome="Passed" testListId="8c84fa94-04c1-424b-9868-57a2d4851a1d" relativeResultsDirectory="a003483a-f20d-4e2a-908a-abca48acb29d" />
    <UnitTestResult executionId="f4bb8d0a-b6f5-45d2-85f8-76ffccb0476e" testId="16ab8257-ff4f-e885-f829-d82b2af4d2d5" testName="ApplyProjectSnapshot_Load_ChangesStateDoesNotMarkDirty" computerName="DESKTOP-CVGB6OE" duration="00:00:00.0002970" startTime="2026-08-13T10:15:01.0778001+05:00" endTime="2026-08-13T10:15:01.0780965+05:00" testType="13cdc9d9-ddb5-4fa4-a97d-d965ccfc6d4b" outcome="Passed" testListId="8c84fa94-04c1-424b-9868-57a2d4851a1d" relativeResultsDirectory="f4bb8d0a-b6f5-45d2-85f8-76ffccb0476e" />
    <UnitTestResult executionId="fdceaa7e-d4ad-40e3-a853-d82b5c493921" testId="deafde0d-af09-888b-36f1-c0142241ad59" testName="GetRecentAsync_DefaultLimit_Is10" computerName="DESKTOP-CVGB6OE" duration="00:00:00.0021050" startTime="2026-08-13T10:15:01.0714562+05:00" endTime="2026-08-13T10:15:01.0735608+05:00" testType="13cdc9d9-ddb5-4fa4-a97d-d965ccfc6d4b" outcome="Passed" testListId="8c84fa94-04c1-424b-9868-57a2d4851a1d" relativeResultsDirectory="fdceaa7e-d4ad-40e3-a853-d82b5c493921" />
    <UnitTestResult executionId="31da4c0f-8cc6-43e8-8e4e-a98e0ca94ee7" testId="c381ccf4-6fc6-fdc0-4bff-d77ed047e5ac" testName="Load_MissingPipeSpacing_FallsBackToDefault" computerName="DESKTOP-CVGB6OE" duration="00:00:00.0074740" startTime="2026-08-13T10:14:51.7054269+05:00" endTime="2026-08-13T10:14:51.7129003+05:00" testType="13cdc9d9-ddb5-4fa4-a97d-d965ccfc6d4b" outcome="Passed" testListId="8c84fa94-04c1-424b-9868-57a2d4851a1d" relativeResultsDirectory="31da4c0f-8cc6-43e8-8e4e-a98e0ca94ee7" />
    <UnitTestResult executionId="3c7413e1-925a-4aed-a4cf-c6dde515f479" testId="766d1b2f-b6db-6898-c1a3-826da3004bbb" testName="ResolveView_ResultsRefreshRemainsInsideExistingFailureBoundaryAndHasOneCallSite" computerName="DESKTOP-CVGB6OE" duration="00:00:00.0006570" startTime="2026-08-13T10:15:01.2332426+05:00" endTime="2026-08-13T10:15:01.2338996+05:00" testType="13cdc9d9-ddb5-4fa4-a97d-d965ccfc6d4b" outcome="Passed" testListId="8c84fa94-04c1-424b-9868-57a2d4851a1d" relativeResultsDirectory="3c7413e1-925a-4aed-a4cf-c6dde515f479" />
    <UnitTestResult executionId="3443474f-8eef-4d3e-bc87-7569988c39fe" testId="2dc2bdcd-48ee-c44b-876b-0edaa9c3c23d" testName="AddAsync_ExistingEntry_UpdatesLastUsed" computerName="DESKTOP-CVGB6OE" duration="00:00:00.0006480" startTime="2026-08-13T10:15:01.0687866+05:00" endTime="2026-08-13T10:15:01.0694347+05:00" testType="13cdc9d9-ddb5-4fa4-a97d-d965ccfc6d4b" outcome="Passed" testListId="8c84fa94-04c1-424b-9868-57a2d4851a1d" relativeResultsDirectory="3443474f-8eef-4d3e-bc87-7569988c39fe" />
    <UnitTestResult executionId="c0390ab0-c432-4dfa-a5eb-13707bc4500e" testId="406ea6ea-e0a9-203f-c15d-e7ad52fadfc4" testName="BeginProjectRestore_Nested_DoesNotRaiseEventForSecondEntry" computerName="DESKTOP-CVGB6OE" duration="00:00:00.0002270" startTime="2026-08-13T10:15:01.1239367+05:00" endTime="2026-08-13T10:15:01.1241635+05:00" testType="13cdc9d9-ddb5-4fa4-a97d-d965ccfc6d4b" outcome="Passed" testListId="8c84fa94-04c1-424b-9868-57a2d4851a1d" relativeResultsDirectory="c0390ab0-c432-4dfa-a5eb-13707bc4500e" />
    <UnitTestResult executionId="d0ff9ff3-f73b-4e51-84c4-f237df83217e" testId="8dce9320-3455-c4fb-a568-c867d76865d1" testName="MatchType_NamesAreCorrect" computerName="DESKTOP-CVGB6OE" duration="00:00:00.0000840" startTime="2026-08-13T10:14:51.6456052+05:00" endTime="2026-08-13T10:14:51.6456892+05:00" testType="13cdc9d9-ddb5-4fa4-a97d-d965ccfc6d4b" outcome="Passed" testListId="8c84fa94-04c1-424b-9868-57a2d4851a1d" relativeResultsDirectory="d0ff9ff3-f73b-4e51-84c4-f237df83217e" />
    <UnitTestResult executionId="cd84c64a-18e0-424c-a12c-bce55c439d68" testId="09ba8c26-dfc0-3644-178f-c51c6fdcd1c9" testName="ResultsViewModel_LoadProjectData_SyncsClimateToSingletonData" computerName="DESKTOP-CVGB6OE" duration="00:00:00.0048380" startTime="2026-08-13T10:15:10.5738551+05:00" endTime="2026-08-13T10:15:10.5786931+05:00" testType="13cdc9d9-ddb5-4fa4-a97d-d965ccfc6d4b" outcome="Passed" testListId="8c84fa94-04c1-424b-9868-57a2d4851a1d" relativeResultsDirectory="cd84c64a-18e0-424c-a12c-bce55c439d68" />
    <UnitTestResult executionId="836b875d-103d-4e76-8915-40795d8451f0" testId="296ca8cb-af02-af64-1e9e-fb10fba5be3d" testName="GetByIdAsync_ShouldReturnEntry" computerName="DESKTOP-CVGB6OE" duration="00:00:00.6099660" startTime="2026-08-13T10:14:57.3542846+05:00" endTime="2026-08-13T10:14:57.9642492+05:00" testType="13cdc9d9-ddb5-4fa4-a97d-d965ccfc6d4b" outcome="Passed" testListId="8c84fa94-04c1-424b-9868-57a2d4851a1d" relativeResultsDirectory="836b875d-103d-4e76-8915-40795d8451f0" />
    <UnitTestResult executionId="79f16638-9a4a-41cf-824c-88ab5b1c3b74" testId="0d764722-03ae-44ed-9304-8d0708ccb6c6" testName="RefreshAll_WhenInputsChangeButValidResultIsRetained_PreservesOutputWithoutCalculation" computerName="DESKTOP-CVGB6OE" duration="00:00:00.0028700" startTime="2026-08-13T10:15:01.3185705+05:00" endTime="2026-08-13T10:15:01.3214408+05:00" testType="13cdc9d9-ddb5-4fa4-a97d-d965ccfc6d4b" outcome="Passed" testListId="8c84fa94-04c1-424b-9868-57a2d4851a1d" relativeResultsDirectory="79f16638-9a4a-41cf-824c-88ab5b1c3b74" />
    <UnitTestResult executionId="e6446fc8-7ed2-4f23-b5f2-e1efc7c75519" testId="b17a7c8a-adfc-94b7-934e-f98ef9669086" testName="ProjectSession_OwnsSingleRetainedClimateStateInstance" computerName="DESKTOP-CVGB6OE" duration="00:00:00.0001060" startTime="2026-08-13T10:15:01.0788747+05:00" endTime="2026-08-13T10:15:01.0789803+05:00" testType="13cdc9d9-ddb5-4fa4-a97d-d965ccfc6d4b" outcome="Passed" testListId="8c84fa94-04c1-424b-9868-57a2d4851a1d" relativeResultsDirectory="e6446fc8-7ed2-4f23-b5f2-e1efc7c75519" />
    <UnitTestResult executionId="b2a3d396-4d3b-4380-bc28-75d468998531" testId="85ad7274-70a8-7d16-d08f-bf8ff5134fe5" testName="DetermineZone_ExactlyMinus37_ReturnsZoneM20" computerName="DESKTOP-CVGB6OE" duration="00:00:00.0000270" startTime="2026-08-13T10:14:51.4180807+05:00" endTime="2026-08-13T10:14:51.4181078+05:00" testType="13cdc9d9-ddb5-4fa4-a97d-d965ccfc6d4b" outcome="Passed" testListId="8c84fa94-04c1-424b-9868-57a2d4851a1d" relativeResultsDirectory="b2a3d396-4d3b-4380-bc28-75d468998531" />
    <UnitTestResult executionId="2e86a55a-cb10-4fed-a3f8-3b4c35d6a49d" testId="45d9c829-5393-df0f-7db8-36b59982cd26" testName="AddAsync_WhitespaceCityId_DoesNothing" computerName="DESKTOP-CVGB6OE" duration="00:00:00.0003150" startTime="2026-08-13T10:15:01.0701568+05:00" endTime="2026-08-13T10:15:01.0704721+05:00" testType="13cdc9d9-ddb5-4fa4-a97d-d965ccfc6d4b" outcome="Passed" testListId="8c84fa94-04c1-424b-9868-57a2d4851a1d" relativeResultsDirectory="2e86a55a-cb10-4fed-a3f8-3b4c35d6a49d" />
    <UnitTestResult executionId="ce64f3ec-2486-4506-a36b-70dbe6d411fa" testId="188f45eb-3d7f-1efa-7d40-83d182ab9859" testName="Норильск_T5Days-42_ZoneM20" computerName="DESKTOP-CVGB6OE" duration="00:00:00.0008600" startTime="2026-08-13T10:14:51.5806928+05:00" endTime="2026-08-13T10:14:51.5815523+05:00" testType="13cdc9d9-ddb5-4fa4-a97d-d965ccfc6d4b" outcome="Passed" testListId="8c84fa94-04c1-424b-9868-57a2d4851a1d" relativeResultsDirectory="ce64f3ec-2486-4506-a36b-70dbe6d411fa" />
    <UnitTestResult executionId="16b99b65-e929-4e5c-ab72-0fab53f6cbe1" testId="38f990a7-c556-be9a-5937-e6be435fae50" testName="GetCityByName_NonExistingCity_ReturnsNull" computerName="DESKTOP-CVGB6OE" duration="00:00:00.0002470" startTime="2026-08-13T10:14:51.4192188+05:00" endTime="2026-08-13T10:14:51.4194658+05:00" testType="13cdc9d9-ddb5-4fa4-a97d-d965ccfc6d4b" outcome="Passed" testListId="8c84fa94-04c1-424b-9868-57a2d4851a1d" relativeResultsDirectory="16b99b65-e929-4e5c-ab72-0fab53f6cbe1" />
    <UnitTestResult executionId="7aff038b-ac80-4c22-9958-2fdc97e04faa" testId="8366fc5d-a9f6-297e-7996-7f0d18c595f3" testName="TemperatureDisplay_ForZeroTemperature_ReturnsCorrectFormat" computerName="DESKTOP-CVGB6OE" duration="00:00:00.0000330" startTime="2026-08-13T10:14:51.6450488+05:00" endTime="2026-08-13T10:14:51.6450817+05:00" testType="13cdc9d9-ddb5-4fa4-a97d-d965ccfc6d4b" outcome="Passed" testListId="8c84fa94-04c1-424b-9868-57a2d4851a1d" relativeResultsDirectory="7aff038b-ac80-4c22-9958-2fdc97e04faa" />
    <UnitTestResult executionId="89c54a81-bf77-417c-88b7-696bebd9cf9b" testId="f86ff7d2-d7ee-9885-4203-24719cb04cb1" testName="BeginProjectRestore_DisposeOuter_ClearsGuard_And_RaisesPropertyChanged_Once" computerName="DESKTOP-CVGB6OE" duration="00:00:00.0002290" startTime="2026-08-13T10:15:01.1236933+05:00" endTime="2026-08-13T10:15:01.1239218+05:00" testType="13cdc9d9-ddb5-4fa4-a97d-d965ccfc6d4b" outcome="Passed" testListId="8c84fa94-04c1-424b-9868-57a2d4851a1d" relativeResultsDirectory="89c54a81-bf77-417c-88b7-696bebd9cf9b" />
    <UnitTestResult executionId="b88e6a64-d7a1-43ef-bc73-fe7fbd15e6da" testId="239b55af-470b-0a85-a950-2f5f062f8710" testName="ResolveView_ResultsRefreshFailureUsesExistingFallbackWithoutCachingResultsView" computerName="DESKTOP-CVGB6OE" duration="00:00:00.0038640" startTime="2026-08-13T10:15:01.2289925+05:00" endTime="2026-08-13T10:15:01.2328561+05:00" testType="13cdc9d9-ddb5-4fa4-a97d-d965ccfc6d4b" outcome="Passed" testListId="8c84fa94-04c1-424b-9868-57a2d4851a1d" relativeResultsDirectory="b88e6a64-d7a1-43ef-bc73-fe7fbd15e6da" />
    <UnitTestResult executionId="f4c52a19-286a-4e2f-9fb5-7b3af77e1ff8" testId="33932ad0-f015-612b-cbfd-68c94b1db251" testName="ApplyProjectSnapshot_SameData_IsNoOp" computerName="DESKTOP-CVGB6OE" duration="00:00:00.0001120" startTime="2026-08-13T10:15:01.0781104+05:00" endTime="2026-08-13T10:15:01.0782221+05:00" testType="13cdc9d9-ddb5-4fa4-a97d-d965ccfc6d4b" outcome="Passed" testListId="8c84fa94-04c1-424b-9868-57a2d4851a1d" relativeResultsDirectory="f4c52a19-286a-4e2f-9fb5-7b3af77e1ff8" />
    <UnitTestResult executionId="f9634c22-fa3b-46ed-9859-b4d774cadefb" testId="8e240bb2-bb17-ee15-2dc1-ffe88d666d13" testName="DetermineZone_BelowMinus37_ReturnsZoneM20" computerName="DESKTOP-CVGB6OE" duration="00:00:00.0001270" startTime="2026-08-13T10:14:51.4178669+05:00" endTime="2026-08-13T10:14:51.4179937+05:00" testType="13cdc9d9-ddb5-4fa4-a97d-d965ccfc6d4b" outcome="Passed" testListId="8c84fa94-04c1-424b-9868-57a2d4851a1d" relativeResultsDirectory="f9634c22-fa3b-46ed-9859-b4d774cadefb" />
    <UnitTestResult executionId="b41432d6-de13-4fec-a9a1-94a2f6be5331" testId="5203727d-e403-ecfa-1968-d37ff135daaf" testName="BeginProjectRestore_NestedLeases_FinalExitSubscriberThrows_ClearsGuardAndKeepsLeasesIdempotent" computerName="DESKTOP-CVGB6OE" duration="00:00:00.0010070" startTime="2026-08-13T10:15:01.1246988+05:00" endTime="2026-08-13T10:15:01.1257053+05:00" testType="13cdc9d9-ddb5-4fa4-a97d-d965ccfc6d4b" outcome="Passed" testListId="8c84fa94-04c1-424b-9868-57a2d4851a1d" relativeResultsDirectory="b41432d6-de13-4fec-a9a1-94a2f6be5331" />
    <UnitTestResult executionId="e88f2741-9b54-4625-9822-cbf793dc33e7" testId="c5399f3f-3a8b-9c15-c6ab-0ff36c644ad0" testName="UpdateConstruction_ValidData_RaisesContextChanged" computerName="DESKTOP-CVGB6OE" duration="00:00:00.0001190" startTime="2026-08-13T10:14:51.5190156+05:00" endTime="2026-08-13T10:14:51.5191343+05:00" testType="13cdc9d9-ddb5-4fa4-a97d-d965ccfc6d4b" outcome="Passed" testListId="8c84fa94-04c1-424b-9868-57a2d4851a1d" relativeResultsDirectory="e88f2741-9b54-4625-9822-cbf793dc33e7" />
    <UnitTestResult executionId="6c4d97a1-1a0f-4dc3-9f51-3786201e251e" testId="036fcdd4-85ae-69ac-1dfa-21ead4164680" testName="ResultsViewModel_LoadProject_TwoCollectors_RestoresIndependentSummaryCards" computerName="DESKTOP-CVGB6OE" duration="00:00:00.0170020" startTime="2026-08-13T10:15:10.5435817+05:00" endTime="2026-08-13T10:15:10.5605829+05:00" testType="13cdc9d9-ddb5-4fa4-a97d-d965ccfc6d4b" outcome="Passed" testListId="8c84fa94-04c1-424b-9868-57a2d4851a1d" relativeResultsDirectory="6c4d97a1-1a0f-4dc3-9f51-3786201e251e" />
    <UnitTestResult executionId="5c0c72ff-2f2e-436f-b873-23aa5054d8f4" testId="ac4b0b49-9f53-aab6-5461-bd658154155c" testName="UpdateFromClimateModule_TriggersSingleCalculate" computerName="DESKTOP-CVGB6OE" duration="00:00:00.0012810" startTime="2026-08-13T10:14:51.6236897+05:00" endTime="2026-08-13T10:14:51.6249701+05:00" testType="13cdc9d9-ddb5-4fa4-a97d-d965ccfc6d4b" outcome="Passed" testListId="8c84fa94-04c1-424b-9868-57a2d4851a1d" relativeResultsDirectory="5c0c72ff-2f2e-436f-b873-23aa5054d8f4" />
    <UnitTestResult executionId="38958cfc-9ca2-447b-9397-4d1cd447c936" testId="b56e7b69-b014-688c-a6e5-68fc7c2dadf9" testName="CalculationStateService_HasNoLocalRestoreGuardBackingField" computerName="DESKTOP-CVGB6OE" duration="00:00:00.0005230" startTime="2026-08-13T10:15:01.1229873+05:00" endTime="2026-08-13T10:15:01.1235104+05:00" testType="13cdc9d9-ddb5-4fa4-a97d-d965ccfc6d4b" outcome="Passed" testListId="8c84fa94-04c1-424b-9868-57a2d4851a1d" relativeResultsDirectory="38958cfc-9ca2-447b-9397-4d1cd447c936" />
    <UnitTestResult executionId="01b28725-d4fd-4abb-8e6d-a7d5661823c9" testId="46a273e3-5d5d-c30d-e92b-d7bde076f5b8" testName="ProjectRoundTrip_PreservesLambdaValueButResetsOverrideFlag" computerName="DESKTOP-CVGB6OE" duration="00:00:00.0048490" startTime="2026-08-13T10:15:10.5272821+05:00" endTime="2026-08-13T10:15:10.5321306+05:00" testType="13cdc9d9-ddb5-4fa4-a97d-d965ccfc6d4b" outcome="Passed" testListId="8c84fa94-04c1-424b-9868-57a2d4851a1d" relativeResultsDirectory="01b28725-d4fd-4abb-8e6d-a7d5661823c9" />
    <UnitTestResult executionId="fdff5bc0-5363-4be9-b016-695f039f44c2" testId="856768a1-9ba2-e0b0-4777-8108e2231ea7" testName="ClimateMultiplicity_SameCitySelection_IsACompatibilityNoOp" computerName="DESKTOP-CVGB6OE" duration="00:00:00.0000989" startTime="2026-08-13T10:14:51.4648934+05:00" endTime="2026-08-13T10:14:51.4649919+05:00" testType="13cdc9d9-ddb5-4fa4-a97d-d965ccfc6d4b" outcome="Passed" testListId="8c84fa94-04c1-424b-9868-57a2d4851a1d" relativeResultsDirectory="fdff5bc0-5363-4be9-b016-695f039f44c2" />
    <UnitTestResult executionId="733a2b15-72b7-4b39-b6bd-dcbbb3651ab3" testId="4c9343c4-108a-636e-4127-011a54b1780b" testName="ClimateData_PropertiesAreNotPubliclySettable" computerName="DESKTOP-CVGB6OE" duration="00:00:00.0007270" startTime="2026-08-13T10:14:51.3938436+05:00" endTime="2026-08-13T10:14:51.3945709+05:00" testType="13cdc9d9-ddb5-4fa4-a97d-d965ccfc6d4b" outcome="Passed" testListId="8c84fa94-04c1-424b-9868-57a2d4851a1d" relativeResultsDirectory="733a2b15-72b7-4b39-b6bd-dcbbb3651ab3" />
    <UnitTestResult executionId="1a293d70-0b88-4c89-a798-99457ff2e6fa" testId="2d24f928-2aac-ac6e-7345-8aba93933f53" testName="SearchHistoryEntry_DefaultValues_AreCorrect" computerName="DESKTOP-CVGB6OE" duration="00:00:00.0000699" startTime="2026-08-13T10:14:51.6478320+05:00" endTime="2026-08-13T10:14:51.6479018+05:00" testType="13cdc9d9-ddb5-4fa4-a97d-d965ccfc6d4b" outcome="Passed" testListId="8c84fa94-04c1-424b-9868-57a2d4851a1d" relativeResultsDirectory="1a293d70-0b88-4c89-a798-99457ff2e6fa" />
    <UnitTestResult executionId="7f9db78b-47a7-4963-bbcd-e6268444505e" testId="8824a3c6-0b3c-55b1-29e2-48930f4ee090" testName="ProjectLoadOrchestrator_PreservesLoadOnlyThermalFallbackBoundary" computerName="DESKTOP-CVGB6OE" duration="00:00:00.0030660" startTime="2026-08-13T10:15:01.3117451+05:00" endTime="2026-08-13T10:15:01.3148109+05:00" testType="13cdc9d9-ddb5-4fa4-a97d-d965ccfc6d4b" outcome="Passed" testListId="8c84fa94-04c1-424b-9868-57a2d4851a1d" relativeResultsDirectory="7f9db78b-47a7-4963-bbcd-e6268444505e" />
    <UnitTestResult executionId="828c14b5-baf6-4002-a82b-24a87223887b" testId="3ce725d2-9b50-031c-009e-45aa16df1511" testName="ClimateMultiplicity_ResetToCityData_EmitsLegacyUpdatesForEachRestoredScalarAndCompletion" computerName="DESKTOP-CVGB6OE" duration="00:00:00.0004360" startTime="2026-08-13T10:14:51.4644473+05:00" endTime="2026-08-13T10:14:51.4648832+05:00" testType="13cdc9d9-ddb5-4fa4-a97d-d965ccfc6d4b" outcome="Passed" testListId="8c84fa94-04c1-424b-9868-57a2d4851a1d" relativeResultsDirectory="828c14b5-baf6-4002-a82b-24a87223887b" />
    <UnitTestResult executionId="6e6221e5-b72e-46f6-9c52-c3518dc613ee" testId="233c5f47-ed4f-7bcc-4e7e-6a956c64d685" testName="Validate_ValidClimateData_ReturnsValid" computerName="DESKTOP-CVGB6OE" duration="00:00:00.0001090" startTime="2026-08-13T10:15:01.0664804+05:00" endTime="2026-08-13T10:15:01.0665900+05:00" testType="13cdc9d9-ddb5-4fa4-a97d-d965ccfc6d4b" outcome="Passed" testListId="8c84fa94-04c1-424b-9868-57a2d4851a1d" relativeResultsDirectory="6e6221e5-b72e-46f6-9c52-c3518dc613ee" />
    <UnitTestResult executionId="96f6126a-be98-44ca-92ff-72cfbd166573" testId="c530aa5b-2cbc-574c-673c-e1e4b40184fe" testName="Validate_WindSpeedJustBelowMinimum_ReturnsInvalid" computerName="DESKTOP-CVGB6OE" duration="00:00:00.0000330" startTime="2026-08-13T10:15:01.0666673+05:00" endTime="2026-08-13T10:15:01.0667005+05:00" testType="13cdc9d9-ddb5-4fa4-a97d-d965ccfc6d4b" outcome="Passed" testListId="8c84fa94-04c1-424b-9868-57a2d4851a1d" relativeResultsDirectory="96f6126a-be98-44ca-92ff-72cfbd166573" />
    <UnitTestResult executionId="f5dea81f-8a97-40e9-a477-5e167c1237ed" testId="7c7b3ec1-de89-3b5a-dedc-faacc3950382" testName="SearchCitiesAsync_ShortQuery_ReturnsEmpty" computerName="DESKTOP-CVGB6OE" duration="00:00:00.0002620" startTime="2026-08-13T10:14:51.4207356+05:00" endTime="2026-08-13T10:14:51.4209980+05:00" testType="13cdc9d9-ddb5-4fa4-a97d-d965ccfc6d4b" outcome="Passed" testListId="8c84fa94-04c1-424b-9868-57a2d4851a1d" relativeResultsDirectory="f5dea81f-8a97-40e9-a477-5e167c1237ed" />
    <UnitTestResult executionId="1ca93785-187d-4071-84e7-5a3da061ef65" testId="f76ce688-7364-78d1-28df-e4d974900bb6" testName="Сочи_HighRequirements_ZoneM20Plus" computerName="DESKTOP-CVGB6OE" duration="00:00:00.0008850" startTime="2026-08-13T10:14:51.5815662+05:00" endTime="2026-08-13T10:14:51.5824509+05:00" testType="13cdc9d9-ddb5-4fa4-a97d-d965ccfc6d4b" outcome="Passed" testListId="8c84fa94-04c1-424b-9868-57a2d4851a1d" relativeResultsDirectory="1ca93785-187d-4071-84e7-5a3da061ef65" />
    <UnitTestResult executionId="0cdd6626-4a9d-4662-bdb0-42283669c6f3" testId="a4de551f-f8a0-f3b7-5373-a4226115864d" testName="SaveThenLoad_ClimateFields_RoundTrip" computerName="DESKTOP-CVGB6OE" duration="00:00:00.0032240" startTime="2026-08-13T10:14:51.7290533+05:00" endTime="2026-08-13T10:14:51.7322770+05:00" testType="13cdc9d9-ddb5-4fa4-a97d-d965ccfc6d4b" outcome="Passed" testListId="8c84fa94-04c1-424b-9868-57a2d4851a1d" relativeResultsDirectory="0cdd6626-4a9d-4662-bdb0-42283669c6f3" />
    <UnitTestResult executionId="b56dfc99-1c76-47f7-9945-b5f4490ce35c" testId="a9531e65-ed88-d395-2ff2-e9f89a746522" testName="SameGlycolConcentration_DoesNotTriggerDuplicateCalculate" computerName="DESKTOP-CVGB6OE" duration="00:00:00.0013740" startTime="2026-08-13T10:14:51.6184835+05:00" endTime="2026-08-13T10:14:51.6198571+05:00" testType="13cdc9d9-ddb5-4fa4-a97d-d965ccfc6d4b" outcome="Passed" testListId="8c84fa94-04c1-424b-9868-57a2d4851a1d" relativeResultsDirectory="b56dfc99-1c76-47f7-9945-b5f4490ce35c" />
    <UnitTestResult executionId="43c922aa-1555-48a3-a1f1-0183ae44d0bc" testId="f523b7ad-a7cb-93b9-8c3d-dae4293f5bfb" testName="ConstructionViewModel_Reset_ReturnsToDefaultsAndDoesNotMarkDirty" computerName="DESKTOP-CVGB6OE" duration="00:00:00.0058230" startTime="2026-08-13T10:15:01.1691804+05:00" endTime="2026-08-13T10:15:01.1750028+05:00" testType="13cdc9d9-ddb5-4fa4-a97d-d965ccfc6d4b" outcome="Passed" testListId="8c84fa94-04c1-424b-9868-57a2d4851a1d" relativeResultsDirectory="43c922aa-1555-48a3-a1f1-0183ae44d0bc" />
    <UnitTestResult executionId="7806afd3-1a5b-41ac-a5db-e1d71b160ae2" testId="87989ee6-8250-1d2b-dc34-9ebef9970303" testName="MatchType_CanParseFromString" computerName="DESKTOP-CVGB6OE" duration="00:00:00.0003140" startTime="2026-08-13T10:14:51.6451377+05:00" endTime="2026-08-13T10:14:51.6454517+05:00" testType="13cdc9d9-ddb5-4fa4-a97d-d965ccfc6d4b" outcome="Passed" testListId="8c84fa94-04c1-424b-9868-57a2d4851a1d" relativeResultsDirectory="7806afd3-1a5b-41ac-a5db-e1d71b160ae2" />
    <UnitTestResult executionId="2fe23588-b035-46a5-8830-f4b05dc08e07" testId="357b38dc-6e5c-e799-fa05-9b3e76ecde6d" testName="OnClimatePropertyChanged_WhenAirTemperatureChanged_UpdatesDesignTemperature" computerName="DESKTOP-CVGB6OE" duration="00:00:00.0021090" startTime="2026-08-13T10:14:51.5906545+05:00" endTime="2026-08-13T10:14:51.5927630+05:00" testType="13cdc9d9-ddb5-4fa4-a97d-d965ccfc6d4b" outcome="Passed" testListId="8c84fa94-04c1-424b-9868-57a2d4851a1d" relativeResultsDirectory="2fe23588-b035-46a5-8830-f4b05dc08e07" />
    <UnitTestResult executionId="1be4064b-7254-4f5e-9ef1-a773fe8d3b69" testId="32d09117-7534-c74c-c9ed-19f165adb58e" testName="SaveToHistoryAsync_WithoutHistoryRepository_DoesNotThrow" computerName="DESKTOP-CVGB6OE" duration="00:00:00.0005220" startTime="2026-08-13T10:14:51.4116726+05:00" endTime="2026-08-13T10:14:51.4121941+05:00" testType="13cdc9d9-ddb5-4fa4-a97d-d965ccfc6d4b" outcome="Passed" testListId="8c84fa94-04c1-424b-9868-57a2d4851a1d" relativeResultsDirectory="1be4064b-7254-4f5e-9ef1-a773fe8d3b69" />
    <UnitTestResult executionId="69681ef8-5980-4d14-864a-de72206772f2" testId="5293543c-c89e-a5be-8de3-6beb4e4ef7dd" testName="AddAsync_DuplicateCityId_ShouldThrowException" computerName="DESKTOP-CVGB6OE" duration="00:00:00.6378260" startTime="2026-08-13T10:14:51.7375508+05:00" endTime="2026-08-13T10:14:52.3753747+05:00" testType="13cdc9d9-ddb5-4fa4-a97d-d965ccfc6d4b" outcome="Passed" testListId="8c84fa94-04c1-424b-9868-57a2d4851a1d" relativeResultsDirectory="69681ef8-5980-4d14-864a-de72206772f2" />
    <UnitTestResult executionId="6e495370-7b21-44d0-910b-666729f2ab90" testId="4bb52d46-5911-3942-c78d-fedb816aef2d" testName="Properties_ReturnCorrectValues" computerName="DESKTOP-CVGB6OE" duration="00:00:00.0003760" startTime="2026-08-13T10:14:51.5180875+05:00" endTime="2026-08-13T10:14:51.5184629+05:00" testType="13cdc9d9-ddb5-4fa4-a97d-d965ccfc6d4b" outcome="Passed" testListId="8c84fa94-04c1-424b-9868-57a2d4851a1d" relativeResultsDirectory="6e495370-7b21-44d0-910b-666729f2ab90" />
    <UnitTestResult executionId="4424dcd4-61ae-4e03-87e0-2fa56441e5e6" testId="58ac5965-0dc8-0bad-3c30-8052b3797f4e" testName="ClimateChange_AfterThermalChange_Recalculates" computerName="DESKTOP-CVGB6OE" duration="00:00:00.0018010" startTime="2026-08-13T10:14:51.5703397+05:00" endTime="2026-08-13T10:14:51.5721406+05:00" testType="13cdc9d9-ddb5-4fa4-a97d-d965ccfc6d4b" outcome="Passed" testListId="8c84fa94-04c1-424b-9868-57a2d4851a1d" relativeResultsDirectory="4424dcd4-61ae-4e03-87e0-2fa56441e5e6" />
    <UnitTestResult executionId="0d37dda9-5f94-49e2-b917-8780618da69b" testId="0648d2a0-77ca-dc2b-8239-3f499a5cf99f" testName="ClimateMultiplicity_SameValueScalarEdit_IsACompatibilityNoOp" computerName="DESKTOP-CVGB6OE" duration="00:00:00.0000680" startTime="2026-08-13T10:14:51.4649969+05:00" endTime="2026-08-13T10:14:51.4650654+05:00" testType="13cdc9d9-ddb5-4fa4-a97d-d965ccfc6d4b" outcome="Passed" testListId="8c84fa94-04c1-424b-9868-57a2d4851a1d" relativeResultsDirectory="0d37dda9-5f94-49e2-b917-8780618da69b" />
    <UnitTestResult executionId="0b1b06a8-b82c-4e87-91c4-d0b607681d7a" testId="7012d070-d06e-db66-32b0-358b3dcab2ce" testName="ClimateAndThermalChanges_BothUpdateInputData" computerName="DESKTOP-CVGB6OE" duration="00:00:00.0018220" startTime="2026-08-13T10:14:51.5684889+05:00" endTime="2026-08-13T10:14:51.5703104+05:00" testType="13cdc9d9-ddb5-4fa4-a97d-d965ccfc6d4b" outcome="Passed" testListId="8c84fa94-04c1-424b-9868-57a2d4851a1d" relativeResultsDirectory="0b1b06a8-b82c-4e87-91c4-d0b607681d7a" />
    <UnitTestResult executionId="863deb63-f0b0-4613-bf30-767cfbbbb45e" testId="4a08504e-9919-d9fa-7dc1-f76ba1cfde85" testName="Validate_InvalidTemperature_ReturnsFalse" computerName="DESKTOP-CVGB6OE" duration="00:00:00.0001050" startTime="2026-08-13T10:14:51.5051901+05:00" endTime="2026-08-13T10:14:51.5052946+05:00" testType="13cdc9d9-ddb5-4fa4-a97d-d965ccfc6d4b" outcome="Passed" testListId="8c84fa94-04c1-424b-9868-57a2d4851a1d" relativeResultsDirectory="863deb63-f0b0-4613-bf30-767cfbbbb45e" />
    <UnitTestResult executionId="1ab498ee-3631-4567-a0fc-9dc6493b0c18" testId="f8ceea38-c00f-5445-8d4e-e27a7e7025d5" testName="Validate_TwoInvalidProperties_ReturnsTwoErrors" computerName="DESKTOP-CVGB6OE" duration="00:00:00.0001570" startTime="2026-08-13T10:15:01.0663156+05:00" endTime="2026-08-13T10:15:01.0664727+05:00" testType="13cdc9d9-ddb5-4fa4-a97d-d965ccfc6d4b" outcome="Passed" testListId="8c84fa94-04c1-424b-9868-57a2d4851a1d" relativeResultsDirectory="1ab498ee-3631-4567-a0fc-9dc6493b0c18" />
    <UnitTestResult executionId="caa1177c-9585-478c-9e9c-36389be0602b" testId="2fa672d0-1e38-1145-6480-b85e958dbde2" testName="RefreshAll_ProjectsCollectorCircuitSpecificationsEquipmentCardsAndKpi" computerName="DESKTOP-CVGB6OE" duration="00:00:00.0037060" startTime="2026-08-13T10:15:01.3148455+05:00" endTime="2026-08-13T10:15:01.3185514+05:00" testType="13cdc9d9-ddb5-4fa4-a97d-d965ccfc6d4b" outcome="Passed" testListId="8c84fa94-04c1-424b-9868-57a2d4851a1d" relativeResultsDirectory="caa1177c-9585-478c-9e9c-36389be0602b" />
    <UnitTestResult executionId="0bfe50b9-1b1e-4586-805c-cfb1638ed60a" testId="82225e6b-e55d-98cb-8a18-a0c6a6eb8155" testName="ClimateMultiplicity_HighRequirementsToggle_EmitsNestedScalarAndToggleUpdates" computerName="DESKTOP-CVGB6OE" duration="00:00:00.0381639" startTime="2026-08-13T10:14:51.4216941+05:00" endTime="2026-08-13T10:14:51.4598578+05:00" testType="13cdc9d9-ddb5-4fa4-a97d-d965ccfc6d4b" outcome="Passed" testListId="8c84fa94-04c1-424b-9868-57a2d4851a1d" relativeResultsDirectory="0bfe50b9-1b1e-4586-805c-cfb1638ed60a" />
    <UnitTestResult executionId="b0cc32a4-49ec-4cc0-9c1e-6b765a66f178" testId="6baa7f26-071c-645d-bd3b-f472dc78e8e0" testName="DependencyInjection_ResolvesSameCanonicalInstance_ForAllLifecycleInterfaces" computerName="DESKTOP-CVGB6OE" duration="00:00:00.0004970" startTime="2026-08-13T10:15:01.1548777+05:00" endTime="2026-08-13T10:15:01.1553741+05:00" testType="13cdc9d9-ddb5-4fa4-a97d-d965ccfc6d4b" outcome="Passed" testListId="8c84fa94-04c1-424b-9868-57a2d4851a1d" relativeResultsDirectory="b0cc32a4-49ec-4cc0-9c1e-6b765a66f178" />
    <UnitTestResult executionId="c383ef79-63b7-4768-9591-bb3bbeec911d" testId="9189e004-f82b-592e-4b6b-6e615ab65ae8" testName="UpdateThermalInputs_DoesNotLeaveStaleHydraulicsResults" computerName="DESKTOP-CVGB6OE" duration="00:00:00.0000610" startTime="2026-08-13T10:14:51.5177822+05:00" endTime="2026-08-13T10:14:51.5178428+05:00" testType="13cdc9d9-ddb5-4fa4-a97d-d965ccfc6d4b" outcome="Passed" testListId="8c84fa94-04c1-424b-9868-57a2d4851a1d" relativeResultsDirectory="c383ef79-63b7-4768-9591-bb3bbeec911d" />
    <UnitTestResult executionId="a5ebded8-ab2d-434e-a5d1-61e27e097ec6" testId="2092fe35-2dc2-b9cd-4c28-5a9b60ad0ea4" testName="Validate_BoundaryWindSpeed_ReturnsValid" computerName="DESKTOP-CVGB6OE" duration="00:00:00.0000440" startTime="2026-08-13T10:15:01.0656768+05:00" endTime="2026-08-13T10:15:01.0657208+05:00" testType="13cdc9d9-ddb5-4fa4-a97d-d965ccfc6d4b" outcome="Passed" testListId="8c84fa94-04c1-424b-9868-57a2d4851a1d" relativeResultsDirectory="a5ebded8-ab2d-434e-a5d1-61e27e097ec6" />
    <UnitTestResult executionId="fb06895e-b8ba-451b-8837-dd30f61317d1" testId="1bdae2dc-0df7-0116-1a28-6310e1ad4e1f" testName="ProjectObject_Setter_ThrowsArgumentNullException_ForNull" computerName="DESKTOP-CVGB6OE" duration="00:00:00.0002340" startTime="2026-08-13T10:15:01.1566864+05:00" endTime="2026-08-13T10:15:01.1569200+05:00" testType="13cdc9d9-ddb5-4fa4-a97d-d965ccfc6d4b" outcome="Passed" testListId="8c84fa94-04c1-424b-9868-57a2d4851a1d" relativeResultsDirectory="fb06895e-b8ba-451b-8837-dd30f61317d1" />
    <UnitTestResult executionId="30771277-3b18-4f3b-bac5-34f8e99fc5d9" testId="19525d88-eeb1-0c02-ee5f-a83fcc6ec11e" testName="OnGlycolTypeChanged_TriggersSingleCalculate" computerName="DESKTOP-CVGB6OE" duration="00:00:00.0014380" startTime="2026-08-13T10:14:51.6134382+05:00" endTime="2026-08-13T10:14:51.6148757+05:00" testType="13cdc9d9-ddb5-4fa4-a97d-d965ccfc6d4b" outcome="Passed" testListId="8c84fa94-04c1-424b-9868-57a2d4851a1d" relativeResultsDirectory="30771277-3b18-4f3b-bac5-34f8e99fc5d9" />
    <UnitTestResult executionId="6eb9fada-155a-4f0f-8277-e59f27169cf3" testId="31afbb19-5a6b-01d6-64b2-de983d8ff85f" testName="Changed_Event_IncludesOriginAndSnapshots" computerName="DESKTOP-CVGB6OE" duration="00:00:00.0003280" startTime="2026-08-13T10:15:01.0783116+05:00" endTime="2026-08-13T10:15:01.0786392+05:00" testType="13cdc9d9-ddb5-4fa4-a97d-d965ccfc6d4b" outcome="Passed" testListId="8c84fa94-04c1-424b-9868-57a2d4851a1d" relativeResultsDirectory="6eb9fada-155a-4f0f-8277-e59f27169cf3" />
    <UnitTestResult executionId="1804a72e-a96b-45ad-be79-7ae729dedc01" testId="03c11344-6edf-1d48-f5e5-646084d98319" testName="ResultsCommands_RefreshBeforeConsumingOrExportingData(&quot;PreviewPdf&quot;)" computerName="DESKTOP-CVGB6OE" duration="00:00:00.0028300" startTime="2026-08-13T10:15:01.2346888+05:00" endTime="2026-08-13T10:15:01.2375185+05:00" testType="13cdc9d9-ddb5-4fa4-a97d-d965ccfc6d4b" outcome="Passed" testListId="8c84fa94-04c1-424b-9868-57a2d4851a1d" relativeResultsDirectory="1804a72e-a96b-45ad-be79-7ae729dedc01" />
    <UnitTestResult executionId="dac416a3-94b2-4df2-825d-9698a50bd902" testId="15b3276b-e926-c362-0817-094a49cc1935" testName="LegacyInterfaces_ObserveCanonicalStateChanges" computerName="DESKTOP-CVGB6OE" duration="00:00:00.0001920" startTime="2026-08-13T10:15:01.1555610+05:00" endTime="2026-08-13T10:15:01.1557529+05:00" testType="13cdc9d9-ddb5-4fa4-a97d-d965ccfc6d4b" outcome="Passed" testListId="8c84fa94-04c1-424b-9868-57a2d4851a1d" relativeResultsDirectory="dac416a3-94b2-4df2-825d-9698a50bd902" />
    <UnitTestResult executionId="af864959-843e-4445-95f1-84f3a9f2e7f2" testId="0f89dff6-96ac-973b-e29d-6528206ace88" testName="Reset_ClearsAllDataAndResults" computerName="DESKTOP-CVGB6OE" duration="00:00:00.0109920" startTime="2026-08-13T10:14:51.5055745+05:00" endTime="2026-08-13T10:14:51.5165662+05:00" testType="13cdc9d9-ddb5-4fa4-a97d-d965ccfc6d4b" outcome="Passed" testListId="8c84fa94-04c1-424b-9868-57a2d4851a1d" relativeResultsDirectory="af864959-843e-4445-95f1-84f3a9f2e7f2" />
    <UnitTestResult executionId="59956370-3432-475d-bc45-aed544ca4982" testId="3b34f71a-89f2-f3f8-000d-ce4e7076b201" testName="ClimateViewModel_Reset_ReturnsToDefaultsAndDoesNotMarkDirty" computerName="DESKTOP-CVGB6OE" duration="00:00:00.0010640" startTime="2026-08-13T10:15:01.1680989+05:00" endTime="2026-08-13T10:15:01.1691632+05:00" testType="13cdc9d9-ddb5-4fa4-a97d-d965ccfc6d4b" outcome="Passed" testListId="8c84fa94-04c1-424b-9868-57a2d4851a1d" relativeResultsDirectory="59956370-3432-475d-bc45-aed544ca4982" />
    <UnitTestResult executionId="5822bd34-3832-4f89-bde1-10c7f5db6112" testId="f30f77e9-0fa3-0ad8-e266-17278af5553d" testName="InitializeAsync_ShouldCreateTable" computerName="DESKTOP-CVGB6OE" duration="00:00:00.5875180" startTime="2026-08-13T10:14:58.5583778+05:00" endTime="2026-08-13T10:14:59.1458944+05:00" testType="13cdc9d9-ddb5-4fa4-a97d-d965ccfc6d4b" outcome="Passed" testListId="8c84fa94-04c1-424b-9868-57a2d4851a1d" relativeResultsDirectory="5822bd34-3832-4f89-bde1-10c7f5db6112" />
    <UnitTestResult executionId="9e50ee8d-4afe-4f16-b011-f5b4150798e3" testId="46fa58f9-9e8d-d292-8079-a966e43c178b" testName="ClimateLifecycleDescriptors_HaveNoTransientSecondOwner" computerName="DESKTOP-CVGB6OE" duration="00:00:00.0009880" startTime="2026-08-13T10:15:01.2736239+05:00" endTime="2026-08-13T10:15:01.2746117+05:00" testType="13cdc9d9-ddb5-4fa4-a97d-d965ccfc6d4b" outcome="Passed" testListId="8c84fa94-04c1-424b-9868-57a2d4851a1d" relativeResultsDirectory="9e50ee8d-4afe-4f16-b011-f5b4150798e3" />
    <UnitTestResult executionId="19a08b1f-32b1-4ddc-bde6-bebd2fba614a" testId="961b498b-d26f-0a83-7816-dd5673b3eb3e" testName="BeginProjectRestore_NestedLeases_DisposeOuterThenInner_PreservesGuardUntilFinalExit" computerName="DESKTOP-CVGB6OE" duration="00:00:00.0002220" startTime="2026-08-13T10:15:01.1244679+05:00" endTime="2026-08-13T10:15:01.1246899+05:00" testType="13cdc9d9-ddb5-4fa4-a97d-d965ccfc6d4b" outcome="Passed" testListId="8c84fa94-04c1-424b-9868-57a2d4851a1d" relativeResultsDirectory="19a08b1f-32b1-4ddc-bde6-bebd2fba614a" />
    <UnitTestResult executionId="a9df6fd5-52b9-4b10-b60d-c14fdd45d03e" testId="b24b81f2-408b-5fe6-0262-5fc36bb66127" testName="ClimateMultiplicity_SelectedCity_EmitsOneCompatibilityUpdatePerLegacyPropertyMutation" computerName="DESKTOP-CVGB6OE" duration="00:00:00.0001030" startTime="2026-08-13T10:14:51.4651464+05:00" endTime="2026-08-13T10:14:51.4652491+05:00" testType="13cdc9d9-ddb5-4fa4-a97d-d965ccfc6d4b" outcome="Passed" testListId="8c84fa94-04c1-424b-9868-57a2d4851a1d" relativeResultsDirectory="a9df6fd5-52b9-4b10-b60d-c14fdd45d03e" />
    <UnitTestResult executionId="e9fa9981-1d19-49a5-a50e-841fa8df6dc4" testId="d32c4c40-f1ab-7eaf-42c1-93b12b00da77" testName="SearchHistoryEntry_CanSetLastUsed" computerName="DESKTOP-CVGB6OE" duration="00:00:00.0014240" startTime="2026-08-13T10:14:51.6462656+05:00" endTime="2026-08-13T10:14:51.6476891+05:00" testType="13cdc9d9-ddb5-4fa4-a97d-d965ccfc6d4b" outcome="Passed" testListId="8c84fa94-04c1-424b-9868-57a2d4851a1d" relativeResultsDirectory="e9fa9981-1d19-49a5-a50e-841fa8df6dc4" />
    <UnitTestResult executionId="89654a75-bf57-44ce-ae7e-33e3aea35a1e" testId="a6e1cce5-161c-e6a1-6c55-426b83b6e9c5" testName="RefreshAll_WhenSourceStateIsUnchanged_IsValueIdempotentWithoutDuplicateRowsOrCalculation" computerName="DESKTOP-CVGB6OE" duration="00:00:00.0044539" startTime="2026-08-13T10:15:01.3232513+05:00" endTime="2026-08-13T10:15:01.3277054+05:00" testType="13cdc9d9-ddb5-4fa4-a97d-d965ccfc6d4b" outcome="Passed" testListId="8c84fa94-04c1-424b-9868-57a2d4851a1d" relativeResultsDirectory="89654a75-bf57-44ce-ae7e-33e3aea35a1e" />
    <UnitTestResult executionId="4fb67671-38cc-4718-87ba-d302c10e4273" testId="8c81b2a8-df7a-c63c-20fd-9c0b06330cd4" testName="ProjectRoundTrip_CustomTemplateSurvives" computerName="DESKTOP-CVGB6OE" duration="00:00:00.0222900" startTime="2026-08-13T10:15:01.2747598+05:00" endTime="2026-08-13T10:15:01.2970500+05:00" testType="13cdc9d9-ddb5-4fa4-a97d-d965ccfc6d4b" outcome="Passed" testListId="8c84fa94-04c1-424b-9868-57a2d4851a1d" relativeResultsDirectory="4fb67671-38cc-4718-87ba-d302c10e4273" />
    <UnitTestResult executionId="9c5b8182-5c0c-41da-aa22-131e5f3c3b26" testId="43a96d8d-0f21-690e-b248-347617bb11d4" testName="ClimateLifecycleConsumers_ObserveCanonicalProjectionChain" computerName="DESKTOP-CVGB6OE" duration="00:00:00.0342080" startTime="2026-08-13T10:15:01.2393817+05:00" endTime="2026-08-13T10:15:01.2735893+05:00" testType="13cdc9d9-ddb5-4fa4-a97d-d965ccfc6d4b" outcome="Passed" testListId="8c84fa94-04c1-424b-9868-57a2d4851a1d" relativeResultsDirectory="9c5b8182-5c0c-41da-aa22-131e5f3c3b26" />
    <UnitTestResult executionId="dac2589a-2f53-4cc2-9934-d890f7b50cf4" testId="931a7d43-8241-d237-56c8-0ba8ca4d4b88" testName="LoadProjectFromPathAsync_WhenFileNotFound_ShowsError" computerName="DESKTOP-CVGB6OE" duration="00:00:00.0026340" startTime="2026-08-13T10:15:01.3800813+05:00" endTime="2026-08-13T10:15:01.3827150+05:00" testType="13cdc9d9-ddb5-4fa4-a97d-d965ccfc6d4b" outcome="Passed" testListId="8c84fa94-04c1-424b-9868-57a2d4851a1d" relativeResultsDirectory="dac2589a-2f53-4cc2-9934-d890f7b50cf4" />
    <UnitTestResult executionId="3b34b103-8c8b-49d2-97a2-fc42cca7b0c2" testId="67ab1439-65d4-4301-eafa-cfb15374476e" testName="ClimateViewModel_PropertyChanged_SubscribedCorrectly" computerName="DESKTOP-CVGB6OE" duration="00:00:00.0010790" startTime="2026-08-13T10:14:51.5721610+05:00" endTime="2026-08-13T10:14:51.5732400+05:00" testType="13cdc9d9-ddb5-4fa4-a97d-d965ccfc6d4b" outcome="Passed" testListId="8c84fa94-04c1-424b-9868-57a2d4851a1d" relativeResultsDirectory="3b34b103-8c8b-49d2-97a2-fc42cca7b0c2" />
    <UnitTestResult executionId="09e06471-1798-4ecc-a619-f558c49b10d1" testId="f05ee5c8-ba6d-3986-b8e3-1d5663532f81" testName="Integration_MultipleCities_ShouldMaintainOrder" computerName="DESKTOP-CVGB6OE" duration="00:00:00.6552980" startTime="2026-08-13T10:14:59.1459851+05:00" endTime="2026-08-13T10:14:59.8012815+05:00" testType="13cdc9d9-ddb5-4fa4-a97d-d965ccfc6d4b" outcome="Passed" testListId="8c84fa94-04c1-424b-9868-57a2d4851a1d" relativeResultsDirectory="09e06471-1798-4ecc-a619-f558c49b10d1" />
    <UnitTestResult executionId="ffcebee6-11dc-446a-8db9-521e4b5f464e" testId="10601e34-c996-4a03-2603-156c8ff9a808" testName="ApplyIndividualEdit_SameValue_IsNoOp_NoEvent_NoDirty" computerName="DESKTOP-CVGB6OE" duration="00:00:00.0000910" startTime="2026-08-13T10:15:01.0774971+05:00" endTime="2026-08-13T10:15:01.0775885+05:00" testType="13cdc9d9-ddb5-4fa4-a97d-d965ccfc6d4b" outcome="Passed" testListId="8c84fa94-04c1-424b-9868-57a2d4851a1d" relativeResultsDirectory="ffcebee6-11dc-446a-8db9-521e4b5f464e" />
    <UnitTestResult executionId="f04f7369-a7d0-4a24-ba4b-61c7b70bb079" testId="96736c39-34ca-58aa-029b-9a2d476f96d8" testName="DetermineZone_BetweenMinus27AndMinus37_ReturnsZoneM15" computerName="DESKTOP-CVGB6OE" duration="00:00:00.0000430" startTime="2026-08-13T10:14:51.4180012+05:00" endTime="2026-08-13T10:14:51.4180442+05:00" testType="13cdc9d9-ddb5-4fa4-a97d-d965ccfc6d4b" outcome="Passed" testListId="8c84fa94-04c1-424b-9868-57a2d4851a1d" relativeResultsDirectory="f04f7369-a7d0-4a24-ba4b-61c7b70bb079" />
    <UnitTestResult executionId="84d19069-c650-403d-bf1c-16abe1b364cc" testId="fdf8d402-f402-11fe-4f34-360925bb6bbb" testName="SameThermalResult_DoesNotTriggerDuplicateCalculate" computerName="DESKTOP-CVGB6OE" duration="00:00:00.0011790" startTime="2026-08-13T10:14:51.6211498+05:00" endTime="2026-08-13T10:14:51.6223290+05:00" testType="13cdc9d9-ddb5-4fa4-a97d-d965ccfc6d4b" outcome="Passed" testListId="8c84fa94-04c1-424b-9868-57a2d4851a1d" relativeResultsDirectory="84d19069-c650-403d-bf1c-16abe1b364cc" />
    <UnitTestResult executionId="4870299e-29fc-4436-b875-f83dfe45fc8b" testId="93f8e75e-1cab-99a2-101c-95d7479f129f" testName="Validate_AirTemperatureTooHigh_ReturnsInvalid" computerName="DESKTOP-CVGB6OE" duration="00:00:00.0002720" startTime="2026-08-13T10:15:01.0651401+05:00" endTime="2026-08-13T10:15:01.0654123+05:00" testType="13cdc9d9-ddb5-4fa4-a97d-d965ccfc6d4b" outcome="Passed" testListId="8c84fa94-04c1-424b-9868-57a2d4851a1d" relativeResultsDirectory="4870299e-29fc-4436-b875-f83dfe45fc8b" />
    <UnitTestResult executionId="c3d93d16-3753-4441-8c53-bed560d144df" testId="4b48bfa2-cb48-ea00-97b0-9de9a3b80fa3" testName="ResultsCommands_RefreshBeforeConsumingOrExportingData(&quot;ExportExcel&quot;)" computerName="DESKTOP-CVGB6OE" duration="00:00:00.0002860" startTime="2026-08-13T10:15:01.2384822+05:00" endTime="2026-08-13T10:15:01.2387682+05:00" testType="13cdc9d9-ddb5-4fa4-a97d-d965ccfc6d4b" outcome="Passed" testListId="8c84fa94-04c1-424b-9868-57a2d4851a1d" relativeResultsDirectory="c3d93d16-3753-4441-8c53-bed560d144df" />
    <UnitTestResult executionId="50ea26ef-5986-4ffd-8a56-92191801912b" testId="c19d9811-16c9-3748-cf67-70b355ce3ac5" testName="DetermineZone_HighRequirements_ReturnsZoneM20Plus" computerName="DESKTOP-CVGB6OE" duration="00:00:00.0000600" startTime="2026-08-13T10:14:51.4183840+05:00" endTime="2026-08-13T10:14:51.4184435+05:00" testType="13cdc9d9-ddb5-4fa4-a97d-d965ccfc6d4b" outcome="Passed" testListId="8c84fa94-04c1-424b-9868-57a2d4851a1d" relativeResultsDirectory="50ea26ef-5986-4ffd-8a56-92191801912b" />
    <UnitTestResult executionId="0e3b6905-fe1c-40b2-be86-dd4f5b26a1f4" testId="57b87121-6168-7c71-f68b-cbe60e07c599" testName="ClimateStateLegacyStoreGuard_CapturesExactCurrentWriterAndProjectionInventory" computerName="DESKTOP-CVGB6OE" duration="00:00:00.0263620" startTime="2026-08-13T10:14:51.4653302+05:00" endTime="2026-08-13T10:14:51.4916920+05:00" testType="13cdc9d9-ddb5-4fa4-a97d-d965ccfc6d4b" outcome="Passed" testListId="8c84fa94-04c1-424b-9868-57a2d4851a1d" relativeResultsDirectory="0e3b6905-fe1c-40b2-be86-dd4f5b26a1f4" />
    <UnitTestResult executionId="a71ef7ac-af5c-43cc-b4a1-a70a1dae9de7" testId="339d1add-907d-8ac4-16e4-19d84d95da43" testName="Validate_SnowfallIntensityJustBelowMinimum_ReturnsInvalid" computerName="DESKTOP-CVGB6OE" duration="00:00:00.0000340" startTime="2026-08-13T10:15:01.0661099+05:00" endTime="2026-08-13T10:15:01.0661435+05:00" testType="13cdc9d9-ddb5-4fa4-a97d-d965ccfc6d4b" outcome="Passed" testListId="8c84fa94-04c1-424b-9868-57a2d4851a1d" relativeResultsDirectory="a71ef7ac-af5c-43cc-b4a1-a70a1dae9de7" />
    <UnitTestResult executionId="26c573c2-b286-4b01-8783-cfebaad8c390" testId="0dfbd3e2-04e6-a722-24f2-1f7db565e1d4" testName="BeginProjectRestore_NestedLeases_DisposeInnerThenOuter_PreservesGuardUntilFinalExit" computerName="DESKTOP-CVGB6OE" duration="00:00:00.0002810" startTime="2026-08-13T10:15:01.1241778+05:00" endTime="2026-08-13T10:15:01.1244589+05:00" testType="13cdc9d9-ddb5-4fa4-a97d-d965ccfc6d4b" outcome="Passed" testListId="8c84fa94-04c1-424b-9868-57a2d4851a1d" relativeResultsDirectory="26c573c2-b286-4b01-8783-cfebaad8c390" />
    <UnitTestResult executionId="89c4ffdf-0755-4c75-ab2b-d76921820223" testId="b15187f7-89e2-b76b-482c-e49ab9ba4fef" testName="LoadAndReopen_RefreshesProjectionAndLeavesProjectClean" computerName="DESKTOP-CVGB6OE" duration="00:00:00.0029229" startTime="2026-08-13T10:15:01.3087920+05:00" endTime="2026-08-13T10:15:01.3117147+05:00" testType="13cdc9d9-ddb5-4fa4-a97d-d965ccfc6d4b" outcome="Passed" testListId="8c84fa94-04c1-424b-9868-57a2d4851a1d" relativeResultsDirectory="89c4ffdf-0755-4c75-ab2b-d76921820223" />
    <UnitTestResult executionId="a653fad1-f438-42b0-a7bd-9d2010e7550f" testId="4de57a20-ce26-72b8-68a9-06aea605ae5a" testName="Validate_ZeroSnowfallIntensity_ReturnsTrue" computerName="DESKTOP-CVGB6OE" duration="00:00:00.0000340" startTime="2026-08-13T10:14:51.5054282+05:00" endTime="2026-08-13T10:14:51.5054626+05:00" testType="13cdc9d9-ddb5-4fa4-a97d-d965ccfc6d4b" outcome="Passed" testListId="8c84fa94-04c1-424b-9868-57a2d4851a1d" relativeResultsDirectory="a653fad1-f438-42b0-a7bd-9d2010e7550f" />
    <UnitTestResult executionId="cf21ae3a-4e47-489f-abd3-bd867f550cf9" testId="8ca21ba5-4631-f7fb-8f41-b74e06cff346" testName="Validate_NullData_ThrowsArgumentNullException" computerName="DESKTOP-CVGB6OE" duration="00:00:00.0001230" startTime="2026-08-13T10:15:01.0659340+05:00" endTime="2026-08-13T10:15:01.0660564+05:00" testType="13cdc9d9-ddb5-4fa4-a97d-d965ccfc6d4b" outcome="Passed" testListId="8c84fa94-04c1-424b-9868-57a2d4851a1d" relativeResultsDirectory="cf21ae3a-4e47-489f-abd3-bd867f550cf9" />
    <UnitTestResult executionId="31e620a8-af65-454d-a625-8be7a18579b1" testId="e9456bdb-9f55-40ac-6f31-a9889c481fc8" testName="CityMatchResult_CanSetAllProperties" computerName="DESKTOP-CVGB6OE" duration="00:00:00.0003300" startTime="2026-08-13T10:14:51.6439313+05:00" endTime="2026-08-13T10:14:51.6442611+05:00" testType="13cdc9d9-ddb5-4fa4-a97d-d965ccfc6d4b" outcome="Passed" testListId="8c84fa94-04c1-424b-9868-57a2d4851a1d" relativeResultsDirectory="31e620a8-af65-454d-a625-8be7a18579b1" />
    <UnitTestResult executionId="19851eaf-4833-4a34-97af-f1c267f72254" testId="191cad2c-d91b-21df-f86a-91070a3f1ff8" testName="SaveThenLoad_NewProject_RoundTripsFields" computerName="DESKTOP-CVGB6OE" duration="00:00:00.0050460" startTime="2026-08-13T10:14:51.7322950+05:00" endTime="2026-08-13T10:14:51.7373402+05:00" testType="13cdc9d9-ddb5-4fa4-a97d-d965ccfc6d4b" outcome="Passed" testListId="8c84fa94-04c1-424b-9868-57a2d4851a1d" relativeResultsDirectory="19851eaf-4833-4a34-97af-f1c267f72254" />
    <UnitTestResult executionId="75cb451e-95ff-40bc-8d2d-3bad2946f7c9" testId="14324a37-0558-90d1-8efa-3293b26b7511" testName="ProjectRoundTrip_PreservesGroundwaterLevel" computerName="DESKTOP-CVGB6OE" duration="00:00:00.0048890" startTime="2026-08-13T10:15:10.5176057+05:00" endTime="2026-08-13T10:15:10.5224942+05:00" testType="13cdc9d9-ddb5-4fa4-a97d-d965ccfc6d4b" outcome="Passed" testListId="8c84fa94-04c1-424b-9868-57a2d4851a1d" relativeResultsDirectory="75cb451e-95ff-40bc-8d2d-3bad2946f7c9" />
    <UnitTestResult executionId="0087abf1-f33b-4a88-958f-17f4b5c061cb" testId="dd1df67f-d8ad-3a44-99e1-e5855c6ab914" testName="LoadProjectDataAsync_EarlyRestoreFailure_LeavesPartialStateAndClearsGuard" computerName="DESKTOP-CVGB6OE" duration="00:00:00.0225290" startTime="2026-08-13T10:15:01.0796998+05:00" endTime="2026-08-13T10:15:01.1022278+05:00" testType="13cdc9d9-ddb5-4fa4-a97d-d965ccfc6d4b" outcome="Passed" testListId="8c84fa94-04c1-424b-9868-57a2d4851a1d" relativeResultsDirectory="0087abf1-f33b-4a88-958f-17f4b5c061cb" />
    <UnitTestResult executionId="b92834bb-05c3-4176-a4c4-36dabca9766a" testId="ffd53392-7fcb-02fc-2b89-00d1879db7c5" testName="GroundwaterLevelChange_AfterProjectLoad_UpdatesLambdaForBelowPipeLayers" computerName="DESKTOP-CVGB6OE" duration="00:00:00.0133380" startTime="2026-08-13T10:15:01.3418704+05:00" endTime="2026-08-13T10:15:01.3552087+05:00" testType="13cdc9d9-ddb5-4fa4-a97d-d965ccfc6d4b" outcome="Passed" testListId="8c84fa94-04c1-424b-9868-57a2d4851a1d" relativeResultsDirectory="b92834bb-05c3-4176-a4c4-36dabca9766a" />
    <UnitTestResult executionId="9243b6a4-55dd-4a81-8ee5-67e7203ffd27" testId="e8cf7acb-15ee-368d-b66c-dd71cbddc538" testName="ApplyIndividualEdit_SystemApply_ChangesValueDoesNotMarkDirty" computerName="DESKTOP-CVGB6OE" duration="00:00:00.0000930" startTime="2026-08-13T10:15:01.0775937+05:00" endTime="2026-08-13T10:15:01.0776863+05:00" testType="13cdc9d9-ddb5-4fa4-a97d-d965ccfc6d4b" outcome="Passed" testListId="8c84fa94-04c1-424b-9868-57a2d4851a1d" relativeResultsDirectory="9243b6a4-55dd-4a81-8ee5-67e7203ffd27" />
    <UnitTestResult executionId="0307492b-97e8-44fc-9f0d-dfd87cf8f58d" testId="f7ea8e72-9e81-1bab-e86c-d4380bdd93bc" testName="ResultsViewModel_LoadProjectData_RestoresCityAndClimateParameters" computerName="DESKTOP-CVGB6OE" duration="00:00:00.0041440" startTime="2026-08-13T10:15:10.5606621+05:00" endTime="2026-08-13T10:15:10.5648059+05:00" testType="13cdc9d9-ddb5-4fa4-a97d-d965ccfc6d4b" outcome="Passed" testListId="8c84fa94-04c1-424b-9868-57a2d4851a1d" relativeResultsDirectory="0307492b-97e8-44fc-9f0d-dfd87cf8f58d" />
    <UnitTestResult executionId="0f65f6e7-de42-402c-8c0c-610fccd67d90" testId="3c9180dc-f78c-e70c-129e-afe6f78b4213" testName="Validate_AirTemperatureJustBelowMinimum_ReturnsInvalid" computerName="DESKTOP-CVGB6OE" duration="00:00:00.0001680" startTime="2026-08-13T10:15:01.0649617+05:00" endTime="2026-08-13T10:15:01.0651300+05:00" testType="13cdc9d9-ddb5-4fa4-a97d-d965ccfc6d4b" outcome="Passed" testListId="8c84fa94-04c1-424b-9868-57a2d4851a1d" relativeResultsDirectory="0f65f6e7-de42-402c-8c0c-610fccd67d90" />
    <UnitTestResult executionId="125b54dc-d33a-4b36-ab21-57db0519e0cf" testId="e1e7f0e7-9a51-75e8-6a4c-274fbf93df1b" testName="SearchHistoryEntry_CanSetCityNavigation" computerName="DESKTOP-CVGB6OE" duration="00:00:00.0000520" startTime="2026-08-13T10:14:51.6461764+05:00" endTime="2026-08-13T10:14:51.6462282+05:00" testType="13cdc9d9-ddb5-4fa4-a97d-d965ccfc6d4b" outcome="Passed" testListId="8c84fa94-04c1-424b-9868-57a2d4851a1d" relativeResultsDirectory="125b54dc-d33a-4b36-ab21-57db0519e0cf" />
    <UnitTestResult executionId="462d0df1-9147-4274-8264-425cac66b160" testId="8fe047ac-9df6-68a3-bd0c-ff0b8a7cdae2" testName="GetRecentCitiesAsync_WithoutHistoryRepository_ReturnsEmpty" computerName="DESKTOP-CVGB6OE" duration="00:00:00.0135870" startTime="2026-08-13T10:14:51.3955120+05:00" endTime="2026-08-13T10:14:51.4090984+05:00" testType="13cdc9d9-ddb5-4fa4-a97d-d965ccfc6d4b" outcome="Passed" testListId="8c84fa94-04c1-424b-9868-57a2d4851a1d" relativeResultsDirectory="462d0df1-9147-4274-8264-425cac66b160" />
    <UnitTestResult executionId="9185c461-99ac-4f63-a4b6-7c3e5e9b82fb" testId="da11fa3c-fcfe-5ec8-a6cb-acb26c642f9e" testName="HighlightMatch_RegionMatch_ReturnsCorrectHighlight" computerName="DESKTOP-CVGB6OE" duration="00:00:00.0000860" startTime="2026-08-13T10:14:51.4102415+05:00" endTime="2026-08-13T10:14:51.4103277+05:00" testType="13cdc9d9-ddb5-4fa4-a97d-d965ccfc6d4b" outcome="Passed" testListId="8c84fa94-04c1-424b-9868-57a2d4851a1d" relativeResultsDirectory="9185c461-99ac-4f63-a4b6-7c3e5e9b82fb" />
    <UnitTestResult executionId="df95f7be-169d-4d2d-b53d-9b4437fe402b" testId="a305ced0-48f0-16db-549b-13899636e544" testName="CurrentNavigationTarget_DefaultsToClimate" computerName="DESKTOP-CVGB6OE" duration="00:00:00.0084280" startTime="2026-08-13T10:15:01.2975679+05:00" endTime="2026-08-13T10:15:01.3059958+05:00" testType="13cdc9d9-ddb5-4fa4-a97d-d965ccfc6d4b" outcome="Passed" testListId="8c84fa94-04c1-424b-9868-57a2d4851a1d" relativeResultsDirectory="df95f7be-169d-4d2d-b53d-9b4437fe402b" />
    <UnitTestResult executionId="0aef521d-4f3c-4376-9d0c-192c79905e2a" testId="e9c3d26c-758c-4fd2-7d1b-1aa92b4b6a76" testName="ClearAsync_RemovesAllEntries" computerName="DESKTOP-CVGB6OE" duration="00:00:00.0003680" startTime="2026-08-13T10:15:01.0710782+05:00" endTime="2026-08-13T10:15:01.0714459+05:00" testType="13cdc9d9-ddb5-4fa4-a97d-d965ccfc6d4b" outcome="Passed" testListId="8c84fa94-04c1-424b-9868-57a2d4851a1d" relativeResultsDirectory="0aef521d-4f3c-4376-9d0c-192c79905e2a" />
    <UnitTestResult executionId="6bfcdf67-d0e0-485c-b073-084520f62f8d" testId="3aa947da-e3ba-da9c-2080-e4850c742fdd" testName="Reset_ClearsAllData" computerName="DESKTOP-CVGB6OE" duration="00:00:00.0001530" startTime="2026-08-13T10:14:51.5185689+05:00" endTime="2026-08-13T10:14:51.5187220+05:00" testType="13cdc9d9-ddb5-4fa4-a97d-d965ccfc6d4b" outcome="Passed" testListId="8c84fa94-04c1-424b-9868-57a2d4851a1d" relativeResultsDirectory="6bfcdf67-d0e0-485c-b073-084520f62f8d" />
    <UnitTestResult executionId="52eb94a5-e806-455e-aa1c-a999548c317e" testId="5909b6b4-4730-8f61-efaf-3f898fef7a37" testName="SearchHistoryEntry_CanSetId" computerName="DESKTOP-CVGB6OE" duration="00:00:00.0000320" startTime="2026-08-13T10:14:51.6462310+05:00" endTime="2026-08-13T10:14:51.6462630+05:00" testType="13cdc9d9-ddb5-4fa4-a97d-d965ccfc6d4b" outcome="Passed" testListId="8c84fa94-04c1-424b-9868-57a2d4851a1d" relativeResultsDirectory="52eb94a5-e806-455e-aa1c-a999548c317e" />
    <UnitTestResult executionId="8c6b4acd-4712-4e84-be84-6aca27d2fcfe" testId="dafabb9d-f919-ece9-2299-4da1c29a1566" testName="ResultsCommands_RefreshBeforeConsumingOrExportingData(&quot;ExportDesignColdMarkdownReport&quot;)" computerName="DESKTOP-CVGB6OE" duration="00:00:00.0002770" startTime="2026-08-13T10:15:01.2381931+05:00" endTime="2026-08-13T10:15:01.2384702+05:00" testType="13cdc9d9-ddb5-4fa4-a97d-d965ccfc6d4b" outcome="Passed" testListId="8c84fa94-04c1-424b-9868-57a2d4851a1d" relativeResultsDirectory="8c6b4acd-4712-4e84-be84-6aca27d2fcfe" />
    <UnitTestResult executionId="360acd2a-765c-437d-9f38-ff01f9c0a573" testId="31fe49c0-7c29-0526-0f64-c57a4bfbd41a" testName="SaveToHistoryAsync_NullCity_DoesNotThrow" computerName="DESKTOP-CVGB6OE" duration="00:00:00.0012669" startTime="2026-08-13T10:14:51.4103953+05:00" endTime="2026-08-13T10:14:51.4116618+05:00" testType="13cdc9d9-ddb5-4fa4-a97d-d965ccfc6d4b" outcome="Passed" testListId="8c84fa94-04c1-424b-9868-57a2d4851a1d" relativeResultsDirectory="360acd2a-765c-437d-9f38-ff01f9c0a573" />
    <UnitTestResult executionId="3b01ce2e-cc7d-458b-9b49-c80ebc474a28" testId="227c8c3c-b83b-413a-c6bb-39dffe2180d4" testName="GetRecentAsync_FiltersOutNonExistingCities" computerName="DESKTOP-CVGB6OE" duration="00:00:00.0003940" startTime="2026-08-13T10:15:01.0739472+05:00" endTime="2026-08-13T10:15:01.0743408+05:00" testType="13cdc9d9-ddb5-4fa4-a97d-d965ccfc6d4b" outcome="Passed" testListId="8c84fa94-04c1-424b-9868-57a2d4851a1d" relativeResultsDirectory="3b01ce2e-cc7d-458b-9b49-c80ebc474a28" />
    <UnitTestResult executionId="83550814-8a71-4af0-866d-ce279a355a6c" testId="983ac96f-4eb0-6c5a-13d9-921375031543" testName="ChangeAirTemperature_SyncsToClimateData" computerName="DESKTOP-CVGB6OE" duration="00:00:00.0004430" startTime="2026-08-13T10:14:51.4927243+05:00" endTime="2026-08-13T10:14:51.4931670+05:00" testType="13cdc9d9-ddb5-4fa4-a97d-d965ccfc6d4b" outcome="Passed" testListId="8c84fa94-04c1-424b-9868-57a2d4851a1d" relativeResultsDirectory="83550814-8a71-4af0-866d-ce279a355a6c" />
    <UnitTestResult executionId="03de267a-0758-4317-8bd4-730aaa31dd8d" testId="536a0a44-a47b-390b-5b5f-67b4c2ef7939" testName="ProjectRoundTrip_CitySurvivesRealSaveLoad" computerName="DESKTOP-CVGB6OE" duration="00:00:00.0257840" startTime="2026-08-13T10:15:10.4420989+05:00" endTime="2026-08-13T10:15:10.4678831+05:00" testType="13cdc9d9-ddb5-4fa4-a97d-d965ccfc6d4b" outcome="Passed" testListId="8c84fa94-04c1-424b-9868-57a2d4851a1d" relativeResultsDirectory="03de267a-0758-4317-8bd4-730aaa31dd8d" />
    <UnitTestResult executionId="ee18e78f-ed51-44f2-9326-e77131ced2c1" testId="7b8e8543-350f-5ea2-a219-de8f3cc243b7" testName="SameGlycolType_DoesNotTriggerDuplicateCalculate" computerName="DESKTOP-CVGB6OE" duration="00:00:00.0012610" startTime="2026-08-13T10:14:51.6198741+05:00" endTime="2026-08-13T10:14:51.6211347+05:00" testType="13cdc9d9-ddb5-4fa4-a97d-d965ccfc6d4b" outcome="Passed" testListId="8c84fa94-04c1-424b-9868-57a2d4851a1d" relativeResultsDirectory="ee18e78f-ed51-44f2-9326-e77131ced2c1" />
    <UnitTestResult executionId="72083bf4-bff8-4710-9302-f3bbde4f32a1" testId="df4a4d30-fb96-6170-ab1f-a1b6febb3cf6" testName="CircuitsViewModel_Reset_ReturnsToOneCollectorWithTwoCircuitsAndDoesNotMarkDirty" computerName="DESKTOP-CVGB6OE" duration="00:00:00.0021880" startTime="2026-08-13T10:15:01.1658922+05:00" endTime="2026-08-13T10:15:01.1680804+05:00" testType="13cdc9d9-ddb5-4fa4-a97d-d965ccfc6d4b" outcome="Passed" testListId="8c84fa94-04c1-424b-9868-57a2d4851a1d" relativeResultsDirectory="72083bf4-bff8-4710-9302-f3bbde4f32a1" />
    <UnitTestResult executionId="6b126e3e-cf0f-4808-bd2c-d881b5f4017a" testId="c99f619f-47fd-7a10-880f-1ed892a17354" testName="ResolveView_CachedResultsEntryRefreshesProjectionBeforeReturningSameView" computerName="DESKTOP-CVGB6OE" duration="00:00:00.0418590" startTime="2026-08-13T10:15:01.1841177+05:00" endTime="2026-08-13T10:15:01.2259770+05:00" testType="13cdc9d9-ddb5-4fa4-a97d-d965ccfc6d4b" outcome="Passed" testListId="8c84fa94-04c1-424b-9868-57a2d4851a1d" relativeResultsDirectory="6b126e3e-cf0f-4808-bd2c-d881b5f4017a" />
    <UnitTestResult executionId="0e0bae7b-3c4d-487f-85e2-bf2a4eded39a" testId="60b182a5-230b-5060-4014-b64a04f2f9d1" testName="InitialState_HasExpectedDefaults" computerName="DESKTOP-CVGB6OE" duration="00:00:00.0001600" startTime="2026-08-13T10:15:01.1553940+05:00" endTime="2026-08-13T10:15:01.1555535+05:00" testType="13cdc9d9-ddb5-4fa4-a97d-d965ccfc6d4b" outcome="Passed" testListId="8c84fa94-04c1-424b-9868-57a2d4851a1d" relativeResultsDirectory="0e0bae7b-3c4d-487f-85e2-bf2a4eded39a" />
    <UnitTestResult executionId="4c843903-f469-4d4e-9cf8-455b19a1ca36" testId="002b2b30-0acb-d5ab-59dc-151673a14ffb" testName="ApplyIndividualEdit_User_ChangesValueMarksDirtyAndRaisesChanged" computerName="DESKTOP-CVGB6OE" duration="00:00:00.0001050" startTime="2026-08-13T10:15:01.0776910+05:00" endTime="2026-08-13T10:15:01.0777959+05:00" testType="13cdc9d9-ddb5-4fa4-a97d-d965ccfc6d4b" outcome="Passed" testListId="8c84fa94-04c1-424b-9868-57a2d4851a1d" relativeResultsDirectory="4c843903-f469-4d4e-9cf8-455b19a1ca36" />
    <UnitTestResult executionId="4facd337-4ca4-49bc-817d-5d6d61f35a07" testId="0940f7b0-d3ef-ce63-449e-e46dfcaaf803" testName="OpenProject_WhenClean_DoesNotShowPrompt" computerName="DESKTOP-CVGB6OE" duration="00:00:03.0050270" startTime="2026-08-13T10:15:04.4024586+05:00" endTime="2026-08-13T10:15:07.4074853+05:00" testType="13cdc9d9-ddb5-4fa4-a97d-d965ccfc6d4b" outcome="Passed" testListId="8c84fa94-04c1-424b-9868-57a2d4851a1d" relativeResultsDirectory="4facd337-4ca4-49bc-817d-5d6d61f35a07" />
    <UnitTestResult executionId="d61287df-b0f0-413f-bf7b-15ec52a07811" testId="eb61443b-b6bb-5c33-c4d8-e0c32bea2d90" testName="MarkClean_WhenAlreadyClean_IsIdempotent" computerName="DESKTOP-CVGB6OE" duration="00:00:00.0000510" startTime="2026-08-13T10:15:01.1558708+05:00" endTime="2026-08-13T10:15:01.1559217+05:00" testType="13cdc9d9-ddb5-4fa4-a97d-d965ccfc6d4b" outcome="Passed" testListId="8c84fa94-04c1-424b-9868-57a2d4851a1d" relativeResultsDirectory="d61287df-b0f0-413f-bf7b-15ec52a07811" />
    <UnitTestResult executionId="11735621-334a-41ca-897e-0bd07a9d1edc" testId="3e13bc24-020c-f23a-9a40-ca59dd11a9f8" testName="Validate_InvalidWindSpeed_ReturnsFalse" computerName="DESKTOP-CVGB6OE" duration="00:00:00.0000670" startTime="2026-08-13T10:14:51.5053000+05:00" endTime="2026-08-13T10:14:51.5053668+05:00" testType="13cdc9d9-ddb5-4fa4-a97d-d965ccfc6d4b" outcome="Passed" testListId="8c84fa94-04c1-424b-9868-57a2d4851a1d" relativeResultsDirectory="11735621-334a-41ca-897e-0bd07a9d1edc" />
    <UnitTestResult executionId="10253cc5-a27c-44eb-8610-1da15ea3c116" testId="1b6bc034-499d-4229-ee55-747214dfb35c" testName="MarkDirty_WhenAlreadyDirty_IsIdempotent" computerName="DESKTOP-CVGB6OE" duration="00:00:00.0000380" startTime="2026-08-13T10:15:01.1559769+05:00" endTime="2026-08-13T10:15:01.1560150+05:00" testType="13cdc9d9-ddb5-4fa4-a97d-d965ccfc6d4b" outcome="Passed" testListId="8c84fa94-04c1-424b-9868-57a2d4851a1d" relativeResultsDirectory="10253cc5-a27c-44eb-8610-1da15ea3c116" />
    <UnitTestResult executionId="4c0f915d-5f62-4d14-b1af-7ceced206d46" testId="a67e9ff2-d1ce-4f38-4851-e4b7be964ab2" testName="CurrentFilePath_Setter_DoesNotRaisePropertyChanged_WhenValueUnchanged" computerName="DESKTOP-CVGB6OE" duration="00:00:00.0000670" startTime="2026-08-13T10:15:01.1260404+05:00" endTime="2026-08-13T10:15:01.1261070+05:00" testType="13cdc9d9-ddb5-4fa4-a97d-d965ccfc6d4b" outcome="Passed" testListId="8c84fa94-04c1-424b-9868-57a2d4851a1d" relativeResultsDirectory="4c0f915d-5f62-4d14-b1af-7ceced206d46" />
    <UnitTestResult executionId="ebf94de5-5dfd-4c98-973b-bb1d010ff799" testId="e4efa3c4-1133-cb50-18cc-a911f3a0b72e" testName="ResultsCommands_RefreshBeforeConsumingOrExportingData(&quot;ExportPdf&quot;)" computerName="DESKTOP-CVGB6OE" duration="00:00:00.0007270" startTime="2026-08-13T10:15:01.2339447+05:00" endTime="2026-08-13T10:15:01.2346716+05:00" testType="13cdc9d9-ddb5-4fa4-a97d-d965ccfc6d4b" outcome="Passed" testListId="8c84fa94-04c1-424b-9868-57a2d4851a1d" relativeResultsDirectory="ebf94de5-5dfd-4c98-973b-bb1d010ff799" />
    <UnitTestResult executionId="e44a3b4b-34cb-467e-9383-426420da7536" testId="bcf1c5a5-3c5f-c8a2-0803-4e228c747e16" testName="LoadProjectFromPathAsync_WhenNullPath_DoesNothing" computerName="DESKTOP-CVGB6OE" duration="00:00:00.0020810" startTime="2026-08-13T10:15:01.3827395+05:00" endTime="2026-08-13T10:15:01.3848203+05:00" testType="13cdc9d9-ddb5-4fa4-a97d-d965ccfc6d4b" outcome="Passed" testListId="8c84fa94-04c1-424b-9868-57a2d4851a1d" relativeResultsDirectory="e44a3b4b-34cb-467e-9383-426420da7536" />
    <UnitTestResult executionId="824ffc78-cc61-4fa1-bcd6-7bd0932610a4" testId="736db434-d664-954a-1a1d-de8a895b3086" testName="UpdateClimate_ResetsThermalAndHydraulicsResults" computerName="DESKTOP-CVGB6OE" duration="00:00:00.0001000" startTime="2026-08-13T10:14:51.5187341+05:00" endTime="2026-08-13T10:14:51.5188337+05:00" testType="13cdc9d9-ddb5-4fa4-a97d-d965ccfc6d4b" outcome="Passed" testListId="8c84fa94-04c1-424b-9868-57a2d4851a1d" relativeResultsDirectory="824ffc78-cc61-4fa1-bcd6-7bd0932610a4" />
    <UnitTestResult executionId="bd716945-985d-451a-887d-dbc081d6214a" testId="33795865-fc62-5278-e5e2-153ed31a84e3" testName="MatchType_Contains_HasValueOne" computerName="DESKTOP-CVGB6OE" duration="00:00:00.0000320" startTime="2026-08-13T10:14:51.6443740+05:00" endTime="2026-08-13T10:14:51.6444058+05:00" testType="13cdc9d9-ddb5-4fa4-a97d-d965ccfc6d4b" outcome="Passed" testListId="8c84fa94-04c1-424b-9868-57a2d4851a1d" relativeResultsDirectory="bd716945-985d-451a-887d-dbc081d6214a" />
    <UnitTestResult executionId="70126bad-fd1a-4f0c-a4fe-d8a3117e8b52" testId="36033196-93e1-bdaa-6a8a-a6fdf02f1bb6" testName="HighlightMatch_CaseInsensitive_ReturnsCorrectHighlight" computerName="DESKTOP-CVGB6OE" duration="00:00:00.0006140" startTime="2026-08-13T10:14:51.4091238+05:00" endTime="2026-08-13T10:14:51.4097380+05:00" testType="13cdc9d9-ddb5-4fa4-a97d-d965ccfc6d4b" outcome="Passed" testListId="8c84fa94-04c1-424b-9868-57a2d4851a1d" relativeResultsDirectory="70126bad-fd1a-4f0c-a4fe-d8a3117e8b52" />
    <UnitTestResult executionId="323b42d8-56b0-4f0d-befd-e32a6cc99fb5" testId="01baccce-3192-1710-181b-5946b1582529" testName="ThermalViewModel_Reset_ReturnsToDefaultsAndDoesNotMarkDirty" computerName="DESKTOP-CVGB6OE" duration="00:00:00.0011090" startTime="2026-08-13T10:15:01.1787854+05:00" endTime="2026-08-13T10:15:01.1798942+05:00" testType="13cdc9d9-ddb5-4fa4-a97d-d965ccfc6d4b" outcome="Passed" testListId="8c84fa94-04c1-424b-9868-57a2d4851a1d" relativeResultsDirectory="323b42d8-56b0-4f0d-befd-e32a6cc99fb5" />
    <UnitTestResult executionId="c214cb54-1bb6-4495-8fce-f36cc59c67e0" testId="24c1c93d-5f6c-ffb3-5298-6305a409b91f" testName="SearchCitiesWithPriorityAsync_ReturnsMax15Results" computerName="DESKTOP-CVGB6OE" duration="00:00:00.0003950" startTime="2026-08-13T10:14:51.4158553+05:00" endTime="2026-08-13T10:14:51.4162505+05:00" testType="13cdc9d9-ddb5-4fa4-a97d-d965ccfc6d4b" outcome="Passed" testListId="8c84fa94-04c1-424b-9868-57a2d4851a1d" relativeResultsDirectory="c214cb54-1bb6-4495-8fce-f36cc59c67e0" />
    <UnitTestResult executionId="efe4d368-2b42-4f4e-a0c2-f2bfd024102f" testId="28f1fa57-ea25-4800-c2ea-cea82076666f" testName="LoadProjectDataAsync_Success_ClearsRestoreGuard" computerName="DESKTOP-CVGB6OE" duration="00:00:00.0051640" startTime="2026-08-13T10:15:01.1058059+05:00" endTime="2026-08-13T10:15:01.1109698+05:00" testType="13cdc9d9-ddb5-4fa4-a97d-d965ccfc6d4b" outcome="Passed" testListId="8c84fa94-04c1-424b-9868-57a2d4851a1d" relativeResultsDirectory="efe4d368-2b42-4f4e-a0c2-f2bfd024102f" />
    <UnitTestResult executionId="bc94c7a8-77c7-4f3d-a3db-8c600e4f3fab" testId="89f38a54-9bf1-01e2-d3cb-29ca6ee3fde9" testName="CircuitsVM_Calculate_WithGlycolError_PublishesNullHydraulicsResults" computerName="DESKTOP-CVGB6OE" duration="00:00:00.0033840" startTime="2026-08-13T10:14:51.5571112+05:00" endTime="2026-08-13T10:14:51.5604942+05:00" testType="13cdc9d9-ddb5-4fa4-a97d-d965ccfc6d4b" outcome="Passed" testListId="8c84fa94-04c1-424b-9868-57a2d4851a1d" relativeResultsDirectory="bc94c7a8-77c7-4f3d-a3db-8c600e4f3fab" />
    <UnitTestResult executionId="48e68dfc-98d3-4d8d-b551-52ee52a65f80" testId="fe3e48d4-79f8-fd08-c432-c6ab9f3d2ee3" testName="ApplyProjection_ForwardsIsValidToEventArgs" computerName="DESKTOP-CVGB6OE" duration="00:00:00.0017460" startTime="2026-08-13T10:14:51.3889218+05:00" endTime="2026-08-13T10:14:51.3906680+05:00" testType="13cdc9d9-ddb5-4fa4-a97d-d965ccfc6d4b" outcome="Passed" testListId="8c84fa94-04c1-424b-9868-57a2d4851a1d" relativeResultsDirectory="48e68dfc-98d3-4d8d-b551-52ee52a65f80" />
    <UnitTestResult executionId="7e886341-ecf9-4f17-acb4-70fe1df5408a" testId="43a1f29c-4a9f-6299-d8eb-e88dc12ed4cb" testName="MatchType_Region_HasValueTwo" computerName="DESKTOP-CVGB6OE" duration="00:00:00.0000230" startTime="2026-08-13T10:14:51.6444086+05:00" endTime="2026-08-13T10:14:51.6444311+05:00" testType="13cdc9d9-ddb5-4fa4-a97d-d965ccfc6d4b" outcome="Passed" testListId="8c84fa94-04c1-424b-9868-57a2d4851a1d" relativeResultsDirectory="7e886341-ecf9-4f17-acb4-70fe1df5408a" />
    <UnitTestResult executionId="154dda3b-41f7-41c2-a9e0-c3ccd0506c22" testId="631bda96-8237-43bf-c18a-6945bbb0c40e" testName="SameValueSetter_DoesNotEmitCanonicalCompletionOrProjectionUpdate" computerName="DESKTOP-CVGB6OE" duration="00:00:00.0001460" startTime="2026-08-13T10:14:51.5017243+05:00" endTime="2026-08-13T10:14:51.5018704+05:00" testType="13cdc9d9-ddb5-4fa4-a97d-d965ccfc6d4b" outcome="Passed" testListId="8c84fa94-04c1-424b-9868-57a2d4851a1d" relativeResultsDirectory="154dda3b-41f7-41c2-a9e0-c3ccd0506c22" />
    <UnitTestResult executionId="b5f1e51b-5c0a-4a33-a11f-32f65738bc5e" testId="00d0800b-b833-f4c1-e66e-b6f5134483b6" testName="OnClimatePropertyChanged_WhenAirTemperatureChanged_TriggersCalculate" computerName="DESKTOP-CVGB6OE" duration="00:00:00.0049100" startTime="2026-08-13T10:14:51.5857138+05:00" endTime="2026-08-13T10:14:51.5906234+05:00" testType="13cdc9d9-ddb5-4fa4-a97d-d965ccfc6d4b" outcome="Passed" testListId="8c84fa94-04c1-424b-9868-57a2d4851a1d" relativeResultsDirectory="b5f1e51b-5c0a-4a33-a11f-32f65738bc5e" />
    <UnitTestResult executionId="003c1af6-e342-4ee0-98e3-3a9ccabf4faf" testId="9f01e867-d101-299a-67b1-672e9993bf9d" testName="AddAsync_ExistingEntry_IncrementsUseCount" computerName="DESKTOP-CVGB6OE" duration="00:00:00.0009110" startTime="2026-08-13T10:15:01.0678592+05:00" endTime="2026-08-13T10:15:01.0687697+05:00" testType="13cdc9d9-ddb5-4fa4-a97d-d965ccfc6d4b" outcome="Passed" testListId="8c84fa94-04c1-424b-9868-57a2d4851a1d" relativeResultsDirectory="003c1af6-e342-4ee0-98e3-3a9ccabf4faf" />
    <UnitTestResult executionId="fa64dce3-82c2-4f9e-a9c1-c1fc8d78a698" testId="23d37f00-93db-b37d-471a-f40f0e2ccfae" testName="ResultsViewModel_LoadProjectData_SelectsFirstCollectorAndEnablesCommands" computerName="DESKTOP-CVGB6OE" duration="00:00:00.0087210" startTime="2026-08-13T10:15:10.5650910+05:00" endTime="2026-08-13T10:15:10.5738117+05:00" testType="13cdc9d9-ddb5-4fa4-a97d-d965ccfc6d4b" outcome="Passed" testListId="8c84fa94-04c1-424b-9868-57a2d4851a1d" relativeResultsDirectory="fa64dce3-82c2-4f9e-a9c1-c1fc8d78a698" />
    <UnitTestResult executionId="01373b6d-c678-417e-9b10-1a0388d5eebf" testId="f550f8cc-e4ab-3505-b24e-d0d76ed224a1" testName="DetermineZone_HighRequirements_AlwaysReturnsZoneM20Plus" computerName="DESKTOP-CVGB6OE" duration="00:00:00.0002640" startTime="2026-08-13T10:14:51.4181105+05:00" endTime="2026-08-13T10:14:51.4183748+05:00" testType="13cdc9d9-ddb5-4fa4-a97d-d965ccfc6d4b" outcome="Passed" testListId="8c84fa94-04c1-424b-9868-57a2d4851a1d" relativeResultsDirectory="01373b6d-c678-417e-9b10-1a0388d5eebf" />
    <UnitTestResult executionId="1d8099a4-2cf5-48b7-b682-3780c9d43d9f" testId="bca05f08-f85b-b9dd-202e-0a6dd436f917" testName="ResultsCommands_RefreshBeforeConsumingOrExportingData(&quot;ExportOperatingMarkdownReport&quot;)" computerName="DESKTOP-CVGB6OE" duration="00:00:00.0002890" startTime="2026-08-13T10:15:01.2378920+05:00" endTime="2026-08-13T10:15:01.2381805+05:00" testType="13cdc9d9-ddb5-4fa4-a97d-d965ccfc6d4b" outcome="Passed" testListId="8c84fa94-04c1-424b-9868-57a2d4851a1d" relativeResultsDirectory="1d8099a4-2cf5-48b7-b682-3780c9d43d9f" />
    <UnitTestResult executionId="fa37572c-a899-474a-83fb-3b8561ecee82" testId="a2b8e1ac-626a-b0ca-c204-86379e9c759d" testName="CanonicalClimateMutation_WithThermalAndCircuitsConsumers_PublishesOneProjectionAndOneDownstreamUpdate" computerName="DESKTOP-CVGB6OE" duration="00:00:00.0067340" startTime="2026-08-13T10:14:51.5970180+05:00" endTime="2026-08-13T10:14:51.6037513+05:00" testType="13cdc9d9-ddb5-4fa4-a97d-d965ccfc6d4b" outcome="Passed" testListId="8c84fa94-04c1-424b-9868-57a2d4851a1d" relativeResultsDirectory="fa37572c-a899-474a-83fb-3b8561ecee82" />
    <UnitTestResult executionId="ee155fa7-40c4-4ff4-8692-e1e4f6ff78ed" testId="97179ff3-034b-bef7-8eec-0f4a435e0d9a" testName="SetHighRequirements_ChangesZone" computerName="DESKTOP-CVGB6OE" duration="00:00:00.0001200" startTime="2026-08-13T10:14:51.5038279+05:00" endTime="2026-08-13T10:14:51.5039476+05:00" testType="13cdc9d9-ddb5-4fa4-a97d-d965ccfc6d4b" outcome="Passed" testListId="8c84fa94-04c1-424b-9868-57a2d4851a1d" relativeResultsDirectory="ee155fa7-40c4-4ff4-8692-e1e4f6ff78ed" />
    <UnitTestResult executionId="8772b8d6-7258-45dc-8eaa-ada2eb633f4d" testId="9cac388c-3dc3-8191-c229-48603e848414" testName="GetClimateData_ReturnsCorrectData" computerName="DESKTOP-CVGB6OE" duration="00:00:00.0001760" startTime="2026-08-13T10:14:51.4936721+05:00" endTime="2026-08-13T10:14:51.4938476+05:00" testType="13cdc9d9-ddb5-4fa4-a97d-d965ccfc6d4b" outcome="Passed" testListId="8c84fa94-04c1-424b-9868-57a2d4851a1d" relativeResultsDirectory="8772b8d6-7258-45dc-8eaa-ada2eb633f4d" />
    <UnitTestResult executionId="a487a086-dd52-4921-b92a-0b466c1e419a" testId="1a5a2989-6de9-0caf-e7c5-57210a519f26" testName="SelectCity_DeterminesCorrectZone" computerName="DESKTOP-CVGB6OE" duration="00:00:00.0005599" startTime="2026-08-13T10:14:51.5024633+05:00" endTime="2026-08-13T10:14:51.5030230+05:00" testType="13cdc9d9-ddb5-4fa4-a97d-d965ccfc6d4b" outcome="Passed" testListId="8c84fa94-04c1-424b-9868-57a2d4851a1d" relativeResultsDirectory="a487a086-dd52-4921-b92a-0b466c1e419a" />
    <UnitTestResult executionId="cb6b5a76-b1f8-4b3d-a509-40c61ba9f275" testId="9a418cf9-9fd6-1af0-507c-98627123ba39" testName="ProjectNumber_Setter_RaisesPropertyChanged_Once" computerName="DESKTOP-CVGB6OE" duration="00:00:00.0000380" startTime="2026-08-13T10:15:01.1560537+05:00" endTime="2026-08-13T10:15:01.1560917+05:00" testType="13cdc9d9-ddb5-4fa4-a97d-d965ccfc6d4b" outcome="Passed" testListId="8c84fa94-04c1-424b-9868-57a2d4851a1d" relativeResultsDirectory="cb6b5a76-b1f8-4b3d-a509-40c61ba9f275" />
[...]
    <TestEntry testId="f31b4ce8-c287-9026-8a2a-2823147ee5da" executionId="e5256dae-ae85-4562-99b1-166579558b86" testListId="8c84fa94-04c1-424b-9868-57a2d4851a1d" />
    <TestEntry testId="b9bad301-50c0-8b2f-89c1-0dec91a75935" executionId="61b00dbe-8a49-4eb8-86da-e92b61236a59" testListId="8c84fa94-04c1-424b-9868-57a2d4851a1d" />
    <TestEntry testId="ca976ce8-a34b-17e5-5e37-abd32c2e9bf3" executionId="e8a3af77-e053-42cf-aafb-de3a1c5a5a47" testListId="8c84fa94-04c1-424b-9868-57a2d4851a1d" />
    <TestEntry testId="e9794a0f-24ac-ed35-b5ab-0b8587398ce8" executionId="9278fd37-d4bd-451c-9554-5407ea113733" testListId="8c84fa94-04c1-424b-9868-57a2d4851a1d" />
    <TestEntry testId="db05a08b-2d40-ae1e-ae88-c49db33d0c20" executionId="e2827a5f-8e77-4530-8598-be73f5902c8c" testListId="8c84fa94-04c1-424b-9868-57a2d4851a1d" />
    <TestEntry testId="9952ac3e-9692-ba3e-ceb0-ce033fea99c9" executionId="afec6dda-659d-47af-833a-94a7dae91f13" testListId="8c84fa94-04c1-424b-9868-57a2d4851a1d" />
    <TestEntry testId="5d7d9748-5207-ccae-1d99-28d9c3729bbc" executionId="8be02dd1-eb34-48bf-9782-7b67267e819f" testListId="8c84fa94-04c1-424b-9868-57a2d4851a1d" />
    <TestEntry testId="4fd41707-1ad3-cafd-017b-18a5f269ce4b" executionId="f9993ffa-b22e-4f1f-ab32-22d424ed88ce" testListId="8c84fa94-04c1-424b-9868-57a2d4851a1d" />
    <TestEntry testId="736786cb-c235-c1bb-456c-3b64edae35d4" executionId="fd0addb6-ff53-4c09-af41-023025c98abc" testListId="8c84fa94-04c1-424b-9868-57a2d4851a1d" />
    <TestEntry testId="03c023ef-dcfc-76f6-dcd2-01b00a867057" executionId="8fe733ae-b854-4044-9da6-63886a9299cb" testListId="8c84fa94-04c1-424b-9868-57a2d4851a1d" />
    <TestEntry testId="436f2c96-4556-d1a6-6818-ee5f1a070df4" executionId="47377798-b372-4def-ac74-e243b1d949ee" testListId="8c84fa94-04c1-424b-9868-57a2d4851a1d" />
    <TestEntry testId="c320843a-22eb-137b-efd9-db897d38af4b" executionId="c316d5a4-5739-4693-bd15-2c475dddf1c8" testListId="8c84fa94-04c1-424b-9868-57a2d4851a1d" />
    <TestEntry testId="bd29dfed-34ee-29a3-f823-ecf745d8f4fe" executionId="abbd4be2-c662-462e-9345-99d1bacc1936" testListId="8c84fa94-04c1-424b-9868-57a2d4851a1d" />
    <TestEntry testId="c0c63f04-84cd-505f-54a6-8d97b88c661e" executionId="f76247bb-85bf-467c-8349-9e1bdfdc59fe" testListId="8c84fa94-04c1-424b-9868-57a2d4851a1d" />
    <TestEntry testId="8f92a238-daf8-7519-1eec-87fcc62b31d5" executionId="40241e8c-7b9a-401c-b1e6-48ee9f172780" testListId="8c84fa94-04c1-424b-9868-57a2d4851a1d" />
    <TestEntry testId="7b3de05a-9b52-2a02-200d-43a25ab10e0e" executionId="d7d3f60e-4bac-41a3-a824-1bc145dc113a" testListId="8c84fa94-04c1-424b-9868-57a2d4851a1d" />
    <TestEntry testId="c2ffce23-98c2-fe6d-fced-6e9dc7b74620" executionId="f9c3cb07-9ac3-4cc6-a836-5d97e1ea6d27" testListId="8c84fa94-04c1-424b-9868-57a2d4851a1d" />
    <TestEntry testId="d060259b-ed43-27f5-aa37-dd87671376d8" executionId="c45bca82-96e0-4210-a67e-61c3c039a9ff" testListId="8c84fa94-04c1-424b-9868-57a2d4851a1d" />
    <TestEntry testId="7439817f-be3f-8254-fdf7-bcac86218556" executionId="994093fb-e3f5-4e03-9181-647f1e1cd966" testListId="8c84fa94-04c1-424b-9868-57a2d4851a1d" />
    <TestEntry testId="6028c9f6-59c7-a3c0-a95c-28e5fc85e0f3" executionId="0009ffce-d86a-4de6-9d30-ca477e474f8b" testListId="8c84fa94-04c1-424b-9868-57a2d4851a1d" />
    <TestEntry testId="3c7c00b8-152e-58a4-b7dc-0c2163dbdba2" executionId="26fdb113-91b1-406c-927b-d751442dc47d" testListId="8c84fa94-04c1-424b-9868-57a2d4851a1d" />
    <TestEntry testId="90f27c18-6af3-2d6b-2506-b487c4fb3d9a" executionId="fbe0211a-3272-4bf7-871a-fe1ae81e3852" testListId="8c84fa94-04c1-424b-9868-57a2d4851a1d" />
    <TestEntry testId="3f744776-1de6-ca1d-d954-9bfa2c08f293" executionId="5f79dacd-595a-4ab3-9a34-d457c9d62caa" testListId="8c84fa94-04c1-424b-9868-57a2d4851a1d" />
    <TestEntry testId="ffaa942d-b267-06c2-4f4b-3f654ed6ae1f" executionId="dfe5c700-2675-45de-9e94-d54b13bc5001" testListId="8c84fa94-04c1-424b-9868-57a2d4851a1d" />
    <TestEntry testId="3247cb26-63a0-8e6f-004e-aea700597637" executionId="4e630f08-2f2d-4f6e-8ddd-b006fbbe0a64" testListId="8c84fa94-04c1-424b-9868-57a2d4851a1d" />
    <TestEntry testId="4df3c3e5-a590-0e39-b623-5ec9be687ac2" executionId="db765362-fa03-41ad-963a-9e91bbd174a6" testListId="8c84fa94-04c1-424b-9868-57a2d4851a1d" />
    <TestEntry testId="39c73de8-14c7-f75b-6491-ebb081f42dd9" executionId="f983b823-be2b-4acf-aed0-3576ba02e179" testListId="8c84fa94-04c1-424b-9868-57a2d4851a1d" />
    <TestEntry testId="5d3cfc95-017c-3b15-a04b-8057d1dd0db7" executionId="6d22b328-eb1a-42ff-a6fb-41860a2b3ef7" testListId="8c84fa94-04c1-424b-9868-57a2d4851a1d" />
    <TestEntry testId="90e5ac91-ea31-c384-67c0-046ba14ce665" executionId="f20b0338-4373-4224-939b-2c88d4bbf88c" testListId="8c84fa94-04c1-424b-9868-57a2d4851a1d" />
    <TestEntry testId="d960190f-3462-3805-db8e-9b59378fd587" executionId="617d0726-f9f2-4333-86e2-9e8a57032792" testListId="8c84fa94-04c1-424b-9868-57a2d4851a1d" />
    <TestEntry testId="09a202d9-6d72-0424-af68-e806a0dc52d4" executionId="d7efe0e6-1c7c-4a42-b6bc-b8e65477488f" testListId="8c84fa94-04c1-424b-9868-57a2d4851a1d" />
    <TestEntry testId="5b9a505b-d3de-e6d9-a50e-eacb92968244" executionId="96168b71-477e-456b-b811-5018f5e4b70e" testListId="8c84fa94-04c1-424b-9868-57a2d4851a1d" />
    <TestEntry testId="24a521f0-f998-d566-5649-e9b3e95b5898" executionId="1680b01b-cac1-4a75-a1a0-4ad5dd872a59" testListId="8c84fa94-04c1-424b-9868-57a2d4851a1d" />
    <TestEntry testId="c50295c8-6f8f-87d4-098c-498ace5e288f" executionId="4752174c-443a-4183-b063-496004a82e19" testListId="8c84fa94-04c1-424b-9868-57a2d4851a1d" />
    <TestEntry testId="e2ce670b-81cc-9dcb-987d-10de031ca238" executionId="dbb8494b-ad75-4c86-8f14-927cc57fc805" testListId="8c84fa94-04c1-424b-9868-57a2d4851a1d" />
    <TestEntry testId="ac5470e7-24a0-ed7f-a4bb-79adb1c94653" executionId="7237b694-efe6-416e-9e65-f50a92ddadb4" testListId="8c84fa94-04c1-424b-9868-57a2d4851a1d" />
    <TestEntry testId="d99dae3a-4a3b-5cb2-07f7-88628260eeab" executionId="26710c12-88fa-4f0b-b46e-8058d921e0b6" testListId="8c84fa94-04c1-424b-9868-57a2d4851a1d" />
    <TestEntry testId="58e4e500-f71b-f039-30a9-5abfe600914c" executionId="47c24c3d-aac1-450f-b483-6f8bb2303112" testListId="8c84fa94-04c1-424b-9868-57a2d4851a1d" />
    <TestEntry testId="8681b62b-6c21-51d4-aef4-7ababd581fbf" executionId="3c5d4808-4f9d-46fe-bb13-080280f462a6" testListId="8c84fa94-04c1-424b-9868-57a2d4851a1d" />
    <TestEntry testId="ada4b904-9ac4-384a-e10f-a5d7bb048540" executionId="7db957cb-ed73-4e3c-b678-7366263291e7" testListId="8c84fa94-04c1-424b-9868-57a2d4851a1d" />
    <TestEntry testId="1c847636-46b0-4eef-e8dc-91a0aa5fc964" executionId="3aee28ab-c7a9-43bb-b818-d052d59e92be" testListId="8c84fa94-04c1-424b-9868-57a2d4851a1d" />
    <TestEntry testId="3bac974d-48cc-8aeb-25b2-6b1f6ed831fb" executionId="d9f1a2f7-8585-4bb3-8564-704486a9ec9c" testListId="8c84fa94-04c1-424b-9868-57a2d4851a1d" />
    <TestEntry testId="055731a5-9c80-95e8-afec-07500acff4b8" executionId="5ef7b531-bae4-43e8-90f3-d2e32edb80e6" testListId="8c84fa94-04c1-424b-9868-57a2d4851a1d" />
    <TestEntry testId="3d29950a-1ea4-9476-a24b-815e9277ea33" executionId="27fb4899-0598-4770-b6dc-bde42e61ab6f" testListId="8c84fa94-04c1-424b-9868-57a2d4851a1d" />
    <TestEntry testId="8852ec69-b6e4-7e07-4be8-5ddd15c3fb90" executionId="c172e6fd-d0bf-46cc-b92d-d288375132ae" testListId="8c84fa94-04c1-424b-9868-57a2d4851a1d" />
    <TestEntry testId="9465df1c-3d17-c568-8316-0c04f39192df" executionId="4198148e-cc9a-49ce-8908-12cc1df4d18f" testListId="8c84fa94-04c1-424b-9868-57a2d4851a1d" />
    <TestEntry testId="13fea0df-e2e6-ce5a-1333-80d1fb320145" executionId="cb91c9d1-216e-4233-8532-e6081323ddaf" testListId="8c84fa94-04c1-424b-9868-57a2d4851a1d" />
    <TestEntry testId="a91c30e5-eef5-141b-9bcf-30c96b1c38ce" executionId="b59694ff-7ff5-48cc-89fb-7bd19976abcd" testListId="8c84fa94-04c1-424b-9868-57a2d4851a1d" />
    <TestEntry testId="934c34a0-0944-7a18-47c8-30823fad20ed" executionId="9aac92d5-222e-4921-9ce1-ca6df8d00fe2" testListId="8c84fa94-04c1-424b-9868-57a2d4851a1d" />
    <TestEntry testId="d0d59378-d12f-fbb8-d103-e1440fb6d9c1" executionId="36d57acc-0929-4c0a-8e2e-835472f5a4c1" testListId="8c84fa94-04c1-424b-9868-57a2d4851a1d" />
    <TestEntry testId="f2041192-ea82-d1c4-9e07-3a78c5761d5c" executionId="21d26dba-0448-4b91-b852-0e45bd41fa97" testListId="8c84fa94-04c1-424b-9868-57a2d4851a1d" />
    <TestEntry testId="f1518f04-8bcc-37d3-760e-27d146277a3f" executionId="bd90c937-51e6-4e41-af4c-b80d1461822b" testListId="8c84fa94-04c1-424b-9868-57a2d4851a1d" />
    <TestEntry testId="91e34339-aec2-e4fa-3779-034132007780" executionId="1b2986ce-b23f-44a8-85af-272835c98fa6" testListId="8c84fa94-04c1-424b-9868-57a2d4851a1d" />
    <TestEntry testId="bc299abb-3653-451a-d737-81e3e599d118" executionId="a5ab09b2-8750-4763-9d5d-695fe370c6af" testListId="8c84fa94-04c1-424b-9868-57a2d4851a1d" />
    <TestEntry testId="ec10f7b6-2c4b-0efd-aaf8-01113fa467bb" executionId="4aa2a207-4b13-47ce-98ea-776b9d265a50" testListId="8c84fa94-04c1-424b-9868-57a2d4851a1d" />
    <TestEntry testId="d189edb4-d62a-e98f-e9b4-30b0e52ca47a" executionId="0ed9d47d-8486-4358-91e0-3f9df28b6a56" testListId="8c84fa94-04c1-424b-9868-57a2d4851a1d" />
    <TestEntry testId="86d29844-c0bc-04ef-0089-7929c7515ba4" executionId="c19f1ded-bcfd-4199-8ec4-65d2e3de09c2" testListId="8c84fa94-04c1-424b-9868-57a2d4851a1d" />
    <TestEntry testId="b36f1a72-4eed-2a4b-bb4d-ffac668f10ac" executionId="bcd5114f-5123-4bbc-8c15-b0210a100649" testListId="8c84fa94-04c1-424b-9868-57a2d4851a1d" />
    <TestEntry testId="697bbdf9-5b78-c1aa-c646-5b3eb88d2717" executionId="69554d67-10f2-40b0-b334-7c1363b4aebc" testListId="8c84fa94-04c1-424b-9868-57a2d4851a1d" />
    <TestEntry testId="c68990da-0f87-ff3d-997c-2766d3f02582" executionId="2320f858-a000-4baa-ba73-df1c53ff8de3" testListId="8c84fa94-04c1-424b-9868-57a2d4851a1d" />
    <TestEntry testId="5e9ede13-d812-d0e5-41b6-0fc097dc99c9" executionId="6ae03f4e-2330-422f-b210-753f4fe8bc50" testListId="8c84fa94-04c1-424b-9868-57a2d4851a1d" />
    <TestEntry testId="1e5e0bd7-3e1e-c71e-4906-dfc0748b38e8" executionId="09a7afa4-c0da-40cd-9754-a7ee20104006" testListId="8c84fa94-04c1-424b-9868-57a2d4851a1d" />
    <TestEntry testId="26ac67c5-b54b-7aab-1ecb-990ffac2bbcc" executionId="faf6c920-7b72-4e36-bc83-8fc6a7cf0108" testListId="8c84fa94-04c1-424b-9868-57a2d4851a1d" />
    <TestEntry testId="eadee187-dd87-1756-b5b9-a6c63e469d4f" executionId="32d2738e-aa1d-4abb-ad64-a65974f4a358" testListId="8c84fa94-04c1-424b-9868-57a2d4851a1d" />
    <TestEntry testId="eaa7e176-4110-d3b6-3e25-0b88ecb6a44f" executionId="49a6a26f-25b5-4de7-b6b3-3a749c0f6ba0" testListId="8c84fa94-04c1-424b-9868-57a2d4851a1d" />
    <TestEntry testId="583d2f7f-03ba-a884-dd42-6ce09c4d92f4" executionId="eb37bc7f-9da2-4c3c-8599-db02fe3fc8e7" testListId="8c84fa94-04c1-424b-9868-57a2d4851a1d" />
    <TestEntry testId="bce91b22-1909-2ade-b75e-218ba6bf9750" executionId="fd905cb0-4434-497e-be9c-af9ca27a3c4a" testListId="8c84fa94-04c1-424b-9868-57a2d4851a1d" />
    <TestEntry testId="677e97a1-5d2e-4791-9208-73d660033a48" executionId="4d3afa9f-0a44-4009-984b-274ff2e3789c" testListId="8c84fa94-04c1-424b-9868-57a2d4851a1d" />
    <TestEntry testId="ea00f056-de78-6eb8-7dc3-ff4463b6ce39" executionId="3ad5a1a5-2e7c-455f-bc34-2d85d30c8b1d" testListId="8c84fa94-04c1-424b-9868-57a2d4851a1d" />
    <TestEntry testId="54b9a5ae-6f1e-86a8-2aea-51e3c8ed9004" executionId="70fc5507-4515-4753-853c-3c67d1074045" testListId="8c84fa94-04c1-424b-9868-57a2d4851a1d" />
    <TestEntry testId="47e7e7b7-1922-db45-8cec-1b40a528ca11" executionId="809b606f-f42f-4dfe-b402-ff28f14305cc" testListId="8c84fa94-04c1-424b-9868-57a2d4851a1d" />
    <TestEntry testId="58e4248f-139e-9cb3-94b5-56698b2724ee" executionId="f2c0d284-7e84-4316-b46e-75d713fc5709" testListId="8c84fa94-04c1-424b-9868-57a2d4851a1d" />
    <TestEntry testId="6e048803-84ff-4b5e-171c-9d88286fa3e4" executionId="4c357534-17ad-4650-8a51-896f8090e25e" testListId="8c84fa94-04c1-424b-9868-57a2d4851a1d" />
    <TestEntry testId="c6c81fd1-2ffa-4412-cb75-bc49935d8fd9" executionId="49b9b149-d76b-47f0-be0a-4e67e29c747d" testListId="8c84fa94-04c1-424b-9868-57a2d4851a1d" />
    <TestEntry testId="cf0c1ad6-c359-3024-57aa-e84c70308be8" executionId="bf15fe3f-e223-4e2a-8d48-dd496f6b5168" testListId="8c84fa94-04c1-424b-9868-57a2d4851a1d" />
    <TestEntry testId="1c16596c-4066-a9b9-b334-35aae0996f09" executionId="2c8d3007-0293-4f4f-8309-f5143d2d82e1" testListId="8c84fa94-04c1-424b-9868-57a2d4851a1d" />
    <TestEntry testId="83b54f6f-08bc-1cbd-b86f-a6950e819618" executionId="843caae9-3e2f-4a50-b95e-6c218814d521" testListId="8c84fa94-04c1-424b-9868-57a2d4851a1d" />
    <TestEntry testId="4e8091f9-04ac-4c9e-701d-f7c0298d7ce6" executionId="6a75978b-0c10-479c-8e01-62d68fee9fa6" testListId="8c84fa94-04c1-424b-9868-57a2d4851a1d" />
    <TestEntry testId="2cd87820-6faa-c6d9-6a33-45b915de6ac7" executionId="c218ecd3-38c4-4303-9da6-fa1882498abf" testListId="8c84fa94-04c1-424b-9868-57a2d4851a1d" />
    <TestEntry testId="c9c370b9-2c37-c2cc-5012-cb2c6b139946" executionId="c7b7094e-8f26-4d1b-8040-4ac8d11f4b8e" testListId="8c84fa94-04c1-424b-9868-57a2d4851a1d" />
    <TestEntry testId="c060fba7-b3b9-8245-920d-6de61a2cc7dd" executionId="e9bd6b49-3583-4709-b412-84d781009f84" testListId="8c84fa94-04c1-424b-9868-57a2d4851a1d" />
    <TestEntry testId="3df210cc-b184-af9e-a356-f9e44cbcc4bb" executionId="78770fcd-43fe-4e68-bb90-b7c29e08ac2f" testListId="8c84fa94-04c1-424b-9868-57a2d4851a1d" />
    <TestEntry testId="0f3b966a-287f-7446-9f2b-91e3641901ff" executionId="6f8f98ca-b181-42d7-a51e-8c97e4fcebfa" testListId="8c84fa94-04c1-424b-9868-57a2d4851a1d" />
    <TestEntry testId="844e5f02-8ff8-2cd9-e1cb-207bfd5f890a" executionId="119fdbc5-4fe9-4791-878a-3a26130f0128" testListId="8c84fa94-04c1-424b-9868-57a2d4851a1d" />
    <TestEntry testId="8c3e9570-53c8-851b-3943-d201b871fbc7" executionId="86ab5b1a-336a-446c-acf4-f00f4861f983" testListId="8c84fa94-04c1-424b-9868-57a2d4851a1d" />
    <TestEntry testId="8d421899-006f-bf4b-f2af-5fed09704780" executionId="6c402545-b2f8-4fbc-8057-20f82c694da7" testListId="8c84fa94-04c1-424b-9868-57a2d4851a1d" />
    <TestEntry testId="eb451abb-ff98-8124-34a7-6eb2367631ef" executionId="6b9cb15c-cc10-4977-baf0-d3d69d9f344b" testListId="8c84fa94-04c1-424b-9868-57a2d4851a1d" />
    <TestEntry testId="f9ca811b-7f89-b2dc-1712-f3b46a28fc15" executionId="53dccd67-0e89-402b-844b-89323c8882b6" testListId="8c84fa94-04c1-424b-9868-57a2d4851a1d" />
    <TestEntry testId="53895f59-c729-f3b6-f9d6-469feb318aa7" executionId="f6acb988-0741-493a-a90e-729e1c59ff85" testListId="8c84fa94-04c1-424b-9868-57a2d4851a1d" />
    <TestEntry testId="96a239db-d786-5c86-b94e-07c70fe3775b" executionId="d9c41419-f49f-419f-9231-c7240bae23aa" testListId="8c84fa94-04c1-424b-9868-57a2d4851a1d" />
    <TestEntry testId="33cfd51a-2e99-fae2-1707-0ad77df97d2e" executionId="397ba3fe-a11e-4724-b6ea-96fdee8c01c6" testListId="8c84fa94-04c1-424b-9868-57a2d4851a1d" />
    <TestEntry testId="ee3d6833-054d-227f-08ad-d87d97139672" executionId="6c9759a2-3215-4005-8766-2a971538d806" testListId="8c84fa94-04c1-424b-9868-57a2d4851a1d" />
    <TestEntry testId="b6b23348-88d3-9611-38d9-caebf60e9168" executionId="343a917b-58bf-4dc6-b481-e83c6629d46d" testListId="8c84fa94-04c1-424b-9868-57a2d4851a1d" />
    <TestEntry testId="bce57df9-264b-6ea6-4cc4-8513da55d505" executionId="6c23d755-25b7-4fc6-b49a-1c828d635a64" testListId="8c84fa94-04c1-424b-9868-57a2d4851a1d" />
    <TestEntry testId="268102ad-2e1f-b2e9-8712-61983839d57b" executionId="16b95ac2-9b33-4a83-bd6b-1ef47e4be838" testListId="8c84fa94-04c1-424b-9868-57a2d4851a1d" />
    <TestEntry testId="121fc9a3-27c1-ad56-3e98-ab1bdacfeed5" executionId="c3b23c15-5a42-4d9c-ad37-072a0e95383a" testListId="8c84fa94-04c1-424b-9868-57a2d4851a1d" />
    <TestEntry testId="80e332fa-2457-3ce2-de76-2f9a70753ec7" executionId="f8b2581b-1018-4638-ae8e-1795f3ebd1e3" testListId="8c84fa94-04c1-424b-9868-57a2d4851a1d" />
    <TestEntry testId="a3f32f0d-1eed-99e8-bc77-a0aff70b58c1" executionId="1ad6cbee-6e88-40e6-bc71-ad47deaf06e9" testListId="8c84fa94-04c1-424b-9868-57a2d4851a1d" />
    <TestEntry testId="92e83ef1-2d4b-eb2a-23f2-14e6bd129301" executionId="2a5c7557-518f-4f6c-8081-173c9446bf7f" testListId="8c84fa94-04c1-424b-9868-57a2d4851a1d" />
    <TestEntry testId="5dea7107-a54c-2a01-2f4c-ac89a9d14f47" executionId="50f7af78-09e6-411a-8067-ed5927875f8d" testListId="8c84fa94-04c1-424b-9868-57a2d4851a1d" />
    <TestEntry testId="a1f87043-ab10-3289-b307-4a539db03c08" executionId="affe3c8f-2278-483c-a312-29fbe328fc93" testListId="8c84fa94-04c1-424b-9868-57a2d4851a1d" />
    <TestEntry testId="eb987937-2e28-9c14-856d-0480019e5f3c" executionId="581e8bed-00f8-498b-8cec-38d227cae930" testListId="8c84fa94-04c1-424b-9868-57a2d4851a1d" />
    <TestEntry testId="affcd770-5371-d1a7-e5f9-951128a44002" executionId="23ef72d6-5974-4eb0-ae64-168de1bf4f7a" testListId="8c84fa94-04c1-424b-9868-57a2d4851a1d" />
    <TestEntry testId="a663217a-37f3-685c-343a-a0ec0d73d84f" executionId="05d2726f-bd90-4fc6-ae5d-941d4dd11505" testListId="8c84fa94-04c1-424b-9868-57a2d4851a1d" />
    <TestEntry testId="ca118ceb-9607-4abf-5407-d8134d9334fe" executionId="2f5a5fed-8855-4480-ba55-dcd2f3b37d54" testListId="8c84fa94-04c1-424b-9868-57a2d4851a1d" />
    <TestEntry testId="f4a900c1-41c2-69fb-39a0-70dbdc07201a" executionId="c71530bf-63b6-468e-bca2-addb24640789" testListId="8c84fa94-04c1-424b-9868-57a2d4851a1d" />
    <TestEntry testId="729efd80-556a-adb1-ec37-7034b346d87e" executionId="1d982c91-98ea-436b-8954-75836ad69092" testListId="8c84fa94-04c1-424b-9868-57a2d4851a1d" />
    <TestEntry testId="d66bd48d-fafc-38ed-8bba-29509bb8d970" executionId="70038690-b73b-4ea4-849f-9ddf66cf9fc1" testListId="8c84fa94-04c1-424b-9868-57a2d4851a1d" />
    <TestEntry testId="be461650-a22a-4f39-58b8-5f6bd1e34044" executionId="5ced56d6-efb9-4467-8406-1ce224f483ce" testListId="8c84fa94-04c1-424b-9868-57a2d4851a1d" />
    <TestEntry testId="86e890ce-786a-34a8-efea-251323f8265b" executionId="27e4b7c4-96b6-4632-88b8-d922c6854146" testListId="8c84fa94-04c1-424b-9868-57a2d4851a1d" />
    <TestEntry testId="e9a222bd-7f29-1e46-0f9a-de6d68e1dbef" executionId="4af9c2cf-62b9-49c3-a33c-a33847f5a103" testListId="8c84fa94-04c1-424b-9868-57a2d4851a1d" />
    <TestEntry testId="193b6a1d-1677-bf45-a139-fdad1b766095" executionId="be9bb6a4-bf7f-4995-9e6d-3f82da36e347" testListId="8c84fa94-04c1-424b-9868-57a2d4851a1d" />
    <TestEntry testId="d039037e-fb57-e484-8910-e57a6b1dddf8" executionId="f4154186-c4e1-449a-8c0c-4b3c003cc014" testListId="8c84fa94-04c1-424b-9868-57a2d4851a1d" />
  </TestEntries>
  <TestLists>
    <TestList name="Список результатов" id="8c84fa94-04c1-424b-9868-57a2d4851a1d" />
    <TestList name="Все загруженные результаты" id="19431567-8539-422a-85d7-44ee4e166bda" />
  </TestLists>
  <ResultSummary outcome="Completed">
    <Counters total="330" executed="329" passed="329" failed="0" error="0" timeout="0" aborted="0" inconclusive="0" passedButRunAborted="0" notRunnable="0" notExecuted="0" disconnected="0" warning="0" completed="0" inProgress="0" pending="0" />
    <Output>
      <StdOut>NUnit Adapter 4.5.0.0: Test execution started&#xD;
Running selected tests in D:\IA\ace v.2\tests\SnowMeltingCalculator.Tests\bin\Release\net8.0-windows\SnowMeltingCalculator.Tests.dll&#xD;
   NUnit3TestExecutor discovered 330 of 330 NUnit test cases using Current Discovery mode, Non-Explicit run&#xD;
ResultsViewModel_LoadsRealProject_TwoCollectorsSummaryCardsMatchFile: F5 smoke fixture не найден: D:\IA\ace\Тест\тест 40.smc. Положите файл «тест 40.smc» в «D:\IA\ace\Тест\», и тест начнёт проверять реальные значения.&#xD;
Тест "ResultsViewModel_LoadsRealProject_TwoCollectorsSummaryCardsMatchFile" пропущен в тестовом запуске.&#xD;
NUnit Adapter 4.5.0.0: Test execution complete&#xD;
</StdOut>
    </Output>
  </ResultSummary>
</TestRun>