<?xml version="1.0" encoding="utf-8"?>
<TestRun id="4c97568f-0a2a-49b5-b1e8-34c4926e6447" name="Admin@DESKTOP-CVGB6OE 2026-08-24 00:40:46" runUser="DESKTOP-CVGB6OE\Admin" xmlns="http://microsoft.com/schemas/VisualStudio/TeamTest/2010">
  <Times creation="2026-08-24T00:40:46.2470923+05:00" queuing="2026-08-24T00:40:46.2470926+05:00" start="2026-08-24T00:40:45.5511210+05:00" finish="2026-08-24T00:40:46.2516694+05:00" />
  <TestSettings name="default" id="6b955831-3e77-40e2-a13b-4771ee7ba1d6">
    <Deployment runDeploymentRoot="Admin_DESKTOP-CVGB6OE_2026-08-24_00_40_46" />
  </TestSettings>
  <Results>
    <UnitTestResult executionId="96141e51-fa4c-4336-a988-c1abc0506691" testId="e1409d2c-c0b3-e19c-20ac-70db63c2f2fa" testName="LoadProjectDataAsync_EarlyRestoreFailure_ClearsLeasePreservesPartialThermalDefaults" computerName="DESKTOP-CVGB6OE" duration="00:00:00.0220120" startTime="2026-08-24T00:40:46.1230582+05:00" endTime="2026-08-24T00:40:46.1450694+05:00" testType="13cdc9d9-ddb5-4fa4-a97d-d965ccfc6d4b" outcome="Passed" testListId="8c84fa94-04c1-424b-9868-57a2d4851a1d" relativeResultsDirectory="96141e51-fa4c-4336-a988-c1abc0506691" />
    <UnitTestResult executionId="49a53309-ccd9-4d2a-a9eb-981fbc01a8f4" testId="a3bbd1dd-7744-df8a-97cc-7ed8e44c66f0" testName="RestoreModulesFromProjectAsync_ThermalBoundaryException_ClearsLeaseAndPreservesPartialState" computerName="DESKTOP-CVGB6OE" duration="00:00:00.1038680" startTime="2026-08-24T00:40:46.0172390+05:00" endTime="2026-08-24T00:40:46.1210784+05:00" testType="13cdc9d9-ddb5-4fa4-a97d-d965ccfc6d4b" outcome="Passed" testListId="8c84fa94-04c1-424b-9868-57a2d4851a1d" relativeResultsDirectory="49a53309-ccd9-4d2a-a9eb-981fbc01a8f4" />
    <UnitTestResult executionId="6be75ce0-bc7f-49a4-945a-c1ce71f3a037" testId="68f33dfd-f08f-f73c-0262-6befc31b7ea9" testName="LoadProjectDataAsync_LateRestoreFailure_ClearsLeaseThermalRetainsPreFailureDefaults" computerName="DESKTOP-CVGB6OE" duration="00:00:00.0025920" startTime="2026-08-24T00:40:46.1451003+05:00" endTime="2026-08-24T00:40:46.1476917+05:00" testType="13cdc9d9-ddb5-4fa4-a97d-d965ccfc6d4b" outcome="Passed" testListId="8c84fa94-04c1-424b-9868-57a2d4851a1d" relativeResultsDirectory="6be75ce0-bc7f-49a4-945a-c1ce71f3a037" />
  </Results>
  <TestDefinitions>
    <UnitTest name="LoadProjectDataAsync_EarlyRestoreFailure_ClearsLeasePreservesPartialThermalDefaults" storage="d:\ia\3ace v.2\tests\snowmeltingcalculator.tests\bin\release\net8.0-windows\snowmeltingcalculator.tests.dll" id="e1409d2c-c0b3-e19c-20ac-70db63c2f2fa">
      <Execution id="96141e51-fa4c-4336-a988-c1abc0506691" />
      <TestMethod codeBase="D:\IA\3ace v.2\tests\SnowMeltingCalculator.Tests\bin\Release\net8.0-windows\SnowMeltingCalculator.Tests.dll" adapterTypeName="executor://nunit3testexecutor/" className="SnowMeltingCalculator.Tests.Services.Project.ThermalMultiplicityCharacterizationTests" name="LoadProjectDataAsync_EarlyRestoreFailure_ClearsLeasePreservesPartialThermalDefaults" />
    </UnitTest>
    <UnitTest name="LoadProjectDataAsync_LateRestoreFailure_ClearsLeaseThermalRetainsPreFailureDefaults" storage="d:\ia\3ace v.2\tests\snowmeltingcalculator.tests\bin\release\net8.0-windows\snowmeltingcalculator.tests.dll" id="68f33dfd-f08f-f73c-0262-6befc31b7ea9">
      <Execution id="6be75ce0-bc7f-49a4-945a-c1ce71f3a037" />
      <TestMethod codeBase="D:\IA\3ace v.2\tests\SnowMeltingCalculator.Tests\bin\Release\net8.0-windows\SnowMeltingCalculator.Tests.dll" adapterTypeName="executor://nunit3testexecutor/" className="SnowMeltingCalculator.Tests.Services.Project.ThermalMultiplicityCharacterizationTests" name="LoadProjectDataAsync_LateRestoreFailure_ClearsLeaseThermalRetainsPreFailureDefaults" />
    </UnitTest>
    <UnitTest name="RestoreModulesFromProjectAsync_ThermalBoundaryException_ClearsLeaseAndPreservesPartialState" storage="d:\ia\3ace v.2\tests\snowmeltingcalculator.tests\bin\release\net8.0-windows\snowmeltingcalculator.tests.dll" id="a3bbd1dd-7744-df8a-97cc-7ed8e44c66f0">
      <Execution id="49a53309-ccd9-4d2a-a9eb-981fbc01a8f4" />
      <TestMethod codeBase="D:\IA\3ace v.2\tests\SnowMeltingCalculator.Tests\bin\Release\net8.0-windows\SnowMeltingCalculator.Tests.dll" adapterTypeName="executor://nunit3testexecutor/" className="SnowMeltingCalculator.Tests.Services.Project.ProjectLifecycleFlowCharacterizationTests" name="RestoreModulesFromProjectAsync_ThermalBoundaryException_ClearsLeaseAndPreservesPartialState" />
    </UnitTest>
  </TestDefinitions>
  <TestEntries>
    <TestEntry testId="e1409d2c-c0b3-e19c-20ac-70db63c2f2fa" executionId="96141e51-fa4c-4336-a988-c1abc0506691" testListId="8c84fa94-04c1-424b-9868-57a2d4851a1d" />
    <TestEntry testId="a3bbd1dd-7744-df8a-97cc-7ed8e44c66f0" executionId="49a53309-ccd9-4d2a-a9eb-981fbc01a8f4" testListId="8c84fa94-04c1-424b-9868-57a2d4851a1d" />
    <TestEntry testId="68f33dfd-f08f-f73c-0262-6befc31b7ea9" executionId="6be75ce0-bc7f-49a4-945a-c1ce71f3a037" testListId="8c84fa94-04c1-424b-9868-57a2d4851a1d" />
  </TestEntries>
  <TestLists>
    <TestList name="Список результатов" id="8c84fa94-04c1-424b-9868-57a2d4851a1d" />
    <TestList name="Все загруженные результаты" id="19431567-8539-422a-85d7-44ee4e166bda" />
  </TestLists>
  <ResultSummary outcome="Completed">
    <Counters total="3" executed="3" passed="3" failed="0" error="0" timeout="0" aborted="0" inconclusive="0" passedButRunAborted="0" notRunnable="0" notExecuted="0" disconnected="0" warning="0" completed="0" inProgress="0" pending="0" />
    <Output>
      <StdOut>NUnit Adapter 4.5.0.0: Test execution started&#xD;
Running selected tests in D:\IA\3ace v.2\tests\SnowMeltingCalculator.Tests\bin\Release\net8.0-windows\SnowMeltingCalculator.Tests.dll&#xD;
   NUnit3TestExecutor discovered 3 of 3 NUnit test cases using Current Discovery mode, Non-Explicit run&#xD;
NUnit Adapter 4.5.0.0: Test execution complete&#xD;
</StdOut>
    </Output>
  </ResultSummary>
</TestRun>