<?xml version="1.0" encoding="utf-8"?>
<TestRun id="87e5f44e-c5c5-40c3-ae8a-8717cb64ea3a" name="Admin@DESKTOP-CVGB6OE 2026-08-24 04:51:39" runUser="DESKTOP-CVGB6OE\Admin" xmlns="http://microsoft.com/schemas/VisualStudio/TeamTest/2010">
  <Times creation="2026-08-24T04:51:39.6231078+05:00" queuing="2026-08-24T04:51:39.6231079+05:00" start="2026-08-24T04:51:38.9466785+05:00" finish="2026-08-24T04:51:39.8459457+05:00" />
  <TestSettings name="default" id="9c913506-24ea-45e6-b604-a9dca2f3f38f">
    <Deployment runDeploymentRoot="Admin_DESKTOP-CVGB6OE_2026-08-24_04_51_39" />
  </TestSettings>
  <Results>
    <UnitTestResult executionId="414c4507-e504-472c-8db4-b507cba48c84" testId="6e111a98-4ad6-af6a-210e-28883cd0ba27" testName="ThermalViewModel_EagerlyMaterializesTheSingleCoordinator" computerName="DESKTOP-CVGB6OE" duration="00:00:00.0002560" startTime="2026-08-24T04:51:39.7102998+05:00" endTime="2026-08-24T04:51:39.7105560+05:00" testType="13cdc9d9-ddb5-4fa4-a97d-d965ccfc6d4b" outcome="Passed" testListId="8c84fa94-04c1-424b-9868-57a2d4851a1d" relativeResultsDirectory="414c4507-e504-472c-8db4-b507cba48c84" />
    <UnitTestResult executionId="eab5f35b-9170-4dec-ba2c-fcabf8351efc" testId="46fa58f9-9e8d-d292-8079-a966e43c178b" testName="ClimateLifecycleDescriptors_HaveNoTransientSecondOwner" computerName="DESKTOP-CVGB6OE" duration="00:00:00.0010850" startTime="2026-08-24T04:51:39.5451302+05:00" endTime="2026-08-24T04:51:39.5462157+05:00" testType="13cdc9d9-ddb5-4fa4-a97d-d965ccfc6d4b" outcome="Passed" testListId="8c84fa94-04c1-424b-9868-57a2d4851a1d" relativeResultsDirectory="eab5f35b-9170-4dec-ba2c-fcabf8351efc" />
    <UnitTestResult executionId="60658f21-ec4a-4f97-afad-f23336d3ed4e" testId="fa799109-d023-d4b4-0634-fe8d65763588" testName="EditorDialogService_ResolvesFromProvider" computerName="DESKTOP-CVGB6OE" duration="00:00:00.0013829" startTime="2026-08-24T04:51:39.5571294+05:00" endTime="2026-08-24T04:51:39.5585126+05:00" testType="13cdc9d9-ddb5-4fa4-a97d-d965ccfc6d4b" outcome="Passed" testListId="8c84fa94-04c1-424b-9868-57a2d4851a1d" relativeResultsDirectory="60658f21-ec4a-4f97-afad-f23336d3ed4e" />
    <UnitTestResult executionId="fb402ef3-e1db-4370-89d7-0482ec7622c8" testId="c8cb7f42-14e1-0392-29cd-04339b314fa5" testName="TemplateEditorView_ResolvesFromProvider" computerName="DESKTOP-CVGB6OE" duration="00:00:00.0107580" startTime="2026-08-24T04:51:39.6772869+05:00" endTime="2026-08-24T04:51:39.6880445+05:00" testType="13cdc9d9-ddb5-4fa4-a97d-d965ccfc6d4b" outcome="Passed" testListId="8c84fa94-04c1-424b-9868-57a2d4851a1d" relativeResultsDirectory="fb402ef3-e1db-4370-89d7-0482ec7622c8" />
    <UnitTestResult executionId="a9ab7df5-f58e-4d44-9ae1-4bcb144a4435" testId="565bb7a8-6f61-73e4-12be-15e3f886bc7f" testName="ConstructionCanonicalMutation_RefreshesThermalProjectionAndCalculationContext" computerName="DESKTOP-CVGB6OE" duration="00:00:00.0060790" startTime="2026-08-24T04:51:39.5462319+05:00" endTime="2026-08-24T04:51:39.5523109+05:00" testType="13cdc9d9-ddb5-4fa4-a97d-d965ccfc6d4b" outcome="Passed" testListId="8c84fa94-04c1-424b-9868-57a2d4851a1d" relativeResultsDirectory="a9ab7df5-f58e-4d44-9ae1-4bcb144a4435" />
    <UnitTestResult executionId="51856973-2c18-4267-bdcd-6d82bcbe64cc" testId="30772160-6073-948c-fda7-acea5073087a" testName="MaterialEditorView_ResolvesFromProvider" computerName="DESKTOP-CVGB6OE" duration="00:00:00.1162390" startTime="2026-08-24T04:51:39.5604417+05:00" endTime="2026-08-24T04:51:39.6766802+05:00" testType="13cdc9d9-ddb5-4fa4-a97d-d965ccfc6d4b" outcome="Passed" testListId="8c84fa94-04c1-424b-9868-57a2d4851a1d" relativeResultsDirectory="51856973-2c18-4267-bdcd-6d82bcbe64cc" />
    <UnitTestResult executionId="d3a894b2-9328-43e3-9b9c-3bbf257fbafd" testId="0b4d2291-6b50-2a41-ce4d-45d2ac87f269" testName="ThermalStateCoordinator_IsSingleton_ReferenceIdenticalWithSessionState" computerName="DESKTOP-CVGB6OE" duration="00:00:00.0003100" startTime="2026-08-24T04:51:39.7099781+05:00" endTime="2026-08-24T04:51:39.7102880+05:00" testType="13cdc9d9-ddb5-4fa4-a97d-d965ccfc6d4b" outcome="Passed" testListId="8c84fa94-04c1-424b-9868-57a2d4851a1d" relativeResultsDirectory="d3a894b2-9328-43e3-9b9c-3bbf257fbafd" />
    <UnitTestResult executionId="bf0958d3-d94e-4c68-843b-55dfb5e476a7" testId="795b12c9-c3b9-087e-719e-f6d01289a931" testName="ThermalState_DuplicateIndependentRegistration_IsFlaggedByDescriptorGuard" computerName="DESKTOP-CVGB6OE" duration="00:00:00.0012510" startTime="2026-08-24T04:51:39.7071363+05:00" endTime="2026-08-24T04:51:39.7083866+05:00" testType="13cdc9d9-ddb5-4fa4-a97d-d965ccfc6d4b" outcome="Passed" testListId="8c84fa94-04c1-424b-9868-57a2d4851a1d" relativeResultsDirectory="bf0958d3-d94e-4c68-843b-55dfb5e476a7" />
    <UnitTestResult executionId="aee47859-d98c-493d-8df1-f4c92813eb5c" testId="4bd8711c-fec4-19d2-c5c7-e482d25ef1c6" testName="TemplateEditorViewModel_ResolvesFromProvider" computerName="DESKTOP-CVGB6OE" duration="00:00:00.0006360" startTime="2026-08-24T04:51:39.6881191+05:00" endTime="2026-08-24T04:51:39.6887551+05:00" testType="13cdc9d9-ddb5-4fa4-a97d-d965ccfc6d4b" outcome="Passed" testListId="8c84fa94-04c1-424b-9868-57a2d4851a1d" relativeResultsDirectory="aee47859-d98c-493d-8df1-f4c92813eb5c" />
    <UnitTestResult executionId="ead5fce4-a2cd-4534-b0bc-3b9e29bae095" testId="b4a362dc-9ebd-e7c0-d5f4-c87c8879cdfb" testName="ThermalState_ResolvesReferenceIdenticalThroughEverySessionAlias" computerName="DESKTOP-CVGB6OE" duration="00:00:00.0003190" startTime="2026-08-24T04:51:39.7096477+05:00" endTime="2026-08-24T04:51:39.7099662+05:00" testType="13cdc9d9-ddb5-4fa4-a97d-d965ccfc6d4b" outcome="Passed" testListId="8c84fa94-04c1-424b-9868-57a2d4851a1d" relativeResultsDirectory="ead5fce4-a2cd-4534-b0bc-3b9e29bae095" />
    <UnitTestResult executionId="3692f0a0-cddb-4651-9660-54444f92acf2" testId="43a96d8d-0f21-690e-b248-347617bb11d4" testName="ClimateLifecycleConsumers_ObserveCanonicalProjectionChain" computerName="DESKTOP-CVGB6OE" duration="00:00:00.1125940" startTime="2026-08-24T04:51:39.4319558+05:00" endTime="2026-08-24T04:51:39.5445232+05:00" testType="13cdc9d9-ddb5-4fa4-a97d-d965ccfc6d4b" outcome="Passed" testListId="8c84fa94-04c1-424b-9868-57a2d4851a1d" relativeResultsDirectory="3692f0a0-cddb-4651-9660-54444f92acf2" />
    <UnitTestResult executionId="5c8775a0-83d1-4f63-8d5d-e40b868390b8" testId="6010a416-dd42-ceb3-9d68-5e2c83d6f5f6" testName="ThermalLifecycleDescriptors_HaveNoIndependentRegistration" computerName="DESKTOP-CVGB6OE" duration="00:00:00.0003770" startTime="2026-08-24T04:51:39.6887703+05:00" endTime="2026-08-24T04:51:39.6891472+05:00" testType="13cdc9d9-ddb5-4fa4-a97d-d965ccfc6d4b" outcome="Passed" testListId="8c84fa94-04c1-424b-9868-57a2d4851a1d" relativeResultsDirectory="5c8775a0-83d1-4f63-8d5d-e40b868390b8" />
    <UnitTestResult executionId="c49796fc-3e4d-46f4-a661-ab401fb4cd5e" testId="2a7f099a-3364-9cf7-4083-276ed8bc3f0c" testName="HydraulicsState_IsNotResolvableAsIndependentService_FromBuiltProvider" computerName="DESKTOP-CVGB6OE" duration="00:00:00.0012810" startTime="2026-08-24T04:51:39.5585248+05:00" endTime="2026-08-24T04:51:39.5598052+05:00" testType="13cdc9d9-ddb5-4fa4-a97d-d965ccfc6d4b" outcome="Passed" testListId="8c84fa94-04c1-424b-9868-57a2d4851a1d" relativeResultsDirectory="c49796fc-3e4d-46f4-a661-ab401fb4cd5e" />
    <UnitTestResult executionId="b7e0807e-08b5-4d9b-8ef8-78730d1ff225" testId="9848f226-9714-e6c9-b85b-c36b6264617f" testName="MaterialCrudValidator_ResolvesAsSelfAndInterface" computerName="DESKTOP-CVGB6OE" duration="00:00:00.0002790" startTime="2026-08-24T04:51:39.5601542+05:00" endTime="2026-08-24T04:51:39.5604329+05:00" testType="13cdc9d9-ddb5-4fa4-a97d-d965ccfc6d4b" outcome="Passed" testListId="8c84fa94-04c1-424b-9868-57a2d4851a1d" relativeResultsDirectory="b7e0807e-08b5-4d9b-8ef8-78730d1ff225" />
    <UnitTestResult executionId="611a5fe0-491a-4410-aaab-a07863df801f" testId="8b4a80fc-f33a-60a4-eeee-e90c52944376" testName="ThermalState_IsNotResolvableAsIndependentService_FromBuiltProvider" computerName="DESKTOP-CVGB6OE" duration="00:00:00.0002760" startTime="2026-08-24T04:51:39.7089308+05:00" endTime="2026-08-24T04:51:39.7092063+05:00" testType="13cdc9d9-ddb5-4fa4-a97d-d965ccfc6d4b" outcome="Passed" testListId="8c84fa94-04c1-424b-9868-57a2d4851a1d" relativeResultsDirectory="611a5fe0-491a-4410-aaab-a07863df801f" />
    <UnitTestResult executionId="cea73e8b-c364-4052-ab58-a190aef6d322" testId="76b38ab8-78b2-baf0-e818-bfb233b5aabb" testName="ThermalState_IsOnePerSession_SingletonAcrossScopes_DistinctAcrossSessions" computerName="DESKTOP-CVGB6OE" duration="00:00:00.0004150" startTime="2026-08-24T04:51:39.7092187+05:00" endTime="2026-08-24T04:51:39.7096341+05:00" testType="13cdc9d9-ddb5-4fa4-a97d-d965ccfc6d4b" outcome="Passed" testListId="8c84fa94-04c1-424b-9868-57a2d4851a1d" relativeResultsDirectory="cea73e8b-c364-4052-ab58-a190aef6d322" />
    <UnitTestResult executionId="d934955c-d2b6-48c4-bacf-aac51f8e8dde" testId="15080e66-8ba3-3708-ffbe-da8c1cb9becf" testName="ThermalState_Addition_PreservesClimateAndConstructionIdentities" computerName="DESKTOP-CVGB6OE" duration="00:00:00.0006200" startTime="2026-08-24T04:51:39.6891604+05:00" endTime="2026-08-24T04:51:39.6897807+05:00" testType="13cdc9d9-ddb5-4fa4-a97d-d965ccfc6d4b" outcome="Passed" testListId="8c84fa94-04c1-424b-9868-57a2d4851a1d" relativeResultsDirectory="d934955c-d2b6-48c4-bacf-aac51f8e8dde" />
    <UnitTestResult executionId="9874592f-21ce-4ecd-98f5-5e76ee4ba6b8" testId="7e553825-6a59-f4fb-5f38-c12d98159cce" testName="ConstructionLifecycleConsumers_ObserveCanonicalSessionStateAndProjection" computerName="DESKTOP-CVGB6OE" duration="00:00:00.0037980" startTime="2026-08-24T04:51:39.5523214+05:00" endTime="2026-08-24T04:51:39.5561193+05:00" testType="13cdc9d9-ddb5-4fa4-a97d-d965ccfc6d4b" outcome="Passed" testListId="8c84fa94-04c1-424b-9868-57a2d4851a1d" relativeResultsDirectory="9874592f-21ce-4ecd-98f5-5e76ee4ba6b8" />
    <UnitTestResult executionId="2abc8430-3687-493f-a8f4-e592e2bdb6b4" testId="5fdcda3f-d357-ab01-1d56-197df3e8df4a" testName="ConstructionLifecycleDescriptors_HaveOneCanonicalOwnerAndReadProjection" computerName="DESKTOP-CVGB6OE" duration="00:00:00.0003150" startTime="2026-08-24T04:51:39.5561322+05:00" endTime="2026-08-24T04:51:39.5564472+05:00" testType="13cdc9d9-ddb5-4fa4-a97d-d965ccfc6d4b" outcome="Passed" testListId="8c84fa94-04c1-424b-9868-57a2d4851a1d" relativeResultsDirectory="2abc8430-3687-493f-a8f4-e592e2bdb6b4" />
    <UnitTestResult executionId="85970a66-b076-469c-8cef-cb6486eaf247" testId="1ca676db-4494-9c98-f05b-6e75f76bd343" testName="ThermalState_IndependentRegistration_IsRejectedByDescriptorAndRuntimeIdentityGuards" computerName="DESKTOP-CVGB6OE" duration="00:00:00.0005130" startTime="2026-08-24T04:51:39.7084041+05:00" endTime="2026-08-24T04:51:39.7089167+05:00" testType="13cdc9d9-ddb5-4fa4-a97d-d965ccfc6d4b" outcome="Passed" testListId="8c84fa94-04c1-424b-9868-57a2d4851a1d" relativeResultsDirectory="85970a66-b076-469c-8cef-cb6486eaf247" />
    <UnitTestResult executionId="6148b609-4e68-4789-b68c-a09a25820f38" testId="ff833963-ce4c-e2ab-e32a-82243c425fb6" testName="ConstructionTemplateValidator_ResolvesAsSelfAndInterface" computerName="DESKTOP-CVGB6OE" duration="00:00:00.0002990" startTime="2026-08-24T04:51:39.5564585+05:00" endTime="2026-08-24T04:51:39.5567573+05:00" testType="13cdc9d9-ddb5-4fa4-a97d-d965ccfc6d4b" outcome="Passed" testListId="8c84fa94-04c1-424b-9868-57a2d4851a1d" relativeResultsDirectory="6148b609-4e68-4789-b68c-a09a25820f38" />
    <UnitTestResult executionId="eba62ca3-26cb-488f-a576-dda5abc60c7d" testId="e2da9dce-d31b-8e04-ebec-58ab7759a961" testName="ConstructionViewModel_ResolvesFromProvider" computerName="DESKTOP-CVGB6OE" duration="00:00:00.0003470" startTime="2026-08-24T04:51:39.5567705+05:00" endTime="2026-08-24T04:51:39.5571174+05:00" testType="13cdc9d9-ddb5-4fa4-a97d-d965ccfc6d4b" outcome="Passed" testListId="8c84fa94-04c1-424b-9868-57a2d4851a1d" relativeResultsDirectory="eba62ca3-26cb-488f-a576-dda5abc60c7d" />
    <UnitTestResult executionId="c4931b07-0e21-4093-87c2-2a949c08a150" testId="22634a95-f8f4-57d3-214f-a8e53b46014b" testName="ThermalState_ConstructorCycle_IsRejectedByContainerWithoutServiceLocator" computerName="DESKTOP-CVGB6OE" duration="00:00:00.0173180" startTime="2026-08-24T04:51:39.6897963+05:00" endTime="2026-08-24T04:51:39.7071139+05:00" testType="13cdc9d9-ddb5-4fa4-a97d-d965ccfc6d4b" outcome="Passed" testListId="8c84fa94-04c1-424b-9868-57a2d4851a1d" relativeResultsDirectory="c4931b07-0e21-4093-87c2-2a949c08a150" />
    <UnitTestResult executionId="4e98095f-0ed8-455f-a4c5-87f03451e68f" testId="b76bf35e-d85a-c21f-0b03-297e82352380" testName="MaterialEditorViewModel_ResolvesFromProvider" computerName="DESKTOP-CVGB6OE" duration="00:00:00.0005640" startTime="2026-08-24T04:51:39.6767071+05:00" endTime="2026-08-24T04:51:39.6772710+05:00" testType="13cdc9d9-ddb5-4fa4-a97d-d965ccfc6d4b" outcome="Passed" testListId="8c84fa94-04c1-424b-9868-57a2d4851a1d" relativeResultsDirectory="4e98095f-0ed8-455f-a4c5-87f03451e68f" />
    <UnitTestResult executionId="a04e5f82-6776-4346-a524-14d604422884" testId="f4758828-f534-3ace-1765-45a20a728018" testName="HydraulicsState_ResolvesReferenceIdenticalThroughEverySessionAlias" computerName="DESKTOP-CVGB6OE" duration="00:00:00.0003270" startTime="2026-08-24T04:51:39.5598192+05:00" endTime="2026-08-24T04:51:39.5601463+05:00" testType="13cdc9d9-ddb5-4fa4-a97d-d965ccfc6d4b" outcome="Passed" testListId="8c84fa94-04c1-424b-9868-57a2d4851a1d" relativeResultsDirectory="a04e5f82-6776-4346-a524-14d604422884" />
  </Results>
  <TestDefinitions>
    <UnitTest name="HydraulicsState_ResolvesReferenceIdenticalThroughEverySessionAlias" storage="d:\ia\3ace v.2\tests\snowmeltingcalculator.tests\bin\release\net8.0-windows\snowmeltingcalculator.tests.dll" id="f4758828-f534-3ace-1765-45a20a728018">
      <Execution id="a04e5f82-6776-4346-a524-14d604422884" />
      <TestMethod codeBase="D:\IA\3ace v.2\tests\SnowMeltingCalculator.Tests\bin\Release\net8.0-windows\SnowMeltingCalculator.Tests.dll" adapterTypeName="executor://nunit3testexecutor/" className="SnowMeltingCalculator.Tests.Configuration.DiRegistrationTests" name="HydraulicsState_ResolvesReferenceIdenticalThroughEverySessionAlias" />
    </UnitTest>
    <UnitTest name="ClimateLifecycleConsumers_ObserveCanonicalProjectionChain" storage="d:\ia\3ace v.2\tests\snowmeltingcalculator.tests\bin\release\net8.0-windows\snowmeltingcalculator.tests.dll" id="43a96d8d-0f21-690e-b248-347617bb11d4">
      <Execution id="3692f0a0-cddb-4651-9660-54444f92acf2" />
      <TestMethod codeBase="D:\IA\3ace v.2\tests\SnowMeltingCalculator.Tests\bin\Release\net8.0-windows\SnowMeltingCalculator.Tests.dll" adapterTypeName="executor://nunit3testexecutor/" className="SnowMeltingCalculator.Tests.Configuration.DiRegistrationTests" name="ClimateLifecycleConsumers_ObserveCanonicalProjectionChain" />
    </UnitTest>
    <UnitTest name="MaterialCrudValidator_ResolvesAsSelfAndInterface" storage="d:\ia\3ace v.2\tests\snowmeltingcalculator.tests\bin\release\net8.0-windows\snowmeltingcalculator.tests.dll" id="9848f226-9714-e6c9-b85b-c36b6264617f">
      <Execution id="b7e0807e-08b5-4d9b-8ef8-78730d1ff225" />
      <TestMethod codeBase="D:\IA\3ace v.2\tests\SnowMeltingCalculator.Tests\bin\Release\net8.0-windows\SnowMeltingCalculator.Tests.dll" adapterTypeName="executor://nunit3testexecutor/" className="SnowMeltingCalculator.Tests.Configuration.DiRegistrationTests" name="MaterialCrudValidator_ResolvesAsSelfAndInterface" />
    </UnitTest>
    <UnitTest name="ThermalState_ConstructorCycle_IsRejectedByContainerWithoutServiceLocator" storage="d:\ia\3ace v.2\tests\snowmeltingcalculator.tests\bin\release\net8.0-windows\snowmeltingcalculator.tests.dll" id="22634a95-f8f4-57d3-214f-a8e53b46014b">
      <Execution id="c4931b07-0e21-4093-87c2-2a949c08a150" />
      <TestMethod codeBase="D:\IA\3ace v.2\tests\SnowMeltingCalculator.Tests\bin\Release\net8.0-windows\SnowMeltingCalculator.Tests.dll" adapterTypeName="executor://nunit3testexecutor/" className="SnowMeltingCalculator.Tests.Configuration.DiRegistrationTests" name="ThermalState_ConstructorCycle_IsRejectedByContainerWithoutServiceLocator" />
    </UnitTest>
    <UnitTest name="TemplateEditorViewModel_ResolvesFromProvider" storage="d:\ia\3ace v.2\tests\snowmeltingcalculator.tests\bin\release\net8.0-windows\snowmeltingcalculator.tests.dll" id="4bd8711c-fec4-19d2-c5c7-e482d25ef1c6">
      <Execution id="aee47859-d98c-493d-8df1-f4c92813eb5c" />
      <TestMethod codeBase="D:\IA\3ace v.2\tests\SnowMeltingCalculator.Tests\bin\Release\net8.0-windows\SnowMeltingCalculator.Tests.dll" adapterTypeName="executor://nunit3testexecutor/" className="SnowMeltingCalculator.Tests.Configuration.DiRegistrationTests" name="TemplateEditorViewModel_ResolvesFromProvider" />
    </UnitTest>
    <UnitTest name="ThermalState_IsOnePerSession_SingletonAcrossScopes_DistinctAcrossSessions" storage="d:\ia\3ace v.2\tests\snowmeltingcalculator.tests\bin\release\net8.0-windows\snowmeltingcalculator.tests.dll" id="76b38ab8-78b2-baf0-e818-bfb233b5aabb">
      <Execution id="cea73e8b-c364-4052-ab58-a190aef6d322" />
      <TestMethod codeBase="D:\IA\3ace v.2\tests\SnowMeltingCalculator.Tests\bin\Release\net8.0-windows\SnowMeltingCalculator.Tests.dll" adapterTypeName="executor://nunit3testexecutor/" className="SnowMeltingCalculator.Tests.Configuration.DiRegistrationTests" name="ThermalState_IsOnePerSession_SingletonAcrossScopes_DistinctAcrossSessions" />
    </UnitTest>
    <UnitTest name="ThermalLifecycleDescriptors_HaveNoIndependentRegistration" storage="d:\ia\3ace v.2\tests\snowmeltingcalculator.tests\bin\release\net8.0-windows\snowmeltingcalculator.tests.dll" id="6010a416-dd42-ceb3-9d68-5e2c83d6f5f6">
      <Execution id="5c8775a0-83d1-4f63-8d5d-e40b868390b8" />
      <TestMethod codeBase="D:\IA\3ace v.2\tests\SnowMeltingCalculator.Tests\bin\Release\net8.0-windows\SnowMeltingCalculator.Tests.dll" adapterTypeName="executor://nunit3testexecutor/" className="SnowMeltingCalculator.Tests.Configuration.DiRegistrationTests" name="ThermalLifecycleDescriptors_HaveNoIndependentRegistration" />
    </UnitTest>
    <UnitTest name="ThermalState_IsNotResolvableAsIndependentService_FromBuiltProvider" storage="d:\ia\3ace v.2\tests\snowmeltingcalculator.tests\bin\release\net8.0-windows\snowmeltingcalculator.tests.dll" id="8b4a80fc-f33a-60a4-eeee-e90c52944376">
      <Execution id="611a5fe0-491a-4410-aaab-a07863df801f" />
      <TestMethod codeBase="D:\IA\3ace v.2\tests\SnowMeltingCalculator.Tests\bin\Release\net8.0-windows\SnowMeltingCalculator.Tests.dll" adapterTypeName="executor://nunit3testexecutor/" className="SnowMeltingCalculator.Tests.Configuration.DiRegistrationTests" name="ThermalState_IsNotResolvableAsIndependentService_FromBuiltProvider" />
    </UnitTest>
    <UnitTest name="ClimateLifecycleDescriptors_HaveNoTransientSecondOwner" storage="d:\ia\3ace v.2\tests\snowmeltingcalculator.tests\bin\release\net8.0-windows\snowmeltingcalculator.tests.dll" id="46fa58f9-9e8d-d292-8079-a966e43c178b">
      <Execution id="eab5f35b-9170-4dec-ba2c-fcabf8351efc" />
      <TestMethod codeBase="D:\IA\3ace v.2\tests\SnowMeltingCalculator.Tests\bin\Release\net8.0-windows\SnowMeltingCalculator.Tests.dll" adapterTypeName="executor://nunit3testexecutor/" className="SnowMeltingCalculator.Tests.Configuration.DiRegistrationTests" name="ClimateLifecycleDescriptors_HaveNoTransientSecondOwner" />
    </UnitTest>
    <UnitTest name="EditorDialogService_ResolvesFromProvider" storage="d:\ia\3ace v.2\tests\snowmeltingcalculator.tests\bin\release\net8.0-windows\snowmeltingcalculator.tests.dll" id="fa799109-d023-d4b4-0634-fe8d65763588">
      <Execution id="60658f21-ec4a-4f97-afad-f23336d3ed4e" />
      <TestMethod codeBase="D:\IA\3ace v.2\tests\SnowMeltingCalculator.Tests\bin\Release\net8.0-windows\SnowMeltingCalculator.Tests.dll" adapterTypeName="executor://nunit3testexecutor/" className="SnowMeltingCalculator.Tests.Configuration.DiRegistrationTests" name="EditorDialogService_ResolvesFromProvider" />
    </UnitTest>
    <UnitTest name="ConstructionTemplateValidator_ResolvesAsSelfAndInterface" storage="d:\ia\3ace v.2\tests\snowmeltingcalculator.tests\bin\release\net8.0-windows\snowmeltingcalculator.tests.dll" id="ff833963-ce4c-e2ab-e32a-82243c425fb6">
      <Execution id="6148b609-4e68-4789-b68c-a09a25820f38" />
      <TestMethod codeBase="D:\IA\3ace v.2\tests\SnowMeltingCalculator.Tests\bin\Release\net8.0-windows\SnowMeltingCalculator.Tests.dll" adapterTypeName="executor://nunit3testexecutor/" className="SnowMeltingCalculator.Tests.Configuration.DiRegistrationTests" name="ConstructionTemplateValidator_ResolvesAsSelfAndInterface" />
    </UnitTest>
    <UnitTest name="ThermalStateCoordinator_IsSingleton_ReferenceIdenticalWithSessionState" storage="d:\ia\3ace v.2\tests\snowmeltingcalculator.tests\bin\release\net8.0-windows\snowmeltingcalculator.tests.dll" id="0b4d2291-6b50-2a41-ce4d-45d2ac87f269">
      <Execution id="d3a894b2-9328-43e3-9b9c-3bbf257fbafd" />
      <TestMethod codeBase="D:\IA\3ace v.2\tests\SnowMeltingCalculator.Tests\bin\Release\net8.0-windows\SnowMeltingCalculator.Tests.dll" adapterTypeName="executor://nunit3testexecutor/" className="SnowMeltingCalculator.Tests.Configuration.DiRegistrationTests" name="ThermalStateCoordinator_IsSingleton_ReferenceIdenticalWithSessionState" />
    </UnitTest>
    <UnitTest name="ThermalState_ResolvesReferenceIdenticalThroughEverySessionAlias" storage="d:\ia\3ace v.2\tests\snowmeltingcalculator.tests\bin\release\net8.0-windows\snowmeltingcalculator.tests.dll" id="b4a362dc-9ebd-e7c0-d5f4-c87c8879cdfb">
      <Execution id="ead5fce4-a2cd-4534-b0bc-3b9e29bae095" />
      <TestMethod codeBase="D:\IA\3ace v.2\tests\SnowMeltingCalculator.Tests\bin\Release\net8.0-windows\SnowMeltingCalculator.Tests.dll" adapterTypeName="executor://nunit3testexecutor/" className="SnowMeltingCalculator.Tests.Configuration.DiRegistrationTests" name="ThermalState_ResolvesReferenceIdenticalThroughEverySessionAlias" />
    </UnitTest>
    <UnitTest name="HydraulicsState_IsNotResolvableAsIndependentService_FromBuiltProvider" storage="d:\ia\3ace v.2\tests\snowmeltingcalculator.tests\bin\release\net8.0-windows\snowmeltingcalculator.tests.dll" id="2a7f099a-3364-9cf7-4083-276ed8bc3f0c">
      <Execution id="c49796fc-3e4d-46f4-a661-ab401fb4cd5e" />
      <TestMethod codeBase="D:\IA\3ace v.2\tests\SnowMeltingCalculator.Tests\bin\Release\net8.0-windows\SnowMeltingCalculator.Tests.dll" adapterTypeName="executor://nunit3testexecutor/" className="SnowMeltingCalculator.Tests.Configuration.DiRegistrationTests" name="HydraulicsState_IsNotResolvableAsIndependentService_FromBuiltProvider" />
    </UnitTest>
    <UnitTest name="ConstructionLifecycleDescriptors_HaveOneCanonicalOwnerAndReadProjection" storage="d:\ia\3ace v.2\tests\snowmeltingcalculator.tests\bin\release\net8.0-windows\snowmeltingcalculator.tests.dll" id="5fdcda3f-d357-ab01-1d56-197df3e8df4a">
      <Execution id="2abc8430-3687-493f-a8f4-e592e2bdb6b4" />
      <TestMethod codeBase="D:\IA\3ace v.2\tests\SnowMeltingCalculator.Tests\bin\Release\net8.0-windows\SnowMeltingCalculator.Tests.dll" adapterTypeName="executor://nunit3testexecutor/" className="SnowMeltingCalculator.Tests.Configuration.DiRegistrationTests" name="ConstructionLifecycleDescriptors_HaveOneCanonicalOwnerAndReadProjection" />
    </UnitTest>
    <UnitTest name="ConstructionViewModel_ResolvesFromProvider" storage="d:\ia\3ace v.2\tests\snowmeltingcalculator.tests\bin\release\net8.0-windows\snowmeltingcalculator.tests.dll" id="e2da9dce-d31b-8e04-ebec-58ab7759a961">
      <Execution id="eba62ca3-26cb-488f-a576-dda5abc60c7d" />
      <TestMethod codeBase="D:\IA\3ace v.2\tests\SnowMeltingCalculator.Tests\bin\Release\net8.0-windows\SnowMeltingCalculator.Tests.dll" adapterTypeName="executor://nunit3testexecutor/" className="SnowMeltingCalculator.Tests.Configuration.DiRegistrationTests" name="ConstructionViewModel_ResolvesFromProvider" />
    </UnitTest>
    <UnitTest name="ConstructionCanonicalMutation_RefreshesThermalProjectionAndCalculationContext" storage="d:\ia\3ace v.2\tests\snowmeltingcalculator.tests\bin\release\net8.0-windows\snowmeltingcalculator.tests.dll" id="565bb7a8-6f61-73e4-12be-15e3f886bc7f">
      <Execution id="a9ab7df5-f58e-4d44-9ae1-4bcb144a4435" />
      <TestMethod codeBase="D:\IA\3ace v.2\tests\SnowMeltingCalculator.Tests\bin\Release\net8.0-windows\SnowMeltingCalculator.Tests.dll" adapterTypeName="executor://nunit3testexecutor/" className="SnowMeltingCalculator.Tests.Configuration.DiRegistrationTests" name="ConstructionCanonicalMutation_RefreshesThermalProjectionAndCalculationContext" />
    </UnitTest>
    <UnitTest name="ThermalViewModel_EagerlyMaterializesTheSingleCoordinator" storage="d:\ia\3ace v.2\tests\snowmeltingcalculator.tests\bin\release\net8.0-windows\snowmeltingcalculator.tests.dll" id="6e111a98-4ad6-af6a-210e-28883cd0ba27">
      <Execution id="414c4507-e504-472c-8db4-b507cba48c84" />
      <TestMethod codeBase="D:\IA\3ace v.2\tests\SnowMeltingCalculator.Tests\bin\Release\net8.0-windows\SnowMeltingCalculator.Tests.dll" adapterTypeName="executor://nunit3testexecutor/" className="SnowMeltingCalculator.Tests.Configuration.DiRegistrationTests" name="ThermalViewModel_EagerlyMaterializesTheSingleCoordinator" />
    </UnitTest>
    <UnitTest name="ThermalState_IndependentRegistration_IsRejectedByDescriptorAndRuntimeIdentityGuards" storage="d:\ia\3ace v.2\tests\snowmeltingcalculator.tests\bin\release\net8.0-windows\snowmeltingcalculator.tests.dll" id="1ca676db-4494-9c98-f05b-6e75f76bd343">
      <Execution id="85970a66-b076-469c-8cef-cb6486eaf247" />
      <TestMethod codeBase="D:\IA\3ace v.2\tests\SnowMeltingCalculator.Tests\bin\Release\net8.0-windows\SnowMeltingCalculator.Tests.dll" adapterTypeName="executor://nunit3testexecutor/" className="SnowMeltingCalculator.Tests.Configuration.DiRegistrationTests" name="ThermalState_IndependentRegistration_IsRejectedByDescriptorAndRuntimeIdentityGuards" />
    </UnitTest>
    <UnitTest name="ConstructionLifecycleConsumers_ObserveCanonicalSessionStateAndProjection" storage="d:\ia\3ace v.2\tests\snowmeltingcalculator.tests\bin\release\net8.0-windows\snowmeltingcalculator.tests.dll" id="7e553825-6a59-f4fb-5f38-c12d98159cce">
      <Execution id="9874592f-21ce-4ecd-98f5-5e76ee4ba6b8" />
      <TestMethod codeBase="D:\IA\3ace v.2\tests\SnowMeltingCalculator.Tests\bin\Release\net8.0-windows\SnowMeltingCalculator.Tests.dll" adapterTypeName="executor://nunit3testexecutor/" className="SnowMeltingCalculator.Tests.Configuration.DiRegistrationTests" name="ConstructionLifecycleConsumers_ObserveCanonicalSessionStateAndProjection" />
    </UnitTest>
    <UnitTest name="ThermalState_Addition_PreservesClimateAndConstructionIdentities" storage="d:\ia\3ace v.2\tests\snowmeltingcalculator.tests\bin\release\net8.0-windows\snowmeltingcalculator.tests.dll" id="15080e66-8ba3-3708-ffbe-da8c1cb9becf">
      <Execution id="d934955c-d2b6-48c4-bacf-aac51f8e8dde" />
      <TestMethod codeBase="D:\IA\3ace v.2\tests\SnowMeltingCalculator.Tests\bin\Release\net8.0-windows\SnowMeltingCalculator.Tests.dll" adapterTypeName="executor://nunit3testexecutor/" className="SnowMeltingCalculator.Tests.Configuration.DiRegistrationTests" name="ThermalState_Addition_PreservesClimateAndConstructionIdentities" />
    </UnitTest>
    <UnitTest name="ThermalState_DuplicateIndependentRegistration_IsFlaggedByDescriptorGuard" storage="d:\ia\3ace v.2\tests\snowmeltingcalculator.tests\bin\release\net8.0-windows\snowmeltingcalculator.tests.dll" id="795b12c9-c3b9-087e-719e-f6d01289a931">
      <Execution id="bf0958d3-d94e-4c68-843b-55dfb5e476a7" />
      <TestMethod codeBase="D:\IA\3ace v.2\tests\SnowMeltingCalculator.Tests\bin\Release\net8.0-windows\SnowMeltingCalculator.Tests.dll" adapterTypeName="executor://nunit3testexecutor/" className="SnowMeltingCalculator.Tests.Configuration.DiRegistrationTests" name="ThermalState_DuplicateIndependentRegistration_IsFlaggedByDescriptorGuard" />
    </UnitTest>
    <UnitTest name="MaterialEditorViewModel_ResolvesFromProvider" storage="d:\ia\3ace v.2\tests\snowmeltingcalculator.tests\bin\release\net8.0-windows\snowmeltingcalculator.tests.dll" id="b76bf35e-d85a-c21f-0b03-297e82352380">
      <Execution id="4e98095f-0ed8-455f-a4c5-87f03451e68f" />
      <TestMethod codeBase="D:\IA\3ace v.2\tests\SnowMeltingCalculator.Tests\bin\Release\net8.0-windows\SnowMeltingCalculator.Tests.dll" adapterTypeName="executor://nunit3testexecutor/" className="SnowMeltingCalculator.Tests.Configuration.DiRegistrationTests" name="MaterialEditorViewModel_ResolvesFromProvider" />
    </UnitTest>
    <UnitTest name="TemplateEditorView_ResolvesFromProvider" storage="d:\ia\3ace v.2\tests\snowmeltingcalculator.tests\bin\release\net8.0-windows\snowmeltingcalculator.tests.dll" id="c8cb7f42-14e1-0392-29cd-04339b314fa5">
      <Execution id="fb402ef3-e1db-4370-89d7-0482ec7622c8" />
      <TestMethod codeBase="D:\IA\3ace v.2\tests\SnowMeltingCalculator.Tests\bin\Release\net8.0-windows\SnowMeltingCalculator.Tests.dll" adapterTypeName="executor://nunit3testexecutor/" className="SnowMeltingCalculator.Tests.Configuration.DiRegistrationTests" name="TemplateEditorView_ResolvesFromProvider" />
    </UnitTest>
    <UnitTest name="MaterialEditorView_ResolvesFromProvider" storage="d:\ia\3ace v.2\tests\snowmeltingcalculator.tests\bin\release\net8.0-windows\snowmeltingcalculator.tests.dll" id="30772160-6073-948c-fda7-acea5073087a">
      <Execution id="51856973-2c18-4267-bdcd-6d82bcbe64cc" />
      <TestMethod codeBase="D:\IA\3ace v.2\tests\SnowMeltingCalculator.Tests\bin\Release\net8.0-windows\SnowMeltingCalculator.Tests.dll" adapterTypeName="executor://nunit3testexecutor/" className="SnowMeltingCalculator.Tests.Configuration.DiRegistrationTests" name="MaterialEditorView_ResolvesFromProvider" />
    </UnitTest>
  </TestDefinitions>
  <TestEntries>
    <TestEntry testId="6e111a98-4ad6-af6a-210e-28883cd0ba27" executionId="414c4507-e504-472c-8db4-b507cba48c84" testListId="8c84fa94-04c1-424b-9868-57a2d4851a1d" />
    <TestEntry testId="46fa58f9-9e8d-d292-8079-a966e43c178b" executionId="eab5f35b-9170-4dec-ba2c-fcabf8351efc" testListId="8c84fa94-04c1-424b-9868-57a2d4851a1d" />
    <TestEntry testId="fa799109-d023-d4b4-0634-fe8d65763588" executionId="60658f21-ec4a-4f97-afad-f23336d3ed4e" testListId="8c84fa94-04c1-424b-9868-57a2d4851a1d" />
    <TestEntry testId="c8cb7f42-14e1-0392-29cd-04339b314fa5" executionId="fb402ef3-e1db-4370-89d7-0482ec7622c8" testListId="8c84fa94-04c1-424b-9868-57a2d4851a1d" />
    <TestEntry testId="565bb7a8-6f61-73e4-12be-15e3f886bc7f" executionId="a9ab7df5-f58e-4d44-9ae1-4bcb144a4435" testListId="8c84fa94-04c1-424b-9868-57a2d4851a1d" />
    <TestEntry testId="30772160-6073-948c-fda7-acea5073087a" executionId="51856973-2c18-4267-bdcd-6d82bcbe64cc" testListId="8c84fa94-04c1-424b-9868-57a2d4851a1d" />
    <TestEntry testId="0b4d2291-6b50-2a41-ce4d-45d2ac87f269" executionId="d3a894b2-9328-43e3-9b9c-3bbf257fbafd" testListId="8c84fa94-04c1-424b-9868-57a2d4851a1d" />
    <TestEntry testId="795b12c9-c3b9-087e-719e-f6d01289a931" executionId="bf0958d3-d94e-4c68-843b-55dfb5e476a7" testListId="8c84fa94-04c1-424b-9868-57a2d4851a1d" />
    <TestEntry testId="4bd8711c-fec4-19d2-c5c7-e482d25ef1c6" executionId="aee47859-d98c-493d-8df1-f4c92813eb5c" testListId="8c84fa94-04c1-424b-9868-57a2d4851a1d" />
    <TestEntry testId="b4a362dc-9ebd-e7c0-d5f4-c87c8879cdfb" executionId="ead5fce4-a2cd-4534-b0bc-3b9e29bae095" testListId="8c84fa94-04c1-424b-9868-57a2d4851a1d" />
    <TestEntry testId="43a96d8d-0f21-690e-b248-347617bb11d4" executionId="3692f0a0-cddb-4651-9660-54444f92acf2" testListId="8c84fa94-04c1-424b-9868-57a2d4851a1d" />
    <TestEntry testId="6010a416-dd42-ceb3-9d68-5e2c83d6f5f6" executionId="5c8775a0-83d1-4f63-8d5d-e40b868390b8" testListId="8c84fa94-04c1-424b-9868-57a2d4851a1d" />
    <TestEntry testId="2a7f099a-3364-9cf7-4083-276ed8bc3f0c" executionId="c49796fc-3e4d-46f4-a661-ab401fb4cd5e" testListId="8c84fa94-04c1-424b-9868-57a2d4851a1d" />
    <TestEntry testId="9848f226-9714-e6c9-b85b-c36b6264617f" executionId="b7e0807e-08b5-4d9b-8ef8-78730d1ff225" testListId="8c84fa94-04c1-424b-9868-57a2d4851a1d" />
    <TestEntry testId="8b4a80fc-f33a-60a4-eeee-e90c52944376" executionId="611a5fe0-491a-4410-aaab-a07863df801f" testListId="8c84fa94-04c1-424b-9868-57a2d4851a1d" />
    <TestEntry testId="76b38ab8-78b2-baf0-e818-bfb233b5aabb" executionId="cea73e8b-c364-4052-ab58-a190aef6d322" testListId="8c84fa94-04c1-424b-9868-57a2d4851a1d" />
    <TestEntry testId="15080e66-8ba3-3708-ffbe-da8c1cb9becf" executionId="d934955c-d2b6-48c4-bacf-aac51f8e8dde" testListId="8c84fa94-04c1-424b-9868-57a2d4851a1d" />
    <TestEntry testId="7e553825-6a59-f4fb-5f38-c12d98159cce" executionId="9874592f-21ce-4ecd-98f5-5e76ee4ba6b8" testListId="8c84fa94-04c1-424b-9868-57a2d4851a1d" />
    <TestEntry testId="5fdcda3f-d357-ab01-1d56-197df3e8df4a" executionId="2abc8430-3687-493f-a8f4-e592e2bdb6b4" testListId="8c84fa94-04c1-424b-9868-57a2d4851a1d" />
    <TestEntry testId="1ca676db-4494-9c98-f05b-6e75f76bd343" executionId="85970a66-b076-469c-8cef-cb6486eaf247" testListId="8c84fa94-04c1-424b-9868-57a2d4851a1d" />
    <TestEntry testId="ff833963-ce4c-e2ab-e32a-82243c425fb6" executionId="6148b609-4e68-4789-b68c-a09a25820f38" testListId="8c84fa94-04c1-424b-9868-57a2d4851a1d" />
    <TestEntry testId="e2da9dce-d31b-8e04-ebec-58ab7759a961" executionId="eba62ca3-26cb-488f-a576-dda5abc60c7d" testListId="8c84fa94-04c1-424b-9868-57a2d4851a1d" />
    <TestEntry testId="22634a95-f8f4-57d3-214f-a8e53b46014b" executionId="c4931b07-0e21-4093-87c2-2a949c08a150" testListId="8c84fa94-04c1-424b-9868-57a2d4851a1d" />
    <TestEntry testId="b76bf35e-d85a-c21f-0b03-297e82352380" executionId="4e98095f-0ed8-455f-a4c5-87f03451e68f" testListId="8c84fa94-04c1-424b-9868-57a2d4851a1d" />
    <TestEntry testId="f4758828-f534-3ace-1765-45a20a728018" executionId="a04e5f82-6776-4346-a524-14d604422884" testListId="8c84fa94-04c1-424b-9868-57a2d4851a1d" />
  </TestEntries>
  <TestLists>
    <TestList name="Список результатов" id="8c84fa94-04c1-424b-9868-57a2d4851a1d" />
    <TestList name="Все загруженные результаты" id="19431567-8539-422a-85d7-44ee4e166bda" />
  </TestLists>
  <ResultSummary outcome="Completed">
    <Counters total="25" executed="25" passed="25" failed="0" error="0" timeout="0" aborted="0" inconclusive="0" passedButRunAborted="0" notRunnable="0" notExecuted="0" disconnected="0" warning="0" completed="0" inProgress="0" pending="0" />
    <Output>
      <StdOut>NUnit Adapter 4.5.0.0: Test execution started&#xD;
Running selected tests in D:\IA\3ace v.2\tests\SnowMeltingCalculator.Tests\bin\Release\net8.0-windows\SnowMeltingCalculator.Tests.dll&#xD;
   NUnit3TestExecutor discovered 25 of 25 NUnit test cases using Current Discovery mode, Non-Explicit run&#xD;
NUnit Adapter 4.5.0.0: Test execution complete&#xD;
</StdOut>
    </Output>
  </ResultSummary>
</TestRun>