<?xml version="1.0" encoding="utf-8"?>
<TestRun id="bd017984-6666-4f2b-8528-86a8978b515a" name="Admin@DESKTOP-CVGB6OE 2026-08-24 04:52:02" runUser="DESKTOP-CVGB6OE\Admin" xmlns="http://microsoft.com/schemas/VisualStudio/TeamTest/2010">
  <Times creation="2026-08-24T04:52:02.2083270+05:00" queuing="2026-08-24T04:52:02.2083272+05:00" start="2026-08-24T04:52:01.6518171+05:00" finish="2026-08-24T04:52:02.2125769+05:00" />
  <TestSettings name="default" id="3da98a51-1766-46d5-b2fd-530d31362a1d">
    <Deployment runDeploymentRoot="Admin_DESKTOP-CVGB6OE_2026-08-24_04_52_02" />
  </TestSettings>
  <Results>
    <UnitTestResult executionId="0ba48ea1-cbb5-4b57-b6db-9a276c69c8ae" testId="0499b451-0f7b-6766-a795-4b20b7da2790" testName="BeginCompleteAndFailCalculation_UseExpectedPhasesAndResultSubtree" computerName="DESKTOP-CVGB6OE" duration="00:00:00.0032550" startTime="2026-08-24T04:52:02.1090509+05:00" endTime="2026-08-24T04:52:02.1123060+05:00" testType="13cdc9d9-ddb5-4fa4-a97d-d965ccfc6d4b" outcome="Passed" testListId="8c84fa94-04c1-424b-9868-57a2d4851a1d" relativeResultsDirectory="0ba48ea1-cbb5-4b57-b6db-9a276c69c8ae" />
    <UnitTestResult executionId="f091d562-9b18-49f9-9e69-134dda4dcc99" testId="c7d7ade2-f709-04d8-356a-b30cdee75263" testName="NoChangeAndRejected_EmitNoEvents" computerName="DESKTOP-CVGB6OE" duration="00:00:00.0001510" startTime="2026-08-24T04:52:02.1125168+05:00" endTime="2026-08-24T04:52:02.1126674+05:00" testType="13cdc9d9-ddb5-4fa4-a97d-d965ccfc6d4b" outcome="Passed" testListId="8c84fa94-04c1-424b-9868-57a2d4851a1d" relativeResultsDirectory="f091d562-9b18-49f9-9e69-134dda4dcc99" />
    <UnitTestResult executionId="dbb81bd0-8cf8-40aa-9a4e-7d2da75da02e" testId="b81ad60d-eb2d-af5f-ffdb-46d5d1f941b0" testName="OriginEnum_IsExactlyTheSevenMemberClosedContract" computerName="DESKTOP-CVGB6OE" duration="00:00:00.0006260" startTime="2026-08-24T04:52:02.1126714+05:00" endTime="2026-08-24T04:52:02.1132975+05:00" testType="13cdc9d9-ddb5-4fa4-a97d-d965ccfc6d4b" outcome="Passed" testListId="8c84fa94-04c1-424b-9868-57a2d4851a1d" relativeResultsDirectory="dbb81bd0-8cf8-40aa-9a4e-7d2da75da02e" />
    <UnitTestResult executionId="90b6214c-556f-45cb-8956-260f7541b838" testId="26661365-1e93-5394-f175-d091e6670ed5" testName="DirtyIntentMatrix_HasExactlyOneUserIntentAndNoneForOtherSixOrigins" computerName="DESKTOP-CVGB6OE" duration="00:00:00.0001870" startTime="2026-08-24T04:52:02.1123225+05:00" endTime="2026-08-24T04:52:02.1125097+05:00" testType="13cdc9d9-ddb5-4fa4-a97d-d965ccfc6d4b" outcome="Passed" testListId="8c84fa94-04c1-424b-9868-57a2d4851a1d" relativeResultsDirectory="90b6214c-556f-45cb-8956-260f7541b838" />
    <UnitTestResult executionId="61563032-4ce9-4200-99fd-613c40404e3f" testId="22013c0a-b4ce-0377-ec07-9f44477c3676" testName="Restore_OnlyAcceptsProjectLoad_AndResetRestoresDefaults" computerName="DESKTOP-CVGB6OE" duration="00:00:00.0002240" startTime="2026-08-24T04:52:02.1146001+05:00" endTime="2026-08-24T04:52:02.1148237+05:00" testType="13cdc9d9-ddb5-4fa4-a97d-d965ccfc6d4b" outcome="Passed" testListId="8c84fa94-04c1-424b-9868-57a2d4851a1d" relativeResultsDirectory="61563032-4ce9-4200-99fd-613c40404e3f" />
    <UnitTestResult executionId="85c09452-65e2-45dc-9d3f-4022ecbed0b8" testId="7e77f57c-af66-79f4-614c-6e8b5916aa5a" testName="ReplaceCollectors_Changed_StoresDefensiveCollectionCopy" computerName="DESKTOP-CVGB6OE" duration="00:00:00.0012840" startTime="2026-08-24T04:52:02.1133070+05:00" endTime="2026-08-24T04:52:02.1145908+05:00" testType="13cdc9d9-ddb5-4fa4-a97d-d965ccfc6d4b" outcome="Passed" testListId="8c84fa94-04c1-424b-9868-57a2d4851a1d" relativeResultsDirectory="85c09452-65e2-45dc-9d3f-4022ecbed0b8" />
    <UnitTestResult executionId="feddcfef-2c8b-4e8b-a758-a2d9f3c6d1ea" testId="552b4f99-47dc-7f63-06e7-b5a868d465f3" testName="ReturnedCollectionsAreReadOnly" computerName="DESKTOP-CVGB6OE" duration="00:00:00.0023350" startTime="2026-08-24T04:52:02.1148309+05:00" endTime="2026-08-24T04:52:02.1171661+05:00" testType="13cdc9d9-ddb5-4fa4-a97d-d965ccfc6d4b" outcome="Passed" testListId="8c84fa94-04c1-424b-9868-57a2d4851a1d" relativeResultsDirectory="feddcfef-2c8b-4e8b-a758-a2d9f3c6d1ea" />
    <UnitTestResult executionId="8093771c-1f01-4e64-aca8-c4e8499dd29e" testId="3139071d-1dee-1ce2-5faf-4e513262b0f7" testName="SnapshotEquality_IsStructuralAndDetectsFieldChanges" computerName="DESKTOP-CVGB6OE" duration="00:00:00.0007930" startTime="2026-08-24T04:52:02.1171760+05:00" endTime="2026-08-24T04:52:02.1179685+05:00" testType="13cdc9d9-ddb5-4fa4-a97d-d965ccfc6d4b" outcome="Passed" testListId="8c84fa94-04c1-424b-9868-57a2d4851a1d" relativeResultsDirectory="8093771c-1f01-4e64-aca8-c4e8499dd29e" />
    <UnitTestResult executionId="eba647c7-7f2d-44d4-aeef-eeb175ff2411" testId="ff837cfb-9042-d337-a901-c36624232086" testName="ApplyGlobalInputs_Changed_DirtiesAndEmitsOnce" computerName="DESKTOP-CVGB6OE" duration="00:00:00.0065630" startTime="2026-08-24T04:52:02.1019224+05:00" endTime="2026-08-24T04:52:02.1084556+05:00" testType="13cdc9d9-ddb5-4fa4-a97d-d965ccfc6d4b" outcome="Passed" testListId="8c84fa94-04c1-424b-9868-57a2d4851a1d" relativeResultsDirectory="eba647c7-7f2d-44d4-aeef-eeb175ff2411" />
  </Results>
  <TestDefinitions>
    <UnitTest name="ApplyGlobalInputs_Changed_DirtiesAndEmitsOnce" storage="d:\ia\3ace v.2\tests\snowmeltingcalculator.tests\bin\release\net8.0-windows\snowmeltingcalculator.tests.dll" id="ff837cfb-9042-d337-a901-c36624232086">
      <Execution id="eba647c7-7f2d-44d4-aeef-eeb175ff2411" />
      <TestMethod codeBase="D:\IA\3ace v.2\tests\SnowMeltingCalculator.Tests\bin\Release\net8.0-windows\SnowMeltingCalculator.Tests.dll" adapterTypeName="executor://nunit3testexecutor/" className="SnowMeltingCalculator.Tests.Services.Project.ProjectSessionHydraulicsStateTests" name="ApplyGlobalInputs_Changed_DirtiesAndEmitsOnce" />
    </UnitTest>
    <UnitTest name="ReplaceCollectors_Changed_StoresDefensiveCollectionCopy" storage="d:\ia\3ace v.2\tests\snowmeltingcalculator.tests\bin\release\net8.0-windows\snowmeltingcalculator.tests.dll" id="7e77f57c-af66-79f4-614c-6e8b5916aa5a">
      <Execution id="85c09452-65e2-45dc-9d3f-4022ecbed0b8" />
      <TestMethod codeBase="D:\IA\3ace v.2\tests\SnowMeltingCalculator.Tests\bin\Release\net8.0-windows\SnowMeltingCalculator.Tests.dll" adapterTypeName="executor://nunit3testexecutor/" className="SnowMeltingCalculator.Tests.Services.Project.ProjectSessionHydraulicsStateTests" name="ReplaceCollectors_Changed_StoresDefensiveCollectionCopy" />
    </UnitTest>
    <UnitTest name="SnapshotEquality_IsStructuralAndDetectsFieldChanges" storage="d:\ia\3ace v.2\tests\snowmeltingcalculator.tests\bin\release\net8.0-windows\snowmeltingcalculator.tests.dll" id="3139071d-1dee-1ce2-5faf-4e513262b0f7">
      <Execution id="8093771c-1f01-4e64-aca8-c4e8499dd29e" />
      <TestMethod codeBase="D:\IA\3ace v.2\tests\SnowMeltingCalculator.Tests\bin\Release\net8.0-windows\SnowMeltingCalculator.Tests.dll" adapterTypeName="executor://nunit3testexecutor/" className="SnowMeltingCalculator.Tests.Services.Project.ProjectSessionHydraulicsStateTests" name="SnapshotEquality_IsStructuralAndDetectsFieldChanges" />
    </UnitTest>
    <UnitTest name="DirtyIntentMatrix_HasExactlyOneUserIntentAndNoneForOtherSixOrigins" storage="d:\ia\3ace v.2\tests\snowmeltingcalculator.tests\bin\release\net8.0-windows\snowmeltingcalculator.tests.dll" id="26661365-1e93-5394-f175-d091e6670ed5">
      <Execution id="90b6214c-556f-45cb-8956-260f7541b838" />
      <TestMethod codeBase="D:\IA\3ace v.2\tests\SnowMeltingCalculator.Tests\bin\Release\net8.0-windows\SnowMeltingCalculator.Tests.dll" adapterTypeName="executor://nunit3testexecutor/" className="SnowMeltingCalculator.Tests.Services.Project.ProjectSessionHydraulicsStateTests" name="DirtyIntentMatrix_HasExactlyOneUserIntentAndNoneForOtherSixOrigins" />
    </UnitTest>
    <UnitTest name="BeginCompleteAndFailCalculation_UseExpectedPhasesAndResultSubtree" storage="d:\ia\3ace v.2\tests\snowmeltingcalculator.tests\bin\release\net8.0-windows\snowmeltingcalculator.tests.dll" id="0499b451-0f7b-6766-a795-4b20b7da2790">
      <Execution id="0ba48ea1-cbb5-4b57-b6db-9a276c69c8ae" />
      <TestMethod codeBase="D:\IA\3ace v.2\tests\SnowMeltingCalculator.Tests\bin\Release\net8.0-windows\SnowMeltingCalculator.Tests.dll" adapterTypeName="executor://nunit3testexecutor/" className="SnowMeltingCalculator.Tests.Services.Project.ProjectSessionHydraulicsStateTests" name="BeginCompleteAndFailCalculation_UseExpectedPhasesAndResultSubtree" />
    </UnitTest>
    <UnitTest name="Restore_OnlyAcceptsProjectLoad_AndResetRestoresDefaults" storage="d:\ia\3ace v.2\tests\snowmeltingcalculator.tests\bin\release\net8.0-windows\snowmeltingcalculator.tests.dll" id="22013c0a-b4ce-0377-ec07-9f44477c3676">
      <Execution id="61563032-4ce9-4200-99fd-613c40404e3f" />
      <TestMethod codeBase="D:\IA\3ace v.2\tests\SnowMeltingCalculator.Tests\bin\Release\net8.0-windows\SnowMeltingCalculator.Tests.dll" adapterTypeName="executor://nunit3testexecutor/" className="SnowMeltingCalculator.Tests.Services.Project.ProjectSessionHydraulicsStateTests" name="Restore_OnlyAcceptsProjectLoad_AndResetRestoresDefaults" />
    </UnitTest>
    <UnitTest name="OriginEnum_IsExactlyTheSevenMemberClosedContract" storage="d:\ia\3ace v.2\tests\snowmeltingcalculator.tests\bin\release\net8.0-windows\snowmeltingcalculator.tests.dll" id="b81ad60d-eb2d-af5f-ffdb-46d5d1f941b0">
      <Execution id="dbb81bd0-8cf8-40aa-9a4e-7d2da75da02e" />
      <TestMethod codeBase="D:\IA\3ace v.2\tests\SnowMeltingCalculator.Tests\bin\Release\net8.0-windows\SnowMeltingCalculator.Tests.dll" adapterTypeName="executor://nunit3testexecutor/" className="SnowMeltingCalculator.Tests.Services.Project.ProjectSessionHydraulicsStateTests" name="OriginEnum_IsExactlyTheSevenMemberClosedContract" />
    </UnitTest>
    <UnitTest name="ReturnedCollectionsAreReadOnly" storage="d:\ia\3ace v.2\tests\snowmeltingcalculator.tests\bin\release\net8.0-windows\snowmeltingcalculator.tests.dll" id="552b4f99-47dc-7f63-06e7-b5a868d465f3">
      <Execution id="feddcfef-2c8b-4e8b-a758-a2d9f3c6d1ea" />
      <TestMethod codeBase="D:\IA\3ace v.2\tests\SnowMeltingCalculator.Tests\bin\Release\net8.0-windows\SnowMeltingCalculator.Tests.dll" adapterTypeName="executor://nunit3testexecutor/" className="SnowMeltingCalculator.Tests.Services.Project.ProjectSessionHydraulicsStateTests" name="ReturnedCollectionsAreReadOnly" />
    </UnitTest>
    <UnitTest name="NoChangeAndRejected_EmitNoEvents" storage="d:\ia\3ace v.2\tests\snowmeltingcalculator.tests\bin\release\net8.0-windows\snowmeltingcalculator.tests.dll" id="c7d7ade2-f709-04d8-356a-b30cdee75263">
      <Execution id="f091d562-9b18-49f9-9e69-134dda4dcc99" />
      <TestMethod codeBase="D:\IA\3ace v.2\tests\SnowMeltingCalculator.Tests\bin\Release\net8.0-windows\SnowMeltingCalculator.Tests.dll" adapterTypeName="executor://nunit3testexecutor/" className="SnowMeltingCalculator.Tests.Services.Project.ProjectSessionHydraulicsStateTests" name="NoChangeAndRejected_EmitNoEvents" />
    </UnitTest>
  </TestDefinitions>
  <TestEntries>
    <TestEntry testId="0499b451-0f7b-6766-a795-4b20b7da2790" executionId="0ba48ea1-cbb5-4b57-b6db-9a276c69c8ae" testListId="8c84fa94-04c1-424b-9868-57a2d4851a1d" />
    <TestEntry testId="c7d7ade2-f709-04d8-356a-b30cdee75263" executionId="f091d562-9b18-49f9-9e69-134dda4dcc99" testListId="8c84fa94-04c1-424b-9868-57a2d4851a1d" />
    <TestEntry testId="b81ad60d-eb2d-af5f-ffdb-46d5d1f941b0" executionId="dbb81bd0-8cf8-40aa-9a4e-7d2da75da02e" testListId="8c84fa94-04c1-424b-9868-57a2d4851a1d" />
    <TestEntry testId="26661365-1e93-5394-f175-d091e6670ed5" executionId="90b6214c-556f-45cb-8956-260f7541b838" testListId="8c84fa94-04c1-424b-9868-57a2d4851a1d" />
    <TestEntry testId="22013c0a-b4ce-0377-ec07-9f44477c3676" executionId="61563032-4ce9-4200-99fd-613c40404e3f" testListId="8c84fa94-04c1-424b-9868-57a2d4851a1d" />
    <TestEntry testId="7e77f57c-af66-79f4-614c-6e8b5916aa5a" executionId="85c09452-65e2-45dc-9d3f-4022ecbed0b8" testListId="8c84fa94-04c1-424b-9868-57a2d4851a1d" />
    <TestEntry testId="552b4f99-47dc-7f63-06e7-b5a868d465f3" executionId="feddcfef-2c8b-4e8b-a758-a2d9f3c6d1ea" testListId="8c84fa94-04c1-424b-9868-57a2d4851a1d" />
    <TestEntry testId="3139071d-1dee-1ce2-5faf-4e513262b0f7" executionId="8093771c-1f01-4e64-aca8-c4e8499dd29e" testListId="8c84fa94-04c1-424b-9868-57a2d4851a1d" />
    <TestEntry testId="ff837cfb-9042-d337-a901-c36624232086" executionId="eba647c7-7f2d-44d4-aeef-eeb175ff2411" testListId="8c84fa94-04c1-424b-9868-57a2d4851a1d" />
  </TestEntries>
  <TestLists>
    <TestList name="Список результатов" id="8c84fa94-04c1-424b-9868-57a2d4851a1d" />
    <TestList name="Все загруженные результаты" id="19431567-8539-422a-85d7-44ee4e166bda" />
  </TestLists>
  <ResultSummary outcome="Completed">
    <Counters total="9" executed="9" passed="9" failed="0" error="0" timeout="0" aborted="0" inconclusive="0" passedButRunAborted="0" notRunnable="0" notExecuted="0" disconnected="0" warning="0" completed="0" inProgress="0" pending="0" />
    <Output>
      <StdOut>NUnit Adapter 4.5.0.0: Test execution started&#xD;
Running selected tests in D:\IA\3ace v.2\tests\SnowMeltingCalculator.Tests\bin\Release\net8.0-windows\SnowMeltingCalculator.Tests.dll&#xD;
   NUnit3TestExecutor discovered 9 of 9 NUnit test cases using Current Discovery mode, Non-Explicit run&#xD;
NUnit Adapter 4.5.0.0: Test execution complete&#xD;
</StdOut>
    </Output>
  </ResultSummary>
</TestRun>