<?xml version="1.0" encoding="utf-8"?>
<TestRun id="c48a2359-c042-4c56-8b0f-6f4d14749e18" name="Admin@DESKTOP-CVGB6OE 2026-08-31 14:58:05" runUser="DESKTOP-CVGB6OE\Admin" xmlns="http://microsoft.com/schemas/VisualStudio/TeamTest/2010">
  <Times creation="2026-08-31T14:58:05.8375459+05:00" queuing="2026-08-31T14:58:05.8375463+05:00" start="2026-08-31T14:58:05.0753836+05:00" finish="2026-08-31T14:58:05.9300231+05:00" />
  <TestSettings name="default" id="b2baaf04-a576-4f4e-83b2-1320121d0de2">
    <Deployment runDeploymentRoot="Admin_DESKTOP-CVGB6OE_2026-08-31_14_58_05" />
  </TestSettings>
  <Results>
    <UnitTestResult executionId="461a79f2-7e43-44f2-953d-c94b96fbed07" testId="15b3276b-e926-c362-0817-094a49cc1935" testName="LegacyInterfaces_ObserveCanonicalStateChanges" computerName="DESKTOP-CVGB6OE" duration="00:00:00.0002360" startTime="2026-08-31T14:58:05.8697368+05:00" endTime="2026-08-31T14:58:05.8699729+05:00" testType="13cdc9d9-ddb5-4fa4-a97d-d965ccfc6d4b" outcome="Passed" testListId="8c84fa94-04c1-424b-9868-57a2d4851a1d" relativeResultsDirectory="461a79f2-7e43-44f2-953d-c94b96fbed07" />
    <UnitTestResult executionId="94debae4-84a6-4fb6-babe-08c3e0808a3c" testId="a67e9ff2-d1ce-4f38-4851-e4b7be964ab2" testName="CurrentFilePath_Setter_DoesNotRaisePropertyChanged_WhenValueUnchanged" computerName="DESKTOP-CVGB6OE" duration="00:00:00.0000600" startTime="2026-08-31T14:58:05.7964689+05:00" endTime="2026-08-31T14:58:05.7965289+05:00" testType="13cdc9d9-ddb5-4fa4-a97d-d965ccfc6d4b" outcome="Passed" testListId="8c84fa94-04c1-424b-9868-57a2d4851a1d" relativeResultsDirectory="94debae4-84a6-4fb6-babe-08c3e0808a3c" />
    <UnitTestResult executionId="b4e0a7a4-8049-47e8-8b4e-1b2c10484232" testId="b56e7b69-b014-688c-a6e5-68fc7c2dadf9" testName="CalculationStateService_HasNoLocalRestoreGuardBackingField" computerName="DESKTOP-CVGB6OE" duration="00:00:00.0010630" startTime="2026-08-31T14:58:05.7919394+05:00" endTime="2026-08-31T14:58:05.7930024+05:00" testType="13cdc9d9-ddb5-4fa4-a97d-d965ccfc6d4b" outcome="Passed" testListId="8c84fa94-04c1-424b-9868-57a2d4851a1d" relativeResultsDirectory="b4e0a7a4-8049-47e8-8b4e-1b2c10484232" />
    <UnitTestResult executionId="6075bcf5-afe4-4686-a8d2-e3106877068e" testId="af52ba2e-5214-92f1-4b19-3abe461ede29" testName="ProjectSession_ClimateState_ReturnsStableCanonicalOwner" computerName="DESKTOP-CVGB6OE" duration="00:00:00.0002100" startTime="2026-08-31T14:58:05.8714259+05:00" endTime="2026-08-31T14:58:05.8716355+05:00" testType="13cdc9d9-ddb5-4fa4-a97d-d965ccfc6d4b" outcome="Passed" testListId="8c84fa94-04c1-424b-9868-57a2d4851a1d" relativeResultsDirectory="6075bcf5-afe4-4686-a8d2-e3106877068e" />
    <UnitTestResult executionId="22f82abd-0091-4fda-8456-f1e2351f6043" testId="9a418cf9-9fd6-1af0-507c-98627123ba39" testName="ProjectNumber_Setter_RaisesPropertyChanged_Once" computerName="DESKTOP-CVGB6OE" duration="00:00:00.0000710" startTime="2026-08-31T14:58:05.8703846+05:00" endTime="2026-08-31T14:58:05.8704551+05:00" testType="13cdc9d9-ddb5-4fa4-a97d-d965ccfc6d4b" outcome="Passed" testListId="8c84fa94-04c1-424b-9868-57a2d4851a1d" relativeResultsDirectory="22f82abd-0091-4fda-8456-f1e2351f6043" />
    <UnitTestResult executionId="4c23613b-09a1-443e-96f3-1e31802a66be" testId="5b51f02e-a0bf-08cc-f83d-4b6e5d14decd" testName="ProjectObject_Setter_DoesNotRaisePropertyChanged_WhenValueUnchanged" computerName="DESKTOP-CVGB6OE" duration="00:00:00.0000880" startTime="2026-08-31T14:58:05.8709941+05:00" endTime="2026-08-31T14:58:05.8710825+05:00" testType="13cdc9d9-ddb5-4fa4-a97d-d965ccfc6d4b" outcome="Passed" testListId="8c84fa94-04c1-424b-9868-57a2d4851a1d" relativeResultsDirectory="4c23613b-09a1-443e-96f3-1e31802a66be" />
    <UnitTestResult executionId="2990810b-3273-4cd2-80cf-9042ddcf13f6" testId="ada4b904-9ac4-384a-e10f-a5d7bb048540" testName="LoadProjectDataAsync_TwiceOnSingletonGraph_ReplacesIdentityWithoutStaleState" computerName="DESKTOP-CVGB6OE" duration="00:00:00.0015540" startTime="2026-08-31T14:58:05.7332926+05:00" endTime="2026-08-31T14:58:05.7348461+05:00" testType="13cdc9d9-ddb5-4fa4-a97d-d965ccfc6d4b" outcome="Passed" testListId="8c84fa94-04c1-424b-9868-57a2d4851a1d" relativeResultsDirectory="2990810b-3273-4cd2-80cf-9042ddcf13f6" />
    <UnitTestResult executionId="9e5a6558-f03d-4074-a30b-2d2a76cfbb3d" testId="6baa7f26-071c-645d-bd3b-f472dc78e8e0" testName="DependencyInjection_ResolvesSameCanonicalInstance_ForAllLifecycleInterfaces" computerName="DESKTOP-CVGB6OE" duration="00:00:00.0004890" startTime="2026-08-31T14:58:05.8690464+05:00" endTime="2026-08-31T14:58:05.8695353+05:00" testType="13cdc9d9-ddb5-4fa4-a97d-d965ccfc6d4b" outcome="Passed" testListId="8c84fa94-04c1-424b-9868-57a2d4851a1d" relativeResultsDirectory="9e5a6558-f03d-4074-a30b-2d2a76cfbb3d" />
    <UnitTestResult executionId="b6a4af96-cf5c-4202-8629-ca72e11b7a6f" testId="5dea7107-a54c-2a01-2f4c-ac89a9d14f47" testName="RepeatedResetCycles_DoNotDuplicateCircuitsEventSubscriptions" computerName="DESKTOP-CVGB6OE" duration="00:00:00.0080310" startTime="2026-08-31T14:58:05.7558142+05:00" endTime="2026-08-31T14:58:05.7638452+05:00" testType="13cdc9d9-ddb5-4fa4-a97d-d965ccfc6d4b" outcome="Passed" testListId="8c84fa94-04c1-424b-9868-57a2d4851a1d" relativeResultsDirectory="b6a4af96-cf5c-4202-8629-ca72e11b7a6f" />
    <UnitTestResult executionId="356da0c2-f5bc-4ba7-9eb8-dd4d6794b89f" testId="a3bbd1dd-7744-df8a-97cc-7ed8e44c66f0" testName="RestoreModulesFromProjectAsync_ThermalBoundaryException_ClearsLeaseAndPreservesPartialState" computerName="DESKTOP-CVGB6OE" duration="00:00:00.0085000" startTime="2026-08-31T14:58:05.7752456+05:00" endTime="2026-08-31T14:58:05.7837451+05:00" testType="13cdc9d9-ddb5-4fa4-a97d-d965ccfc6d4b" outcome="Passed" testListId="8c84fa94-04c1-424b-9868-57a2d4851a1d" relativeResultsDirectory="356da0c2-f5bc-4ba7-9eb8-dd4d6794b89f" />
    <UnitTestResult executionId="edf139d0-0041-49d3-b645-d0e6fac40aa4" testId="84462405-bff4-b1db-9305-124db80cab14" testName="ProjectNumber_Setter_ThrowsArgumentNullException_ForNull" computerName="DESKTOP-CVGB6OE" duration="00:00:00.0005190" startTime="2026-08-31T14:58:05.8704613+05:00" endTime="2026-08-31T14:58:05.8709800+05:00" testType="13cdc9d9-ddb5-4fa4-a97d-d965ccfc6d4b" outcome="Passed" testListId="8c84fa94-04c1-424b-9868-57a2d4851a1d" relativeResultsDirectory="edf139d0-0041-49d3-b645-d0e6fac40aa4" />
    <UnitTestResult executionId="15553e64-29b2-49a5-82ae-c219cb6a1abc" testId="f86ff7d2-d7ee-9885-4203-24719cb04cb1" testName="BeginProjectRestore_DisposeOuter_ClearsGuard_And_RaisesPropertyChanged_Once" computerName="DESKTOP-CVGB6OE" duration="00:00:00.0009850" startTime="2026-08-31T14:58:05.7932453+05:00" endTime="2026-08-31T14:58:05.7942301+05:00" testType="13cdc9d9-ddb5-4fa4-a97d-d965ccfc6d4b" outcome="Passed" testListId="8c84fa94-04c1-424b-9868-57a2d4851a1d" relativeResultsDirectory="15553e64-29b2-49a5-82ae-c219cb6a1abc" />
    <UnitTestResult executionId="59926757-4889-42de-afc4-1d7a25e869a1" testId="f9ca811b-7f89-b2dc-1712-f3b46a28fc15" testName="CurrentFilePath_Setter_AcceptsNull" computerName="DESKTOP-CVGB6OE" duration="00:00:00.0001020" startTime="2026-08-31T14:58:05.7963626+05:00" endTime="2026-08-31T14:58:05.7964648+05:00" testType="13cdc9d9-ddb5-4fa4-a97d-d965ccfc6d4b" outcome="Passed" testListId="8c84fa94-04c1-424b-9868-57a2d4851a1d" relativeResultsDirectory="59926757-4889-42de-afc4-1d7a25e869a1" />
    <UnitTestResult executionId="b05f9c44-7495-45ed-b41e-97a98850033a" testId="6303c801-44bf-4d2c-71a8-5f0e90b18624" testName="RepeatedResetAndLoadCycles_DoNotMultiplyThermalCompletionsOrCalculations" computerName="DESKTOP-CVGB6OE" duration="00:00:00.0209310" startTime="2026-08-31T14:58:05.7348615+05:00" endTime="2026-08-31T14:58:05.7557919+05:00" testType="13cdc9d9-ddb5-4fa4-a97d-d965ccfc6d4b" outcome="Passed" testListId="8c84fa94-04c1-424b-9868-57a2d4851a1d" relativeResultsDirectory="b05f9c44-7495-45ed-b41e-97a98850033a" />
    <UnitTestResult executionId="5e4903f7-8eef-45cd-970c-2a57b622d874" testId="60b182a5-230b-5060-4014-b64a04f2f9d1" testName="InitialState_HasExpectedDefaults" computerName="DESKTOP-CVGB6OE" duration="00:00:00.0001780" startTime="2026-08-31T14:58:05.8695527+05:00" endTime="2026-08-31T14:58:05.8697302+05:00" testType="13cdc9d9-ddb5-4fa4-a97d-d965ccfc6d4b" outcome="Passed" testListId="8c84fa94-04c1-424b-9868-57a2d4851a1d" relativeResultsDirectory="5e4903f7-8eef-45cd-970c-2a57b622d874" />
    <UnitTestResult executionId="1af5ebb8-8053-4a40-ba6b-a35539765817" testId="406ea6ea-e0a9-203f-c15d-e7ad52fadfc4" testName="BeginProjectRestore_Nested_DoesNotRaiseEventForSecondEntry" computerName="DESKTOP-CVGB6OE" duration="00:00:00.0002140" startTime="2026-08-31T14:58:05.7942405+05:00" endTime="2026-08-31T14:58:05.7944542+05:00" testType="13cdc9d9-ddb5-4fa4-a97d-d965ccfc6d4b" outcome="Passed" testListId="8c84fa94-04c1-424b-9868-57a2d4851a1d" relativeResultsDirectory="1af5ebb8-8053-4a40-ba6b-a35539765817" />
    <UnitTestResult executionId="635c6e81-c863-401f-88d1-997329a47b96" testId="0dfbd3e2-04e6-a722-24f2-1f7db565e1d4" testName="BeginProjectRestore_NestedLeases_DisposeInnerThenOuter_PreservesGuardUntilFinalExit" computerName="DESKTOP-CVGB6OE" duration="00:00:00.0003490" startTime="2026-08-31T14:58:05.7944619+05:00" endTime="2026-08-31T14:58:05.7948110+05:00" testType="13cdc9d9-ddb5-4fa4-a97d-d965ccfc6d4b" outcome="Passed" testListId="8c84fa94-04c1-424b-9868-57a2d4851a1d" relativeResultsDirectory="635c6e81-c863-401f-88d1-997329a47b96" />
    <UnitTestResult executionId="a93e047f-e41b-4bb2-be8d-27c909e29b13" testId="28034689-af4b-13a3-872e-cc8f63390166" testName="ProjectNumber_Setter_DoesNotRaisePropertyChanged_WhenValueUnchanged" computerName="DESKTOP-CVGB6OE" duration="00:00:00.0000460" startTime="2026-08-31T14:58:05.8703358+05:00" endTime="2026-08-31T14:58:05.8703819+05:00" testType="13cdc9d9-ddb5-4fa4-a97d-d965ccfc6d4b" outcome="Passed" testListId="8c84fa94-04c1-424b-9868-57a2d4851a1d" relativeResultsDirectory="a93e047f-e41b-4bb2-be8d-27c909e29b13" />
    <UnitTestResult executionId="fa759504-a22f-445f-9623-43e4a11ff611" testId="11d86eed-02b5-b0c9-0b39-27d73c7a50b4" testName="LoadProjectDataAsync_LateRestoreFailure_LeavesPartialStateAndClearsGuard" computerName="DESKTOP-CVGB6OE" duration="00:00:00.0067990" startTime="2026-08-31T14:58:05.6951838+05:00" endTime="2026-08-31T14:58:05.7019830+05:00" testType="13cdc9d9-ddb5-4fa4-a97d-d965ccfc6d4b" outcome="Passed" testListId="8c84fa94-04c1-424b-9868-57a2d4851a1d" relativeResultsDirectory="fa759504-a22f-445f-9623-43e4a11ff611" />
    <UnitTestResult executionId="6f7ffdaf-824a-4dfb-8917-a528f03fcb03" testId="be461650-a22a-4f39-58b8-5f6bd1e34044" testName="BeginProjectRestore_SetsIsLoadProjectInProgressTrue_And_RaisesPropertyChanged_Once" computerName="DESKTOP-CVGB6OE" duration="00:00:00.0001340" startTime="2026-08-31T14:58:05.7962233+05:00" endTime="2026-08-31T14:58:05.7963570+05:00" testType="13cdc9d9-ddb5-4fa4-a97d-d965ccfc6d4b" outcome="Passed" testListId="8c84fa94-04c1-424b-9868-57a2d4851a1d" relativeResultsDirectory="6f7ffdaf-824a-4dfb-8917-a528f03fcb03" />
    <UnitTestResult executionId="905a4c2f-b4fe-4791-88fd-28e447fde0f7" testId="92e83ef1-2d4b-eb2a-23f2-14e6bd129301" testName="DependencyInjection_LifecycleConsumersShareCanonicalSession" computerName="DESKTOP-CVGB6OE" duration="00:00:00.0724220" startTime="2026-08-31T14:58:05.7965990+05:00" endTime="2026-08-31T14:58:05.8690207+05:00" testType="13cdc9d9-ddb5-4fa4-a97d-d965ccfc6d4b" outcome="Passed" testListId="8c84fa94-04c1-424b-9868-57a2d4851a1d" relativeResultsDirectory="905a4c2f-b4fe-4791-88fd-28e447fde0f7" />
    <UnitTestResult executionId="09f315a9-6576-4320-99bb-b012cf98b861" testId="1bdae2dc-0df7-0116-1a28-6310e1ad4e1f" testName="ProjectObject_Setter_ThrowsArgumentNullException_ForNull" computerName="DESKTOP-CVGB6OE" duration="00:00:00.0002599" startTime="2026-08-31T14:58:05.8711572+05:00" endTime="2026-08-31T14:58:05.8714174+05:00" testType="13cdc9d9-ddb5-4fa4-a97d-d965ccfc6d4b" outcome="Passed" testListId="8c84fa94-04c1-424b-9868-57a2d4851a1d" relativeResultsDirectory="09f315a9-6576-4320-99bb-b012cf98b861" />
    <UnitTestResult executionId="0251ed0d-d89b-4130-b2a8-eea12024e846" testId="eb61443b-b6bb-5c33-c4d8-e0c32bea2d90" testName="MarkClean_WhenAlreadyClean_IsIdempotent" computerName="DESKTOP-CVGB6OE" duration="00:00:00.0000800" startTime="2026-08-31T14:58:05.8701249+05:00" endTime="2026-08-31T14:58:05.8702051+05:00" testType="13cdc9d9-ddb5-4fa4-a97d-d965ccfc6d4b" outcome="Passed" testListId="8c84fa94-04c1-424b-9868-57a2d4851a1d" relativeResultsDirectory="0251ed0d-d89b-4130-b2a8-eea12024e846" />
    <UnitTestResult executionId="b540ebf6-c88b-4e0d-8814-3a09c9e0402a" testId="32926300-5e0e-8524-3871-b2d635174bfb" testName="MarkClean_SetsIsDirtyFalse_And_RaisesPropertyChanged_Once" computerName="DESKTOP-CVGB6OE" duration="00:00:00.0001350" startTime="2026-08-31T14:58:05.8699851+05:00" endTime="2026-08-31T14:58:05.8701197+05:00" testType="13cdc9d9-ddb5-4fa4-a97d-d965ccfc6d4b" outcome="Passed" testListId="8c84fa94-04c1-424b-9868-57a2d4851a1d" relativeResultsDirectory="b540ebf6-c88b-4e0d-8814-3a09c9e0402a" />
    <UnitTestResult executionId="732b1707-f924-4c1e-b56c-87c4488809d4" testId="bc299abb-3653-451a-d737-81e3e599d118" testName="ProjectObject_Setter_RaisesPropertyChanged_Once" computerName="DESKTOP-CVGB6OE" duration="00:00:00.0000670" startTime="2026-08-31T14:58:05.8710871+05:00" endTime="2026-08-31T14:58:05.8711536+05:00" testType="13cdc9d9-ddb5-4fa4-a97d-d965ccfc6d4b" outcome="Passed" testListId="8c84fa94-04c1-424b-9868-57a2d4851a1d" relativeResultsDirectory="732b1707-f924-4c1e-b56c-87c4488809d4" />
    <UnitTestResult executionId="eb1bae1f-6bd8-4752-8707-7388d0e934df" testId="28f1fa57-ea25-4800-c2ea-cea82076666f" testName="LoadProjectDataAsync_Success_ClearsRestoreGuard" computerName="DESKTOP-CVGB6OE" duration="00:00:00.0287160" startTime="2026-08-31T14:58:05.7020154+05:00" endTime="2026-08-31T14:58:05.7307307+05:00" testType="13cdc9d9-ddb5-4fa4-a97d-d965ccfc6d4b" outcome="Passed" testListId="8c84fa94-04c1-424b-9868-57a2d4851a1d" relativeResultsDirectory="eb1bae1f-6bd8-4752-8707-7388d0e934df" />
    <UnitTestResult executionId="e398171a-27df-46ba-8aec-d4e8a6dcfbc3" testId="b8dbbc0e-893d-36da-282e-cbde468467e3" testName="RestoreModulesFromProjectAsync_Twice_ReplacesConstructionWithoutStaleFirstProjectValues" computerName="DESKTOP-CVGB6OE" duration="00:00:00.0044730" startTime="2026-08-31T14:58:05.7837624+05:00" endTime="2026-08-31T14:58:05.7882353+05:00" testType="13cdc9d9-ddb5-4fa4-a97d-d965ccfc6d4b" outcome="Passed" testListId="8c84fa94-04c1-424b-9868-57a2d4851a1d" relativeResultsDirectory="e398171a-27df-46ba-8aec-d4e8a6dcfbc3" />
    <UnitTestResult executionId="f6537262-14ee-404e-927f-b6392f0c2c2f" testId="436f2c96-4556-d1a6-6818-ee5f1a070df4" testName="CurrentFilePath_Setter_RaisesPropertyChanged_Once" computerName="DESKTOP-CVGB6OE" duration="00:00:00.0000610" startTime="2026-08-31T14:58:05.7965349+05:00" endTime="2026-08-31T14:58:05.7965957+05:00" testType="13cdc9d9-ddb5-4fa4-a97d-d965ccfc6d4b" outcome="Passed" testListId="8c84fa94-04c1-424b-9868-57a2d4851a1d" relativeResultsDirectory="f6537262-14ee-404e-927f-b6392f0c2c2f" />
    <UnitTestResult executionId="122a93ab-20db-4051-98d5-bf0fbcc7b68a" testId="961b498b-d26f-0a83-7816-dd5673b3eb3e" testName="BeginProjectRestore_NestedLeases_DisposeOuterThenInner_PreservesGuardUntilFinalExit" computerName="DESKTOP-CVGB6OE" duration="00:00:00.0002430" startTime="2026-08-31T14:58:05.7948184+05:00" endTime="2026-08-31T14:58:05.7950612+05:00" testType="13cdc9d9-ddb5-4fa4-a97d-d965ccfc6d4b" outcome="Passed" testListId="8c84fa94-04c1-424b-9868-57a2d4851a1d" relativeResultsDirectory="122a93ab-20db-4051-98d5-bf0fbcc7b68a" />
    <UnitTestResult executionId="54e3fa82-22cf-4a99-8757-eb5c00d8e98b" testId="42ce6832-7995-9543-e9c5-91512d36cfa8" testName="ResetModules_WithProjectSession_AppliesOneCanonicalResetAndRefreshesAdapter" computerName="DESKTOP-CVGB6OE" duration="00:00:00.0053870" startTime="2026-08-31T14:58:05.7638763+05:00" endTime="2026-08-31T14:58:05.7692626+05:00" testType="13cdc9d9-ddb5-4fa4-a97d-d965ccfc6d4b" outcome="Passed" testListId="8c84fa94-04c1-424b-9868-57a2d4851a1d" relativeResultsDirectory="54e3fa82-22cf-4a99-8757-eb5c00d8e98b" />
    <UnitTestResult executionId="93e7a7b0-4787-44f5-923c-1f1868604a7a" testId="2687b98b-13d5-b67b-f25d-3d9e73a26b29" testName="MarkDirty_SetsIsDirtyTrue_And_RaisesPropertyChanged_Once" computerName="DESKTOP-CVGB6OE" duration="00:00:00.0000670" startTime="2026-08-31T14:58:05.8702091+05:00" endTime="2026-08-31T14:58:05.8702764+05:00" testType="13cdc9d9-ddb5-4fa4-a97d-d965ccfc6d4b" outcome="Passed" testListId="8c84fa94-04c1-424b-9868-57a2d4851a1d" relativeResultsDirectory="93e7a7b0-4787-44f5-923c-1f1868604a7a" />
    <UnitTestResult executionId="a1f3c7ee-8a2b-46be-ba5a-547231562ab6" testId="3eaea746-1c05-77e2-22cc-a2075b23c824" testName="ProjectStateService_HasNoMutableLifecycleBackingFields" computerName="DESKTOP-CVGB6OE" duration="00:00:00.0001140" startTime="2026-08-31T14:58:05.7930195+05:00" endTime="2026-08-31T14:58:05.7931333+05:00" testType="13cdc9d9-ddb5-4fa4-a97d-d965ccfc6d4b" outcome="Passed" testListId="8c84fa94-04c1-424b-9868-57a2d4851a1d" relativeResultsDirectory="a1f3c7ee-8a2b-46be-ba5a-547231562ab6" />
    <UnitTestResult executionId="dd977bde-b911-4680-9193-45ab17956775" testId="b271c88b-8ff5-4d23-96d4-e310cbc25330" testName="RestoreModulesFromProjectAsync_WithProjectSession_AppliesOneCanonicalProjectLoadAndRefreshesAdapter" computerName="DESKTOP-CVGB6OE" duration="00:00:00.0020070" startTime="2026-08-31T14:58:05.7882516+05:00" endTime="2026-08-31T14:58:05.7902586+05:00" testType="13cdc9d9-ddb5-4fa4-a97d-d965ccfc6d4b" outcome="Passed" testListId="8c84fa94-04c1-424b-9868-57a2d4851a1d" relativeResultsDirectory="dd977bde-b911-4680-9193-45ab17956775" />
    <UnitTestResult executionId="94f20f66-050e-49c8-bdc7-90030ff24c92" testId="06f7b06b-0bbb-246d-8f9a-68ca3dc19050" testName="LoadProjectDataAsync_ThenEdit_MarksDirtyThroughExistingStateService" computerName="DESKTOP-CVGB6OE" duration="00:00:00.0025100" startTime="2026-08-31T14:58:05.7307642+05:00" endTime="2026-08-31T14:58:05.7332744+05:00" testType="13cdc9d9-ddb5-4fa4-a97d-d965ccfc6d4b" outcome="Passed" testListId="8c84fa94-04c1-424b-9868-57a2d4851a1d" relativeResultsDirectory="94f20f66-050e-49c8-bdc7-90030ff24c92" />
    <UnitTestResult executionId="2f2e4382-9389-403b-b8b5-390bb6300d9b" testId="6c1fc01a-059e-7dd1-a54f-ae3f79deba89" testName="RestoreModulesFromProjectAsync_SecondLoadWithoutSavedResult_ReplacesAllThermalStaleValues" computerName="DESKTOP-CVGB6OE" duration="00:00:00.0059290" startTime="2026-08-31T14:58:05.7692854+05:00" endTime="2026-08-31T14:58:05.7752136+05:00" testType="13cdc9d9-ddb5-4fa4-a97d-d965ccfc6d4b" outcome="Passed" testListId="8c84fa94-04c1-424b-9868-57a2d4851a1d" relativeResultsDirectory="2f2e4382-9389-403b-b8b5-390bb6300d9b" />
    <UnitTestResult executionId="0f4ea5ae-c365-420d-a82f-593526d54b70" testId="5203727d-e403-ecfa-1968-d37ff135daaf" testName="BeginProjectRestore_NestedLeases_FinalExitSubscriberThrows_ClearsGuardAndKeepsLeasesIdempotent" computerName="DESKTOP-CVGB6OE" duration="00:00:00.0011450" startTime="2026-08-31T14:58:05.7950690+05:00" endTime="2026-08-31T14:58:05.7962140+05:00" testType="13cdc9d9-ddb5-4fa4-a97d-d965ccfc6d4b" outcome="Passed" testListId="8c84fa94-04c1-424b-9868-57a2d4851a1d" relativeResultsDirectory="0f4ea5ae-c365-420d-a82f-593526d54b70" />
    <UnitTestResult executionId="3d7c3f1f-8698-4dd6-889f-0731cef75d49" testId="1b6bc034-499d-4229-ee55-747214dfb35c" testName="MarkDirty_WhenAlreadyDirty_IsIdempotent" computerName="DESKTOP-CVGB6OE" duration="00:00:00.0000530" startTime="2026-08-31T14:58:05.8702795+05:00" endTime="2026-08-31T14:58:05.8703323+05:00" testType="13cdc9d9-ddb5-4fa4-a97d-d965ccfc6d4b" outcome="Passed" testListId="8c84fa94-04c1-424b-9868-57a2d4851a1d" relativeResultsDirectory="3d7c3f1f-8698-4dd6-889f-0731cef75d49" />
    <UnitTestResult executionId="2b4c0eb2-17c8-47bc-8d90-139f20f31d50" testId="dd1df67f-d8ad-3a44-99e1-e5855c6ab914" testName="LoadProjectDataAsync_EarlyRestoreFailure_LeavesPartialStateAndClearsGuard" computerName="DESKTOP-CVGB6OE" duration="00:00:00.1067870" startTime="2026-08-31T14:58:05.5877175+05:00" endTime="2026-08-31T14:58:05.6944731+05:00" testType="13cdc9d9-ddb5-4fa4-a97d-d965ccfc6d4b" outcome="Passed" testListId="8c84fa94-04c1-424b-9868-57a2d4851a1d" relativeResultsDirectory="2b4c0eb2-17c8-47bc-8d90-139f20f31d50" />
  </Results>
  <TestDefinitions>
    <UnitTest name="BeginProjectRestore_NestedLeases_FinalExitSubscriberThrows_ClearsGuardAndKeepsLeasesIdempotent" storage="d:\ia\ace\tests\snowmeltingcalculator.tests\bin\debug\net8.0-windows\snowmeltingcalculator.tests.dll" id="5203727d-e403-ecfa-1968-d37ff135daaf">
      <Execution id="0f4ea5ae-c365-420d-a82f-593526d54b70" />
      <TestMethod codeBase="D:\IA\ace\tests\SnowMeltingCalculator.Tests\bin\Debug\net8.0-windows\SnowMeltingCalculator.Tests.dll" adapterTypeName="executor://nunit3testexecutor/" className="SnowMeltingCalculator.Tests.Services.Project.ProjectSessionTests" name="BeginProjectRestore_NestedLeases_FinalExitSubscriberThrows_ClearsGuardAndKeepsLeasesIdempotent" />
    </UnitTest>
    <UnitTest name="CalculationStateService_HasNoLocalRestoreGuardBackingField" storage="d:\ia\ace\tests\snowmeltingcalculator.tests\bin\debug\net8.0-windows\snowmeltingcalculator.tests.dll" id="b56e7b69-b014-688c-a6e5-68fc7c2dadf9">
      <Execution id="b4e0a7a4-8049-47e8-8b4e-1b2c10484232" />
      <TestMethod codeBase="D:\IA\ace\tests\SnowMeltingCalculator.Tests\bin\Debug\net8.0-windows\SnowMeltingCalculator.Tests.dll" adapterTypeName="executor://nunit3testexecutor/" className="SnowMeltingCalculator.Tests.Services.Project.ProjectSessionLegacyStoreGuardTests" name="CalculationStateService_HasNoLocalRestoreGuardBackingField" />
    </UnitTest>
    <UnitTest name="ProjectSession_ClimateState_ReturnsStableCanonicalOwner" storage="d:\ia\ace\tests\snowmeltingcalculator.tests\bin\debug\net8.0-windows\snowmeltingcalculator.tests.dll" id="af52ba2e-5214-92f1-4b19-3abe461ede29">
      <Execution id="6075bcf5-afe4-4686-a8d2-e3106877068e" />
      <TestMethod codeBase="D:\IA\ace\tests\SnowMeltingCalculator.Tests\bin\Debug\net8.0-windows\SnowMeltingCalculator.Tests.dll" adapterTypeName="executor://nunit3testexecutor/" className="SnowMeltingCalculator.Tests.Services.Project.ProjectSessionTests" name="ProjectSession_ClimateState_ReturnsStableCanonicalOwner" />
    </UnitTest>
    <UnitTest name="ProjectNumber_Setter_RaisesPropertyChanged_Once" storage="d:\ia\ace\tests\snowmeltingcalculator.tests\bin\debug\net8.0-windows\snowmeltingcalculator.tests.dll" id="9a418cf9-9fd6-1af0-507c-98627123ba39">
      <Execution id="22f82abd-0091-4fda-8456-f1e2351f6043" />
      <TestMethod codeBase="D:\IA\ace\tests\SnowMeltingCalculator.Tests\bin\Debug\net8.0-windows\SnowMeltingCalculator.Tests.dll" adapterTypeName="executor://nunit3testexecutor/" className="SnowMeltingCalculator.Tests.Services.Project.ProjectSessionTests" name="ProjectNumber_Setter_RaisesPropertyChanged_Once" />
    </UnitTest>
    <UnitTest name="RepeatedResetAndLoadCycles_DoNotMultiplyThermalCompletionsOrCalculations" storage="d:\ia\ace\tests\snowmeltingcalculator.tests\bin\debug\net8.0-windows\snowmeltingcalculator.tests.dll" id="6303c801-44bf-4d2c-71a8-5f0e90b18624">
      <Execution id="b05f9c44-7495-45ed-b41e-97a98850033a" />
      <TestMethod codeBase="D:\IA\ace\tests\SnowMeltingCalculator.Tests\bin\Debug\net8.0-windows\SnowMeltingCalculator.Tests.dll" adapterTypeName="executor://nunit3testexecutor/" className="SnowMeltingCalculator.Tests.Services.Project.ProjectLifecycleFlowCharacterizationTests" name="RepeatedResetAndLoadCycles_DoNotMultiplyThermalCompletionsOrCalculations" />
    </UnitTest>
    <UnitTest name="ResetModules_WithProjectSession_AppliesOneCanonicalResetAndRefreshesAdapter" storage="d:\ia\ace\tests\snowmeltingcalculator.tests\bin\debug\net8.0-windows\snowmeltingcalculator.tests.dll" id="42ce6832-7995-9543-e9c5-91512d36cfa8">
      <Execution id="54e3fa82-22cf-4a99-8757-eb5c00d8e98b" />
      <TestMethod codeBase="D:\IA\ace\tests\SnowMeltingCalculator.Tests\bin\Debug\net8.0-windows\SnowMeltingCalculator.Tests.dll" adapterTypeName="executor://nunit3testexecutor/" className="SnowMeltingCalculator.Tests.Services.Project.ProjectLifecycleFlowCharacterizationTests" name="ResetModules_WithProjectSession_AppliesOneCanonicalResetAndRefreshesAdapter" />
    </UnitTest>
    <UnitTest name="ProjectObject_Setter_RaisesPropertyChanged_Once" storage="d:\ia\ace\tests\snowmeltingcalculator.tests\bin\debug\net8.0-windows\snowmeltingcalculator.tests.dll" id="bc299abb-3653-451a-d737-81e3e599d118">
      <Execution id="732b1707-f924-4c1e-b56c-87c4488809d4" />
      <TestMethod codeBase="D:\IA\ace\tests\SnowMeltingCalculator.Tests\bin\Debug\net8.0-windows\SnowMeltingCalculator.Tests.dll" adapterTypeName="executor://nunit3testexecutor/" className="SnowMeltingCalculator.Tests.Services.Project.ProjectSessionTests" name="ProjectObject_Setter_RaisesPropertyChanged_Once" />
    </UnitTest>
    <UnitTest name="MarkClean_WhenAlreadyClean_IsIdempotent" storage="d:\ia\ace\tests\snowmeltingcalculator.tests\bin\debug\net8.0-windows\snowmeltingcalculator.tests.dll" id="eb61443b-b6bb-5c33-c4d8-e0c32bea2d90">
      <Execution id="0251ed0d-d89b-4130-b2a8-eea12024e846" />
      <TestMethod codeBase="D:\IA\ace\tests\SnowMeltingCalculator.Tests\bin\Debug\net8.0-windows\SnowMeltingCalculator.Tests.dll" adapterTypeName="executor://nunit3testexecutor/" className="SnowMeltingCalculator.Tests.Services.Project.ProjectSessionTests" name="MarkClean_WhenAlreadyClean_IsIdempotent" />
    </UnitTest>
    <UnitTest name="ProjectNumber_Setter_DoesNotRaisePropertyChanged_WhenValueUnchanged" storage="d:\ia\ace\tests\snowmeltingcalculator.tests\bin\debug\net8.0-windows\snowmeltingcalculator.tests.dll" id="28034689-af4b-13a3-872e-cc8f63390166">
      <Execution id="a93e047f-e41b-4bb2-be8d-27c909e29b13" />
      <TestMethod codeBase="D:\IA\ace\tests\SnowMeltingCalculator.Tests\bin\Debug\net8.0-windows\SnowMeltingCalculator.Tests.dll" adapterTypeName="executor://nunit3testexecutor/" className="SnowMeltingCalculator.Tests.Services.Project.ProjectSessionTests" name="ProjectNumber_Setter_DoesNotRaisePropertyChanged_WhenValueUnchanged" />
    </UnitTest>
    <UnitTest name="DependencyInjection_ResolvesSameCanonicalInstance_ForAllLifecycleInterfaces" storage="d:\ia\ace\tests\snowmeltingcalculator.tests\bin\debug\net8.0-windows\snowmeltingcalculator.tests.dll" id="6baa7f26-071c-645d-bd3b-f472dc78e8e0">
      <Execution id="9e5a6558-f03d-4074-a30b-2d2a76cfbb3d" />
      <TestMethod codeBase="D:\IA\ace\tests\SnowMeltingCalculator.Tests\bin\Debug\net8.0-windows\SnowMeltingCalculator.Tests.dll" adapterTypeName="executor://nunit3testexecutor/" className="SnowMeltingCalculator.Tests.Services.Project.ProjectSessionTests" name="DependencyInjection_ResolvesSameCanonicalInstance_ForAllLifecycleInterfaces" />
    </UnitTest>
    <UnitTest name="MarkDirty_SetsIsDirtyTrue_And_RaisesPropertyChanged_Once" storage="d:\ia\ace\tests\snowmeltingcalculator.tests\bin\debug\net8.0-windows\snowmeltingcalculator.tests.dll" id="2687b98b-13d5-b67b-f25d-3d9e73a26b29">
      <Execution id="93e7a7b0-4787-44f5-923c-1f1868604a7a" />
      <TestMethod codeBase="D:\IA\ace\tests\SnowMeltingCalculator.Tests\bin\Debug\net8.0-windows\SnowMeltingCalculator.Tests.dll" adapterTypeName="executor://nunit3testexecutor/" className="SnowMeltingCalculator.Tests.Services.Project.ProjectSessionTests" name="MarkDirty_SetsIsDirtyTrue_And_RaisesPropertyChanged_Once" />
    </UnitTest>
    <UnitTest name="MarkClean_SetsIsDirtyFalse_And_RaisesPropertyChanged_Once" storage="d:\ia\ace\tests\snowmeltingcalculator.tests\bin\debug\net8.0-windows\snowmeltingcalculator.tests.dll" id="32926300-5e0e-8524-3871-b2d635174bfb">
      <Execution id="b540ebf6-c88b-4e0d-8814-3a09c9e0402a" />
      <TestMethod codeBase="D:\IA\ace\tests\SnowMeltingCalculator.Tests\bin\Debug\net8.0-windows\SnowMeltingCalculator.Tests.dll" adapterTypeName="executor://nunit3testexecutor/" className="SnowMeltingCalculator.Tests.Services.Project.ProjectSessionTests" name="MarkClean_SetsIsDirtyFalse_And_RaisesPropertyChanged_Once" />
    </UnitTest>
    <UnitTest name="CurrentFilePath_Setter_DoesNotRaisePropertyChanged_WhenValueUnchanged" storage="d:\ia\ace\tests\snowmeltingcalculator.tests\bin\debug\net8.0-windows\snowmeltingcalculator.tests.dll" id="a67e9ff2-d1ce-4f38-4851-e4b7be964ab2">
      <Execution id="94debae4-84a6-4fb6-babe-08c3e0808a3c" />
      <TestMethod codeBase="D:\IA\ace\tests\SnowMeltingCalculator.Tests\bin\Debug\net8.0-windows\SnowMeltingCalculator.Tests.dll" adapterTypeName="executor://nunit3testexecutor/" className="SnowMeltingCalculator.Tests.Services.Project.ProjectSessionTests" name="CurrentFilePath_Setter_DoesNotRaisePropertyChanged_WhenValueUnchanged" />
    </UnitTest>
    <UnitTest name="LoadProjectDataAsync_Success_ClearsRestoreGuard" storage="d:\ia\ace\tests\snowmeltingcalculator.tests\bin\debug\net8.0-windows\snowmeltingcalculator.tests.dll" id="28f1fa57-ea25-4800-c2ea-cea82076666f">
      <Execution id="eb1bae1f-6bd8-4752-8707-7388d0e934df" />
      <TestMethod codeBase="D:\IA\ace\tests\SnowMeltingCalculator.Tests\bin\Debug\net8.0-windows\SnowMeltingCalculator.Tests.dll" adapterTypeName="executor://nunit3testexecutor/" className="SnowMeltingCalculator.Tests.Services.Project.ProjectLifecycleFlowCharacterizationTests" name="LoadProjectDataAsync_Success_ClearsRestoreGuard" />
    </UnitTest>
    <UnitTest name="LoadProjectDataAsync_ThenEdit_MarksDirtyThroughExistingStateService" storage="d:\ia\ace\tests\snowmeltingcalculator.tests\bin\debug\net8.0-windows\snowmeltingcalculator.tests.dll" id="06f7b06b-0bbb-246d-8f9a-68ca3dc19050">
      <Execution id="94f20f66-050e-49c8-bdc7-90030ff24c92" />
      <TestMethod codeBase="D:\IA\ace\tests\SnowMeltingCalculator.Tests\bin\Debug\net8.0-windows\SnowMeltingCalculator.Tests.dll" adapterTypeName="executor://nunit3testexecutor/" className="SnowMeltingCalculator.Tests.Services.Project.ProjectLifecycleFlowCharacterizationTests" name="LoadProjectDataAsync_ThenEdit_MarksDirtyThroughExistingStateService" />
    </UnitTest>
    <UnitTest name="CurrentFilePath_Setter_AcceptsNull" storage="d:\ia\ace\tests\snowmeltingcalculator.tests\bin\debug\net8.0-windows\snowmeltingcalculator.tests.dll" id="f9ca811b-7f89-b2dc-1712-f3b46a28fc15">
      <Execution id="59926757-4889-42de-afc4-1d7a25e869a1" />
      <TestMethod codeBase="D:\IA\ace\tests\SnowMeltingCalculator.Tests\bin\Debug\net8.0-windows\SnowMeltingCalculator.Tests.dll" adapterTypeName="executor://nunit3testexecutor/" className="SnowMeltingCalculator.Tests.Services.Project.ProjectSessionTests" name="CurrentFilePath_Setter_AcceptsNull" />
    </UnitTest>
    <UnitTest name="LoadProjectDataAsync_LateRestoreFailure_LeavesPartialStateAndClearsGuard" storage="d:\ia\ace\tests\snowmeltingcalculator.tests\bin\debug\net8.0-windows\snowmeltingcalculator.tests.dll" id="11d86eed-02b5-b0c9-0b39-27d73c7a50b4">
      <Execution id="fa759504-a22f-445f-9623-43e4a11ff611" />
      <TestMethod codeBase="D:\IA\ace\tests\SnowMeltingCalculator.Tests\bin\Debug\net8.0-windows\SnowMeltingCalculator.Tests.dll" adapterTypeName="executor://nunit3testexecutor/" className="SnowMeltingCalculator.Tests.Services.Project.ProjectLifecycleFlowCharacterizationTests" name="LoadProjectDataAsync_LateRestoreFailure_LeavesPartialStateAndClearsGuard" />
    </UnitTest>
    <UnitTest name="DependencyInjection_LifecycleConsumersShareCanonicalSession" storage="d:\ia\ace\tests\snowmeltingcalculator.tests\bin\debug\net8.0-windows\snowmeltingcalculator.tests.dll" id="92e83ef1-2d4b-eb2a-23f2-14e6bd129301">
      <Execution id="905a4c2f-b4fe-4791-88fd-28e447fde0f7" />
      <TestMethod codeBase="D:\IA\ace\tests\SnowMeltingCalculator.Tests\bin\Debug\net8.0-windows\SnowMeltingCalculator.Tests.dll" adapterTypeName="executor://nunit3testexecutor/" className="SnowMeltingCalculator.Tests.Services.Project.ProjectSessionTests" name="DependencyInjection_LifecycleConsumersShareCanonicalSession" />
    </UnitTest>
    <UnitTest name="ProjectStateService_HasNoMutableLifecycleBackingFields" storage="d:\ia\ace\tests\snowmeltingcalculator.tests\bin\debug\net8.0-windows\snowmeltingcalculator.tests.dll" id="3eaea746-1c05-77e2-22cc-a2075b23c824">
      <Execution id="a1f3c7ee-8a2b-46be-ba5a-547231562ab6" />
      <TestMethod codeBase="D:\IA\ace\tests\SnowMeltingCalculator.Tests\bin\Debug\net8.0-windows\SnowMeltingCalculator.Tests.dll" adapterTypeName="executor://nunit3testexecutor/" className="SnowMeltingCalculator.Tests.Services.Project.ProjectSessionLegacyStoreGuardTests" name="ProjectStateService_HasNoMutableLifecycleBackingFields" />
    </UnitTest>
    <UnitTest name="RestoreModulesFromProjectAsync_Twice_ReplacesConstructionWithoutStaleFirstProjectValues" storage="d:\ia\ace\tests\snowmeltingcalculator.tests\bin\debug\net8.0-windows\snowmeltingcalculator.tests.dll" id="b8dbbc0e-893d-36da-282e-cbde468467e3">
      <Execution id="e398171a-27df-46ba-8aec-d4e8a6dcfbc3" />
      <TestMethod codeBase="D:\IA\ace\tests\SnowMeltingCalculator.Tests\bin\Debug\net8.0-windows\SnowMeltingCalculator.Tests.dll" adapterTypeName="executor://nunit3testexecutor/" className="SnowMeltingCalculator.Tests.Services.Project.ProjectLifecycleFlowCharacterizationTests" name="RestoreModulesFromProjectAsync_Twice_ReplacesConstructionWithoutStaleFirstProjectValues" />
    </UnitTest>
    <UnitTest name="BeginProjectRestore_NestedLeases_DisposeOuterThenInner_PreservesGuardUntilFinalExit" storage="d:\ia\ace\tests\snowmeltingcalculator.tests\bin\debug\net8.0-windows\snowmeltingcalculator.tests.dll" id="961b498b-d26f-0a83-7816-dd5673b3eb3e">
      <Execution id="122a93ab-20db-4051-98d5-bf0fbcc7b68a" />
      <TestMethod codeBase="D:\IA\ace\tests\SnowMeltingCalculator.Tests\bin\Debug\net8.0-windows\SnowMeltingCalculator.Tests.dll" adapterTypeName="executor://nunit3testexecutor/" className="SnowMeltingCalculator.Tests.Services.Project.ProjectSessionTests" name="BeginProjectRestore_NestedLeases_DisposeOuterThenInner_PreservesGuardUntilFinalExit" />
    </UnitTest>
    <UnitTest name="InitialState_HasExpectedDefaults" storage="d:\ia\ace\tests\snowmeltingcalculator.tests\bin\debug\net8.0-windows\snowmeltingcalculator.tests.dll" id="60b182a5-230b-5060-4014-b64a04f2f9d1">
      <Execution id="5e4903f7-8eef-45cd-970c-2a57b622d874" />
      <TestMethod codeBase="D:\IA\ace\tests\SnowMeltingCalculator.Tests\bin\Debug\net8.0-windows\SnowMeltingCalculator.Tests.dll" adapterTypeName="executor://nunit3testexecutor/" className="SnowMeltingCalculator.Tests.Services.Project.ProjectSessionTests" name="InitialState_HasExpectedDefaults" />
    </UnitTest>
    <UnitTest name="BeginProjectRestore_SetsIsLoadProjectInProgressTrue_And_RaisesPropertyChanged_Once" storage="d:\ia\ace\tests\snowmeltingcalculator.tests\bin\debug\net8.0-windows\snowmeltingcalculator.tests.dll" id="be461650-a22a-4f39-58b8-5f6bd1e34044">
      <Execution id="6f7ffdaf-824a-4dfb-8917-a528f03fcb03" />
      <TestMethod codeBase="D:\IA\ace\tests\SnowMeltingCalculator.Tests\bin\Debug\net8.0-windows\SnowMeltingCalculator.Tests.dll" adapterTypeName="executor://nunit3testexecutor/" className="SnowMeltingCalculator.Tests.Services.Project.ProjectSessionTests" name="BeginProjectRestore_SetsIsLoadProjectInProgressTrue_And_RaisesPropertyChanged_Once" />
    </UnitTest>
    <UnitTest name="ProjectNumber_Setter_ThrowsArgumentNullException_ForNull" storage="d:\ia\ace\tests\snowmeltingcalculator.tests\bin\debug\net8.0-windows\snowmeltingcalculator.tests.dll" id="84462405-bff4-b1db-9305-124db80cab14">
      <Execution id="edf139d0-0041-49d3-b645-d0e6fac40aa4" />
      <TestMethod codeBase="D:\IA\ace\tests\SnowMeltingCalculator.Tests\bin\Debug\net8.0-windows\SnowMeltingCalculator.Tests.dll" adapterTypeName="executor://nunit3testexecutor/" className="SnowMeltingCalculator.Tests.Services.Project.ProjectSessionTests" name="ProjectNumber_Setter_ThrowsArgumentNullException_ForNull" />
    </UnitTest>
    <UnitTest name="BeginProjectRestore_DisposeOuter_ClearsGuard_And_RaisesPropertyChanged_Once" storage="d:\ia\ace\tests\snowmeltingcalculator.tests\bin\debug\net8.0-windows\snowmeltingcalculator.tests.dll" id="f86ff7d2-d7ee-9885-4203-24719cb04cb1">
      <Execution id="15553e64-29b2-49a5-82ae-c219cb6a1abc" />
      <TestMethod codeBase="D:\IA\ace\tests\SnowMeltingCalculator.Tests\bin\Debug\net8.0-windows\SnowMeltingCalculator.Tests.dll" adapterTypeName="executor://nunit3testexecutor/" className="SnowMeltingCalculator.Tests.Services.Project.ProjectSessionTests" name="BeginProjectRestore_DisposeOuter_ClearsGuard_And_RaisesPropertyChanged_Once" />
    </UnitTest>
    <UnitTest name="BeginProjectRestore_Nested_DoesNotRaiseEventForSecondEntry" storage="d:\ia\ace\tests\snowmeltingcalculator.tests\bin\debug\net8.0-windows\snowmeltingcalculator.tests.dll" id="406ea6ea-e0a9-203f-c15d-e7ad52fadfc4">
      <Execution id="1af5ebb8-8053-4a40-ba6b-a35539765817" />
      <TestMethod codeBase="D:\IA\ace\tests\SnowMeltingCalculator.Tests\bin\Debug\net8.0-windows\SnowMeltingCalculator.Tests.dll" adapterTypeName="executor://nunit3testexecutor/" className="SnowMeltingCalculator.Tests.Services.Project.ProjectSessionTests" name="BeginProjectRestore_Nested_DoesNotRaiseEventForSecondEntry" />
    </UnitTest>
    <UnitTest name="BeginProjectRestore_NestedLeases_DisposeInnerThenOuter_PreservesGuardUntilFinalExit" storage="d:\ia\ace\tests\snowmeltingcalculator.tests\bin\debug\net8.0-windows\snowmeltingcalculator.tests.dll" id="0dfbd3e2-04e6-a722-24f2-1f7db565e1d4">
      <Execution id="635c6e81-c863-401f-88d1-997329a47b96" />
      <TestMethod codeBase="D:\IA\ace\tests\SnowMeltingCalculator.Tests\bin\Debug\net8.0-windows\SnowMeltingCalculator.Tests.dll" adapterTypeName="executor://nunit3testexecutor/" className="SnowMeltingCalculator.Tests.Services.Project.ProjectSessionTests" name="BeginProjectRestore_NestedLeases_DisposeInnerThenOuter_PreservesGuardUntilFinalExit" />
    </UnitTest>
    <UnitTest name="RestoreModulesFromProjectAsync_SecondLoadWithoutSavedResult_ReplacesAllThermalStaleValues" storage="d:\ia\ace\tests\snowmeltingcalculator.tests\bin\debug\net8.0-windows\snowmeltingcalculator.tests.dll" id="6c1fc01a-059e-7dd1-a54f-ae3f79deba89">
      <Execution id="2f2e4382-9389-403b-b8b5-390bb6300d9b" />
      <TestMethod codeBase="D:\IA\ace\tests\SnowMeltingCalculator.Tests\bin\Debug\net8.0-windows\SnowMeltingCalculator.Tests.dll" adapterTypeName="executor://nunit3testexecutor/" className="SnowMeltingCalculator.Tests.Services.Project.ProjectLifecycleFlowCharacterizationTests" name="RestoreModulesFromProjectAsync_SecondLoadWithoutSavedResult_ReplacesAllThermalStaleValues" />
    </UnitTest>
    <UnitTest name="RestoreModulesFromProjectAsync_WithProjectSession_AppliesOneCanonicalProjectLoadAndRefreshesAdapter" storage="d:\ia\ace\tests\snowmeltingcalculator.tests\bin\debug\net8.0-windows\snowmeltingcalculator.tests.dll" id="b271c88b-8ff5-4d23-96d4-e310cbc25330">
      <Execution id="dd977bde-b911-4680-9193-45ab17956775" />
      <TestMethod codeBase="D:\IA\ace\tests\SnowMeltingCalculator.Tests\bin\Debug\net8.0-windows\SnowMeltingCalculator.Tests.dll" adapterTypeName="executor://nunit3testexecutor/" className="SnowMeltingCalculator.Tests.Services.Project.ProjectLifecycleFlowCharacterizationTests" name="RestoreModulesFromProjectAsync_WithProjectSession_AppliesOneCanonicalProjectLoadAndRefreshesAdapter" />
    </UnitTest>
    <UnitTest name="LegacyInterfaces_ObserveCanonicalStateChanges" storage="d:\ia\ace\tests\snowmeltingcalculator.tests\bin\debug\net8.0-windows\snowmeltingcalculator.tests.dll" id="15b3276b-e926-c362-0817-094a49cc1935">
      <Execution id="461a79f2-7e43-44f2-953d-c94b96fbed07" />
      <TestMethod codeBase="D:\IA\ace\tests\SnowMeltingCalculator.Tests\bin\Debug\net8.0-windows\SnowMeltingCalculator.Tests.dll" adapterTypeName="executor://nunit3testexecutor/" className="SnowMeltingCalculator.Tests.Services.Project.ProjectSessionTests" name="LegacyInterfaces_ObserveCanonicalStateChanges" />
    </UnitTest>
    <UnitTest name="ProjectObject_Setter_ThrowsArgumentNullException_ForNull" storage="d:\ia\ace\tests\snowmeltingcalculator.tests\bin\debug\net8.0-windows\snowmeltingcalculator.tests.dll" id="1bdae2dc-0df7-0116-1a28-6310e1ad4e1f">
      <Execution id="09f315a9-6576-4320-99bb-b012cf98b861" />
      <TestMethod codeBase="D:\IA\ace\tests\SnowMeltingCalculator.Tests\bin\Debug\net8.0-windows\SnowMeltingCalculator.Tests.dll" adapterTypeName="executor://nunit3testexecutor/" className="SnowMeltingCalculator.Tests.Services.Project.ProjectSessionTests" name="ProjectObject_Setter_ThrowsArgumentNullException_ForNull" />
    </UnitTest>
    <UnitTest name="CurrentFilePath_Setter_RaisesPropertyChanged_Once" storage="d:\ia\ace\tests\snowmeltingcalculator.tests\bin\debug\net8.0-windows\snowmeltingcalculator.tests.dll" id="436f2c96-4556-d1a6-6818-ee5f1a070df4">
      <Execution id="f6537262-14ee-404e-927f-b6392f0c2c2f" />
      <TestMethod codeBase="D:\IA\ace\tests\SnowMeltingCalculator.Tests\bin\Debug\net8.0-windows\SnowMeltingCalculator.Tests.dll" adapterTypeName="executor://nunit3testexecutor/" className="SnowMeltingCalculator.Tests.Services.Project.ProjectSessionTests" name="CurrentFilePath_Setter_RaisesPropertyChanged_Once" />
    </UnitTest>
    <UnitTest name="LoadProjectDataAsync_EarlyRestoreFailure_LeavesPartialStateAndClearsGuard" storage="d:\ia\ace\tests\snowmeltingcalculator.tests\bin\debug\net8.0-windows\snowmeltingcalculator.tests.dll" id="dd1df67f-d8ad-3a44-99e1-e5855c6ab914">
      <Execution id="2b4c0eb2-17c8-47bc-8d90-139f20f31d50" />
      <TestMethod codeBase="D:\IA\ace\tests\SnowMeltingCalculator.Tests\bin\Debug\net8.0-windows\SnowMeltingCalculator.Tests.dll" adapterTypeName="executor://nunit3testexecutor/" className="SnowMeltingCalculator.Tests.Services.Project.ProjectLifecycleFlowCharacterizationTests" name="LoadProjectDataAsync_EarlyRestoreFailure_LeavesPartialStateAndClearsGuard" />
    </UnitTest>
    <UnitTest name="ProjectObject_Setter_DoesNotRaisePropertyChanged_WhenValueUnchanged" storage="d:\ia\ace\tests\snowmeltingcalculator.tests\bin\debug\net8.0-windows\snowmeltingcalculator.tests.dll" id="5b51f02e-a0bf-08cc-f83d-4b6e5d14decd">
      <Execution id="4c23613b-09a1-443e-96f3-1e31802a66be" />
      <TestMethod codeBase="D:\IA\ace\tests\SnowMeltingCalculator.Tests\bin\Debug\net8.0-windows\SnowMeltingCalculator.Tests.dll" adapterTypeName="executor://nunit3testexecutor/" className="SnowMeltingCalculator.Tests.Services.Project.ProjectSessionTests" name="ProjectObject_Setter_DoesNotRaisePropertyChanged_WhenValueUnchanged" />
    </UnitTest>
    <UnitTest name="RestoreModulesFromProjectAsync_ThermalBoundaryException_ClearsLeaseAndPreservesPartialState" storage="d:\ia\ace\tests\snowmeltingcalculator.tests\bin\debug\net8.0-windows\snowmeltingcalculator.tests.dll" id="a3bbd1dd-7744-df8a-97cc-7ed8e44c66f0">
      <Execution id="356da0c2-f5bc-4ba7-9eb8-dd4d6794b89f" />
      <TestMethod codeBase="D:\IA\ace\tests\SnowMeltingCalculator.Tests\bin\Debug\net8.0-windows\SnowMeltingCalculator.Tests.dll" adapterTypeName="executor://nunit3testexecutor/" className="SnowMeltingCalculator.Tests.Services.Project.ProjectLifecycleFlowCharacterizationTests" name="RestoreModulesFromProjectAsync_ThermalBoundaryException_ClearsLeaseAndPreservesPartialState" />
    </UnitTest>
    <UnitTest name="LoadProjectDataAsync_TwiceOnSingletonGraph_ReplacesIdentityWithoutStaleState" storage="d:\ia\ace\tests\snowmeltingcalculator.tests\bin\debug\net8.0-windows\snowmeltingcalculator.tests.dll" id="ada4b904-9ac4-384a-e10f-a5d7bb048540">
      <Execution id="2990810b-3273-4cd2-80cf-9042ddcf13f6" />
      <TestMethod codeBase="D:\IA\ace\tests\SnowMeltingCalculator.Tests\bin\Debug\net8.0-windows\SnowMeltingCalculator.Tests.dll" adapterTypeName="executor://nunit3testexecutor/" className="SnowMeltingCalculator.Tests.Services.Project.ProjectLifecycleFlowCharacterizationTests" name="LoadProjectDataAsync_TwiceOnSingletonGraph_ReplacesIdentityWithoutStaleState" />
    </UnitTest>
    <UnitTest name="MarkDirty_WhenAlreadyDirty_IsIdempotent" storage="d:\ia\ace\tests\snowmeltingcalculator.tests\bin\debug\net8.0-windows\snowmeltingcalculator.tests.dll" id="1b6bc034-499d-4229-ee55-747214dfb35c">
      <Execution id="3d7c3f1f-8698-4dd6-889f-0731cef75d49" />
      <TestMethod codeBase="D:\IA\ace\tests\SnowMeltingCalculator.Tests\bin\Debug\net8.0-windows\SnowMeltingCalculator.Tests.dll" adapterTypeName="executor://nunit3testexecutor/" className="SnowMeltingCalculator.Tests.Services.Project.ProjectSessionTests" name="MarkDirty_WhenAlreadyDirty_IsIdempotent" />
    </UnitTest>
    <UnitTest name="RepeatedResetCycles_DoNotDuplicateCircuitsEventSubscriptions" storage="d:\ia\ace\tests\snowmeltingcalculator.tests\bin\debug\net8.0-windows\snowmeltingcalculator.tests.dll" id="5dea7107-a54c-2a01-2f4c-ac89a9d14f47">
      <Execution id="b6a4af96-cf5c-4202-8629-ca72e11b7a6f" />
      <TestMethod codeBase="D:\IA\ace\tests\SnowMeltingCalculator.Tests\bin\Debug\net8.0-windows\SnowMeltingCalculator.Tests.dll" adapterTypeName="executor://nunit3testexecutor/" className="SnowMeltingCalculator.Tests.Services.Project.ProjectLifecycleFlowCharacterizationTests" name="RepeatedResetCycles_DoNotDuplicateCircuitsEventSubscriptions" />
    </UnitTest>
  </TestDefinitions>
  <TestEntries>
    <TestEntry testId="15b3276b-e926-c362-0817-094a49cc1935" executionId="461a79f2-7e43-44f2-953d-c94b96fbed07" testListId="8c84fa94-04c1-424b-9868-57a2d4851a1d" />
    <TestEntry testId="a67e9ff2-d1ce-4f38-4851-e4b7be964ab2" executionId="94debae4-84a6-4fb6-babe-08c3e0808a3c" testListId="8c84fa94-04c1-424b-9868-57a2d4851a1d" />
    <TestEntry testId="b56e7b69-b014-688c-a6e5-68fc7c2dadf9" executionId="b4e0a7a4-8049-47e8-8b4e-1b2c10484232" testListId="8c84fa94-04c1-424b-9868-57a2d4851a1d" />
    <TestEntry testId="af52ba2e-5214-92f1-4b19-3abe461ede29" executionId="6075bcf5-afe4-4686-a8d2-e3106877068e" testListId="8c84fa94-04c1-424b-9868-57a2d4851a1d" />
    <TestEntry testId="9a418cf9-9fd6-1af0-507c-98627123ba39" executionId="22f82abd-0091-4fda-8456-f1e2351f6043" testListId="8c84fa94-04c1-424b-9868-57a2d4851a1d" />
    <TestEntry testId="5b51f02e-a0bf-08cc-f83d-4b6e5d14decd" executionId="4c23613b-09a1-443e-96f3-1e31802a66be" testListId="8c84fa94-04c1-424b-9868-57a2d4851a1d" />
    <TestEntry testId="ada4b904-9ac4-384a-e10f-a5d7bb048540" executionId="2990810b-3273-4cd2-80cf-9042ddcf13f6" testListId="8c84fa94-04c1-424b-9868-57a2d4851a1d" />
    <TestEntry testId="6baa7f26-071c-645d-bd3b-f472dc78e8e0" executionId="9e5a6558-f03d-4074-a30b-2d2a76cfbb3d" testListId="8c84fa94-04c1-424b-9868-57a2d4851a1d" />
    <TestEntry testId="5dea7107-a54c-2a01-2f4c-ac89a9d14f47" executionId="b6a4af96-cf5c-4202-8629-ca72e11b7a6f" testListId="8c84fa94-04c1-424b-9868-57a2d4851a1d" />
    <TestEntry testId="a3bbd1dd-7744-df8a-97cc-7ed8e44c66f0" executionId="356da0c2-f5bc-4ba7-9eb8-dd4d6794b89f" testListId="8c84fa94-04c1-424b-9868-57a2d4851a1d" />
    <TestEntry testId="84462405-bff4-b1db-9305-124db80cab14" executionId="edf139d0-0041-49d3-b645-d0e6fac40aa4" testListId="8c84fa94-04c1-424b-9868-57a2d4851a1d" />
    <TestEntry testId="f86ff7d2-d7ee-9885-4203-24719cb04cb1" executionId="15553e64-29b2-49a5-82ae-c219cb6a1abc" testListId="8c84fa94-04c1-424b-9868-57a2d4851a1d" />
    <TestEntry testId="f9ca811b-7f89-b2dc-1712-f3b46a28fc15" executionId="59926757-4889-42de-afc4-1d7a25e869a1" testListId="8c84fa94-04c1-424b-9868-57a2d4851a1d" />
    <TestEntry testId="6303c801-44bf-4d2c-71a8-5f0e90b18624" executionId="b05f9c44-7495-45ed-b41e-97a98850033a" testListId="8c84fa94-04c1-424b-9868-57a2d4851a1d" />
    <TestEntry testId="60b182a5-230b-5060-4014-b64a04f2f9d1" executionId="5e4903f7-8eef-45cd-970c-2a57b622d874" testListId="8c84fa94-04c1-424b-9868-57a2d4851a1d" />
    <TestEntry testId="406ea6ea-e0a9-203f-c15d-e7ad52fadfc4" executionId="1af5ebb8-8053-4a40-ba6b-a35539765817" testListId="8c84fa94-04c1-424b-9868-57a2d4851a1d" />
    <TestEntry testId="0dfbd3e2-04e6-a722-24f2-1f7db565e1d4" executionId="635c6e81-c863-401f-88d1-997329a47b96" testListId="8c84fa94-04c1-424b-9868-57a2d4851a1d" />
    <TestEntry testId="28034689-af4b-13a3-872e-cc8f63390166" executionId="a93e047f-e41b-4bb2-be8d-27c909e29b13" testListId="8c84fa94-04c1-424b-9868-57a2d4851a1d" />
    <TestEntry testId="11d86eed-02b5-b0c9-0b39-27d73c7a50b4" executionId="fa759504-a22f-445f-9623-43e4a11ff611" testListId="8c84fa94-04c1-424b-9868-57a2d4851a1d" />
    <TestEntry testId="be461650-a22a-4f39-58b8-5f6bd1e34044" executionId="6f7ffdaf-824a-4dfb-8917-a528f03fcb03" testListId="8c84fa94-04c1-424b-9868-57a2d4851a1d" />
    <TestEntry testId="92e83ef1-2d4b-eb2a-23f2-14e6bd129301" executionId="905a4c2f-b4fe-4791-88fd-28e447fde0f7" testListId="8c84fa94-04c1-424b-9868-57a2d4851a1d" />
    <TestEntry testId="1bdae2dc-0df7-0116-1a28-6310e1ad4e1f" executionId="09f315a9-6576-4320-99bb-b012cf98b861" testListId="8c84fa94-04c1-424b-9868-57a2d4851a1d" />
    <TestEntry testId="eb61443b-b6bb-5c33-c4d8-e0c32bea2d90" executionId="0251ed0d-d89b-4130-b2a8-eea12024e846" testListId="8c84fa94-04c1-424b-9868-57a2d4851a1d" />
    <TestEntry testId="32926300-5e0e-8524-3871-b2d635174bfb" executionId="b540ebf6-c88b-4e0d-8814-3a09c9e0402a" testListId="8c84fa94-04c1-424b-9868-57a2d4851a1d" />
    <TestEntry testId="bc299abb-3653-451a-d737-81e3e599d118" executionId="732b1707-f924-4c1e-b56c-87c4488809d4" testListId="8c84fa94-04c1-424b-9868-57a2d4851a1d" />
    <TestEntry testId="28f1fa57-ea25-4800-c2ea-cea82076666f" executionId="eb1bae1f-6bd8-4752-8707-7388d0e934df" testListId="8c84fa94-04c1-424b-9868-57a2d4851a1d" />
    <TestEntry testId="b8dbbc0e-893d-36da-282e-cbde468467e3" executionId="e398171a-27df-46ba-8aec-d4e8a6dcfbc3" testListId="8c84fa94-04c1-424b-9868-57a2d4851a1d" />
    <TestEntry testId="436f2c96-4556-d1a6-6818-ee5f1a070df4" executionId="f6537262-14ee-404e-927f-b6392f0c2c2f" testListId="8c84fa94-04c1-424b-9868-57a2d4851a1d" />
    <TestEntry testId="961b498b-d26f-0a83-7816-dd5673b3eb3e" executionId="122a93ab-20db-4051-98d5-bf0fbcc7b68a" testListId="8c84fa94-04c1-424b-9868-57a2d4851a1d" />
    <TestEntry testId="42ce6832-7995-9543-e9c5-91512d36cfa8" executionId="54e3fa82-22cf-4a99-8757-eb5c00d8e98b" testListId="8c84fa94-04c1-424b-9868-57a2d4851a1d" />
    <TestEntry testId="2687b98b-13d5-b67b-f25d-3d9e73a26b29" executionId="93e7a7b0-4787-44f5-923c-1f1868604a7a" testListId="8c84fa94-04c1-424b-9868-57a2d4851a1d" />
    <TestEntry testId="3eaea746-1c05-77e2-22cc-a2075b23c824" executionId="a1f3c7ee-8a2b-46be-ba5a-547231562ab6" testListId="8c84fa94-04c1-424b-9868-57a2d4851a1d" />
    <TestEntry testId="b271c88b-8ff5-4d23-96d4-e310cbc25330" executionId="dd977bde-b911-4680-9193-45ab17956775" testListId="8c84fa94-04c1-424b-9868-57a2d4851a1d" />
    <TestEntry testId="06f7b06b-0bbb-246d-8f9a-68ca3dc19050" executionId="94f20f66-050e-49c8-bdc7-90030ff24c92" testListId="8c84fa94-04c1-424b-9868-57a2d4851a1d" />
    <TestEntry testId="6c1fc01a-059e-7dd1-a54f-ae3f79deba89" executionId="2f2e4382-9389-403b-b8b5-390bb6300d9b" testListId="8c84fa94-04c1-424b-9868-57a2d4851a1d" />
    <TestEntry testId="5203727d-e403-ecfa-1968-d37ff135daaf" executionId="0f4ea5ae-c365-420d-a82f-593526d54b70" testListId="8c84fa94-04c1-424b-9868-57a2d4851a1d" />
    <TestEntry testId="1b6bc034-499d-4229-ee55-747214dfb35c" executionId="3d7c3f1f-8698-4dd6-889f-0731cef75d49" testListId="8c84fa94-04c1-424b-9868-57a2d4851a1d" />
    <TestEntry testId="dd1df67f-d8ad-3a44-99e1-e5855c6ab914" executionId="2b4c0eb2-17c8-47bc-8d90-139f20f31d50" testListId="8c84fa94-04c1-424b-9868-57a2d4851a1d" />
  </TestEntries>
  <TestLists>
    <TestList name="Список результатов" id="8c84fa94-04c1-424b-9868-57a2d4851a1d" />
    <TestList name="Все загруженные результаты" id="19431567-8539-422a-85d7-44ee4e166bda" />
  </TestLists>
  <ResultSummary outcome="Completed">
    <Counters total="38" executed="38" passed="38" failed="0" error="0" timeout="0" aborted="0" inconclusive="0" passedButRunAborted="0" notRunnable="0" notExecuted="0" disconnected="0" warning="0" completed="0" inProgress="0" pending="0" />
    <Output>
      <StdOut>NUnit Adapter 4.5.0.0: Test execution started&#xD;
Running selected tests in D:\IA\ace\tests\SnowMeltingCalculator.Tests\bin\Debug\net8.0-windows\SnowMeltingCalculator.Tests.dll&#xD;
   NUnit3TestExecutor discovered 38 of 38 NUnit test cases using Current Discovery mode, Non-Explicit run&#xD;
NUnit Adapter 4.5.0.0: Test execution complete&#xD;
</StdOut>
    </Output>
  </ResultSummary>
</TestRun>